<?xml version="1.0" encoding="UTF-8"?>
<testsuite name="com.cpe.backend.MaintenanceTest" tests="11" skipped="0" failures="0" errors="0" timestamp="2020-09-02T19:18:25" hostname="DESKTOP-7G1NOM6" time="0.345">
  <properties/>
  <testcase name="b6012328_testMaxMessageBox()" classname="com.cpe.backend.MaintenanceTest" time="0.035"/>
  <testcase name="b6012328_testAutopartMustNotBeNull()" classname="com.cpe.backend.MaintenanceTest" time="0.032"/>
  <testcase name="b6012328_testMessageMustNotBeNull()" classname="com.cpe.backend.MaintenanceTest" time="0.03"/>
  <testcase name="b6012328_testDateMustNotBeNull()" classname="com.cpe.backend.MaintenanceTest" time="0.031"/>
  <testcase name="b6012328_testServiceMustNotBeNull()" classname="com.cpe.backend.MaintenanceTest" time="0.028"/>
  <testcase name="b6012328_testMileageMustBePositiveOrZero()" classname="com.cpe.backend.MaintenanceTest" time="0.034"/>
  <testcase name="b6012328_testMileageMustNotBeNull()" classname="com.cpe.backend.MaintenanceTest" time="0.027"/>
  <testcase name="b6012328_testInputNormalData()" classname="com.cpe.backend.MaintenanceTest" time="0.026"/>
  <testcase name="b6012328_testMaxAutopart()" classname="com.cpe.backend.MaintenanceTest" time="0.035"/>
  <testcase name="b6012328_testFixedByMustNotBeNull()" classname="com.cpe.backend.MaintenanceTest" time="0.029"/>
  <testcase name="b6012328_testCarMustNotBeNull()" classname="com.cpe.backend.MaintenanceTest" time="0.028"/>
  <system-out><![CDATA[2020-09-03 02:18:25.220  INFO 16248 --- [    Test worker] b.t.a.o.j.DataJpaTestContextBootstrapper : Neither @ContextConfiguration nor @ContextHierarchy found for test class [com.cpe.backend.MaintenanceTest], using SpringBootContextLoader
2020-09-03 02:18:25.220  INFO 16248 --- [    Test worker] o.s.t.c.support.AbstractContextLoader    : Could not detect default resource locations for test class [com.cpe.backend.MaintenanceTest]: no resource found for suffixes {-context.xml, Context.groovy}.
2020-09-03 02:18:25.220  INFO 16248 --- [    Test worker] t.c.s.AnnotationConfigContextLoaderUtils : Could not detect default configuration classes for test class [com.cpe.backend.MaintenanceTest]: MaintenanceTest does not declare any static, non-private, non-final, nested classes annotated with @Configuration.
2020-09-03 02:18:25.223  INFO 16248 --- [    Test worker] .b.t.c.SpringBootTestContextBootstrapper : Found @SpringBootConfiguration com.cpe.backend.BackendApplication for test class com.cpe.backend.MaintenanceTest
2020-09-03 02:18:25.223  INFO 16248 --- [    Test worker] b.t.a.o.j.DataJpaTestContextBootstrapper : Loaded default TestExecutionListener class names from location [META-INF/spring.factories]: [org.springframework.boot.test.autoconfigure.restdocs.RestDocsTestExecutionListener, org.springframework.boot.test.autoconfigure.web.client.MockRestServiceServerResetTestExecutionListener, org.springframework.boot.test.autoconfigure.web.servlet.MockMvcPrintOnlyOnFailureTestExecutionListener, org.springframework.boot.test.autoconfigure.web.servlet.WebDriverTestExecutionListener, org.springframework.boot.test.mock.mockito.MockitoTestExecutionListener, org.springframework.boot.test.mock.mockito.ResetMocksTestExecutionListener, org.springframework.test.context.web.ServletTestExecutionListener, org.springframework.test.context.support.DirtiesContextBeforeModesTestExecutionListener, org.springframework.test.context.support.DependencyInjectionTestExecutionListener, org.springframework.test.context.support.DirtiesContextTestExecutionListener, org.springframework.test.context.transaction.TransactionalTestExecutionListener, org.springframework.test.context.jdbc.SqlScriptsTestExecutionListener, org.springframework.test.context.event.EventPublishingTestExecutionListener]
2020-09-03 02:18:25.223  INFO 16248 --- [    Test worker] b.t.a.o.j.DataJpaTestContextBootstrapper : Using TestExecutionListeners: [org.springframework.test.context.web.ServletTestExecutionListener@30933def, org.springframework.test.context.support.DirtiesContextBeforeModesTestExecutionListener@6121b3e2, org.springframework.boot.test.mock.mockito.MockitoTestExecutionListener@5c16737e, org.springframework.boot.test.autoconfigure.SpringBootDependencyInjectionTestExecutionListener@4c9bf936, org.springframework.test.context.support.DirtiesContextTestExecutionListener@65cec90f, org.springframework.test.context.transaction.TransactionalTestExecutionListener@99cd8f7, org.springframework.test.context.jdbc.SqlScriptsTestExecutionListener@66fec739, org.springframework.test.context.event.EventPublishingTestExecutionListener@753fd099, org.springframework.boot.test.autoconfigure.restdocs.RestDocsTestExecutionListener@66aaf980, org.springframework.boot.test.autoconfigure.web.client.MockRestServiceServerResetTestExecutionListener@99edec2, org.springframework.boot.test.autoconfigure.web.servlet.MockMvcPrintOnlyOnFailureTestExecutionListener@19c907c7, org.springframework.boot.test.autoconfigure.web.servlet.WebDriverTestExecutionListener@1279a77f, org.springframework.boot.test.mock.mockito.ResetMocksTestExecutionListener@23ae3a49]
2020-09-03 02:18:25.227  INFO 16248 --- [    Test worker] o.s.t.c.transaction.TransactionContext   : Began transaction (1) for test context [DefaultTestContext@6776c76e testClass = MaintenanceTest, testInstance = com.cpe.backend.MaintenanceTest@270a50eb, testMethod = b6012328_testMaxMessageBox@MaintenanceTest, testException = [null], mergedContextConfiguration = [MergedContextConfiguration@45591e56 testClass = MaintenanceTest, locations = '{}', classes = '{class com.cpe.backend.BackendApplication}', contextInitializerClasses = '[]', activeProfiles = '{}', propertySourceLocations = '{}', propertySourceProperties = '{org.springframework.boot.test.autoconfigure.orm.jpa.DataJpaTestContextBootstrapper=true}', contextCustomizers = set[org.springframework.boot.test.autoconfigure.OverrideAutoConfigurationContextCustomizerFactory$DisableAutoConfigurationContextCustomizer@600a0600, org.springframework.boot.test.autoconfigure.filter.TypeExcludeFiltersContextCustomizer@351584c0, org.springframework.boot.test.autoconfigure.properties.PropertyMappingContextCustomizer@c661b2e0, org.springframework.boot.test.autoconfigure.web.servlet.WebDriverContextCustomizerFactory$Customizer@455d7357, [ImportsContextCustomizer@70b4ad94 key = [org.springframework.boot.autoconfigure.cache.CacheAutoConfiguration, org.springframework.boot.autoconfigure.data.jpa.JpaRepositoriesAutoConfiguration, org.springframework.boot.autoconfigure.flyway.FlywayAutoConfiguration, org.springframework.boot.autoconfigure.jdbc.DataSourceAutoConfiguration, org.springframework.boot.autoconfigure.jdbc.DataSourceTransactionManagerAutoConfiguration, org.springframework.boot.autoconfigure.jdbc.JdbcTemplateAutoConfiguration, org.springframework.boot.autoconfigure.liquibase.LiquibaseAutoConfiguration, org.springframework.boot.autoconfigure.orm.jpa.HibernateJpaAutoConfiguration, org.springframework.boot.autoconfigure.transaction.TransactionAutoConfiguration, org.springframework.boot.test.autoconfigure.jdbc.TestDatabaseAutoConfiguration, org.springframework.boot.test.autoconfigure.orm.jpa.TestEntityManagerAutoConfiguration]], org.springframework.boot.test.context.filter.ExcludeFilterContextCustomizer@405e3a34, org.springframework.boot.test.json.DuplicateJsonObjectContextCustomizerFactory$DuplicateJsonObjectContextCustomizer@38574ceb, org.springframework.boot.test.mock.mockito.MockitoContextCustomizer@0], contextLoader = 'org.springframework.boot.test.context.SpringBootContextLoader', parent = [null]], attributes = map[[empty]]]; transaction manager [org.springframework.orm.jpa.JpaTransactionManager@1f778eb1]; rollback [true]
Hibernate: select repairman0_.repairman_id as repairma1_21_0_, repairman0_.password as password2_21_0_, repairman0_.repairman as repairma3_21_0_, repairman0_.username as username4_21_0_, repair1_.repairman_repairman_id as repairma1_22_1_, maintenanc2_.maintenance_id as repair_m2_22_1_, maintenanc2_.maintenance_id as maintena1_10_2_, maintenanc2_.auto_part as auto_par2_10_2_, maintenanc2_.car_id as car_id6_10_2_, maintenanc2_.fixdate as fixdate3_10_2_, maintenanc2_.repairman_id as repairma7_10_2_, maintenanc2_.message_box as message_4_10_2_, maintenanc2_.mileage as mileage5_10_2_, maintenanc2_.service_id as service_8_10_2_, car3_.car_id as car_id1_2_3_, car3_.brand_id as brand_id4_2_3_, car3_.seat_id as seat_id5_2_3_, car3_.employee_id as employee6_2_3_, car3_.plate as plate2_2_3_, car3_.province_id as province7_2_3_, car3_.vin as vin3_2_3_, brand4_.brand_id as brand_id1_0_4_, brand4_.brand as brand2_0_4_, carseat5_.seat_id as seat_id1_3_5_, carseat5_.carseat as carseat2_3_5_, employee6_.employee_id as employee1_6_6_, employee6_.name as name2_6_6_, employee6_.password as password3_6_6_, employee6_.username as username4_6_6_, province7_.province_id as province1_16_7_, province7_.province as province2_16_7_, repairman8_.repairman_id as repairma1_21_8_, repairman8_.password as password2_21_8_, repairman8_.repairman as repairma3_21_8_, repairman8_.username as username4_21_8_, service9_.service_id as service_1_26_9_, service9_.service as service2_26_9_, repair10_.service_service_id as service_1_27_10_, maintenanc11_.maintenance_id as repair_m2_27_10_, maintenanc11_.maintenance_id as maintena1_10_11_, maintenanc11_.auto_part as auto_par2_10_11_, maintenanc11_.car_id as car_id6_10_11_, maintenanc11_.fixdate as fixdate3_10_11_, maintenanc11_.repairman_id as repairma7_10_11_, maintenanc11_.message_box as message_4_10_11_, maintenanc11_.mileage as mileage5_10_11_, maintenanc11_.service_id as service_8_10_11_ from repairman repairman0_ left outer join repairman_repair repair1_ on repairman0_.repairman_id=repair1_.repairman_repairman_id left outer join maintenanece maintenanc2_ on repair1_.repair_maintenance_id=maintenanc2_.maintenance_id left outer join car car3_ on maintenanc2_.car_id=car3_.car_id left outer join brand brand4_ on car3_.brand_id=brand4_.brand_id left outer join carseat carseat5_ on car3_.seat_id=carseat5_.seat_id left outer join employee employee6_ on car3_.employee_id=employee6_.employee_id left outer join plateprovince province7_ on car3_.province_id=province7_.province_id left outer join repairman repairman8_ on maintenanc2_.repairman_id=repairman8_.repairman_id left outer join service service9_ on maintenanc2_.service_id=service9_.service_id left outer join service_repair repair10_ on service9_.service_id=repair10_.service_service_id left outer join maintenanece maintenanc11_ on repair10_.repair_maintenance_id=maintenanc11_.maintenance_id where repairman0_.repairman_id=?
Hibernate: select car0_.car_id as car_id1_2_0_, car0_.brand_id as brand_id4_2_0_, car0_.seat_id as seat_id5_2_0_, car0_.employee_id as employee6_2_0_, car0_.plate as plate2_2_0_, car0_.province_id as province7_2_0_, car0_.vin as vin3_2_0_, brand1_.brand_id as brand_id1_0_1_, brand1_.brand as brand2_0_1_, carseat2_.seat_id as seat_id1_3_2_, carseat2_.carseat as carseat2_3_2_, employee3_.employee_id as employee1_6_3_, employee3_.name as name2_6_3_, employee3_.password as password3_6_3_, employee3_.username as username4_6_3_, province4_.province_id as province1_16_4_, province4_.province as province2_16_4_ from car car0_ inner join brand brand1_ on car0_.brand_id=brand1_.brand_id inner join carseat carseat2_ on car0_.seat_id=carseat2_.seat_id inner join employee employee3_ on car0_.employee_id=employee3_.employee_id inner join plateprovince province4_ on car0_.province_id=province4_.province_id where car0_.car_id=?
Hibernate: select car0_.province_province_id as province1_17_0_, car0_.car_car_id as car_car_2_17_0_, car1_.car_id as car_id1_2_1_, car1_.brand_id as brand_id4_2_1_, car1_.seat_id as seat_id5_2_1_, car1_.employee_id as employee6_2_1_, car1_.plate as plate2_2_1_, car1_.province_id as province7_2_1_, car1_.vin as vin3_2_1_, brand2_.brand_id as brand_id1_0_2_, brand2_.brand as brand2_0_2_, carseat3_.seat_id as seat_id1_3_3_, carseat3_.carseat as carseat2_3_3_, employee4_.employee_id as employee1_6_4_, employee4_.name as name2_6_4_, employee4_.password as password3_6_4_, employee4_.username as username4_6_4_, province5_.province_id as province1_16_5_, province5_.province as province2_16_5_ from plateprovince_car car0_ inner join car car1_ on car0_.car_car_id=car1_.car_id inner join brand brand2_ on car1_.brand_id=brand2_.brand_id inner join carseat carseat3_ on car1_.seat_id=carseat3_.seat_id inner join employee employee4_ on car1_.employee_id=employee4_.employee_id inner join plateprovince province5_ on car1_.province_id=province5_.province_id where car0_.province_province_id=?
Hibernate: select rent0_.employee_employee_id as employee1_7_0_, rent0_.rent_rent_car_id as rent_ren2_7_0_, rentcar1_.rent_car_id as rent_car1_18_1_, rentcar1_.employee_id as employee5_18_1_, rentcar1_.price as price2_18_1_, rentcar1_.rent_date as rent_dat3_18_1_, rentcar1_.customer_id as customer6_18_1_, rentcar1_.rentday as rentday4_18_1_, rentcar1_.car_id as car_id7_18_1_, rentcar1_.renttype_id as renttype8_18_1_, employee2_.employee_id as employee1_6_2_, employee2_.name as name2_6_2_, employee2_.password as password3_6_2_, employee2_.username as username4_6_2_, customer3_.customer_id as customer1_5_3_, customer3_.address as address2_5_3_, customer3_.age as age3_5_3_, customer3_.card_num as card_num4_5_3_, customer3_.employee as employee8_5_3_, customer3_.date as date5_5_3_, customer3_.name as name6_5_3_, customer3_.tel as tel7_5_3_, customer3_.registype as registyp9_5_3_, customer3_.job as job10_5_3_, employee4_.employee_id as employee1_6_4_, employee4_.name as name2_6_4_, employee4_.password as password3_6_4_, employee4_.username as username4_6_4_, registype5_.regis_type_id as regis_ty1_23_5_, registype5_.type as type2_23_5_, job6_.job_id as job_id1_8_6_, job6_.job as job2_8_6_, car7_.car_id as car_id1_2_7_, car7_.brand_id as brand_id4_2_7_, car7_.seat_id as seat_id5_2_7_, car7_.employee_id as employee6_2_7_, car7_.plate as plate2_2_7_, car7_.province_id as province7_2_7_, car7_.vin as vin3_2_7_, brand8_.brand_id as brand_id1_0_8_, brand8_.brand as brand2_0_8_, carseat9_.seat_id as seat_id1_3_9_, carseat9_.carseat as carseat2_3_9_, employee10_.employee_id as employee1_6_10_, employee10_.name as name2_6_10_, employee10_.password as password3_6_10_, employee10_.username as username4_6_10_, province11_.province_id as province1_16_11_, province11_.province as province2_16_11_, renttype12_.renttype_id as renttype1_19_12_, renttype12_.nametype as nametype2_19_12_, renttype12_.unitprice as unitpric3_19_12_ from employee_rent rent0_ inner join rent_car rentcar1_ on rent0_.rent_rent_car_id=rentcar1_.rent_car_id inner join employee employee2_ on rentcar1_.employee_id=employee2_.employee_id inner join customer customer3_ on rentcar1_.customer_id=customer3_.customer_id inner join employee employee4_ on customer3_.employee=employee4_.employee_id inner join resgistype registype5_ on customer3_.registype=registype5_.regis_type_id inner join job job6_ on customer3_.job=job6_.job_id inner join car car7_ on rentcar1_.car_id=car7_.car_id inner join brand brand8_ on car7_.brand_id=brand8_.brand_id inner join carseat carseat9_ on car7_.seat_id=carseat9_.seat_id inner join employee employee10_ on car7_.employee_id=employee10_.employee_id inner join plateprovince province11_ on car7_.province_id=province11_.province_id inner join renttype renttype12_ on rentcar1_.renttype_id=renttype12_.renttype_id where rent0_.employee_employee_id=?
Hibernate: select car0_.carseat_seat_id as carseat_1_4_0_, car0_.car_car_id as car_car_2_4_0_, car1_.car_id as car_id1_2_1_, car1_.brand_id as brand_id4_2_1_, car1_.seat_id as seat_id5_2_1_, car1_.employee_id as employee6_2_1_, car1_.plate as plate2_2_1_, car1_.province_id as province7_2_1_, car1_.vin as vin3_2_1_, brand2_.brand_id as brand_id1_0_2_, brand2_.brand as brand2_0_2_, carseat3_.seat_id as seat_id1_3_3_, carseat3_.carseat as carseat2_3_3_, employee4_.employee_id as employee1_6_4_, employee4_.name as name2_6_4_, employee4_.password as password3_6_4_, employee4_.username as username4_6_4_, province5_.province_id as province1_16_5_, province5_.province as province2_16_5_ from carseat_car car0_ inner join car car1_ on car0_.car_car_id=car1_.car_id inner join brand brand2_ on car1_.brand_id=brand2_.brand_id inner join carseat carseat3_ on car1_.seat_id=carseat3_.seat_id inner join employee employee4_ on car1_.employee_id=employee4_.employee_id inner join plateprovince province5_ on car1_.province_id=province5_.province_id where car0_.carseat_seat_id=?
Hibernate: select car0_.brand_brand_id as brand_br1_1_0_, car0_.car_car_id as car_car_2_1_0_, car1_.car_id as car_id1_2_1_, car1_.brand_id as brand_id4_2_1_, car1_.seat_id as seat_id5_2_1_, car1_.employee_id as employee6_2_1_, car1_.plate as plate2_2_1_, car1_.province_id as province7_2_1_, car1_.vin as vin3_2_1_, brand2_.brand_id as brand_id1_0_2_, brand2_.brand as brand2_0_2_, carseat3_.seat_id as seat_id1_3_3_, carseat3_.carseat as carseat2_3_3_, employee4_.employee_id as employee1_6_4_, employee4_.name as name2_6_4_, employee4_.password as password3_6_4_, employee4_.username as username4_6_4_, province5_.province_id as province1_16_5_, province5_.province as province2_16_5_ from brand_car car0_ inner join car car1_ on car0_.car_car_id=car1_.car_id inner join brand brand2_ on car1_.brand_id=brand2_.brand_id inner join carseat carseat3_ on car1_.seat_id=carseat3_.seat_id inner join employee employee4_ on car1_.employee_id=employee4_.employee_id inner join plateprovince province5_ on car1_.province_id=province5_.province_id where car0_.brand_brand_id=?
Hibernate: select service0_.service_id as service_1_26_0_, service0_.service as service2_26_0_, repair1_.service_service_id as service_1_27_1_, maintenanc2_.maintenance_id as repair_m2_27_1_, maintenanc2_.maintenance_id as maintena1_10_2_, maintenanc2_.auto_part as auto_par2_10_2_, maintenanc2_.car_id as car_id6_10_2_, maintenanc2_.fixdate as fixdate3_10_2_, maintenanc2_.repairman_id as repairma7_10_2_, maintenanc2_.message_box as message_4_10_2_, maintenanc2_.mileage as mileage5_10_2_, maintenanc2_.service_id as service_8_10_2_, car3_.car_id as car_id1_2_3_, car3_.brand_id as brand_id4_2_3_, car3_.seat_id as seat_id5_2_3_, car3_.employee_id as employee6_2_3_, car3_.plate as plate2_2_3_, car3_.province_id as province7_2_3_, car3_.vin as vin3_2_3_, brand4_.brand_id as brand_id1_0_4_, brand4_.brand as brand2_0_4_, carseat5_.seat_id as seat_id1_3_5_, carseat5_.carseat as carseat2_3_5_, employee6_.employee_id as employee1_6_6_, employee6_.name as name2_6_6_, employee6_.password as password3_6_6_, employee6_.username as username4_6_6_, province7_.province_id as province1_16_7_, province7_.province as province2_16_7_, repairman8_.repairman_id as repairma1_21_8_, repairman8_.password as password2_21_8_, repairman8_.repairman as repairma3_21_8_, repairman8_.username as username4_21_8_, repair9_.repairman_repairman_id as repairma1_22_9_, maintenanc10_.maintenance_id as repair_m2_22_9_, maintenanc10_.maintenance_id as maintena1_10_10_, maintenanc10_.auto_part as auto_par2_10_10_, maintenanc10_.car_id as car_id6_10_10_, maintenanc10_.fixdate as fixdate3_10_10_, maintenanc10_.repairman_id as repairma7_10_10_, maintenanc10_.message_box as message_4_10_10_, maintenanc10_.mileage as mileage5_10_10_, maintenanc10_.service_id as service_8_10_10_, service11_.service_id as service_1_26_11_, service11_.service as service2_26_11_ from service service0_ left outer join service_repair repair1_ on service0_.service_id=repair1_.service_service_id left outer join maintenanece maintenanc2_ on repair1_.repair_maintenance_id=maintenanc2_.maintenance_id left outer join car car3_ on maintenanc2_.car_id=car3_.car_id left outer join brand brand4_ on car3_.brand_id=brand4_.brand_id left outer join carseat carseat5_ on car3_.seat_id=carseat5_.seat_id left outer join employee employee6_ on car3_.employee_id=employee6_.employee_id left outer join plateprovince province7_ on car3_.province_id=province7_.province_id left outer join repairman repairman8_ on maintenanc2_.repairman_id=repairman8_.repairman_id left outer join repairman_repair repair9_ on repairman8_.repairman_id=repair9_.repairman_repairman_id left outer join maintenanece maintenanc10_ on repair9_.repair_maintenance_id=maintenanc10_.maintenance_id left outer join service service11_ on maintenanc10_.service_id=service11_.service_id where service0_.service_id=?
2020-09-03 02:18:25.261  INFO 16248 --- [    Test worker] o.s.t.c.transaction.TransactionContext   : Rolled back transaction for test: [DefaultTestContext@6776c76e testClass = MaintenanceTest, testInstance = com.cpe.backend.MaintenanceTest@270a50eb, testMethod = b6012328_testMaxMessageBox@MaintenanceTest, testException = [null], mergedContextConfiguration = [MergedContextConfiguration@45591e56 testClass = MaintenanceTest, locations = '{}', classes = '{class com.cpe.backend.BackendApplication}', contextInitializerClasses = '[]', activeProfiles = '{}', propertySourceLocations = '{}', propertySourceProperties = '{org.springframework.boot.test.autoconfigure.orm.jpa.DataJpaTestContextBootstrapper=true}', contextCustomizers = set[org.springframework.boot.test.autoconfigure.OverrideAutoConfigurationContextCustomizerFactory$DisableAutoConfigurationContextCustomizer@600a0600, org.springframework.boot.test.autoconfigure.filter.TypeExcludeFiltersContextCustomizer@351584c0, org.springframework.boot.test.autoconfigure.properties.PropertyMappingContextCustomizer@c661b2e0, org.springframework.boot.test.autoconfigure.web.servlet.WebDriverContextCustomizerFactory$Customizer@455d7357, [ImportsContextCustomizer@70b4ad94 key = [org.springframework.boot.autoconfigure.cache.CacheAutoConfiguration, org.springframework.boot.autoconfigure.data.jpa.JpaRepositoriesAutoConfiguration, org.springframework.boot.autoconfigure.flyway.FlywayAutoConfiguration, org.springframework.boot.autoconfigure.jdbc.DataSourceAutoConfiguration, org.springframework.boot.autoconfigure.jdbc.DataSourceTransactionManagerAutoConfiguration, org.springframework.boot.autoconfigure.jdbc.JdbcTemplateAutoConfiguration, org.springframework.boot.autoconfigure.liquibase.LiquibaseAutoConfiguration, org.springframework.boot.autoconfigure.orm.jpa.HibernateJpaAutoConfiguration, org.springframework.boot.autoconfigure.transaction.TransactionAutoConfiguration, org.springframework.boot.test.autoconfigure.jdbc.TestDatabaseAutoConfiguration, org.springframework.boot.test.autoconfigure.orm.jpa.TestEntityManagerAutoConfiguration]], org.springframework.boot.test.context.filter.ExcludeFilterContextCustomizer@405e3a34, org.springframework.boot.test.json.DuplicateJsonObjectContextCustomizerFactory$DuplicateJsonObjectContextCustomizer@38574ceb, org.springframework.boot.test.mock.mockito.MockitoContextCustomizer@0], contextLoader = 'org.springframework.boot.test.context.SpringBootContextLoader', parent = [null]], attributes = map[[empty]]]
2020-09-03 02:18:25.263  INFO 16248 --- [    Test worker] o.s.t.c.transaction.TransactionContext   : Began transaction (1) for test context [DefaultTestContext@6776c76e testClass = MaintenanceTest, testInstance = com.cpe.backend.MaintenanceTest@29b0ec51, testMethod = b6012328_testAutopartMustNotBeNull@MaintenanceTest, testException = [null], mergedContextConfiguration = [MergedContextConfiguration@45591e56 testClass = MaintenanceTest, locations = '{}', classes = '{class com.cpe.backend.BackendApplication}', contextInitializerClasses = '[]', activeProfiles = '{}', propertySourceLocations = '{}', propertySourceProperties = '{org.springframework.boot.test.autoconfigure.orm.jpa.DataJpaTestContextBootstrapper=true}', contextCustomizers = set[org.springframework.boot.test.autoconfigure.OverrideAutoConfigurationContextCustomizerFactory$DisableAutoConfigurationContextCustomizer@600a0600, org.springframework.boot.test.autoconfigure.filter.TypeExcludeFiltersContextCustomizer@351584c0, org.springframework.boot.test.autoconfigure.properties.PropertyMappingContextCustomizer@c661b2e0, org.springframework.boot.test.autoconfigure.web.servlet.WebDriverContextCustomizerFactory$Customizer@455d7357, [ImportsContextCustomizer@70b4ad94 key = [org.springframework.boot.autoconfigure.cache.CacheAutoConfiguration, org.springframework.boot.autoconfigure.data.jpa.JpaRepositoriesAutoConfiguration, org.springframework.boot.autoconfigure.flyway.FlywayAutoConfiguration, org.springframework.boot.autoconfigure.jdbc.DataSourceAutoConfiguration, org.springframework.boot.autoconfigure.jdbc.DataSourceTransactionManagerAutoConfiguration, org.springframework.boot.autoconfigure.jdbc.JdbcTemplateAutoConfiguration, org.springframework.boot.autoconfigure.liquibase.LiquibaseAutoConfiguration, org.springframework.boot.autoconfigure.orm.jpa.HibernateJpaAutoConfiguration, org.springframework.boot.autoconfigure.transaction.TransactionAutoConfiguration, org.springframework.boot.test.autoconfigure.jdbc.TestDatabaseAutoConfiguration, org.springframework.boot.test.autoconfigure.orm.jpa.TestEntityManagerAutoConfiguration]], org.springframework.boot.test.context.filter.ExcludeFilterContextCustomizer@405e3a34, org.springframework.boot.test.json.DuplicateJsonObjectContextCustomizerFactory$DuplicateJsonObjectContextCustomizer@38574ceb, org.springframework.boot.test.mock.mockito.MockitoContextCustomizer@0], contextLoader = 'org.springframework.boot.test.context.SpringBootContextLoader', parent = [null]], attributes = map[[empty]]]; transaction manager [org.springframework.orm.jpa.JpaTransactionManager@1f778eb1]; rollback [true]
Hibernate: select repairman0_.repairman_id as repairma1_21_0_, repairman0_.password as password2_21_0_, repairman0_.repairman as repairma3_21_0_, repairman0_.username as username4_21_0_, repair1_.repairman_repairman_id as repairma1_22_1_, maintenanc2_.maintenance_id as repair_m2_22_1_, maintenanc2_.maintenance_id as maintena1_10_2_, maintenanc2_.auto_part as auto_par2_10_2_, maintenanc2_.car_id as car_id6_10_2_, maintenanc2_.fixdate as fixdate3_10_2_, maintenanc2_.repairman_id as repairma7_10_2_, maintenanc2_.message_box as message_4_10_2_, maintenanc2_.mileage as mileage5_10_2_, maintenanc2_.service_id as service_8_10_2_, car3_.car_id as car_id1_2_3_, car3_.brand_id as brand_id4_2_3_, car3_.seat_id as seat_id5_2_3_, car3_.employee_id as employee6_2_3_, car3_.plate as plate2_2_3_, car3_.province_id as province7_2_3_, car3_.vin as vin3_2_3_, brand4_.brand_id as brand_id1_0_4_, brand4_.brand as brand2_0_4_, carseat5_.seat_id as seat_id1_3_5_, carseat5_.carseat as carseat2_3_5_, employee6_.employee_id as employee1_6_6_, employee6_.name as name2_6_6_, employee6_.password as password3_6_6_, employee6_.username as username4_6_6_, province7_.province_id as province1_16_7_, province7_.province as province2_16_7_, repairman8_.repairman_id as repairma1_21_8_, repairman8_.password as password2_21_8_, repairman8_.repairman as repairma3_21_8_, repairman8_.username as username4_21_8_, service9_.service_id as service_1_26_9_, service9_.service as service2_26_9_, repair10_.service_service_id as service_1_27_10_, maintenanc11_.maintenance_id as repair_m2_27_10_, maintenanc11_.maintenance_id as maintena1_10_11_, maintenanc11_.auto_part as auto_par2_10_11_, maintenanc11_.car_id as car_id6_10_11_, maintenanc11_.fixdate as fixdate3_10_11_, maintenanc11_.repairman_id as repairma7_10_11_, maintenanc11_.message_box as message_4_10_11_, maintenanc11_.mileage as mileage5_10_11_, maintenanc11_.service_id as service_8_10_11_ from repairman repairman0_ left outer join repairman_repair repair1_ on repairman0_.repairman_id=repair1_.repairman_repairman_id left outer join maintenanece maintenanc2_ on repair1_.repair_maintenance_id=maintenanc2_.maintenance_id left outer join car car3_ on maintenanc2_.car_id=car3_.car_id left outer join brand brand4_ on car3_.brand_id=brand4_.brand_id left outer join carseat carseat5_ on car3_.seat_id=carseat5_.seat_id left outer join employee employee6_ on car3_.employee_id=employee6_.employee_id left outer join plateprovince province7_ on car3_.province_id=province7_.province_id left outer join repairman repairman8_ on maintenanc2_.repairman_id=repairman8_.repairman_id left outer join service service9_ on maintenanc2_.service_id=service9_.service_id left outer join service_repair repair10_ on service9_.service_id=repair10_.service_service_id left outer join maintenanece maintenanc11_ on repair10_.repair_maintenance_id=maintenanc11_.maintenance_id where repairman0_.repairman_id=?
Hibernate: select car0_.car_id as car_id1_2_0_, car0_.brand_id as brand_id4_2_0_, car0_.seat_id as seat_id5_2_0_, car0_.employee_id as employee6_2_0_, car0_.plate as plate2_2_0_, car0_.province_id as province7_2_0_, car0_.vin as vin3_2_0_, brand1_.brand_id as brand_id1_0_1_, brand1_.brand as brand2_0_1_, carseat2_.seat_id as seat_id1_3_2_, carseat2_.carseat as carseat2_3_2_, employee3_.employee_id as employee1_6_3_, employee3_.name as name2_6_3_, employee3_.password as password3_6_3_, employee3_.username as username4_6_3_, province4_.province_id as province1_16_4_, province4_.province as province2_16_4_ from car car0_ inner join brand brand1_ on car0_.brand_id=brand1_.brand_id inner join carseat carseat2_ on car0_.seat_id=carseat2_.seat_id inner join employee employee3_ on car0_.employee_id=employee3_.employee_id inner join plateprovince province4_ on car0_.province_id=province4_.province_id where car0_.car_id=?
Hibernate: select car0_.province_province_id as province1_17_0_, car0_.car_car_id as car_car_2_17_0_, car1_.car_id as car_id1_2_1_, car1_.brand_id as brand_id4_2_1_, car1_.seat_id as seat_id5_2_1_, car1_.employee_id as employee6_2_1_, car1_.plate as plate2_2_1_, car1_.province_id as province7_2_1_, car1_.vin as vin3_2_1_, brand2_.brand_id as brand_id1_0_2_, brand2_.brand as brand2_0_2_, carseat3_.seat_id as seat_id1_3_3_, carseat3_.carseat as carseat2_3_3_, employee4_.employee_id as employee1_6_4_, employee4_.name as name2_6_4_, employee4_.password as password3_6_4_, employee4_.username as username4_6_4_, province5_.province_id as province1_16_5_, province5_.province as province2_16_5_ from plateprovince_car car0_ inner join car car1_ on car0_.car_car_id=car1_.car_id inner join brand brand2_ on car1_.brand_id=brand2_.brand_id inner join carseat carseat3_ on car1_.seat_id=carseat3_.seat_id inner join employee employee4_ on car1_.employee_id=employee4_.employee_id inner join plateprovince province5_ on car1_.province_id=province5_.province_id where car0_.province_province_id=?
Hibernate: select rent0_.employee_employee_id as employee1_7_0_, rent0_.rent_rent_car_id as rent_ren2_7_0_, rentcar1_.rent_car_id as rent_car1_18_1_, rentcar1_.employee_id as employee5_18_1_, rentcar1_.price as price2_18_1_, rentcar1_.rent_date as rent_dat3_18_1_, rentcar1_.customer_id as customer6_18_1_, rentcar1_.rentday as rentday4_18_1_, rentcar1_.car_id as car_id7_18_1_, rentcar1_.renttype_id as renttype8_18_1_, employee2_.employee_id as employee1_6_2_, employee2_.name as name2_6_2_, employee2_.password as password3_6_2_, employee2_.username as username4_6_2_, customer3_.customer_id as customer1_5_3_, customer3_.address as address2_5_3_, customer3_.age as age3_5_3_, customer3_.card_num as card_num4_5_3_, customer3_.employee as employee8_5_3_, customer3_.date as date5_5_3_, customer3_.name as name6_5_3_, customer3_.tel as tel7_5_3_, customer3_.registype as registyp9_5_3_, customer3_.job as job10_5_3_, employee4_.employee_id as employee1_6_4_, employee4_.name as name2_6_4_, employee4_.password as password3_6_4_, employee4_.username as username4_6_4_, registype5_.regis_type_id as regis_ty1_23_5_, registype5_.type as type2_23_5_, job6_.job_id as job_id1_8_6_, job6_.job as job2_8_6_, car7_.car_id as car_id1_2_7_, car7_.brand_id as brand_id4_2_7_, car7_.seat_id as seat_id5_2_7_, car7_.employee_id as employee6_2_7_, car7_.plate as plate2_2_7_, car7_.province_id as province7_2_7_, car7_.vin as vin3_2_7_, brand8_.brand_id as brand_id1_0_8_, brand8_.brand as brand2_0_8_, carseat9_.seat_id as seat_id1_3_9_, carseat9_.carseat as carseat2_3_9_, employee10_.employee_id as employee1_6_10_, employee10_.name as name2_6_10_, employee10_.password as password3_6_10_, employee10_.username as username4_6_10_, province11_.province_id as province1_16_11_, province11_.province as province2_16_11_, renttype12_.renttype_id as renttype1_19_12_, renttype12_.nametype as nametype2_19_12_, renttype12_.unitprice as unitpric3_19_12_ from employee_rent rent0_ inner join rent_car rentcar1_ on rent0_.rent_rent_car_id=rentcar1_.rent_car_id inner join employee employee2_ on rentcar1_.employee_id=employee2_.employee_id inner join customer customer3_ on rentcar1_.customer_id=customer3_.customer_id inner join employee employee4_ on customer3_.employee=employee4_.employee_id inner join resgistype registype5_ on customer3_.registype=registype5_.regis_type_id inner join job job6_ on customer3_.job=job6_.job_id inner join car car7_ on rentcar1_.car_id=car7_.car_id inner join brand brand8_ on car7_.brand_id=brand8_.brand_id inner join carseat carseat9_ on car7_.seat_id=carseat9_.seat_id inner join employee employee10_ on car7_.employee_id=employee10_.employee_id inner join plateprovince province11_ on car7_.province_id=province11_.province_id inner join renttype renttype12_ on rentcar1_.renttype_id=renttype12_.renttype_id where rent0_.employee_employee_id=?
Hibernate: select car0_.carseat_seat_id as carseat_1_4_0_, car0_.car_car_id as car_car_2_4_0_, car1_.car_id as car_id1_2_1_, car1_.brand_id as brand_id4_2_1_, car1_.seat_id as seat_id5_2_1_, car1_.employee_id as employee6_2_1_, car1_.plate as plate2_2_1_, car1_.province_id as province7_2_1_, car1_.vin as vin3_2_1_, brand2_.brand_id as brand_id1_0_2_, brand2_.brand as brand2_0_2_, carseat3_.seat_id as seat_id1_3_3_, carseat3_.carseat as carseat2_3_3_, employee4_.employee_id as employee1_6_4_, employee4_.name as name2_6_4_, employee4_.password as password3_6_4_, employee4_.username as username4_6_4_, province5_.province_id as province1_16_5_, province5_.province as province2_16_5_ from carseat_car car0_ inner join car car1_ on car0_.car_car_id=car1_.car_id inner join brand brand2_ on car1_.brand_id=brand2_.brand_id inner join carseat carseat3_ on car1_.seat_id=carseat3_.seat_id inner join employee employee4_ on car1_.employee_id=employee4_.employee_id inner join plateprovince province5_ on car1_.province_id=province5_.province_id where car0_.carseat_seat_id=?
Hibernate: select car0_.brand_brand_id as brand_br1_1_0_, car0_.car_car_id as car_car_2_1_0_, car1_.car_id as car_id1_2_1_, car1_.brand_id as brand_id4_2_1_, car1_.seat_id as seat_id5_2_1_, car1_.employee_id as employee6_2_1_, car1_.plate as plate2_2_1_, car1_.province_id as province7_2_1_, car1_.vin as vin3_2_1_, brand2_.brand_id as brand_id1_0_2_, brand2_.brand as brand2_0_2_, carseat3_.seat_id as seat_id1_3_3_, carseat3_.carseat as carseat2_3_3_, employee4_.employee_id as employee1_6_4_, employee4_.name as name2_6_4_, employee4_.password as password3_6_4_, employee4_.username as username4_6_4_, province5_.province_id as province1_16_5_, province5_.province as province2_16_5_ from brand_car car0_ inner join car car1_ on car0_.car_car_id=car1_.car_id inner join brand brand2_ on car1_.brand_id=brand2_.brand_id inner join carseat carseat3_ on car1_.seat_id=carseat3_.seat_id inner join employee employee4_ on car1_.employee_id=employee4_.employee_id inner join plateprovince province5_ on car1_.province_id=province5_.province_id where car0_.brand_brand_id=?
Hibernate: select service0_.service_id as service_1_26_0_, service0_.service as service2_26_0_, repair1_.service_service_id as service_1_27_1_, maintenanc2_.maintenance_id as repair_m2_27_1_, maintenanc2_.maintenance_id as maintena1_10_2_, maintenanc2_.auto_part as auto_par2_10_2_, maintenanc2_.car_id as car_id6_10_2_, maintenanc2_.fixdate as fixdate3_10_2_, maintenanc2_.repairman_id as repairma7_10_2_, maintenanc2_.message_box as message_4_10_2_, maintenanc2_.mileage as mileage5_10_2_, maintenanc2_.service_id as service_8_10_2_, car3_.car_id as car_id1_2_3_, car3_.brand_id as brand_id4_2_3_, car3_.seat_id as seat_id5_2_3_, car3_.employee_id as employee6_2_3_, car3_.plate as plate2_2_3_, car3_.province_id as province7_2_3_, car3_.vin as vin3_2_3_, brand4_.brand_id as brand_id1_0_4_, brand4_.brand as brand2_0_4_, carseat5_.seat_id as seat_id1_3_5_, carseat5_.carseat as carseat2_3_5_, employee6_.employee_id as employee1_6_6_, employee6_.name as name2_6_6_, employee6_.password as password3_6_6_, employee6_.username as username4_6_6_, province7_.province_id as province1_16_7_, province7_.province as province2_16_7_, repairman8_.repairman_id as repairma1_21_8_, repairman8_.password as password2_21_8_, repairman8_.repairman as repairma3_21_8_, repairman8_.username as username4_21_8_, repair9_.repairman_repairman_id as repairma1_22_9_, maintenanc10_.maintenance_id as repair_m2_22_9_, maintenanc10_.maintenance_id as maintena1_10_10_, maintenanc10_.auto_part as auto_par2_10_10_, maintenanc10_.car_id as car_id6_10_10_, maintenanc10_.fixdate as fixdate3_10_10_, maintenanc10_.repairman_id as repairma7_10_10_, maintenanc10_.message_box as message_4_10_10_, maintenanc10_.mileage as mileage5_10_10_, maintenanc10_.service_id as service_8_10_10_, service11_.service_id as service_1_26_11_, service11_.service as service2_26_11_ from service service0_ left outer join service_repair repair1_ on service0_.service_id=repair1_.service_service_id left outer join maintenanece maintenanc2_ on repair1_.repair_maintenance_id=maintenanc2_.maintenance_id left outer join car car3_ on maintenanc2_.car_id=car3_.car_id left outer join brand brand4_ on car3_.brand_id=brand4_.brand_id left outer join carseat carseat5_ on car3_.seat_id=carseat5_.seat_id left outer join employee employee6_ on car3_.employee_id=employee6_.employee_id left outer join plateprovince province7_ on car3_.province_id=province7_.province_id left outer join repairman repairman8_ on maintenanc2_.repairman_id=repairman8_.repairman_id left outer join repairman_repair repair9_ on repairman8_.repairman_id=repair9_.repairman_repairman_id left outer join maintenanece maintenanc10_ on repair9_.repair_maintenance_id=maintenanc10_.maintenance_id left outer join service service11_ on maintenanc10_.service_id=service11_.service_id where service0_.service_id=?
2020-09-03 02:18:25.294  INFO 16248 --- [    Test worker] o.s.t.c.transaction.TransactionContext   : Rolled back transaction for test: [DefaultTestContext@6776c76e testClass = MaintenanceTest, testInstance = com.cpe.backend.MaintenanceTest@29b0ec51, testMethod = b6012328_testAutopartMustNotBeNull@MaintenanceTest, testException = [null], mergedContextConfiguration = [MergedContextConfiguration@45591e56 testClass = MaintenanceTest, locations = '{}', classes = '{class com.cpe.backend.BackendApplication}', contextInitializerClasses = '[]', activeProfiles = '{}', propertySourceLocations = '{}', propertySourceProperties = '{org.springframework.boot.test.autoconfigure.orm.jpa.DataJpaTestContextBootstrapper=true}', contextCustomizers = set[org.springframework.boot.test.autoconfigure.OverrideAutoConfigurationContextCustomizerFactory$DisableAutoConfigurationContextCustomizer@600a0600, org.springframework.boot.test.autoconfigure.filter.TypeExcludeFiltersContextCustomizer@351584c0, org.springframework.boot.test.autoconfigure.properties.PropertyMappingContextCustomizer@c661b2e0, org.springframework.boot.test.autoconfigure.web.servlet.WebDriverContextCustomizerFactory$Customizer@455d7357, [ImportsContextCustomizer@70b4ad94 key = [org.springframework.boot.autoconfigure.cache.CacheAutoConfiguration, org.springframework.boot.autoconfigure.data.jpa.JpaRepositoriesAutoConfiguration, org.springframework.boot.autoconfigure.flyway.FlywayAutoConfiguration, org.springframework.boot.autoconfigure.jdbc.DataSourceAutoConfiguration, org.springframework.boot.autoconfigure.jdbc.DataSourceTransactionManagerAutoConfiguration, org.springframework.boot.autoconfigure.jdbc.JdbcTemplateAutoConfiguration, org.springframework.boot.autoconfigure.liquibase.LiquibaseAutoConfiguration, org.springframework.boot.autoconfigure.orm.jpa.HibernateJpaAutoConfiguration, org.springframework.boot.autoconfigure.transaction.TransactionAutoConfiguration, org.springframework.boot.test.autoconfigure.jdbc.TestDatabaseAutoConfiguration, org.springframework.boot.test.autoconfigure.orm.jpa.TestEntityManagerAutoConfiguration]], org.springframework.boot.test.context.filter.ExcludeFilterContextCustomizer@405e3a34, org.springframework.boot.test.json.DuplicateJsonObjectContextCustomizerFactory$DuplicateJsonObjectContextCustomizer@38574ceb, org.springframework.boot.test.mock.mockito.MockitoContextCustomizer@0], contextLoader = 'org.springframework.boot.test.context.SpringBootContextLoader', parent = [null]], attributes = map[[empty]]]
2020-09-03 02:18:25.296  INFO 16248 --- [    Test worker] o.s.t.c.transaction.TransactionContext   : Began transaction (1) for test context [DefaultTestContext@6776c76e testClass = MaintenanceTest, testInstance = com.cpe.backend.MaintenanceTest@192a3dae, testMethod = b6012328_testMessageMustNotBeNull@MaintenanceTest, testException = [null], mergedContextConfiguration = [MergedContextConfiguration@45591e56 testClass = MaintenanceTest, locations = '{}', classes = '{class com.cpe.backend.BackendApplication}', contextInitializerClasses = '[]', activeProfiles = '{}', propertySourceLocations = '{}', propertySourceProperties = '{org.springframework.boot.test.autoconfigure.orm.jpa.DataJpaTestContextBootstrapper=true}', contextCustomizers = set[org.springframework.boot.test.autoconfigure.OverrideAutoConfigurationContextCustomizerFactory$DisableAutoConfigurationContextCustomizer@600a0600, org.springframework.boot.test.autoconfigure.filter.TypeExcludeFiltersContextCustomizer@351584c0, org.springframework.boot.test.autoconfigure.properties.PropertyMappingContextCustomizer@c661b2e0, org.springframework.boot.test.autoconfigure.web.servlet.WebDriverContextCustomizerFactory$Customizer@455d7357, [ImportsContextCustomizer@70b4ad94 key = [org.springframework.boot.autoconfigure.cache.CacheAutoConfiguration, org.springframework.boot.autoconfigure.data.jpa.JpaRepositoriesAutoConfiguration, org.springframework.boot.autoconfigure.flyway.FlywayAutoConfiguration, org.springframework.boot.autoconfigure.jdbc.DataSourceAutoConfiguration, org.springframework.boot.autoconfigure.jdbc.DataSourceTransactionManagerAutoConfiguration, org.springframework.boot.autoconfigure.jdbc.JdbcTemplateAutoConfiguration, org.springframework.boot.autoconfigure.liquibase.LiquibaseAutoConfiguration, org.springframework.boot.autoconfigure.orm.jpa.HibernateJpaAutoConfiguration, org.springframework.boot.autoconfigure.transaction.TransactionAutoConfiguration, org.springframework.boot.test.autoconfigure.jdbc.TestDatabaseAutoConfiguration, org.springframework.boot.test.autoconfigure.orm.jpa.TestEntityManagerAutoConfiguration]], org.springframework.boot.test.context.filter.ExcludeFilterContextCustomizer@405e3a34, org.springframework.boot.test.json.DuplicateJsonObjectContextCustomizerFactory$DuplicateJsonObjectContextCustomizer@38574ceb, org.springframework.boot.test.mock.mockito.MockitoContextCustomizer@0], contextLoader = 'org.springframework.boot.test.context.SpringBootContextLoader', parent = [null]], attributes = map[[empty]]]; transaction manager [org.springframework.orm.jpa.JpaTransactionManager@1f778eb1]; rollback [true]
Hibernate: select repairman0_.repairman_id as repairma1_21_0_, repairman0_.password as password2_21_0_, repairman0_.repairman as repairma3_21_0_, repairman0_.username as username4_21_0_, repair1_.repairman_repairman_id as repairma1_22_1_, maintenanc2_.maintenance_id as repair_m2_22_1_, maintenanc2_.maintenance_id as maintena1_10_2_, maintenanc2_.auto_part as auto_par2_10_2_, maintenanc2_.car_id as car_id6_10_2_, maintenanc2_.fixdate as fixdate3_10_2_, maintenanc2_.repairman_id as repairma7_10_2_, maintenanc2_.message_box as message_4_10_2_, maintenanc2_.mileage as mileage5_10_2_, maintenanc2_.service_id as service_8_10_2_, car3_.car_id as car_id1_2_3_, car3_.brand_id as brand_id4_2_3_, car3_.seat_id as seat_id5_2_3_, car3_.employee_id as employee6_2_3_, car3_.plate as plate2_2_3_, car3_.province_id as province7_2_3_, car3_.vin as vin3_2_3_, brand4_.brand_id as brand_id1_0_4_, brand4_.brand as brand2_0_4_, carseat5_.seat_id as seat_id1_3_5_, carseat5_.carseat as carseat2_3_5_, employee6_.employee_id as employee1_6_6_, employee6_.name as name2_6_6_, employee6_.password as password3_6_6_, employee6_.username as username4_6_6_, province7_.province_id as province1_16_7_, province7_.province as province2_16_7_, repairman8_.repairman_id as repairma1_21_8_, repairman8_.password as password2_21_8_, repairman8_.repairman as repairma3_21_8_, repairman8_.username as username4_21_8_, service9_.service_id as service_1_26_9_, service9_.service as service2_26_9_, repair10_.service_service_id as service_1_27_10_, maintenanc11_.maintenance_id as repair_m2_27_10_, maintenanc11_.maintenance_id as maintena1_10_11_, maintenanc11_.auto_part as auto_par2_10_11_, maintenanc11_.car_id as car_id6_10_11_, maintenanc11_.fixdate as fixdate3_10_11_, maintenanc11_.repairman_id as repairma7_10_11_, maintenanc11_.message_box as message_4_10_11_, maintenanc11_.mileage as mileage5_10_11_, maintenanc11_.service_id as service_8_10_11_ from repairman repairman0_ left outer join repairman_repair repair1_ on repairman0_.repairman_id=repair1_.repairman_repairman_id left outer join maintenanece maintenanc2_ on repair1_.repair_maintenance_id=maintenanc2_.maintenance_id left outer join car car3_ on maintenanc2_.car_id=car3_.car_id left outer join brand brand4_ on car3_.brand_id=brand4_.brand_id left outer join carseat carseat5_ on car3_.seat_id=carseat5_.seat_id left outer join employee employee6_ on car3_.employee_id=employee6_.employee_id left outer join plateprovince province7_ on car3_.province_id=province7_.province_id left outer join repairman repairman8_ on maintenanc2_.repairman_id=repairman8_.repairman_id left outer join service service9_ on maintenanc2_.service_id=service9_.service_id left outer join service_repair repair10_ on service9_.service_id=repair10_.service_service_id left outer join maintenanece maintenanc11_ on repair10_.repair_maintenance_id=maintenanc11_.maintenance_id where repairman0_.repairman_id=?
Hibernate: select car0_.car_id as car_id1_2_0_, car0_.brand_id as brand_id4_2_0_, car0_.seat_id as seat_id5_2_0_, car0_.employee_id as employee6_2_0_, car0_.plate as plate2_2_0_, car0_.province_id as province7_2_0_, car0_.vin as vin3_2_0_, brand1_.brand_id as brand_id1_0_1_, brand1_.brand as brand2_0_1_, carseat2_.seat_id as seat_id1_3_2_, carseat2_.carseat as carseat2_3_2_, employee3_.employee_id as employee1_6_3_, employee3_.name as name2_6_3_, employee3_.password as password3_6_3_, employee3_.username as username4_6_3_, province4_.province_id as province1_16_4_, province4_.province as province2_16_4_ from car car0_ inner join brand brand1_ on car0_.brand_id=brand1_.brand_id inner join carseat carseat2_ on car0_.seat_id=carseat2_.seat_id inner join employee employee3_ on car0_.employee_id=employee3_.employee_id inner join plateprovince province4_ on car0_.province_id=province4_.province_id where car0_.car_id=?
Hibernate: select car0_.province_province_id as province1_17_0_, car0_.car_car_id as car_car_2_17_0_, car1_.car_id as car_id1_2_1_, car1_.brand_id as brand_id4_2_1_, car1_.seat_id as seat_id5_2_1_, car1_.employee_id as employee6_2_1_, car1_.plate as plate2_2_1_, car1_.province_id as province7_2_1_, car1_.vin as vin3_2_1_, brand2_.brand_id as brand_id1_0_2_, brand2_.brand as brand2_0_2_, carseat3_.seat_id as seat_id1_3_3_, carseat3_.carseat as carseat2_3_3_, employee4_.employee_id as employee1_6_4_, employee4_.name as name2_6_4_, employee4_.password as password3_6_4_, employee4_.username as username4_6_4_, province5_.province_id as province1_16_5_, province5_.province as province2_16_5_ from plateprovince_car car0_ inner join car car1_ on car0_.car_car_id=car1_.car_id inner join brand brand2_ on car1_.brand_id=brand2_.brand_id inner join carseat carseat3_ on car1_.seat_id=carseat3_.seat_id inner join employee employee4_ on car1_.employee_id=employee4_.employee_id inner join plateprovince province5_ on car1_.province_id=province5_.province_id where car0_.province_province_id=?
Hibernate: select rent0_.employee_employee_id as employee1_7_0_, rent0_.rent_rent_car_id as rent_ren2_7_0_, rentcar1_.rent_car_id as rent_car1_18_1_, rentcar1_.employee_id as employee5_18_1_, rentcar1_.price as price2_18_1_, rentcar1_.rent_date as rent_dat3_18_1_, rentcar1_.customer_id as customer6_18_1_, rentcar1_.rentday as rentday4_18_1_, rentcar1_.car_id as car_id7_18_1_, rentcar1_.renttype_id as renttype8_18_1_, employee2_.employee_id as employee1_6_2_, employee2_.name as name2_6_2_, employee2_.password as password3_6_2_, employee2_.username as username4_6_2_, customer3_.customer_id as customer1_5_3_, customer3_.address as address2_5_3_, customer3_.age as age3_5_3_, customer3_.card_num as card_num4_5_3_, customer3_.employee as employee8_5_3_, customer3_.date as date5_5_3_, customer3_.name as name6_5_3_, customer3_.tel as tel7_5_3_, customer3_.registype as registyp9_5_3_, customer3_.job as job10_5_3_, employee4_.employee_id as employee1_6_4_, employee4_.name as name2_6_4_, employee4_.password as password3_6_4_, employee4_.username as username4_6_4_, registype5_.regis_type_id as regis_ty1_23_5_, registype5_.type as type2_23_5_, job6_.job_id as job_id1_8_6_, job6_.job as job2_8_6_, car7_.car_id as car_id1_2_7_, car7_.brand_id as brand_id4_2_7_, car7_.seat_id as seat_id5_2_7_, car7_.employee_id as employee6_2_7_, car7_.plate as plate2_2_7_, car7_.province_id as province7_2_7_, car7_.vin as vin3_2_7_, brand8_.brand_id as brand_id1_0_8_, brand8_.brand as brand2_0_8_, carseat9_.seat_id as seat_id1_3_9_, carseat9_.carseat as carseat2_3_9_, employee10_.employee_id as employee1_6_10_, employee10_.name as name2_6_10_, employee10_.password as password3_6_10_, employee10_.username as username4_6_10_, province11_.province_id as province1_16_11_, province11_.province as province2_16_11_, renttype12_.renttype_id as renttype1_19_12_, renttype12_.nametype as nametype2_19_12_, renttype12_.unitprice as unitpric3_19_12_ from employee_rent rent0_ inner join rent_car rentcar1_ on rent0_.rent_rent_car_id=rentcar1_.rent_car_id inner join employee employee2_ on rentcar1_.employee_id=employee2_.employee_id inner join customer customer3_ on rentcar1_.customer_id=customer3_.customer_id inner join employee employee4_ on customer3_.employee=employee4_.employee_id inner join resgistype registype5_ on customer3_.registype=registype5_.regis_type_id inner join job job6_ on customer3_.job=job6_.job_id inner join car car7_ on rentcar1_.car_id=car7_.car_id inner join brand brand8_ on car7_.brand_id=brand8_.brand_id inner join carseat carseat9_ on car7_.seat_id=carseat9_.seat_id inner join employee employee10_ on car7_.employee_id=employee10_.employee_id inner join plateprovince province11_ on car7_.province_id=province11_.province_id inner join renttype renttype12_ on rentcar1_.renttype_id=renttype12_.renttype_id where rent0_.employee_employee_id=?
Hibernate: select car0_.carseat_seat_id as carseat_1_4_0_, car0_.car_car_id as car_car_2_4_0_, car1_.car_id as car_id1_2_1_, car1_.brand_id as brand_id4_2_1_, car1_.seat_id as seat_id5_2_1_, car1_.employee_id as employee6_2_1_, car1_.plate as plate2_2_1_, car1_.province_id as province7_2_1_, car1_.vin as vin3_2_1_, brand2_.brand_id as brand_id1_0_2_, brand2_.brand as brand2_0_2_, carseat3_.seat_id as seat_id1_3_3_, carseat3_.carseat as carseat2_3_3_, employee4_.employee_id as employee1_6_4_, employee4_.name as name2_6_4_, employee4_.password as password3_6_4_, employee4_.username as username4_6_4_, province5_.province_id as province1_16_5_, province5_.province as province2_16_5_ from carseat_car car0_ inner join car car1_ on car0_.car_car_id=car1_.car_id inner join brand brand2_ on car1_.brand_id=brand2_.brand_id inner join carseat carseat3_ on car1_.seat_id=carseat3_.seat_id inner join employee employee4_ on car1_.employee_id=employee4_.employee_id inner join plateprovince province5_ on car1_.province_id=province5_.province_id where car0_.carseat_seat_id=?
Hibernate: select car0_.brand_brand_id as brand_br1_1_0_, car0_.car_car_id as car_car_2_1_0_, car1_.car_id as car_id1_2_1_, car1_.brand_id as brand_id4_2_1_, car1_.seat_id as seat_id5_2_1_, car1_.employee_id as employee6_2_1_, car1_.plate as plate2_2_1_, car1_.province_id as province7_2_1_, car1_.vin as vin3_2_1_, brand2_.brand_id as brand_id1_0_2_, brand2_.brand as brand2_0_2_, carseat3_.seat_id as seat_id1_3_3_, carseat3_.carseat as carseat2_3_3_, employee4_.employee_id as employee1_6_4_, employee4_.name as name2_6_4_, employee4_.password as password3_6_4_, employee4_.username as username4_6_4_, province5_.province_id as province1_16_5_, province5_.province as province2_16_5_ from brand_car car0_ inner join car car1_ on car0_.car_car_id=car1_.car_id inner join brand brand2_ on car1_.brand_id=brand2_.brand_id inner join carseat carseat3_ on car1_.seat_id=carseat3_.seat_id inner join employee employee4_ on car1_.employee_id=employee4_.employee_id inner join plateprovince province5_ on car1_.province_id=province5_.province_id where car0_.brand_brand_id=?
Hibernate: select service0_.service_id as service_1_26_0_, service0_.service as service2_26_0_, repair1_.service_service_id as service_1_27_1_, maintenanc2_.maintenance_id as repair_m2_27_1_, maintenanc2_.maintenance_id as maintena1_10_2_, maintenanc2_.auto_part as auto_par2_10_2_, maintenanc2_.car_id as car_id6_10_2_, maintenanc2_.fixdate as fixdate3_10_2_, maintenanc2_.repairman_id as repairma7_10_2_, maintenanc2_.message_box as message_4_10_2_, maintenanc2_.mileage as mileage5_10_2_, maintenanc2_.service_id as service_8_10_2_, car3_.car_id as car_id1_2_3_, car3_.brand_id as brand_id4_2_3_, car3_.seat_id as seat_id5_2_3_, car3_.employee_id as employee6_2_3_, car3_.plate as plate2_2_3_, car3_.province_id as province7_2_3_, car3_.vin as vin3_2_3_, brand4_.brand_id as brand_id1_0_4_, brand4_.brand as brand2_0_4_, carseat5_.seat_id as seat_id1_3_5_, carseat5_.carseat as carseat2_3_5_, employee6_.employee_id as employee1_6_6_, employee6_.name as name2_6_6_, employee6_.password as password3_6_6_, employee6_.username as username4_6_6_, province7_.province_id as province1_16_7_, province7_.province as province2_16_7_, repairman8_.repairman_id as repairma1_21_8_, repairman8_.password as password2_21_8_, repairman8_.repairman as repairma3_21_8_, repairman8_.username as username4_21_8_, repair9_.repairman_repairman_id as repairma1_22_9_, maintenanc10_.maintenance_id as repair_m2_22_9_, maintenanc10_.maintenance_id as maintena1_10_10_, maintenanc10_.auto_part as auto_par2_10_10_, maintenanc10_.car_id as car_id6_10_10_, maintenanc10_.fixdate as fixdate3_10_10_, maintenanc10_.repairman_id as repairma7_10_10_, maintenanc10_.message_box as message_4_10_10_, maintenanc10_.mileage as mileage5_10_10_, maintenanc10_.service_id as service_8_10_10_, service11_.service_id as service_1_26_11_, service11_.service as service2_26_11_ from service service0_ left outer join service_repair repair1_ on service0_.service_id=repair1_.service_service_id left outer join maintenanece maintenanc2_ on repair1_.repair_maintenance_id=maintenanc2_.maintenance_id left outer join car car3_ on maintenanc2_.car_id=car3_.car_id left outer join brand brand4_ on car3_.brand_id=brand4_.brand_id left outer join carseat carseat5_ on car3_.seat_id=carseat5_.seat_id left outer join employee employee6_ on car3_.employee_id=employee6_.employee_id left outer join plateprovince province7_ on car3_.province_id=province7_.province_id left outer join repairman repairman8_ on maintenanc2_.repairman_id=repairman8_.repairman_id left outer join repairman_repair repair9_ on repairman8_.repairman_id=repair9_.repairman_repairman_id left outer join maintenanece maintenanc10_ on repair9_.repair_maintenance_id=maintenanc10_.maintenance_id left outer join service service11_ on maintenanc10_.service_id=service11_.service_id where service0_.service_id=?
2020-09-03 02:18:25.325  INFO 16248 --- [    Test worker] o.s.t.c.transaction.TransactionContext   : Rolled back transaction for test: [DefaultTestContext@6776c76e testClass = MaintenanceTest, testInstance = com.cpe.backend.MaintenanceTest@192a3dae, testMethod = b6012328_testMessageMustNotBeNull@MaintenanceTest, testException = [null], mergedContextConfiguration = [MergedContextConfiguration@45591e56 testClass = MaintenanceTest, locations = '{}', classes = '{class com.cpe.backend.BackendApplication}', contextInitializerClasses = '[]', activeProfiles = '{}', propertySourceLocations = '{}', propertySourceProperties = '{org.springframework.boot.test.autoconfigure.orm.jpa.DataJpaTestContextBootstrapper=true}', contextCustomizers = set[org.springframework.boot.test.autoconfigure.OverrideAutoConfigurationContextCustomizerFactory$DisableAutoConfigurationContextCustomizer@600a0600, org.springframework.boot.test.autoconfigure.filter.TypeExcludeFiltersContextCustomizer@351584c0, org.springframework.boot.test.autoconfigure.properties.PropertyMappingContextCustomizer@c661b2e0, org.springframework.boot.test.autoconfigure.web.servlet.WebDriverContextCustomizerFactory$Customizer@455d7357, [ImportsContextCustomizer@70b4ad94 key = [org.springframework.boot.autoconfigure.cache.CacheAutoConfiguration, org.springframework.boot.autoconfigure.data.jpa.JpaRepositoriesAutoConfiguration, org.springframework.boot.autoconfigure.flyway.FlywayAutoConfiguration, org.springframework.boot.autoconfigure.jdbc.DataSourceAutoConfiguration, org.springframework.boot.autoconfigure.jdbc.DataSourceTransactionManagerAutoConfiguration, org.springframework.boot.autoconfigure.jdbc.JdbcTemplateAutoConfiguration, org.springframework.boot.autoconfigure.liquibase.LiquibaseAutoConfiguration, org.springframework.boot.autoconfigure.orm.jpa.HibernateJpaAutoConfiguration, org.springframework.boot.autoconfigure.transaction.TransactionAutoConfiguration, org.springframework.boot.test.autoconfigure.jdbc.TestDatabaseAutoConfiguration, org.springframework.boot.test.autoconfigure.orm.jpa.TestEntityManagerAutoConfiguration]], org.springframework.boot.test.context.filter.ExcludeFilterContextCustomizer@405e3a34, org.springframework.boot.test.json.DuplicateJsonObjectContextCustomizerFactory$DuplicateJsonObjectContextCustomizer@38574ceb, org.springframework.boot.test.mock.mockito.MockitoContextCustomizer@0], contextLoader = 'org.springframework.boot.test.context.SpringBootContextLoader', parent = [null]], attributes = map[[empty]]]
2020-09-03 02:18:25.326  INFO 16248 --- [    Test worker] o.s.t.c.transaction.TransactionContext   : Began transaction (1) for test context [DefaultTestContext@6776c76e testClass = MaintenanceTest, testInstance = com.cpe.backend.MaintenanceTest@472c066f, testMethod = b6012328_testDateMustNotBeNull@MaintenanceTest, testException = [null], mergedContextConfiguration = [MergedContextConfiguration@45591e56 testClass = MaintenanceTest, locations = '{}', classes = '{class com.cpe.backend.BackendApplication}', contextInitializerClasses = '[]', activeProfiles = '{}', propertySourceLocations = '{}', propertySourceProperties = '{org.springframework.boot.test.autoconfigure.orm.jpa.DataJpaTestContextBootstrapper=true}', contextCustomizers = set[org.springframework.boot.test.autoconfigure.OverrideAutoConfigurationContextCustomizerFactory$DisableAutoConfigurationContextCustomizer@600a0600, org.springframework.boot.test.autoconfigure.filter.TypeExcludeFiltersContextCustomizer@351584c0, org.springframework.boot.test.autoconfigure.properties.PropertyMappingContextCustomizer@c661b2e0, org.springframework.boot.test.autoconfigure.web.servlet.WebDriverContextCustomizerFactory$Customizer@455d7357, [ImportsContextCustomizer@70b4ad94 key = [org.springframework.boot.autoconfigure.cache.CacheAutoConfiguration, org.springframework.boot.autoconfigure.data.jpa.JpaRepositoriesAutoConfiguration, org.springframework.boot.autoconfigure.flyway.FlywayAutoConfiguration, org.springframework.boot.autoconfigure.jdbc.DataSourceAutoConfiguration, org.springframework.boot.autoconfigure.jdbc.DataSourceTransactionManagerAutoConfiguration, org.springframework.boot.autoconfigure.jdbc.JdbcTemplateAutoConfiguration, org.springframework.boot.autoconfigure.liquibase.LiquibaseAutoConfiguration, org.springframework.boot.autoconfigure.orm.jpa.HibernateJpaAutoConfiguration, org.springframework.boot.autoconfigure.transaction.TransactionAutoConfiguration, org.springframework.boot.test.autoconfigure.jdbc.TestDatabaseAutoConfiguration, org.springframework.boot.test.autoconfigure.orm.jpa.TestEntityManagerAutoConfiguration]], org.springframework.boot.test.context.filter.ExcludeFilterContextCustomizer@405e3a34, org.springframework.boot.test.json.DuplicateJsonObjectContextCustomizerFactory$DuplicateJsonObjectContextCustomizer@38574ceb, org.springframework.boot.test.mock.mockito.MockitoContextCustomizer@0], contextLoader = 'org.springframework.boot.test.context.SpringBootContextLoader', parent = [null]], attributes = map[[empty]]]; transaction manager [org.springframework.orm.jpa.JpaTransactionManager@1f778eb1]; rollback [true]
Hibernate: select repairman0_.repairman_id as repairma1_21_0_, repairman0_.password as password2_21_0_, repairman0_.repairman as repairma3_21_0_, repairman0_.username as username4_21_0_, repair1_.repairman_repairman_id as repairma1_22_1_, maintenanc2_.maintenance_id as repair_m2_22_1_, maintenanc2_.maintenance_id as maintena1_10_2_, maintenanc2_.auto_part as auto_par2_10_2_, maintenanc2_.car_id as car_id6_10_2_, maintenanc2_.fixdate as fixdate3_10_2_, maintenanc2_.repairman_id as repairma7_10_2_, maintenanc2_.message_box as message_4_10_2_, maintenanc2_.mileage as mileage5_10_2_, maintenanc2_.service_id as service_8_10_2_, car3_.car_id as car_id1_2_3_, car3_.brand_id as brand_id4_2_3_, car3_.seat_id as seat_id5_2_3_, car3_.employee_id as employee6_2_3_, car3_.plate as plate2_2_3_, car3_.province_id as province7_2_3_, car3_.vin as vin3_2_3_, brand4_.brand_id as brand_id1_0_4_, brand4_.brand as brand2_0_4_, carseat5_.seat_id as seat_id1_3_5_, carseat5_.carseat as carseat2_3_5_, employee6_.employee_id as employee1_6_6_, employee6_.name as name2_6_6_, employee6_.password as password3_6_6_, employee6_.username as username4_6_6_, province7_.province_id as province1_16_7_, province7_.province as province2_16_7_, repairman8_.repairman_id as repairma1_21_8_, repairman8_.password as password2_21_8_, repairman8_.repairman as repairma3_21_8_, repairman8_.username as username4_21_8_, service9_.service_id as service_1_26_9_, service9_.service as service2_26_9_, repair10_.service_service_id as service_1_27_10_, maintenanc11_.maintenance_id as repair_m2_27_10_, maintenanc11_.maintenance_id as maintena1_10_11_, maintenanc11_.auto_part as auto_par2_10_11_, maintenanc11_.car_id as car_id6_10_11_, maintenanc11_.fixdate as fixdate3_10_11_, maintenanc11_.repairman_id as repairma7_10_11_, maintenanc11_.message_box as message_4_10_11_, maintenanc11_.mileage as mileage5_10_11_, maintenanc11_.service_id as service_8_10_11_ from repairman repairman0_ left outer join repairman_repair repair1_ on repairman0_.repairman_id=repair1_.repairman_repairman_id left outer join maintenanece maintenanc2_ on repair1_.repair_maintenance_id=maintenanc2_.maintenance_id left outer join car car3_ on maintenanc2_.car_id=car3_.car_id left outer join brand brand4_ on car3_.brand_id=brand4_.brand_id left outer join carseat carseat5_ on car3_.seat_id=carseat5_.seat_id left outer join employee employee6_ on car3_.employee_id=employee6_.employee_id left outer join plateprovince province7_ on car3_.province_id=province7_.province_id left outer join repairman repairman8_ on maintenanc2_.repairman_id=repairman8_.repairman_id left outer join service service9_ on maintenanc2_.service_id=service9_.service_id left outer join service_repair repair10_ on service9_.service_id=repair10_.service_service_id left outer join maintenanece maintenanc11_ on repair10_.repair_maintenance_id=maintenanc11_.maintenance_id where repairman0_.repairman_id=?
Hibernate: select car0_.car_id as car_id1_2_0_, car0_.brand_id as brand_id4_2_0_, car0_.seat_id as seat_id5_2_0_, car0_.employee_id as employee6_2_0_, car0_.plate as plate2_2_0_, car0_.province_id as province7_2_0_, car0_.vin as vin3_2_0_, brand1_.brand_id as brand_id1_0_1_, brand1_.brand as brand2_0_1_, carseat2_.seat_id as seat_id1_3_2_, carseat2_.carseat as carseat2_3_2_, employee3_.employee_id as employee1_6_3_, employee3_.name as name2_6_3_, employee3_.password as password3_6_3_, employee3_.username as username4_6_3_, province4_.province_id as province1_16_4_, province4_.province as province2_16_4_ from car car0_ inner join brand brand1_ on car0_.brand_id=brand1_.brand_id inner join carseat carseat2_ on car0_.seat_id=carseat2_.seat_id inner join employee employee3_ on car0_.employee_id=employee3_.employee_id inner join plateprovince province4_ on car0_.province_id=province4_.province_id where car0_.car_id=?
Hibernate: select car0_.province_province_id as province1_17_0_, car0_.car_car_id as car_car_2_17_0_, car1_.car_id as car_id1_2_1_, car1_.brand_id as brand_id4_2_1_, car1_.seat_id as seat_id5_2_1_, car1_.employee_id as employee6_2_1_, car1_.plate as plate2_2_1_, car1_.province_id as province7_2_1_, car1_.vin as vin3_2_1_, brand2_.brand_id as brand_id1_0_2_, brand2_.brand as brand2_0_2_, carseat3_.seat_id as seat_id1_3_3_, carseat3_.carseat as carseat2_3_3_, employee4_.employee_id as employee1_6_4_, employee4_.name as name2_6_4_, employee4_.password as password3_6_4_, employee4_.username as username4_6_4_, province5_.province_id as province1_16_5_, province5_.province as province2_16_5_ from plateprovince_car car0_ inner join car car1_ on car0_.car_car_id=car1_.car_id inner join brand brand2_ on car1_.brand_id=brand2_.brand_id inner join carseat carseat3_ on car1_.seat_id=carseat3_.seat_id inner join employee employee4_ on car1_.employee_id=employee4_.employee_id inner join plateprovince province5_ on car1_.province_id=province5_.province_id where car0_.province_province_id=?
Hibernate: select rent0_.employee_employee_id as employee1_7_0_, rent0_.rent_rent_car_id as rent_ren2_7_0_, rentcar1_.rent_car_id as rent_car1_18_1_, rentcar1_.employee_id as employee5_18_1_, rentcar1_.price as price2_18_1_, rentcar1_.rent_date as rent_dat3_18_1_, rentcar1_.customer_id as customer6_18_1_, rentcar1_.rentday as rentday4_18_1_, rentcar1_.car_id as car_id7_18_1_, rentcar1_.renttype_id as renttype8_18_1_, employee2_.employee_id as employee1_6_2_, employee2_.name as name2_6_2_, employee2_.password as password3_6_2_, employee2_.username as username4_6_2_, customer3_.customer_id as customer1_5_3_, customer3_.address as address2_5_3_, customer3_.age as age3_5_3_, customer3_.card_num as card_num4_5_3_, customer3_.employee as employee8_5_3_, customer3_.date as date5_5_3_, customer3_.name as name6_5_3_, customer3_.tel as tel7_5_3_, customer3_.registype as registyp9_5_3_, customer3_.job as job10_5_3_, employee4_.employee_id as employee1_6_4_, employee4_.name as name2_6_4_, employee4_.password as password3_6_4_, employee4_.username as username4_6_4_, registype5_.regis_type_id as regis_ty1_23_5_, registype5_.type as type2_23_5_, job6_.job_id as job_id1_8_6_, job6_.job as job2_8_6_, car7_.car_id as car_id1_2_7_, car7_.brand_id as brand_id4_2_7_, car7_.seat_id as seat_id5_2_7_, car7_.employee_id as employee6_2_7_, car7_.plate as plate2_2_7_, car7_.province_id as province7_2_7_, car7_.vin as vin3_2_7_, brand8_.brand_id as brand_id1_0_8_, brand8_.brand as brand2_0_8_, carseat9_.seat_id as seat_id1_3_9_, carseat9_.carseat as carseat2_3_9_, employee10_.employee_id as employee1_6_10_, employee10_.name as name2_6_10_, employee10_.password as password3_6_10_, employee10_.username as username4_6_10_, province11_.province_id as province1_16_11_, province11_.province as province2_16_11_, renttype12_.renttype_id as renttype1_19_12_, renttype12_.nametype as nametype2_19_12_, renttype12_.unitprice as unitpric3_19_12_ from employee_rent rent0_ inner join rent_car rentcar1_ on rent0_.rent_rent_car_id=rentcar1_.rent_car_id inner join employee employee2_ on rentcar1_.employee_id=employee2_.employee_id inner join customer customer3_ on rentcar1_.customer_id=customer3_.customer_id inner join employee employee4_ on customer3_.employee=employee4_.employee_id inner join resgistype registype5_ on customer3_.registype=registype5_.regis_type_id inner join job job6_ on customer3_.job=job6_.job_id inner join car car7_ on rentcar1_.car_id=car7_.car_id inner join brand brand8_ on car7_.brand_id=brand8_.brand_id inner join carseat carseat9_ on car7_.seat_id=carseat9_.seat_id inner join employee employee10_ on car7_.employee_id=employee10_.employee_id inner join plateprovince province11_ on car7_.province_id=province11_.province_id inner join renttype renttype12_ on rentcar1_.renttype_id=renttype12_.renttype_id where rent0_.employee_employee_id=?
Hibernate: select car0_.carseat_seat_id as carseat_1_4_0_, car0_.car_car_id as car_car_2_4_0_, car1_.car_id as car_id1_2_1_, car1_.brand_id as brand_id4_2_1_, car1_.seat_id as seat_id5_2_1_, car1_.employee_id as employee6_2_1_, car1_.plate as plate2_2_1_, car1_.province_id as province7_2_1_, car1_.vin as vin3_2_1_, brand2_.brand_id as brand_id1_0_2_, brand2_.brand as brand2_0_2_, carseat3_.seat_id as seat_id1_3_3_, carseat3_.carseat as carseat2_3_3_, employee4_.employee_id as employee1_6_4_, employee4_.name as name2_6_4_, employee4_.password as password3_6_4_, employee4_.username as username4_6_4_, province5_.province_id as province1_16_5_, province5_.province as province2_16_5_ from carseat_car car0_ inner join car car1_ on car0_.car_car_id=car1_.car_id inner join brand brand2_ on car1_.brand_id=brand2_.brand_id inner join carseat carseat3_ on car1_.seat_id=carseat3_.seat_id inner join employee employee4_ on car1_.employee_id=employee4_.employee_id inner join plateprovince province5_ on car1_.province_id=province5_.province_id where car0_.carseat_seat_id=?
Hibernate: select car0_.brand_brand_id as brand_br1_1_0_, car0_.car_car_id as car_car_2_1_0_, car1_.car_id as car_id1_2_1_, car1_.brand_id as brand_id4_2_1_, car1_.seat_id as seat_id5_2_1_, car1_.employee_id as employee6_2_1_, car1_.plate as plate2_2_1_, car1_.province_id as province7_2_1_, car1_.vin as vin3_2_1_, brand2_.brand_id as brand_id1_0_2_, brand2_.brand as brand2_0_2_, carseat3_.seat_id as seat_id1_3_3_, carseat3_.carseat as carseat2_3_3_, employee4_.employee_id as employee1_6_4_, employee4_.name as name2_6_4_, employee4_.password as password3_6_4_, employee4_.username as username4_6_4_, province5_.province_id as province1_16_5_, province5_.province as province2_16_5_ from brand_car car0_ inner join car car1_ on car0_.car_car_id=car1_.car_id inner join brand brand2_ on car1_.brand_id=brand2_.brand_id inner join carseat carseat3_ on car1_.seat_id=carseat3_.seat_id inner join employee employee4_ on car1_.employee_id=employee4_.employee_id inner join plateprovince province5_ on car1_.province_id=province5_.province_id where car0_.brand_brand_id=?
Hibernate: select service0_.service_id as service_1_26_0_, service0_.service as service2_26_0_, repair1_.service_service_id as service_1_27_1_, maintenanc2_.maintenance_id as repair_m2_27_1_, maintenanc2_.maintenance_id as maintena1_10_2_, maintenanc2_.auto_part as auto_par2_10_2_, maintenanc2_.car_id as car_id6_10_2_, maintenanc2_.fixdate as fixdate3_10_2_, maintenanc2_.repairman_id as repairma7_10_2_, maintenanc2_.message_box as message_4_10_2_, maintenanc2_.mileage as mileage5_10_2_, maintenanc2_.service_id as service_8_10_2_, car3_.car_id as car_id1_2_3_, car3_.brand_id as brand_id4_2_3_, car3_.seat_id as seat_id5_2_3_, car3_.employee_id as employee6_2_3_, car3_.plate as plate2_2_3_, car3_.province_id as province7_2_3_, car3_.vin as vin3_2_3_, brand4_.brand_id as brand_id1_0_4_, brand4_.brand as brand2_0_4_, carseat5_.seat_id as seat_id1_3_5_, carseat5_.carseat as carseat2_3_5_, employee6_.employee_id as employee1_6_6_, employee6_.name as name2_6_6_, employee6_.password as password3_6_6_, employee6_.username as username4_6_6_, province7_.province_id as province1_16_7_, province7_.province as province2_16_7_, repairman8_.repairman_id as repairma1_21_8_, repairman8_.password as password2_21_8_, repairman8_.repairman as repairma3_21_8_, repairman8_.username as username4_21_8_, repair9_.repairman_repairman_id as repairma1_22_9_, maintenanc10_.maintenance_id as repair_m2_22_9_, maintenanc10_.maintenance_id as maintena1_10_10_, maintenanc10_.auto_part as auto_par2_10_10_, maintenanc10_.car_id as car_id6_10_10_, maintenanc10_.fixdate as fixdate3_10_10_, maintenanc10_.repairman_id as repairma7_10_10_, maintenanc10_.message_box as message_4_10_10_, maintenanc10_.mileage as mileage5_10_10_, maintenanc10_.service_id as service_8_10_10_, service11_.service_id as service_1_26_11_, service11_.service as service2_26_11_ from service service0_ left outer join service_repair repair1_ on service0_.service_id=repair1_.service_service_id left outer join maintenanece maintenanc2_ on repair1_.repair_maintenance_id=maintenanc2_.maintenance_id left outer join car car3_ on maintenanc2_.car_id=car3_.car_id left outer join brand brand4_ on car3_.brand_id=brand4_.brand_id left outer join carseat carseat5_ on car3_.seat_id=carseat5_.seat_id left outer join employee employee6_ on car3_.employee_id=employee6_.employee_id left outer join plateprovince province7_ on car3_.province_id=province7_.province_id left outer join repairman repairman8_ on maintenanc2_.repairman_id=repairman8_.repairman_id left outer join repairman_repair repair9_ on repairman8_.repairman_id=repair9_.repairman_repairman_id left outer join maintenanece maintenanc10_ on repair9_.repair_maintenance_id=maintenanc10_.maintenance_id left outer join service service11_ on maintenanc10_.service_id=service11_.service_id where service0_.service_id=?
2020-09-03 02:18:25.357  INFO 16248 --- [    Test worker] o.s.t.c.transaction.TransactionContext   : Rolled back transaction for test: [DefaultTestContext@6776c76e testClass = MaintenanceTest, testInstance = com.cpe.backend.MaintenanceTest@472c066f, testMethod = b6012328_testDateMustNotBeNull@MaintenanceTest, testException = [null], mergedContextConfiguration = [MergedContextConfiguration@45591e56 testClass = MaintenanceTest, locations = '{}', classes = '{class com.cpe.backend.BackendApplication}', contextInitializerClasses = '[]', activeProfiles = '{}', propertySourceLocations = '{}', propertySourceProperties = '{org.springframework.boot.test.autoconfigure.orm.jpa.DataJpaTestContextBootstrapper=true}', contextCustomizers = set[org.springframework.boot.test.autoconfigure.OverrideAutoConfigurationContextCustomizerFactory$DisableAutoConfigurationContextCustomizer@600a0600, org.springframework.boot.test.autoconfigure.filter.TypeExcludeFiltersContextCustomizer@351584c0, org.springframework.boot.test.autoconfigure.properties.PropertyMappingContextCustomizer@c661b2e0, org.springframework.boot.test.autoconfigure.web.servlet.WebDriverContextCustomizerFactory$Customizer@455d7357, [ImportsContextCustomizer@70b4ad94 key = [org.springframework.boot.autoconfigure.cache.CacheAutoConfiguration, org.springframework.boot.autoconfigure.data.jpa.JpaRepositoriesAutoConfiguration, org.springframework.boot.autoconfigure.flyway.FlywayAutoConfiguration, org.springframework.boot.autoconfigure.jdbc.DataSourceAutoConfiguration, org.springframework.boot.autoconfigure.jdbc.DataSourceTransactionManagerAutoConfiguration, org.springframework.boot.autoconfigure.jdbc.JdbcTemplateAutoConfiguration, org.springframework.boot.autoconfigure.liquibase.LiquibaseAutoConfiguration, org.springframework.boot.autoconfigure.orm.jpa.HibernateJpaAutoConfiguration, org.springframework.boot.autoconfigure.transaction.TransactionAutoConfiguration, org.springframework.boot.test.autoconfigure.jdbc.TestDatabaseAutoConfiguration, org.springframework.boot.test.autoconfigure.orm.jpa.TestEntityManagerAutoConfiguration]], org.springframework.boot.test.context.filter.ExcludeFilterContextCustomizer@405e3a34, org.springframework.boot.test.json.DuplicateJsonObjectContextCustomizerFactory$DuplicateJsonObjectContextCustomizer@38574ceb, org.springframework.boot.test.mock.mockito.MockitoContextCustomizer@0], contextLoader = 'org.springframework.boot.test.context.SpringBootContextLoader', parent = [null]], attributes = map[[empty]]]
2020-09-03 02:18:25.359  INFO 16248 --- [    Test worker] o.s.t.c.transaction.TransactionContext   : Began transaction (1) for test context [DefaultTestContext@6776c76e testClass = MaintenanceTest, testInstance = com.cpe.backend.MaintenanceTest@de4b708, testMethod = b6012328_testServiceMustNotBeNull@MaintenanceTest, testException = [null], mergedContextConfiguration = [MergedContextConfiguration@45591e56 testClass = MaintenanceTest, locations = '{}', classes = '{class com.cpe.backend.BackendApplication}', contextInitializerClasses = '[]', activeProfiles = '{}', propertySourceLocations = '{}', propertySourceProperties = '{org.springframework.boot.test.autoconfigure.orm.jpa.DataJpaTestContextBootstrapper=true}', contextCustomizers = set[org.springframework.boot.test.autoconfigure.OverrideAutoConfigurationContextCustomizerFactory$DisableAutoConfigurationContextCustomizer@600a0600, org.springframework.boot.test.autoconfigure.filter.TypeExcludeFiltersContextCustomizer@351584c0, org.springframework.boot.test.autoconfigure.properties.PropertyMappingContextCustomizer@c661b2e0, org.springframework.boot.test.autoconfigure.web.servlet.WebDriverContextCustomizerFactory$Customizer@455d7357, [ImportsContextCustomizer@70b4ad94 key = [org.springframework.boot.autoconfigure.cache.CacheAutoConfiguration, org.springframework.boot.autoconfigure.data.jpa.JpaRepositoriesAutoConfiguration, org.springframework.boot.autoconfigure.flyway.FlywayAutoConfiguration, org.springframework.boot.autoconfigure.jdbc.DataSourceAutoConfiguration, org.springframework.boot.autoconfigure.jdbc.DataSourceTransactionManagerAutoConfiguration, org.springframework.boot.autoconfigure.jdbc.JdbcTemplateAutoConfiguration, org.springframework.boot.autoconfigure.liquibase.LiquibaseAutoConfiguration, org.springframework.boot.autoconfigure.orm.jpa.HibernateJpaAutoConfiguration, org.springframework.boot.autoconfigure.transaction.TransactionAutoConfiguration, org.springframework.boot.test.autoconfigure.jdbc.TestDatabaseAutoConfiguration, org.springframework.boot.test.autoconfigure.orm.jpa.TestEntityManagerAutoConfiguration]], org.springframework.boot.test.context.filter.ExcludeFilterContextCustomizer@405e3a34, org.springframework.boot.test.json.DuplicateJsonObjectContextCustomizerFactory$DuplicateJsonObjectContextCustomizer@38574ceb, org.springframework.boot.test.mock.mockito.MockitoContextCustomizer@0], contextLoader = 'org.springframework.boot.test.context.SpringBootContextLoader', parent = [null]], attributes = map[[empty]]]; transaction manager [org.springframework.orm.jpa.JpaTransactionManager@1f778eb1]; rollback [true]
Hibernate: select repairman0_.repairman_id as repairma1_21_0_, repairman0_.password as password2_21_0_, repairman0_.repairman as repairma3_21_0_, repairman0_.username as username4_21_0_, repair1_.repairman_repairman_id as repairma1_22_1_, maintenanc2_.maintenance_id as repair_m2_22_1_, maintenanc2_.maintenance_id as maintena1_10_2_, maintenanc2_.auto_part as auto_par2_10_2_, maintenanc2_.car_id as car_id6_10_2_, maintenanc2_.fixdate as fixdate3_10_2_, maintenanc2_.repairman_id as repairma7_10_2_, maintenanc2_.message_box as message_4_10_2_, maintenanc2_.mileage as mileage5_10_2_, maintenanc2_.service_id as service_8_10_2_, car3_.car_id as car_id1_2_3_, car3_.brand_id as brand_id4_2_3_, car3_.seat_id as seat_id5_2_3_, car3_.employee_id as employee6_2_3_, car3_.plate as plate2_2_3_, car3_.province_id as province7_2_3_, car3_.vin as vin3_2_3_, brand4_.brand_id as brand_id1_0_4_, brand4_.brand as brand2_0_4_, carseat5_.seat_id as seat_id1_3_5_, carseat5_.carseat as carseat2_3_5_, employee6_.employee_id as employee1_6_6_, employee6_.name as name2_6_6_, employee6_.password as password3_6_6_, employee6_.username as username4_6_6_, province7_.province_id as province1_16_7_, province7_.province as province2_16_7_, repairman8_.repairman_id as repairma1_21_8_, repairman8_.password as password2_21_8_, repairman8_.repairman as repairma3_21_8_, repairman8_.username as username4_21_8_, service9_.service_id as service_1_26_9_, service9_.service as service2_26_9_, repair10_.service_service_id as service_1_27_10_, maintenanc11_.maintenance_id as repair_m2_27_10_, maintenanc11_.maintenance_id as maintena1_10_11_, maintenanc11_.auto_part as auto_par2_10_11_, maintenanc11_.car_id as car_id6_10_11_, maintenanc11_.fixdate as fixdate3_10_11_, maintenanc11_.repairman_id as repairma7_10_11_, maintenanc11_.message_box as message_4_10_11_, maintenanc11_.mileage as mileage5_10_11_, maintenanc11_.service_id as service_8_10_11_ from repairman repairman0_ left outer join repairman_repair repair1_ on repairman0_.repairman_id=repair1_.repairman_repairman_id left outer join maintenanece maintenanc2_ on repair1_.repair_maintenance_id=maintenanc2_.maintenance_id left outer join car car3_ on maintenanc2_.car_id=car3_.car_id left outer join brand brand4_ on car3_.brand_id=brand4_.brand_id left outer join carseat carseat5_ on car3_.seat_id=carseat5_.seat_id left outer join employee employee6_ on car3_.employee_id=employee6_.employee_id left outer join plateprovince province7_ on car3_.province_id=province7_.province_id left outer join repairman repairman8_ on maintenanc2_.repairman_id=repairman8_.repairman_id left outer join service service9_ on maintenanc2_.service_id=service9_.service_id left outer join service_repair repair10_ on service9_.service_id=repair10_.service_service_id left outer join maintenanece maintenanc11_ on repair10_.repair_maintenance_id=maintenanc11_.maintenance_id where repairman0_.repairman_id=?
Hibernate: select car0_.car_id as car_id1_2_0_, car0_.brand_id as brand_id4_2_0_, car0_.seat_id as seat_id5_2_0_, car0_.employee_id as employee6_2_0_, car0_.plate as plate2_2_0_, car0_.province_id as province7_2_0_, car0_.vin as vin3_2_0_, brand1_.brand_id as brand_id1_0_1_, brand1_.brand as brand2_0_1_, carseat2_.seat_id as seat_id1_3_2_, carseat2_.carseat as carseat2_3_2_, employee3_.employee_id as employee1_6_3_, employee3_.name as name2_6_3_, employee3_.password as password3_6_3_, employee3_.username as username4_6_3_, province4_.province_id as province1_16_4_, province4_.province as province2_16_4_ from car car0_ inner join brand brand1_ on car0_.brand_id=brand1_.brand_id inner join carseat carseat2_ on car0_.seat_id=carseat2_.seat_id inner join employee employee3_ on car0_.employee_id=employee3_.employee_id inner join plateprovince province4_ on car0_.province_id=province4_.province_id where car0_.car_id=?
Hibernate: select car0_.province_province_id as province1_17_0_, car0_.car_car_id as car_car_2_17_0_, car1_.car_id as car_id1_2_1_, car1_.brand_id as brand_id4_2_1_, car1_.seat_id as seat_id5_2_1_, car1_.employee_id as employee6_2_1_, car1_.plate as plate2_2_1_, car1_.province_id as province7_2_1_, car1_.vin as vin3_2_1_, brand2_.brand_id as brand_id1_0_2_, brand2_.brand as brand2_0_2_, carseat3_.seat_id as seat_id1_3_3_, carseat3_.carseat as carseat2_3_3_, employee4_.employee_id as employee1_6_4_, employee4_.name as name2_6_4_, employee4_.password as password3_6_4_, employee4_.username as username4_6_4_, province5_.province_id as province1_16_5_, province5_.province as province2_16_5_ from plateprovince_car car0_ inner join car car1_ on car0_.car_car_id=car1_.car_id inner join brand brand2_ on car1_.brand_id=brand2_.brand_id inner join carseat carseat3_ on car1_.seat_id=carseat3_.seat_id inner join employee employee4_ on car1_.employee_id=employee4_.employee_id inner join plateprovince province5_ on car1_.province_id=province5_.province_id where car0_.province_province_id=?
Hibernate: select rent0_.employee_employee_id as employee1_7_0_, rent0_.rent_rent_car_id as rent_ren2_7_0_, rentcar1_.rent_car_id as rent_car1_18_1_, rentcar1_.employee_id as employee5_18_1_, rentcar1_.price as price2_18_1_, rentcar1_.rent_date as rent_dat3_18_1_, rentcar1_.customer_id as customer6_18_1_, rentcar1_.rentday as rentday4_18_1_, rentcar1_.car_id as car_id7_18_1_, rentcar1_.renttype_id as renttype8_18_1_, employee2_.employee_id as employee1_6_2_, employee2_.name as name2_6_2_, employee2_.password as password3_6_2_, employee2_.username as username4_6_2_, customer3_.customer_id as customer1_5_3_, customer3_.address as address2_5_3_, customer3_.age as age3_5_3_, customer3_.card_num as card_num4_5_3_, customer3_.employee as employee8_5_3_, customer3_.date as date5_5_3_, customer3_.name as name6_5_3_, customer3_.tel as tel7_5_3_, customer3_.registype as registyp9_5_3_, customer3_.job as job10_5_3_, employee4_.employee_id as employee1_6_4_, employee4_.name as name2_6_4_, employee4_.password as password3_6_4_, employee4_.username as username4_6_4_, registype5_.regis_type_id as regis_ty1_23_5_, registype5_.type as type2_23_5_, job6_.job_id as job_id1_8_6_, job6_.job as job2_8_6_, car7_.car_id as car_id1_2_7_, car7_.brand_id as brand_id4_2_7_, car7_.seat_id as seat_id5_2_7_, car7_.employee_id as employee6_2_7_, car7_.plate as plate2_2_7_, car7_.province_id as province7_2_7_, car7_.vin as vin3_2_7_, brand8_.brand_id as brand_id1_0_8_, brand8_.brand as brand2_0_8_, carseat9_.seat_id as seat_id1_3_9_, carseat9_.carseat as carseat2_3_9_, employee10_.employee_id as employee1_6_10_, employee10_.name as name2_6_10_, employee10_.password as password3_6_10_, employee10_.username as username4_6_10_, province11_.province_id as province1_16_11_, province11_.province as province2_16_11_, renttype12_.renttype_id as renttype1_19_12_, renttype12_.nametype as nametype2_19_12_, renttype12_.unitprice as unitpric3_19_12_ from employee_rent rent0_ inner join rent_car rentcar1_ on rent0_.rent_rent_car_id=rentcar1_.rent_car_id inner join employee employee2_ on rentcar1_.employee_id=employee2_.employee_id inner join customer customer3_ on rentcar1_.customer_id=customer3_.customer_id inner join employee employee4_ on customer3_.employee=employee4_.employee_id inner join resgistype registype5_ on customer3_.registype=registype5_.regis_type_id inner join job job6_ on customer3_.job=job6_.job_id inner join car car7_ on rentcar1_.car_id=car7_.car_id inner join brand brand8_ on car7_.brand_id=brand8_.brand_id inner join carseat carseat9_ on car7_.seat_id=carseat9_.seat_id inner join employee employee10_ on car7_.employee_id=employee10_.employee_id inner join plateprovince province11_ on car7_.province_id=province11_.province_id inner join renttype renttype12_ on rentcar1_.renttype_id=renttype12_.renttype_id where rent0_.employee_employee_id=?
Hibernate: select car0_.carseat_seat_id as carseat_1_4_0_, car0_.car_car_id as car_car_2_4_0_, car1_.car_id as car_id1_2_1_, car1_.brand_id as brand_id4_2_1_, car1_.seat_id as seat_id5_2_1_, car1_.employee_id as employee6_2_1_, car1_.plate as plate2_2_1_, car1_.province_id as province7_2_1_, car1_.vin as vin3_2_1_, brand2_.brand_id as brand_id1_0_2_, brand2_.brand as brand2_0_2_, carseat3_.seat_id as seat_id1_3_3_, carseat3_.carseat as carseat2_3_3_, employee4_.employee_id as employee1_6_4_, employee4_.name as name2_6_4_, employee4_.password as password3_6_4_, employee4_.username as username4_6_4_, province5_.province_id as province1_16_5_, province5_.province as province2_16_5_ from carseat_car car0_ inner join car car1_ on car0_.car_car_id=car1_.car_id inner join brand brand2_ on car1_.brand_id=brand2_.brand_id inner join carseat carseat3_ on car1_.seat_id=carseat3_.seat_id inner join employee employee4_ on car1_.employee_id=employee4_.employee_id inner join plateprovince province5_ on car1_.province_id=province5_.province_id where car0_.carseat_seat_id=?
Hibernate: select car0_.brand_brand_id as brand_br1_1_0_, car0_.car_car_id as car_car_2_1_0_, car1_.car_id as car_id1_2_1_, car1_.brand_id as brand_id4_2_1_, car1_.seat_id as seat_id5_2_1_, car1_.employee_id as employee6_2_1_, car1_.plate as plate2_2_1_, car1_.province_id as province7_2_1_, car1_.vin as vin3_2_1_, brand2_.brand_id as brand_id1_0_2_, brand2_.brand as brand2_0_2_, carseat3_.seat_id as seat_id1_3_3_, carseat3_.carseat as carseat2_3_3_, employee4_.employee_id as employee1_6_4_, employee4_.name as name2_6_4_, employee4_.password as password3_6_4_, employee4_.username as username4_6_4_, province5_.province_id as province1_16_5_, province5_.province as province2_16_5_ from brand_car car0_ inner join car car1_ on car0_.car_car_id=car1_.car_id inner join brand brand2_ on car1_.brand_id=brand2_.brand_id inner join carseat carseat3_ on car1_.seat_id=carseat3_.seat_id inner join employee employee4_ on car1_.employee_id=employee4_.employee_id inner join plateprovince province5_ on car1_.province_id=province5_.province_id where car0_.brand_brand_id=?
Hibernate: select service0_.service_id as service_1_26_0_, service0_.service as service2_26_0_, repair1_.service_service_id as service_1_27_1_, maintenanc2_.maintenance_id as repair_m2_27_1_, maintenanc2_.maintenance_id as maintena1_10_2_, maintenanc2_.auto_part as auto_par2_10_2_, maintenanc2_.car_id as car_id6_10_2_, maintenanc2_.fixdate as fixdate3_10_2_, maintenanc2_.repairman_id as repairma7_10_2_, maintenanc2_.message_box as message_4_10_2_, maintenanc2_.mileage as mileage5_10_2_, maintenanc2_.service_id as service_8_10_2_, car3_.car_id as car_id1_2_3_, car3_.brand_id as brand_id4_2_3_, car3_.seat_id as seat_id5_2_3_, car3_.employee_id as employee6_2_3_, car3_.plate as plate2_2_3_, car3_.province_id as province7_2_3_, car3_.vin as vin3_2_3_, brand4_.brand_id as brand_id1_0_4_, brand4_.brand as brand2_0_4_, carseat5_.seat_id as seat_id1_3_5_, carseat5_.carseat as carseat2_3_5_, employee6_.employee_id as employee1_6_6_, employee6_.name as name2_6_6_, employee6_.password as password3_6_6_, employee6_.username as username4_6_6_, province7_.province_id as province1_16_7_, province7_.province as province2_16_7_, repairman8_.repairman_id as repairma1_21_8_, repairman8_.password as password2_21_8_, repairman8_.repairman as repairma3_21_8_, repairman8_.username as username4_21_8_, repair9_.repairman_repairman_id as repairma1_22_9_, maintenanc10_.maintenance_id as repair_m2_22_9_, maintenanc10_.maintenance_id as maintena1_10_10_, maintenanc10_.auto_part as auto_par2_10_10_, maintenanc10_.car_id as car_id6_10_10_, maintenanc10_.fixdate as fixdate3_10_10_, maintenanc10_.repairman_id as repairma7_10_10_, maintenanc10_.message_box as message_4_10_10_, maintenanc10_.mileage as mileage5_10_10_, maintenanc10_.service_id as service_8_10_10_, service11_.service_id as service_1_26_11_, service11_.service as service2_26_11_ from service service0_ left outer join service_repair repair1_ on service0_.service_id=repair1_.service_service_id left outer join maintenanece maintenanc2_ on repair1_.repair_maintenance_id=maintenanc2_.maintenance_id left outer join car car3_ on maintenanc2_.car_id=car3_.car_id left outer join brand brand4_ on car3_.brand_id=brand4_.brand_id left outer join carseat carseat5_ on car3_.seat_id=carseat5_.seat_id left outer join employee employee6_ on car3_.employee_id=employee6_.employee_id left outer join plateprovince province7_ on car3_.province_id=province7_.province_id left outer join repairman repairman8_ on maintenanc2_.repairman_id=repairman8_.repairman_id left outer join repairman_repair repair9_ on repairman8_.repairman_id=repair9_.repairman_repairman_id left outer join maintenanece maintenanc10_ on repair9_.repair_maintenance_id=maintenanc10_.maintenance_id left outer join service service11_ on maintenanc10_.service_id=service11_.service_id where service0_.service_id=?
2020-09-03 02:18:25.385  INFO 16248 --- [    Test worker] o.s.t.c.transaction.TransactionContext   : Rolled back transaction for test: [DefaultTestContext@6776c76e testClass = MaintenanceTest, testInstance = com.cpe.backend.MaintenanceTest@de4b708, testMethod = b6012328_testServiceMustNotBeNull@MaintenanceTest, testException = [null], mergedContextConfiguration = [MergedContextConfiguration@45591e56 testClass = MaintenanceTest, locations = '{}', classes = '{class com.cpe.backend.BackendApplication}', contextInitializerClasses = '[]', activeProfiles = '{}', propertySourceLocations = '{}', propertySourceProperties = '{org.springframework.boot.test.autoconfigure.orm.jpa.DataJpaTestContextBootstrapper=true}', contextCustomizers = set[org.springframework.boot.test.autoconfigure.OverrideAutoConfigurationContextCustomizerFactory$DisableAutoConfigurationContextCustomizer@600a0600, org.springframework.boot.test.autoconfigure.filter.TypeExcludeFiltersContextCustomizer@351584c0, org.springframework.boot.test.autoconfigure.properties.PropertyMappingContextCustomizer@c661b2e0, org.springframework.boot.test.autoconfigure.web.servlet.WebDriverContextCustomizerFactory$Customizer@455d7357, [ImportsContextCustomizer@70b4ad94 key = [org.springframework.boot.autoconfigure.cache.CacheAutoConfiguration, org.springframework.boot.autoconfigure.data.jpa.JpaRepositoriesAutoConfiguration, org.springframework.boot.autoconfigure.flyway.FlywayAutoConfiguration, org.springframework.boot.autoconfigure.jdbc.DataSourceAutoConfiguration, org.springframework.boot.autoconfigure.jdbc.DataSourceTransactionManagerAutoConfiguration, org.springframework.boot.autoconfigure.jdbc.JdbcTemplateAutoConfiguration, org.springframework.boot.autoconfigure.liquibase.LiquibaseAutoConfiguration, org.springframework.boot.autoconfigure.orm.jpa.HibernateJpaAutoConfiguration, org.springframework.boot.autoconfigure.transaction.TransactionAutoConfiguration, org.springframework.boot.test.autoconfigure.jdbc.TestDatabaseAutoConfiguration, org.springframework.boot.test.autoconfigure.orm.jpa.TestEntityManagerAutoConfiguration]], org.springframework.boot.test.context.filter.ExcludeFilterContextCustomizer@405e3a34, org.springframework.boot.test.json.DuplicateJsonObjectContextCustomizerFactory$DuplicateJsonObjectContextCustomizer@38574ceb, org.springframework.boot.test.mock.mockito.MockitoContextCustomizer@0], contextLoader = 'org.springframework.boot.test.context.SpringBootContextLoader', parent = [null]], attributes = map[[empty]]]
2020-09-03 02:18:25.388  INFO 16248 --- [    Test worker] o.s.t.c.transaction.TransactionContext   : Began transaction (1) for test context [DefaultTestContext@6776c76e testClass = MaintenanceTest, testInstance = com.cpe.backend.MaintenanceTest@118faedf, testMethod = b6012328_testMileageMustBePositiveOrZero@MaintenanceTest, testException = [null], mergedContextConfiguration = [MergedContextConfiguration@45591e56 testClass = MaintenanceTest, locations = '{}', classes = '{class com.cpe.backend.BackendApplication}', contextInitializerClasses = '[]', activeProfiles = '{}', propertySourceLocations = '{}', propertySourceProperties = '{org.springframework.boot.test.autoconfigure.orm.jpa.DataJpaTestContextBootstrapper=true}', contextCustomizers = set[org.springframework.boot.test.autoconfigure.OverrideAutoConfigurationContextCustomizerFactory$DisableAutoConfigurationContextCustomizer@600a0600, org.springframework.boot.test.autoconfigure.filter.TypeExcludeFiltersContextCustomizer@351584c0, org.springframework.boot.test.autoconfigure.properties.PropertyMappingContextCustomizer@c661b2e0, org.springframework.boot.test.autoconfigure.web.servlet.WebDriverContextCustomizerFactory$Customizer@455d7357, [ImportsContextCustomizer@70b4ad94 key = [org.springframework.boot.autoconfigure.cache.CacheAutoConfiguration, org.springframework.boot.autoconfigure.data.jpa.JpaRepositoriesAutoConfiguration, org.springframework.boot.autoconfigure.flyway.FlywayAutoConfiguration, org.springframework.boot.autoconfigure.jdbc.DataSourceAutoConfiguration, org.springframework.boot.autoconfigure.jdbc.DataSourceTransactionManagerAutoConfiguration, org.springframework.boot.autoconfigure.jdbc.JdbcTemplateAutoConfiguration, org.springframework.boot.autoconfigure.liquibase.LiquibaseAutoConfiguration, org.springframework.boot.autoconfigure.orm.jpa.HibernateJpaAutoConfiguration, org.springframework.boot.autoconfigure.transaction.TransactionAutoConfiguration, org.springframework.boot.test.autoconfigure.jdbc.TestDatabaseAutoConfiguration, org.springframework.boot.test.autoconfigure.orm.jpa.TestEntityManagerAutoConfiguration]], org.springframework.boot.test.context.filter.ExcludeFilterContextCustomizer@405e3a34, org.springframework.boot.test.json.DuplicateJsonObjectContextCustomizerFactory$DuplicateJsonObjectContextCustomizer@38574ceb, org.springframework.boot.test.mock.mockito.MockitoContextCustomizer@0], contextLoader = 'org.springframework.boot.test.context.SpringBootContextLoader', parent = [null]], attributes = map[[empty]]]; transaction manager [org.springframework.orm.jpa.JpaTransactionManager@1f778eb1]; rollback [true]
Hibernate: select repairman0_.repairman_id as repairma1_21_0_, repairman0_.password as password2_21_0_, repairman0_.repairman as repairma3_21_0_, repairman0_.username as username4_21_0_, repair1_.repairman_repairman_id as repairma1_22_1_, maintenanc2_.maintenance_id as repair_m2_22_1_, maintenanc2_.maintenance_id as maintena1_10_2_, maintenanc2_.auto_part as auto_par2_10_2_, maintenanc2_.car_id as car_id6_10_2_, maintenanc2_.fixdate as fixdate3_10_2_, maintenanc2_.repairman_id as repairma7_10_2_, maintenanc2_.message_box as message_4_10_2_, maintenanc2_.mileage as mileage5_10_2_, maintenanc2_.service_id as service_8_10_2_, car3_.car_id as car_id1_2_3_, car3_.brand_id as brand_id4_2_3_, car3_.seat_id as seat_id5_2_3_, car3_.employee_id as employee6_2_3_, car3_.plate as plate2_2_3_, car3_.province_id as province7_2_3_, car3_.vin as vin3_2_3_, brand4_.brand_id as brand_id1_0_4_, brand4_.brand as brand2_0_4_, carseat5_.seat_id as seat_id1_3_5_, carseat5_.carseat as carseat2_3_5_, employee6_.employee_id as employee1_6_6_, employee6_.name as name2_6_6_, employee6_.password as password3_6_6_, employee6_.username as username4_6_6_, province7_.province_id as province1_16_7_, province7_.province as province2_16_7_, repairman8_.repairman_id as repairma1_21_8_, repairman8_.password as password2_21_8_, repairman8_.repairman as repairma3_21_8_, repairman8_.username as username4_21_8_, service9_.service_id as service_1_26_9_, service9_.service as service2_26_9_, repair10_.service_service_id as service_1_27_10_, maintenanc11_.maintenance_id as repair_m2_27_10_, maintenanc11_.maintenance_id as maintena1_10_11_, maintenanc11_.auto_part as auto_par2_10_11_, maintenanc11_.car_id as car_id6_10_11_, maintenanc11_.fixdate as fixdate3_10_11_, maintenanc11_.repairman_id as repairma7_10_11_, maintenanc11_.message_box as message_4_10_11_, maintenanc11_.mileage as mileage5_10_11_, maintenanc11_.service_id as service_8_10_11_ from repairman repairman0_ left outer join repairman_repair repair1_ on repairman0_.repairman_id=repair1_.repairman_repairman_id left outer join maintenanece maintenanc2_ on repair1_.repair_maintenance_id=maintenanc2_.maintenance_id left outer join car car3_ on maintenanc2_.car_id=car3_.car_id left outer join brand brand4_ on car3_.brand_id=brand4_.brand_id left outer join carseat carseat5_ on car3_.seat_id=carseat5_.seat_id left outer join employee employee6_ on car3_.employee_id=employee6_.employee_id left outer join plateprovince province7_ on car3_.province_id=province7_.province_id left outer join repairman repairman8_ on maintenanc2_.repairman_id=repairman8_.repairman_id left outer join service service9_ on maintenanc2_.service_id=service9_.service_id left outer join service_repair repair10_ on service9_.service_id=repair10_.service_service_id left outer join maintenanece maintenanc11_ on repair10_.repair_maintenance_id=maintenanc11_.maintenance_id where repairman0_.repairman_id=?
Hibernate: select car0_.car_id as car_id1_2_0_, car0_.brand_id as brand_id4_2_0_, car0_.seat_id as seat_id5_2_0_, car0_.employee_id as employee6_2_0_, car0_.plate as plate2_2_0_, car0_.province_id as province7_2_0_, car0_.vin as vin3_2_0_, brand1_.brand_id as brand_id1_0_1_, brand1_.brand as brand2_0_1_, carseat2_.seat_id as seat_id1_3_2_, carseat2_.carseat as carseat2_3_2_, employee3_.employee_id as employee1_6_3_, employee3_.name as name2_6_3_, employee3_.password as password3_6_3_, employee3_.username as username4_6_3_, province4_.province_id as province1_16_4_, province4_.province as province2_16_4_ from car car0_ inner join brand brand1_ on car0_.brand_id=brand1_.brand_id inner join carseat carseat2_ on car0_.seat_id=carseat2_.seat_id inner join employee employee3_ on car0_.employee_id=employee3_.employee_id inner join plateprovince province4_ on car0_.province_id=province4_.province_id where car0_.car_id=?
Hibernate: select car0_.province_province_id as province1_17_0_, car0_.car_car_id as car_car_2_17_0_, car1_.car_id as car_id1_2_1_, car1_.brand_id as brand_id4_2_1_, car1_.seat_id as seat_id5_2_1_, car1_.employee_id as employee6_2_1_, car1_.plate as plate2_2_1_, car1_.province_id as province7_2_1_, car1_.vin as vin3_2_1_, brand2_.brand_id as brand_id1_0_2_, brand2_.brand as brand2_0_2_, carseat3_.seat_id as seat_id1_3_3_, carseat3_.carseat as carseat2_3_3_, employee4_.employee_id as employee1_6_4_, employee4_.name as name2_6_4_, employee4_.password as password3_6_4_, employee4_.username as username4_6_4_, province5_.province_id as province1_16_5_, province5_.province as province2_16_5_ from plateprovince_car car0_ inner join car car1_ on car0_.car_car_id=car1_.car_id inner join brand brand2_ on car1_.brand_id=brand2_.brand_id inner join carseat carseat3_ on car1_.seat_id=carseat3_.seat_id inner join employee employee4_ on car1_.employee_id=employee4_.employee_id inner join plateprovince province5_ on car1_.province_id=province5_.province_id where car0_.province_province_id=?
Hibernate: select rent0_.employee_employee_id as employee1_7_0_, rent0_.rent_rent_car_id as rent_ren2_7_0_, rentcar1_.rent_car_id as rent_car1_18_1_, rentcar1_.employee_id as employee5_18_1_, rentcar1_.price as price2_18_1_, rentcar1_.rent_date as rent_dat3_18_1_, rentcar1_.customer_id as customer6_18_1_, rentcar1_.rentday as rentday4_18_1_, rentcar1_.car_id as car_id7_18_1_, rentcar1_.renttype_id as renttype8_18_1_, employee2_.employee_id as employee1_6_2_, employee2_.name as name2_6_2_, employee2_.password as password3_6_2_, employee2_.username as username4_6_2_, customer3_.customer_id as customer1_5_3_, customer3_.address as address2_5_3_, customer3_.age as age3_5_3_, customer3_.card_num as card_num4_5_3_, customer3_.employee as employee8_5_3_, customer3_.date as date5_5_3_, customer3_.name as name6_5_3_, customer3_.tel as tel7_5_3_, customer3_.registype as registyp9_5_3_, customer3_.job as job10_5_3_, employee4_.employee_id as employee1_6_4_, employee4_.name as name2_6_4_, employee4_.password as password3_6_4_, employee4_.username as username4_6_4_, registype5_.regis_type_id as regis_ty1_23_5_, registype5_.type as type2_23_5_, job6_.job_id as job_id1_8_6_, job6_.job as job2_8_6_, car7_.car_id as car_id1_2_7_, car7_.brand_id as brand_id4_2_7_, car7_.seat_id as seat_id5_2_7_, car7_.employee_id as employee6_2_7_, car7_.plate as plate2_2_7_, car7_.province_id as province7_2_7_, car7_.vin as vin3_2_7_, brand8_.brand_id as brand_id1_0_8_, brand8_.brand as brand2_0_8_, carseat9_.seat_id as seat_id1_3_9_, carseat9_.carseat as carseat2_3_9_, employee10_.employee_id as employee1_6_10_, employee10_.name as name2_6_10_, employee10_.password as password3_6_10_, employee10_.username as username4_6_10_, province11_.province_id as province1_16_11_, province11_.province as province2_16_11_, renttype12_.renttype_id as renttype1_19_12_, renttype12_.nametype as nametype2_19_12_, renttype12_.unitprice as unitpric3_19_12_ from employee_rent rent0_ inner join rent_car rentcar1_ on rent0_.rent_rent_car_id=rentcar1_.rent_car_id inner join employee employee2_ on rentcar1_.employee_id=employee2_.employee_id inner join customer customer3_ on rentcar1_.customer_id=customer3_.customer_id inner join employee employee4_ on customer3_.employee=employee4_.employee_id inner join resgistype registype5_ on customer3_.registype=registype5_.regis_type_id inner join job job6_ on customer3_.job=job6_.job_id inner join car car7_ on rentcar1_.car_id=car7_.car_id inner join brand brand8_ on car7_.brand_id=brand8_.brand_id inner join carseat carseat9_ on car7_.seat_id=carseat9_.seat_id inner join employee employee10_ on car7_.employee_id=employee10_.employee_id inner join plateprovince province11_ on car7_.province_id=province11_.province_id inner join renttype renttype12_ on rentcar1_.renttype_id=renttype12_.renttype_id where rent0_.employee_employee_id=?
Hibernate: select car0_.carseat_seat_id as carseat_1_4_0_, car0_.car_car_id as car_car_2_4_0_, car1_.car_id as car_id1_2_1_, car1_.brand_id as brand_id4_2_1_, car1_.seat_id as seat_id5_2_1_, car1_.employee_id as employee6_2_1_, car1_.plate as plate2_2_1_, car1_.province_id as province7_2_1_, car1_.vin as vin3_2_1_, brand2_.brand_id as brand_id1_0_2_, brand2_.brand as brand2_0_2_, carseat3_.seat_id as seat_id1_3_3_, carseat3_.carseat as carseat2_3_3_, employee4_.employee_id as employee1_6_4_, employee4_.name as name2_6_4_, employee4_.password as password3_6_4_, employee4_.username as username4_6_4_, province5_.province_id as province1_16_5_, province5_.province as province2_16_5_ from carseat_car car0_ inner join car car1_ on car0_.car_car_id=car1_.car_id inner join brand brand2_ on car1_.brand_id=brand2_.brand_id inner join carseat carseat3_ on car1_.seat_id=carseat3_.seat_id inner join employee employee4_ on car1_.employee_id=employee4_.employee_id inner join plateprovince province5_ on car1_.province_id=province5_.province_id where car0_.carseat_seat_id=?
Hibernate: select car0_.brand_brand_id as brand_br1_1_0_, car0_.car_car_id as car_car_2_1_0_, car1_.car_id as car_id1_2_1_, car1_.brand_id as brand_id4_2_1_, car1_.seat_id as seat_id5_2_1_, car1_.employee_id as employee6_2_1_, car1_.plate as plate2_2_1_, car1_.province_id as province7_2_1_, car1_.vin as vin3_2_1_, brand2_.brand_id as brand_id1_0_2_, brand2_.brand as brand2_0_2_, carseat3_.seat_id as seat_id1_3_3_, carseat3_.carseat as carseat2_3_3_, employee4_.employee_id as employee1_6_4_, employee4_.name as name2_6_4_, employee4_.password as password3_6_4_, employee4_.username as username4_6_4_, province5_.province_id as province1_16_5_, province5_.province as province2_16_5_ from brand_car car0_ inner join car car1_ on car0_.car_car_id=car1_.car_id inner join brand brand2_ on car1_.brand_id=brand2_.brand_id inner join carseat carseat3_ on car1_.seat_id=carseat3_.seat_id inner join employee employee4_ on car1_.employee_id=employee4_.employee_id inner join plateprovince province5_ on car1_.province_id=province5_.province_id where car0_.brand_brand_id=?
Hibernate: select service0_.service_id as service_1_26_0_, service0_.service as service2_26_0_, repair1_.service_service_id as service_1_27_1_, maintenanc2_.maintenance_id as repair_m2_27_1_, maintenanc2_.maintenance_id as maintena1_10_2_, maintenanc2_.auto_part as auto_par2_10_2_, maintenanc2_.car_id as car_id6_10_2_, maintenanc2_.fixdate as fixdate3_10_2_, maintenanc2_.repairman_id as repairma7_10_2_, maintenanc2_.message_box as message_4_10_2_, maintenanc2_.mileage as mileage5_10_2_, maintenanc2_.service_id as service_8_10_2_, car3_.car_id as car_id1_2_3_, car3_.brand_id as brand_id4_2_3_, car3_.seat_id as seat_id5_2_3_, car3_.employee_id as employee6_2_3_, car3_.plate as plate2_2_3_, car3_.province_id as province7_2_3_, car3_.vin as vin3_2_3_, brand4_.brand_id as brand_id1_0_4_, brand4_.brand as brand2_0_4_, carseat5_.seat_id as seat_id1_3_5_, carseat5_.carseat as carseat2_3_5_, employee6_.employee_id as employee1_6_6_, employee6_.name as name2_6_6_, employee6_.password as password3_6_6_, employee6_.username as username4_6_6_, province7_.province_id as province1_16_7_, province7_.province as province2_16_7_, repairman8_.repairman_id as repairma1_21_8_, repairman8_.password as password2_21_8_, repairman8_.repairman as repairma3_21_8_, repairman8_.username as username4_21_8_, repair9_.repairman_repairman_id as repairma1_22_9_, maintenanc10_.maintenance_id as repair_m2_22_9_, maintenanc10_.maintenance_id as maintena1_10_10_, maintenanc10_.auto_part as auto_par2_10_10_, maintenanc10_.car_id as car_id6_10_10_, maintenanc10_.fixdate as fixdate3_10_10_, maintenanc10_.repairman_id as repairma7_10_10_, maintenanc10_.message_box as message_4_10_10_, maintenanc10_.mileage as mileage5_10_10_, maintenanc10_.service_id as service_8_10_10_, service11_.service_id as service_1_26_11_, service11_.service as service2_26_11_ from service service0_ left outer join service_repair repair1_ on service0_.service_id=repair1_.service_service_id left outer join maintenanece maintenanc2_ on repair1_.repair_maintenance_id=maintenanc2_.maintenance_id left outer join car car3_ on maintenanc2_.car_id=car3_.car_id left outer join brand brand4_ on car3_.brand_id=brand4_.brand_id left outer join carseat carseat5_ on car3_.seat_id=carseat5_.seat_id left outer join employee employee6_ on car3_.employee_id=employee6_.employee_id left outer join plateprovince province7_ on car3_.province_id=province7_.province_id left outer join repairman repairman8_ on maintenanc2_.repairman_id=repairman8_.repairman_id left outer join repairman_repair repair9_ on repairman8_.repairman_id=repair9_.repairman_repairman_id left outer join maintenanece maintenanc10_ on repair9_.repair_maintenance_id=maintenanc10_.maintenance_id left outer join service service11_ on maintenanc10_.service_id=service11_.service_id where service0_.service_id=?
2020-09-03 02:18:25.421  INFO 16248 --- [    Test worker] o.s.t.c.transaction.TransactionContext   : Rolled back transaction for test: [DefaultTestContext@6776c76e testClass = MaintenanceTest, testInstance = com.cpe.backend.MaintenanceTest@118faedf, testMethod = b6012328_testMileageMustBePositiveOrZero@MaintenanceTest, testException = [null], mergedContextConfiguration = [MergedContextConfiguration@45591e56 testClass = MaintenanceTest, locations = '{}', classes = '{class com.cpe.backend.BackendApplication}', contextInitializerClasses = '[]', activeProfiles = '{}', propertySourceLocations = '{}', propertySourceProperties = '{org.springframework.boot.test.autoconfigure.orm.jpa.DataJpaTestContextBootstrapper=true}', contextCustomizers = set[org.springframework.boot.test.autoconfigure.OverrideAutoConfigurationContextCustomizerFactory$DisableAutoConfigurationContextCustomizer@600a0600, org.springframework.boot.test.autoconfigure.filter.TypeExcludeFiltersContextCustomizer@351584c0, org.springframework.boot.test.autoconfigure.properties.PropertyMappingContextCustomizer@c661b2e0, org.springframework.boot.test.autoconfigure.web.servlet.WebDriverContextCustomizerFactory$Customizer@455d7357, [ImportsContextCustomizer@70b4ad94 key = [org.springframework.boot.autoconfigure.cache.CacheAutoConfiguration, org.springframework.boot.autoconfigure.data.jpa.JpaRepositoriesAutoConfiguration, org.springframework.boot.autoconfigure.flyway.FlywayAutoConfiguration, org.springframework.boot.autoconfigure.jdbc.DataSourceAutoConfiguration, org.springframework.boot.autoconfigure.jdbc.DataSourceTransactionManagerAutoConfiguration, org.springframework.boot.autoconfigure.jdbc.JdbcTemplateAutoConfiguration, org.springframework.boot.autoconfigure.liquibase.LiquibaseAutoConfiguration, org.springframework.boot.autoconfigure.orm.jpa.HibernateJpaAutoConfiguration, org.springframework.boot.autoconfigure.transaction.TransactionAutoConfiguration, org.springframework.boot.test.autoconfigure.jdbc.TestDatabaseAutoConfiguration, org.springframework.boot.test.autoconfigure.orm.jpa.TestEntityManagerAutoConfiguration]], org.springframework.boot.test.context.filter.ExcludeFilterContextCustomizer@405e3a34, org.springframework.boot.test.json.DuplicateJsonObjectContextCustomizerFactory$DuplicateJsonObjectContextCustomizer@38574ceb, org.springframework.boot.test.mock.mockito.MockitoContextCustomizer@0], contextLoader = 'org.springframework.boot.test.context.SpringBootContextLoader', parent = [null]], attributes = map[[empty]]]
2020-09-03 02:18:25.423  INFO 16248 --- [    Test worker] o.s.t.c.transaction.TransactionContext   : Began transaction (1) for test context [DefaultTestContext@6776c76e testClass = MaintenanceTest, testInstance = com.cpe.backend.MaintenanceTest@6188e334, testMethod = b6012328_testMileageMustNotBeNull@MaintenanceTest, testException = [null], mergedContextConfiguration = [MergedContextConfiguration@45591e56 testClass = MaintenanceTest, locations = '{}', classes = '{class com.cpe.backend.BackendApplication}', contextInitializerClasses = '[]', activeProfiles = '{}', propertySourceLocations = '{}', propertySourceProperties = '{org.springframework.boot.test.autoconfigure.orm.jpa.DataJpaTestContextBootstrapper=true}', contextCustomizers = set[org.springframework.boot.test.autoconfigure.OverrideAutoConfigurationContextCustomizerFactory$DisableAutoConfigurationContextCustomizer@600a0600, org.springframework.boot.test.autoconfigure.filter.TypeExcludeFiltersContextCustomizer@351584c0, org.springframework.boot.test.autoconfigure.properties.PropertyMappingContextCustomizer@c661b2e0, org.springframework.boot.test.autoconfigure.web.servlet.WebDriverContextCustomizerFactory$Customizer@455d7357, [ImportsContextCustomizer@70b4ad94 key = [org.springframework.boot.autoconfigure.cache.CacheAutoConfiguration, org.springframework.boot.autoconfigure.data.jpa.JpaRepositoriesAutoConfiguration, org.springframework.boot.autoconfigure.flyway.FlywayAutoConfiguration, org.springframework.boot.autoconfigure.jdbc.DataSourceAutoConfiguration, org.springframework.boot.autoconfigure.jdbc.DataSourceTransactionManagerAutoConfiguration, org.springframework.boot.autoconfigure.jdbc.JdbcTemplateAutoConfiguration, org.springframework.boot.autoconfigure.liquibase.LiquibaseAutoConfiguration, org.springframework.boot.autoconfigure.orm.jpa.HibernateJpaAutoConfiguration, org.springframework.boot.autoconfigure.transaction.TransactionAutoConfiguration, org.springframework.boot.test.autoconfigure.jdbc.TestDatabaseAutoConfiguration, org.springframework.boot.test.autoconfigure.orm.jpa.TestEntityManagerAutoConfiguration]], org.springframework.boot.test.context.filter.ExcludeFilterContextCustomizer@405e3a34, org.springframework.boot.test.json.DuplicateJsonObjectContextCustomizerFactory$DuplicateJsonObjectContextCustomizer@38574ceb, org.springframework.boot.test.mock.mockito.MockitoContextCustomizer@0], contextLoader = 'org.springframework.boot.test.context.SpringBootContextLoader', parent = [null]], attributes = map[[empty]]]; transaction manager [org.springframework.orm.jpa.JpaTransactionManager@1f778eb1]; rollback [true]
Hibernate: select repairman0_.repairman_id as repairma1_21_0_, repairman0_.password as password2_21_0_, repairman0_.repairman as repairma3_21_0_, repairman0_.username as username4_21_0_, repair1_.repairman_repairman_id as repairma1_22_1_, maintenanc2_.maintenance_id as repair_m2_22_1_, maintenanc2_.maintenance_id as maintena1_10_2_, maintenanc2_.auto_part as auto_par2_10_2_, maintenanc2_.car_id as car_id6_10_2_, maintenanc2_.fixdate as fixdate3_10_2_, maintenanc2_.repairman_id as repairma7_10_2_, maintenanc2_.message_box as message_4_10_2_, maintenanc2_.mileage as mileage5_10_2_, maintenanc2_.service_id as service_8_10_2_, car3_.car_id as car_id1_2_3_, car3_.brand_id as brand_id4_2_3_, car3_.seat_id as seat_id5_2_3_, car3_.employee_id as employee6_2_3_, car3_.plate as plate2_2_3_, car3_.province_id as province7_2_3_, car3_.vin as vin3_2_3_, brand4_.brand_id as brand_id1_0_4_, brand4_.brand as brand2_0_4_, carseat5_.seat_id as seat_id1_3_5_, carseat5_.carseat as carseat2_3_5_, employee6_.employee_id as employee1_6_6_, employee6_.name as name2_6_6_, employee6_.password as password3_6_6_, employee6_.username as username4_6_6_, province7_.province_id as province1_16_7_, province7_.province as province2_16_7_, repairman8_.repairman_id as repairma1_21_8_, repairman8_.password as password2_21_8_, repairman8_.repairman as repairma3_21_8_, repairman8_.username as username4_21_8_, service9_.service_id as service_1_26_9_, service9_.service as service2_26_9_, repair10_.service_service_id as service_1_27_10_, maintenanc11_.maintenance_id as repair_m2_27_10_, maintenanc11_.maintenance_id as maintena1_10_11_, maintenanc11_.auto_part as auto_par2_10_11_, maintenanc11_.car_id as car_id6_10_11_, maintenanc11_.fixdate as fixdate3_10_11_, maintenanc11_.repairman_id as repairma7_10_11_, maintenanc11_.message_box as message_4_10_11_, maintenanc11_.mileage as mileage5_10_11_, maintenanc11_.service_id as service_8_10_11_ from repairman repairman0_ left outer join repairman_repair repair1_ on repairman0_.repairman_id=repair1_.repairman_repairman_id left outer join maintenanece maintenanc2_ on repair1_.repair_maintenance_id=maintenanc2_.maintenance_id left outer join car car3_ on maintenanc2_.car_id=car3_.car_id left outer join brand brand4_ on car3_.brand_id=brand4_.brand_id left outer join carseat carseat5_ on car3_.seat_id=carseat5_.seat_id left outer join employee employee6_ on car3_.employee_id=employee6_.employee_id left outer join plateprovince province7_ on car3_.province_id=province7_.province_id left outer join repairman repairman8_ on maintenanc2_.repairman_id=repairman8_.repairman_id left outer join service service9_ on maintenanc2_.service_id=service9_.service_id left outer join service_repair repair10_ on service9_.service_id=repair10_.service_service_id left outer join maintenanece maintenanc11_ on repair10_.repair_maintenance_id=maintenanc11_.maintenance_id where repairman0_.repairman_id=?
Hibernate: select car0_.car_id as car_id1_2_0_, car0_.brand_id as brand_id4_2_0_, car0_.seat_id as seat_id5_2_0_, car0_.employee_id as employee6_2_0_, car0_.plate as plate2_2_0_, car0_.province_id as province7_2_0_, car0_.vin as vin3_2_0_, brand1_.brand_id as brand_id1_0_1_, brand1_.brand as brand2_0_1_, carseat2_.seat_id as seat_id1_3_2_, carseat2_.carseat as carseat2_3_2_, employee3_.employee_id as employee1_6_3_, employee3_.name as name2_6_3_, employee3_.password as password3_6_3_, employee3_.username as username4_6_3_, province4_.province_id as province1_16_4_, province4_.province as province2_16_4_ from car car0_ inner join brand brand1_ on car0_.brand_id=brand1_.brand_id inner join carseat carseat2_ on car0_.seat_id=carseat2_.seat_id inner join employee employee3_ on car0_.employee_id=employee3_.employee_id inner join plateprovince province4_ on car0_.province_id=province4_.province_id where car0_.car_id=?
Hibernate: select car0_.province_province_id as province1_17_0_, car0_.car_car_id as car_car_2_17_0_, car1_.car_id as car_id1_2_1_, car1_.brand_id as brand_id4_2_1_, car1_.seat_id as seat_id5_2_1_, car1_.employee_id as employee6_2_1_, car1_.plate as plate2_2_1_, car1_.province_id as province7_2_1_, car1_.vin as vin3_2_1_, brand2_.brand_id as brand_id1_0_2_, brand2_.brand as brand2_0_2_, carseat3_.seat_id as seat_id1_3_3_, carseat3_.carseat as carseat2_3_3_, employee4_.employee_id as employee1_6_4_, employee4_.name as name2_6_4_, employee4_.password as password3_6_4_, employee4_.username as username4_6_4_, province5_.province_id as province1_16_5_, province5_.province as province2_16_5_ from plateprovince_car car0_ inner join car car1_ on car0_.car_car_id=car1_.car_id inner join brand brand2_ on car1_.brand_id=brand2_.brand_id inner join carseat carseat3_ on car1_.seat_id=carseat3_.seat_id inner join employee employee4_ on car1_.employee_id=employee4_.employee_id inner join plateprovince province5_ on car1_.province_id=province5_.province_id where car0_.province_province_id=?
Hibernate: select rent0_.employee_employee_id as employee1_7_0_, rent0_.rent_rent_car_id as rent_ren2_7_0_, rentcar1_.rent_car_id as rent_car1_18_1_, rentcar1_.employee_id as employee5_18_1_, rentcar1_.price as price2_18_1_, rentcar1_.rent_date as rent_dat3_18_1_, rentcar1_.customer_id as customer6_18_1_, rentcar1_.rentday as rentday4_18_1_, rentcar1_.car_id as car_id7_18_1_, rentcar1_.renttype_id as renttype8_18_1_, employee2_.employee_id as employee1_6_2_, employee2_.name as name2_6_2_, employee2_.password as password3_6_2_, employee2_.username as username4_6_2_, customer3_.customer_id as customer1_5_3_, customer3_.address as address2_5_3_, customer3_.age as age3_5_3_, customer3_.card_num as card_num4_5_3_, customer3_.employee as employee8_5_3_, customer3_.date as date5_5_3_, customer3_.name as name6_5_3_, customer3_.tel as tel7_5_3_, customer3_.registype as registyp9_5_3_, customer3_.job as job10_5_3_, employee4_.employee_id as employee1_6_4_, employee4_.name as name2_6_4_, employee4_.password as password3_6_4_, employee4_.username as username4_6_4_, registype5_.regis_type_id as regis_ty1_23_5_, registype5_.type as type2_23_5_, job6_.job_id as job_id1_8_6_, job6_.job as job2_8_6_, car7_.car_id as car_id1_2_7_, car7_.brand_id as brand_id4_2_7_, car7_.seat_id as seat_id5_2_7_, car7_.employee_id as employee6_2_7_, car7_.plate as plate2_2_7_, car7_.province_id as province7_2_7_, car7_.vin as vin3_2_7_, brand8_.brand_id as brand_id1_0_8_, brand8_.brand as brand2_0_8_, carseat9_.seat_id as seat_id1_3_9_, carseat9_.carseat as carseat2_3_9_, employee10_.employee_id as employee1_6_10_, employee10_.name as name2_6_10_, employee10_.password as password3_6_10_, employee10_.username as username4_6_10_, province11_.province_id as province1_16_11_, province11_.province as province2_16_11_, renttype12_.renttype_id as renttype1_19_12_, renttype12_.nametype as nametype2_19_12_, renttype12_.unitprice as unitpric3_19_12_ from employee_rent rent0_ inner join rent_car rentcar1_ on rent0_.rent_rent_car_id=rentcar1_.rent_car_id inner join employee employee2_ on rentcar1_.employee_id=employee2_.employee_id inner join customer customer3_ on rentcar1_.customer_id=customer3_.customer_id inner join employee employee4_ on customer3_.employee=employee4_.employee_id inner join resgistype registype5_ on customer3_.registype=registype5_.regis_type_id inner join job job6_ on customer3_.job=job6_.job_id inner join car car7_ on rentcar1_.car_id=car7_.car_id inner join brand brand8_ on car7_.brand_id=brand8_.brand_id inner join carseat carseat9_ on car7_.seat_id=carseat9_.seat_id inner join employee employee10_ on car7_.employee_id=employee10_.employee_id inner join plateprovince province11_ on car7_.province_id=province11_.province_id inner join renttype renttype12_ on rentcar1_.renttype_id=renttype12_.renttype_id where rent0_.employee_employee_id=?
Hibernate: select car0_.carseat_seat_id as carseat_1_4_0_, car0_.car_car_id as car_car_2_4_0_, car1_.car_id as car_id1_2_1_, car1_.brand_id as brand_id4_2_1_, car1_.seat_id as seat_id5_2_1_, car1_.employee_id as employee6_2_1_, car1_.plate as plate2_2_1_, car1_.province_id as province7_2_1_, car1_.vin as vin3_2_1_, brand2_.brand_id as brand_id1_0_2_, brand2_.brand as brand2_0_2_, carseat3_.seat_id as seat_id1_3_3_, carseat3_.carseat as carseat2_3_3_, employee4_.employee_id as employee1_6_4_, employee4_.name as name2_6_4_, employee4_.password as password3_6_4_, employee4_.username as username4_6_4_, province5_.province_id as province1_16_5_, province5_.province as province2_16_5_ from carseat_car car0_ inner join car car1_ on car0_.car_car_id=car1_.car_id inner join brand brand2_ on car1_.brand_id=brand2_.brand_id inner join carseat carseat3_ on car1_.seat_id=carseat3_.seat_id inner join employee employee4_ on car1_.employee_id=employee4_.employee_id inner join plateprovince province5_ on car1_.province_id=province5_.province_id where car0_.carseat_seat_id=?
Hibernate: select car0_.brand_brand_id as brand_br1_1_0_, car0_.car_car_id as car_car_2_1_0_, car1_.car_id as car_id1_2_1_, car1_.brand_id as brand_id4_2_1_, car1_.seat_id as seat_id5_2_1_, car1_.employee_id as employee6_2_1_, car1_.plate as plate2_2_1_, car1_.province_id as province7_2_1_, car1_.vin as vin3_2_1_, brand2_.brand_id as brand_id1_0_2_, brand2_.brand as brand2_0_2_, carseat3_.seat_id as seat_id1_3_3_, carseat3_.carseat as carseat2_3_3_, employee4_.employee_id as employee1_6_4_, employee4_.name as name2_6_4_, employee4_.password as password3_6_4_, employee4_.username as username4_6_4_, province5_.province_id as province1_16_5_, province5_.province as province2_16_5_ from brand_car car0_ inner join car car1_ on car0_.car_car_id=car1_.car_id inner join brand brand2_ on car1_.brand_id=brand2_.brand_id inner join carseat carseat3_ on car1_.seat_id=carseat3_.seat_id inner join employee employee4_ on car1_.employee_id=employee4_.employee_id inner join plateprovince province5_ on car1_.province_id=province5_.province_id where car0_.brand_brand_id=?
Hibernate: select service0_.service_id as service_1_26_0_, service0_.service as service2_26_0_, repair1_.service_service_id as service_1_27_1_, maintenanc2_.maintenance_id as repair_m2_27_1_, maintenanc2_.maintenance_id as maintena1_10_2_, maintenanc2_.auto_part as auto_par2_10_2_, maintenanc2_.car_id as car_id6_10_2_, maintenanc2_.fixdate as fixdate3_10_2_, maintenanc2_.repairman_id as repairma7_10_2_, maintenanc2_.message_box as message_4_10_2_, maintenanc2_.mileage as mileage5_10_2_, maintenanc2_.service_id as service_8_10_2_, car3_.car_id as car_id1_2_3_, car3_.brand_id as brand_id4_2_3_, car3_.seat_id as seat_id5_2_3_, car3_.employee_id as employee6_2_3_, car3_.plate as plate2_2_3_, car3_.province_id as province7_2_3_, car3_.vin as vin3_2_3_, brand4_.brand_id as brand_id1_0_4_, brand4_.brand as brand2_0_4_, carseat5_.seat_id as seat_id1_3_5_, carseat5_.carseat as carseat2_3_5_, employee6_.employee_id as employee1_6_6_, employee6_.name as name2_6_6_, employee6_.password as password3_6_6_, employee6_.username as username4_6_6_, province7_.province_id as province1_16_7_, province7_.province as province2_16_7_, repairman8_.repairman_id as repairma1_21_8_, repairman8_.password as password2_21_8_, repairman8_.repairman as repairma3_21_8_, repairman8_.username as username4_21_8_, repair9_.repairman_repairman_id as repairma1_22_9_, maintenanc10_.maintenance_id as repair_m2_22_9_, maintenanc10_.maintenance_id as maintena1_10_10_, maintenanc10_.auto_part as auto_par2_10_10_, maintenanc10_.car_id as car_id6_10_10_, maintenanc10_.fixdate as fixdate3_10_10_, maintenanc10_.repairman_id as repairma7_10_10_, maintenanc10_.message_box as message_4_10_10_, maintenanc10_.mileage as mileage5_10_10_, maintenanc10_.service_id as service_8_10_10_, service11_.service_id as service_1_26_11_, service11_.service as service2_26_11_ from service service0_ left outer join service_repair repair1_ on service0_.service_id=repair1_.service_service_id left outer join maintenanece maintenanc2_ on repair1_.repair_maintenance_id=maintenanc2_.maintenance_id left outer join car car3_ on maintenanc2_.car_id=car3_.car_id left outer join brand brand4_ on car3_.brand_id=brand4_.brand_id left outer join carseat carseat5_ on car3_.seat_id=carseat5_.seat_id left outer join employee employee6_ on car3_.employee_id=employee6_.employee_id left outer join plateprovince province7_ on car3_.province_id=province7_.province_id left outer join repairman repairman8_ on maintenanc2_.repairman_id=repairman8_.repairman_id left outer join repairman_repair repair9_ on repairman8_.repairman_id=repair9_.repairman_repairman_id left outer join maintenanece maintenanc10_ on repair9_.repair_maintenance_id=maintenanc10_.maintenance_id left outer join service service11_ on maintenanc10_.service_id=service11_.service_id where service0_.service_id=?
2020-09-03 02:18:25.449  INFO 16248 --- [    Test worker] o.s.t.c.transaction.TransactionContext   : Rolled back transaction for test: [DefaultTestContext@6776c76e testClass = MaintenanceTest, testInstance = com.cpe.backend.MaintenanceTest@6188e334, testMethod = b6012328_testMileageMustNotBeNull@MaintenanceTest, testException = [null], mergedContextConfiguration = [MergedContextConfiguration@45591e56 testClass = MaintenanceTest, locations = '{}', classes = '{class com.cpe.backend.BackendApplication}', contextInitializerClasses = '[]', activeProfiles = '{}', propertySourceLocations = '{}', propertySourceProperties = '{org.springframework.boot.test.autoconfigure.orm.jpa.DataJpaTestContextBootstrapper=true}', contextCustomizers = set[org.springframework.boot.test.autoconfigure.OverrideAutoConfigurationContextCustomizerFactory$DisableAutoConfigurationContextCustomizer@600a0600, org.springframework.boot.test.autoconfigure.filter.TypeExcludeFiltersContextCustomizer@351584c0, org.springframework.boot.test.autoconfigure.properties.PropertyMappingContextCustomizer@c661b2e0, org.springframework.boot.test.autoconfigure.web.servlet.WebDriverContextCustomizerFactory$Customizer@455d7357, [ImportsContextCustomizer@70b4ad94 key = [org.springframework.boot.autoconfigure.cache.CacheAutoConfiguration, org.springframework.boot.autoconfigure.data.jpa.JpaRepositoriesAutoConfiguration, org.springframework.boot.autoconfigure.flyway.FlywayAutoConfiguration, org.springframework.boot.autoconfigure.jdbc.DataSourceAutoConfiguration, org.springframework.boot.autoconfigure.jdbc.DataSourceTransactionManagerAutoConfiguration, org.springframework.boot.autoconfigure.jdbc.JdbcTemplateAutoConfiguration, org.springframework.boot.autoconfigure.liquibase.LiquibaseAutoConfiguration, org.springframework.boot.autoconfigure.orm.jpa.HibernateJpaAutoConfiguration, org.springframework.boot.autoconfigure.transaction.TransactionAutoConfiguration, org.springframework.boot.test.autoconfigure.jdbc.TestDatabaseAutoConfiguration, org.springframework.boot.test.autoconfigure.orm.jpa.TestEntityManagerAutoConfiguration]], org.springframework.boot.test.context.filter.ExcludeFilterContextCustomizer@405e3a34, org.springframework.boot.test.json.DuplicateJsonObjectContextCustomizerFactory$DuplicateJsonObjectContextCustomizer@38574ceb, org.springframework.boot.test.mock.mockito.MockitoContextCustomizer@0], contextLoader = 'org.springframework.boot.test.context.SpringBootContextLoader', parent = [null]], attributes = map[[empty]]]
2020-09-03 02:18:25.451  INFO 16248 --- [    Test worker] o.s.t.c.transaction.TransactionContext   : Began transaction (1) for test context [DefaultTestContext@6776c76e testClass = MaintenanceTest, testInstance = com.cpe.backend.MaintenanceTest@74aff91, testMethod = b6012328_testInputNormalData@MaintenanceTest, testException = [null], mergedContextConfiguration = [MergedContextConfiguration@45591e56 testClass = MaintenanceTest, locations = '{}', classes = '{class com.cpe.backend.BackendApplication}', contextInitializerClasses = '[]', activeProfiles = '{}', propertySourceLocations = '{}', propertySourceProperties = '{org.springframework.boot.test.autoconfigure.orm.jpa.DataJpaTestContextBootstrapper=true}', contextCustomizers = set[org.springframework.boot.test.autoconfigure.OverrideAutoConfigurationContextCustomizerFactory$DisableAutoConfigurationContextCustomizer@600a0600, org.springframework.boot.test.autoconfigure.filter.TypeExcludeFiltersContextCustomizer@351584c0, org.springframework.boot.test.autoconfigure.properties.PropertyMappingContextCustomizer@c661b2e0, org.springframework.boot.test.autoconfigure.web.servlet.WebDriverContextCustomizerFactory$Customizer@455d7357, [ImportsContextCustomizer@70b4ad94 key = [org.springframework.boot.autoconfigure.cache.CacheAutoConfiguration, org.springframework.boot.autoconfigure.data.jpa.JpaRepositoriesAutoConfiguration, org.springframework.boot.autoconfigure.flyway.FlywayAutoConfiguration, org.springframework.boot.autoconfigure.jdbc.DataSourceAutoConfiguration, org.springframework.boot.autoconfigure.jdbc.DataSourceTransactionManagerAutoConfiguration, org.springframework.boot.autoconfigure.jdbc.JdbcTemplateAutoConfiguration, org.springframework.boot.autoconfigure.liquibase.LiquibaseAutoConfiguration, org.springframework.boot.autoconfigure.orm.jpa.HibernateJpaAutoConfiguration, org.springframework.boot.autoconfigure.transaction.TransactionAutoConfiguration, org.springframework.boot.test.autoconfigure.jdbc.TestDatabaseAutoConfiguration, org.springframework.boot.test.autoconfigure.orm.jpa.TestEntityManagerAutoConfiguration]], org.springframework.boot.test.context.filter.ExcludeFilterContextCustomizer@405e3a34, org.springframework.boot.test.json.DuplicateJsonObjectContextCustomizerFactory$DuplicateJsonObjectContextCustomizer@38574ceb, org.springframework.boot.test.mock.mockito.MockitoContextCustomizer@0], contextLoader = 'org.springframework.boot.test.context.SpringBootContextLoader', parent = [null]], attributes = map[[empty]]]; transaction manager [org.springframework.orm.jpa.JpaTransactionManager@1f778eb1]; rollback [true]
Hibernate: select repairman0_.repairman_id as repairma1_21_0_, repairman0_.password as password2_21_0_, repairman0_.repairman as repairma3_21_0_, repairman0_.username as username4_21_0_, repair1_.repairman_repairman_id as repairma1_22_1_, maintenanc2_.maintenance_id as repair_m2_22_1_, maintenanc2_.maintenance_id as maintena1_10_2_, maintenanc2_.auto_part as auto_par2_10_2_, maintenanc2_.car_id as car_id6_10_2_, maintenanc2_.fixdate as fixdate3_10_2_, maintenanc2_.repairman_id as repairma7_10_2_, maintenanc2_.message_box as message_4_10_2_, maintenanc2_.mileage as mileage5_10_2_, maintenanc2_.service_id as service_8_10_2_, car3_.car_id as car_id1_2_3_, car3_.brand_id as brand_id4_2_3_, car3_.seat_id as seat_id5_2_3_, car3_.employee_id as employee6_2_3_, car3_.plate as plate2_2_3_, car3_.province_id as province7_2_3_, car3_.vin as vin3_2_3_, brand4_.brand_id as brand_id1_0_4_, brand4_.brand as brand2_0_4_, carseat5_.seat_id as seat_id1_3_5_, carseat5_.carseat as carseat2_3_5_, employee6_.employee_id as employee1_6_6_, employee6_.name as name2_6_6_, employee6_.password as password3_6_6_, employee6_.username as username4_6_6_, province7_.province_id as province1_16_7_, province7_.province as province2_16_7_, repairman8_.repairman_id as repairma1_21_8_, repairman8_.password as password2_21_8_, repairman8_.repairman as repairma3_21_8_, repairman8_.username as username4_21_8_, service9_.service_id as service_1_26_9_, service9_.service as service2_26_9_, repair10_.service_service_id as service_1_27_10_, maintenanc11_.maintenance_id as repair_m2_27_10_, maintenanc11_.maintenance_id as maintena1_10_11_, maintenanc11_.auto_part as auto_par2_10_11_, maintenanc11_.car_id as car_id6_10_11_, maintenanc11_.fixdate as fixdate3_10_11_, maintenanc11_.repairman_id as repairma7_10_11_, maintenanc11_.message_box as message_4_10_11_, maintenanc11_.mileage as mileage5_10_11_, maintenanc11_.service_id as service_8_10_11_ from repairman repairman0_ left outer join repairman_repair repair1_ on repairman0_.repairman_id=repair1_.repairman_repairman_id left outer join maintenanece maintenanc2_ on repair1_.repair_maintenance_id=maintenanc2_.maintenance_id left outer join car car3_ on maintenanc2_.car_id=car3_.car_id left outer join brand brand4_ on car3_.brand_id=brand4_.brand_id left outer join carseat carseat5_ on car3_.seat_id=carseat5_.seat_id left outer join employee employee6_ on car3_.employee_id=employee6_.employee_id left outer join plateprovince province7_ on car3_.province_id=province7_.province_id left outer join repairman repairman8_ on maintenanc2_.repairman_id=repairman8_.repairman_id left outer join service service9_ on maintenanc2_.service_id=service9_.service_id left outer join service_repair repair10_ on service9_.service_id=repair10_.service_service_id left outer join maintenanece maintenanc11_ on repair10_.repair_maintenance_id=maintenanc11_.maintenance_id where repairman0_.repairman_id=?
Hibernate: select car0_.car_id as car_id1_2_0_, car0_.brand_id as brand_id4_2_0_, car0_.seat_id as seat_id5_2_0_, car0_.employee_id as employee6_2_0_, car0_.plate as plate2_2_0_, car0_.province_id as province7_2_0_, car0_.vin as vin3_2_0_, brand1_.brand_id as brand_id1_0_1_, brand1_.brand as brand2_0_1_, carseat2_.seat_id as seat_id1_3_2_, carseat2_.carseat as carseat2_3_2_, employee3_.employee_id as employee1_6_3_, employee3_.name as name2_6_3_, employee3_.password as password3_6_3_, employee3_.username as username4_6_3_, province4_.province_id as province1_16_4_, province4_.province as province2_16_4_ from car car0_ inner join brand brand1_ on car0_.brand_id=brand1_.brand_id inner join carseat carseat2_ on car0_.seat_id=carseat2_.seat_id inner join employee employee3_ on car0_.employee_id=employee3_.employee_id inner join plateprovince province4_ on car0_.province_id=province4_.province_id where car0_.car_id=?
Hibernate: select car0_.province_province_id as province1_17_0_, car0_.car_car_id as car_car_2_17_0_, car1_.car_id as car_id1_2_1_, car1_.brand_id as brand_id4_2_1_, car1_.seat_id as seat_id5_2_1_, car1_.employee_id as employee6_2_1_, car1_.plate as plate2_2_1_, car1_.province_id as province7_2_1_, car1_.vin as vin3_2_1_, brand2_.brand_id as brand_id1_0_2_, brand2_.brand as brand2_0_2_, carseat3_.seat_id as seat_id1_3_3_, carseat3_.carseat as carseat2_3_3_, employee4_.employee_id as employee1_6_4_, employee4_.name as name2_6_4_, employee4_.password as password3_6_4_, employee4_.username as username4_6_4_, province5_.province_id as province1_16_5_, province5_.province as province2_16_5_ from plateprovince_car car0_ inner join car car1_ on car0_.car_car_id=car1_.car_id inner join brand brand2_ on car1_.brand_id=brand2_.brand_id inner join carseat carseat3_ on car1_.seat_id=carseat3_.seat_id inner join employee employee4_ on car1_.employee_id=employee4_.employee_id inner join plateprovince province5_ on car1_.province_id=province5_.province_id where car0_.province_province_id=?
Hibernate: select rent0_.employee_employee_id as employee1_7_0_, rent0_.rent_rent_car_id as rent_ren2_7_0_, rentcar1_.rent_car_id as rent_car1_18_1_, rentcar1_.employee_id as employee5_18_1_, rentcar1_.price as price2_18_1_, rentcar1_.rent_date as rent_dat3_18_1_, rentcar1_.customer_id as customer6_18_1_, rentcar1_.rentday as rentday4_18_1_, rentcar1_.car_id as car_id7_18_1_, rentcar1_.renttype_id as renttype8_18_1_, employee2_.employee_id as employee1_6_2_, employee2_.name as name2_6_2_, employee2_.password as password3_6_2_, employee2_.username as username4_6_2_, customer3_.customer_id as customer1_5_3_, customer3_.address as address2_5_3_, customer3_.age as age3_5_3_, customer3_.card_num as card_num4_5_3_, customer3_.employee as employee8_5_3_, customer3_.date as date5_5_3_, customer3_.name as name6_5_3_, customer3_.tel as tel7_5_3_, customer3_.registype as registyp9_5_3_, customer3_.job as job10_5_3_, employee4_.employee_id as employee1_6_4_, employee4_.name as name2_6_4_, employee4_.password as password3_6_4_, employee4_.username as username4_6_4_, registype5_.regis_type_id as regis_ty1_23_5_, registype5_.type as type2_23_5_, job6_.job_id as job_id1_8_6_, job6_.job as job2_8_6_, car7_.car_id as car_id1_2_7_, car7_.brand_id as brand_id4_2_7_, car7_.seat_id as seat_id5_2_7_, car7_.employee_id as employee6_2_7_, car7_.plate as plate2_2_7_, car7_.province_id as province7_2_7_, car7_.vin as vin3_2_7_, brand8_.brand_id as brand_id1_0_8_, brand8_.brand as brand2_0_8_, carseat9_.seat_id as seat_id1_3_9_, carseat9_.carseat as carseat2_3_9_, employee10_.employee_id as employee1_6_10_, employee10_.name as name2_6_10_, employee10_.password as password3_6_10_, employee10_.username as username4_6_10_, province11_.province_id as province1_16_11_, province11_.province as province2_16_11_, renttype12_.renttype_id as renttype1_19_12_, renttype12_.nametype as nametype2_19_12_, renttype12_.unitprice as unitpric3_19_12_ from employee_rent rent0_ inner join rent_car rentcar1_ on rent0_.rent_rent_car_id=rentcar1_.rent_car_id inner join employee employee2_ on rentcar1_.employee_id=employee2_.employee_id inner join customer customer3_ on rentcar1_.customer_id=customer3_.customer_id inner join employee employee4_ on customer3_.employee=employee4_.employee_id inner join resgistype registype5_ on customer3_.registype=registype5_.regis_type_id inner join job job6_ on customer3_.job=job6_.job_id inner join car car7_ on rentcar1_.car_id=car7_.car_id inner join brand brand8_ on car7_.brand_id=brand8_.brand_id inner join carseat carseat9_ on car7_.seat_id=carseat9_.seat_id inner join employee employee10_ on car7_.employee_id=employee10_.employee_id inner join plateprovince province11_ on car7_.province_id=province11_.province_id inner join renttype renttype12_ on rentcar1_.renttype_id=renttype12_.renttype_id where rent0_.employee_employee_id=?
Hibernate: select car0_.carseat_seat_id as carseat_1_4_0_, car0_.car_car_id as car_car_2_4_0_, car1_.car_id as car_id1_2_1_, car1_.brand_id as brand_id4_2_1_, car1_.seat_id as seat_id5_2_1_, car1_.employee_id as employee6_2_1_, car1_.plate as plate2_2_1_, car1_.province_id as province7_2_1_, car1_.vin as vin3_2_1_, brand2_.brand_id as brand_id1_0_2_, brand2_.brand as brand2_0_2_, carseat3_.seat_id as seat_id1_3_3_, carseat3_.carseat as carseat2_3_3_, employee4_.employee_id as employee1_6_4_, employee4_.name as name2_6_4_, employee4_.password as password3_6_4_, employee4_.username as username4_6_4_, province5_.province_id as province1_16_5_, province5_.province as province2_16_5_ from carseat_car car0_ inner join car car1_ on car0_.car_car_id=car1_.car_id inner join brand brand2_ on car1_.brand_id=brand2_.brand_id inner join carseat carseat3_ on car1_.seat_id=carseat3_.seat_id inner join employee employee4_ on car1_.employee_id=employee4_.employee_id inner join plateprovince province5_ on car1_.province_id=province5_.province_id where car0_.carseat_seat_id=?
Hibernate: select car0_.brand_brand_id as brand_br1_1_0_, car0_.car_car_id as car_car_2_1_0_, car1_.car_id as car_id1_2_1_, car1_.brand_id as brand_id4_2_1_, car1_.seat_id as seat_id5_2_1_, car1_.employee_id as employee6_2_1_, car1_.plate as plate2_2_1_, car1_.province_id as province7_2_1_, car1_.vin as vin3_2_1_, brand2_.brand_id as brand_id1_0_2_, brand2_.brand as brand2_0_2_, carseat3_.seat_id as seat_id1_3_3_, carseat3_.carseat as carseat2_3_3_, employee4_.employee_id as employee1_6_4_, employee4_.name as name2_6_4_, employee4_.password as password3_6_4_, employee4_.username as username4_6_4_, province5_.province_id as province1_16_5_, province5_.province as province2_16_5_ from brand_car car0_ inner join car car1_ on car0_.car_car_id=car1_.car_id inner join brand brand2_ on car1_.brand_id=brand2_.brand_id inner join carseat carseat3_ on car1_.seat_id=carseat3_.seat_id inner join employee employee4_ on car1_.employee_id=employee4_.employee_id inner join plateprovince province5_ on car1_.province_id=province5_.province_id where car0_.brand_brand_id=?
Hibernate: select service0_.service_id as service_1_26_0_, service0_.service as service2_26_0_, repair1_.service_service_id as service_1_27_1_, maintenanc2_.maintenance_id as repair_m2_27_1_, maintenanc2_.maintenance_id as maintena1_10_2_, maintenanc2_.auto_part as auto_par2_10_2_, maintenanc2_.car_id as car_id6_10_2_, maintenanc2_.fixdate as fixdate3_10_2_, maintenanc2_.repairman_id as repairma7_10_2_, maintenanc2_.message_box as message_4_10_2_, maintenanc2_.mileage as mileage5_10_2_, maintenanc2_.service_id as service_8_10_2_, car3_.car_id as car_id1_2_3_, car3_.brand_id as brand_id4_2_3_, car3_.seat_id as seat_id5_2_3_, car3_.employee_id as employee6_2_3_, car3_.plate as plate2_2_3_, car3_.province_id as province7_2_3_, car3_.vin as vin3_2_3_, brand4_.brand_id as brand_id1_0_4_, brand4_.brand as brand2_0_4_, carseat5_.seat_id as seat_id1_3_5_, carseat5_.carseat as carseat2_3_5_, employee6_.employee_id as employee1_6_6_, employee6_.name as name2_6_6_, employee6_.password as password3_6_6_, employee6_.username as username4_6_6_, province7_.province_id as province1_16_7_, province7_.province as province2_16_7_, repairman8_.repairman_id as repairma1_21_8_, repairman8_.password as password2_21_8_, repairman8_.repairman as repairma3_21_8_, repairman8_.username as username4_21_8_, repair9_.repairman_repairman_id as repairma1_22_9_, maintenanc10_.maintenance_id as repair_m2_22_9_, maintenanc10_.maintenance_id as maintena1_10_10_, maintenanc10_.auto_part as auto_par2_10_10_, maintenanc10_.car_id as car_id6_10_10_, maintenanc10_.fixdate as fixdate3_10_10_, maintenanc10_.repairman_id as repairma7_10_10_, maintenanc10_.message_box as message_4_10_10_, maintenanc10_.mileage as mileage5_10_10_, maintenanc10_.service_id as service_8_10_10_, service11_.service_id as service_1_26_11_, service11_.service as service2_26_11_ from service service0_ left outer join service_repair repair1_ on service0_.service_id=repair1_.service_service_id left outer join maintenanece maintenanc2_ on repair1_.repair_maintenance_id=maintenanc2_.maintenance_id left outer join car car3_ on maintenanc2_.car_id=car3_.car_id left outer join brand brand4_ on car3_.brand_id=brand4_.brand_id left outer join carseat carseat5_ on car3_.seat_id=carseat5_.seat_id left outer join employee employee6_ on car3_.employee_id=employee6_.employee_id left outer join plateprovince province7_ on car3_.province_id=province7_.province_id left outer join repairman repairman8_ on maintenanc2_.repairman_id=repairman8_.repairman_id left outer join repairman_repair repair9_ on repairman8_.repairman_id=repair9_.repairman_repairman_id left outer join maintenanece maintenanc10_ on repair9_.repair_maintenance_id=maintenanc10_.maintenance_id left outer join service service11_ on maintenanc10_.service_id=service11_.service_id where service0_.service_id=?
Hibernate: insert into maintenanece (auto_part, car_id, fixdate, repairman_id, message_box, mileage, service_id, maintenance_id) values (?, ?, ?, ?, ?, ?, ?, ?)
2020-09-03 02:18:25.476  INFO 16248 --- [    Test worker] o.s.t.c.transaction.TransactionContext   : Rolled back transaction for test: [DefaultTestContext@6776c76e testClass = MaintenanceTest, testInstance = com.cpe.backend.MaintenanceTest@74aff91, testMethod = b6012328_testInputNormalData@MaintenanceTest, testException = [null], mergedContextConfiguration = [MergedContextConfiguration@45591e56 testClass = MaintenanceTest, locations = '{}', classes = '{class com.cpe.backend.BackendApplication}', contextInitializerClasses = '[]', activeProfiles = '{}', propertySourceLocations = '{}', propertySourceProperties = '{org.springframework.boot.test.autoconfigure.orm.jpa.DataJpaTestContextBootstrapper=true}', contextCustomizers = set[org.springframework.boot.test.autoconfigure.OverrideAutoConfigurationContextCustomizerFactory$DisableAutoConfigurationContextCustomizer@600a0600, org.springframework.boot.test.autoconfigure.filter.TypeExcludeFiltersContextCustomizer@351584c0, org.springframework.boot.test.autoconfigure.properties.PropertyMappingContextCustomizer@c661b2e0, org.springframework.boot.test.autoconfigure.web.servlet.WebDriverContextCustomizerFactory$Customizer@455d7357, [ImportsContextCustomizer@70b4ad94 key = [org.springframework.boot.autoconfigure.cache.CacheAutoConfiguration, org.springframework.boot.autoconfigure.data.jpa.JpaRepositoriesAutoConfiguration, org.springframework.boot.autoconfigure.flyway.FlywayAutoConfiguration, org.springframework.boot.autoconfigure.jdbc.DataSourceAutoConfiguration, org.springframework.boot.autoconfigure.jdbc.DataSourceTransactionManagerAutoConfiguration, org.springframework.boot.autoconfigure.jdbc.JdbcTemplateAutoConfiguration, org.springframework.boot.autoconfigure.liquibase.LiquibaseAutoConfiguration, org.springframework.boot.autoconfigure.orm.jpa.HibernateJpaAutoConfiguration, org.springframework.boot.autoconfigure.transaction.TransactionAutoConfiguration, org.springframework.boot.test.autoconfigure.jdbc.TestDatabaseAutoConfiguration, org.springframework.boot.test.autoconfigure.orm.jpa.TestEntityManagerAutoConfiguration]], org.springframework.boot.test.context.filter.ExcludeFilterContextCustomizer@405e3a34, org.springframework.boot.test.json.DuplicateJsonObjectContextCustomizerFactory$DuplicateJsonObjectContextCustomizer@38574ceb, org.springframework.boot.test.mock.mockito.MockitoContextCustomizer@0], contextLoader = 'org.springframework.boot.test.context.SpringBootContextLoader', parent = [null]], attributes = map[[empty]]]
2020-09-03 02:18:25.479  INFO 16248 --- [    Test worker] o.s.t.c.transaction.TransactionContext   : Began transaction (1) for test context [DefaultTestContext@6776c76e testClass = MaintenanceTest, testInstance = com.cpe.backend.MaintenanceTest@1f7b39ac, testMethod = b6012328_testMaxAutopart@MaintenanceTest, testException = [null], mergedContextConfiguration = [MergedContextConfiguration@45591e56 testClass = MaintenanceTest, locations = '{}', classes = '{class com.cpe.backend.BackendApplication}', contextInitializerClasses = '[]', activeProfiles = '{}', propertySourceLocations = '{}', propertySourceProperties = '{org.springframework.boot.test.autoconfigure.orm.jpa.DataJpaTestContextBootstrapper=true}', contextCustomizers = set[org.springframework.boot.test.autoconfigure.OverrideAutoConfigurationContextCustomizerFactory$DisableAutoConfigurationContextCustomizer@600a0600, org.springframework.boot.test.autoconfigure.filter.TypeExcludeFiltersContextCustomizer@351584c0, org.springframework.boot.test.autoconfigure.properties.PropertyMappingContextCustomizer@c661b2e0, org.springframework.boot.test.autoconfigure.web.servlet.WebDriverContextCustomizerFactory$Customizer@455d7357, [ImportsContextCustomizer@70b4ad94 key = [org.springframework.boot.autoconfigure.cache.CacheAutoConfiguration, org.springframework.boot.autoconfigure.data.jpa.JpaRepositoriesAutoConfiguration, org.springframework.boot.autoconfigure.flyway.FlywayAutoConfiguration, org.springframework.boot.autoconfigure.jdbc.DataSourceAutoConfiguration, org.springframework.boot.autoconfigure.jdbc.DataSourceTransactionManagerAutoConfiguration, org.springframework.boot.autoconfigure.jdbc.JdbcTemplateAutoConfiguration, org.springframework.boot.autoconfigure.liquibase.LiquibaseAutoConfiguration, org.springframework.boot.autoconfigure.orm.jpa.HibernateJpaAutoConfiguration, org.springframework.boot.autoconfigure.transaction.TransactionAutoConfiguration, org.springframework.boot.test.autoconfigure.jdbc.TestDatabaseAutoConfiguration, org.springframework.boot.test.autoconfigure.orm.jpa.TestEntityManagerAutoConfiguration]], org.springframework.boot.test.context.filter.ExcludeFilterContextCustomizer@405e3a34, org.springframework.boot.test.json.DuplicateJsonObjectContextCustomizerFactory$DuplicateJsonObjectContextCustomizer@38574ceb, org.springframework.boot.test.mock.mockito.MockitoContextCustomizer@0], contextLoader = 'org.springframework.boot.test.context.SpringBootContextLoader', parent = [null]], attributes = map[[empty]]]; transaction manager [org.springframework.orm.jpa.JpaTransactionManager@1f778eb1]; rollback [true]
Hibernate: select repairman0_.repairman_id as repairma1_21_0_, repairman0_.password as password2_21_0_, repairman0_.repairman as repairma3_21_0_, repairman0_.username as username4_21_0_, repair1_.repairman_repairman_id as repairma1_22_1_, maintenanc2_.maintenance_id as repair_m2_22_1_, maintenanc2_.maintenance_id as maintena1_10_2_, maintenanc2_.auto_part as auto_par2_10_2_, maintenanc2_.car_id as car_id6_10_2_, maintenanc2_.fixdate as fixdate3_10_2_, maintenanc2_.repairman_id as repairma7_10_2_, maintenanc2_.message_box as message_4_10_2_, maintenanc2_.mileage as mileage5_10_2_, maintenanc2_.service_id as service_8_10_2_, car3_.car_id as car_id1_2_3_, car3_.brand_id as brand_id4_2_3_, car3_.seat_id as seat_id5_2_3_, car3_.employee_id as employee6_2_3_, car3_.plate as plate2_2_3_, car3_.province_id as province7_2_3_, car3_.vin as vin3_2_3_, brand4_.brand_id as brand_id1_0_4_, brand4_.brand as brand2_0_4_, carseat5_.seat_id as seat_id1_3_5_, carseat5_.carseat as carseat2_3_5_, employee6_.employee_id as employee1_6_6_, employee6_.name as name2_6_6_, employee6_.password as password3_6_6_, employee6_.username as username4_6_6_, province7_.province_id as province1_16_7_, province7_.province as province2_16_7_, repairman8_.repairman_id as repairma1_21_8_, repairman8_.password as password2_21_8_, repairman8_.repairman as repairma3_21_8_, repairman8_.username as username4_21_8_, service9_.service_id as service_1_26_9_, service9_.service as service2_26_9_, repair10_.service_service_id as service_1_27_10_, maintenanc11_.maintenance_id as repair_m2_27_10_, maintenanc11_.maintenance_id as maintena1_10_11_, maintenanc11_.auto_part as auto_par2_10_11_, maintenanc11_.car_id as car_id6_10_11_, maintenanc11_.fixdate as fixdate3_10_11_, maintenanc11_.repairman_id as repairma7_10_11_, maintenanc11_.message_box as message_4_10_11_, maintenanc11_.mileage as mileage5_10_11_, maintenanc11_.service_id as service_8_10_11_ from repairman repairman0_ left outer join repairman_repair repair1_ on repairman0_.repairman_id=repair1_.repairman_repairman_id left outer join maintenanece maintenanc2_ on repair1_.repair_maintenance_id=maintenanc2_.maintenance_id left outer join car car3_ on maintenanc2_.car_id=car3_.car_id left outer join brand brand4_ on car3_.brand_id=brand4_.brand_id left outer join carseat carseat5_ on car3_.seat_id=carseat5_.seat_id left outer join employee employee6_ on car3_.employee_id=employee6_.employee_id left outer join plateprovince province7_ on car3_.province_id=province7_.province_id left outer join repairman repairman8_ on maintenanc2_.repairman_id=repairman8_.repairman_id left outer join service service9_ on maintenanc2_.service_id=service9_.service_id left outer join service_repair repair10_ on service9_.service_id=repair10_.service_service_id left outer join maintenanece maintenanc11_ on repair10_.repair_maintenance_id=maintenanc11_.maintenance_id where repairman0_.repairman_id=?
Hibernate: select car0_.car_id as car_id1_2_0_, car0_.brand_id as brand_id4_2_0_, car0_.seat_id as seat_id5_2_0_, car0_.employee_id as employee6_2_0_, car0_.plate as plate2_2_0_, car0_.province_id as province7_2_0_, car0_.vin as vin3_2_0_, brand1_.brand_id as brand_id1_0_1_, brand1_.brand as brand2_0_1_, carseat2_.seat_id as seat_id1_3_2_, carseat2_.carseat as carseat2_3_2_, employee3_.employee_id as employee1_6_3_, employee3_.name as name2_6_3_, employee3_.password as password3_6_3_, employee3_.username as username4_6_3_, province4_.province_id as province1_16_4_, province4_.province as province2_16_4_ from car car0_ inner join brand brand1_ on car0_.brand_id=brand1_.brand_id inner join carseat carseat2_ on car0_.seat_id=carseat2_.seat_id inner join employee employee3_ on car0_.employee_id=employee3_.employee_id inner join plateprovince province4_ on car0_.province_id=province4_.province_id where car0_.car_id=?
Hibernate: select car0_.province_province_id as province1_17_0_, car0_.car_car_id as car_car_2_17_0_, car1_.car_id as car_id1_2_1_, car1_.brand_id as brand_id4_2_1_, car1_.seat_id as seat_id5_2_1_, car1_.employee_id as employee6_2_1_, car1_.plate as plate2_2_1_, car1_.province_id as province7_2_1_, car1_.vin as vin3_2_1_, brand2_.brand_id as brand_id1_0_2_, brand2_.brand as brand2_0_2_, carseat3_.seat_id as seat_id1_3_3_, carseat3_.carseat as carseat2_3_3_, employee4_.employee_id as employee1_6_4_, employee4_.name as name2_6_4_, employee4_.password as password3_6_4_, employee4_.username as username4_6_4_, province5_.province_id as province1_16_5_, province5_.province as province2_16_5_ from plateprovince_car car0_ inner join car car1_ on car0_.car_car_id=car1_.car_id inner join brand brand2_ on car1_.brand_id=brand2_.brand_id inner join carseat carseat3_ on car1_.seat_id=carseat3_.seat_id inner join employee employee4_ on car1_.employee_id=employee4_.employee_id inner join plateprovince province5_ on car1_.province_id=province5_.province_id where car0_.province_province_id=?
Hibernate: select rent0_.employee_employee_id as employee1_7_0_, rent0_.rent_rent_car_id as rent_ren2_7_0_, rentcar1_.rent_car_id as rent_car1_18_1_, rentcar1_.employee_id as employee5_18_1_, rentcar1_.price as price2_18_1_, rentcar1_.rent_date as rent_dat3_18_1_, rentcar1_.customer_id as customer6_18_1_, rentcar1_.rentday as rentday4_18_1_, rentcar1_.car_id as car_id7_18_1_, rentcar1_.renttype_id as renttype8_18_1_, employee2_.employee_id as employee1_6_2_, employee2_.name as name2_6_2_, employee2_.password as password3_6_2_, employee2_.username as username4_6_2_, customer3_.customer_id as customer1_5_3_, customer3_.address as address2_5_3_, customer3_.age as age3_5_3_, customer3_.card_num as card_num4_5_3_, customer3_.employee as employee8_5_3_, customer3_.date as date5_5_3_, customer3_.name as name6_5_3_, customer3_.tel as tel7_5_3_, customer3_.registype as registyp9_5_3_, customer3_.job as job10_5_3_, employee4_.employee_id as employee1_6_4_, employee4_.name as name2_6_4_, employee4_.password as password3_6_4_, employee4_.username as username4_6_4_, registype5_.regis_type_id as regis_ty1_23_5_, registype5_.type as type2_23_5_, job6_.job_id as job_id1_8_6_, job6_.job as job2_8_6_, car7_.car_id as car_id1_2_7_, car7_.brand_id as brand_id4_2_7_, car7_.seat_id as seat_id5_2_7_, car7_.employee_id as employee6_2_7_, car7_.plate as plate2_2_7_, car7_.province_id as province7_2_7_, car7_.vin as vin3_2_7_, brand8_.brand_id as brand_id1_0_8_, brand8_.brand as brand2_0_8_, carseat9_.seat_id as seat_id1_3_9_, carseat9_.carseat as carseat2_3_9_, employee10_.employee_id as employee1_6_10_, employee10_.name as name2_6_10_, employee10_.password as password3_6_10_, employee10_.username as username4_6_10_, province11_.province_id as province1_16_11_, province11_.province as province2_16_11_, renttype12_.renttype_id as renttype1_19_12_, renttype12_.nametype as nametype2_19_12_, renttype12_.unitprice as unitpric3_19_12_ from employee_rent rent0_ inner join rent_car rentcar1_ on rent0_.rent_rent_car_id=rentcar1_.rent_car_id inner join employee employee2_ on rentcar1_.employee_id=employee2_.employee_id inner join customer customer3_ on rentcar1_.customer_id=customer3_.customer_id inner join employee employee4_ on customer3_.employee=employee4_.employee_id inner join resgistype registype5_ on customer3_.registype=registype5_.regis_type_id inner join job job6_ on customer3_.job=job6_.job_id inner join car car7_ on rentcar1_.car_id=car7_.car_id inner join brand brand8_ on car7_.brand_id=brand8_.brand_id inner join carseat carseat9_ on car7_.seat_id=carseat9_.seat_id inner join employee employee10_ on car7_.employee_id=employee10_.employee_id inner join plateprovince province11_ on car7_.province_id=province11_.province_id inner join renttype renttype12_ on rentcar1_.renttype_id=renttype12_.renttype_id where rent0_.employee_employee_id=?
Hibernate: select car0_.carseat_seat_id as carseat_1_4_0_, car0_.car_car_id as car_car_2_4_0_, car1_.car_id as car_id1_2_1_, car1_.brand_id as brand_id4_2_1_, car1_.seat_id as seat_id5_2_1_, car1_.employee_id as employee6_2_1_, car1_.plate as plate2_2_1_, car1_.province_id as province7_2_1_, car1_.vin as vin3_2_1_, brand2_.brand_id as brand_id1_0_2_, brand2_.brand as brand2_0_2_, carseat3_.seat_id as seat_id1_3_3_, carseat3_.carseat as carseat2_3_3_, employee4_.employee_id as employee1_6_4_, employee4_.name as name2_6_4_, employee4_.password as password3_6_4_, employee4_.username as username4_6_4_, province5_.province_id as province1_16_5_, province5_.province as province2_16_5_ from carseat_car car0_ inner join car car1_ on car0_.car_car_id=car1_.car_id inner join brand brand2_ on car1_.brand_id=brand2_.brand_id inner join carseat carseat3_ on car1_.seat_id=carseat3_.seat_id inner join employee employee4_ on car1_.employee_id=employee4_.employee_id inner join plateprovince province5_ on car1_.province_id=province5_.province_id where car0_.carseat_seat_id=?
Hibernate: select car0_.brand_brand_id as brand_br1_1_0_, car0_.car_car_id as car_car_2_1_0_, car1_.car_id as car_id1_2_1_, car1_.brand_id as brand_id4_2_1_, car1_.seat_id as seat_id5_2_1_, car1_.employee_id as employee6_2_1_, car1_.plate as plate2_2_1_, car1_.province_id as province7_2_1_, car1_.vin as vin3_2_1_, brand2_.brand_id as brand_id1_0_2_, brand2_.brand as brand2_0_2_, carseat3_.seat_id as seat_id1_3_3_, carseat3_.carseat as carseat2_3_3_, employee4_.employee_id as employee1_6_4_, employee4_.name as name2_6_4_, employee4_.password as password3_6_4_, employee4_.username as username4_6_4_, province5_.province_id as province1_16_5_, province5_.province as province2_16_5_ from brand_car car0_ inner join car car1_ on car0_.car_car_id=car1_.car_id inner join brand brand2_ on car1_.brand_id=brand2_.brand_id inner join carseat carseat3_ on car1_.seat_id=carseat3_.seat_id inner join employee employee4_ on car1_.employee_id=employee4_.employee_id inner join plateprovince province5_ on car1_.province_id=province5_.province_id where car0_.brand_brand_id=?
Hibernate: select service0_.service_id as service_1_26_0_, service0_.service as service2_26_0_, repair1_.service_service_id as service_1_27_1_, maintenanc2_.maintenance_id as repair_m2_27_1_, maintenanc2_.maintenance_id as maintena1_10_2_, maintenanc2_.auto_part as auto_par2_10_2_, maintenanc2_.car_id as car_id6_10_2_, maintenanc2_.fixdate as fixdate3_10_2_, maintenanc2_.repairman_id as repairma7_10_2_, maintenanc2_.message_box as message_4_10_2_, maintenanc2_.mileage as mileage5_10_2_, maintenanc2_.service_id as service_8_10_2_, car3_.car_id as car_id1_2_3_, car3_.brand_id as brand_id4_2_3_, car3_.seat_id as seat_id5_2_3_, car3_.employee_id as employee6_2_3_, car3_.plate as plate2_2_3_, car3_.province_id as province7_2_3_, car3_.vin as vin3_2_3_, brand4_.brand_id as brand_id1_0_4_, brand4_.brand as brand2_0_4_, carseat5_.seat_id as seat_id1_3_5_, carseat5_.carseat as carseat2_3_5_, employee6_.employee_id as employee1_6_6_, employee6_.name as name2_6_6_, employee6_.password as password3_6_6_, employee6_.username as username4_6_6_, province7_.province_id as province1_16_7_, province7_.province as province2_16_7_, repairman8_.repairman_id as repairma1_21_8_, repairman8_.password as password2_21_8_, repairman8_.repairman as repairma3_21_8_, repairman8_.username as username4_21_8_, repair9_.repairman_repairman_id as repairma1_22_9_, maintenanc10_.maintenance_id as repair_m2_22_9_, maintenanc10_.maintenance_id as maintena1_10_10_, maintenanc10_.auto_part as auto_par2_10_10_, maintenanc10_.car_id as car_id6_10_10_, maintenanc10_.fixdate as fixdate3_10_10_, maintenanc10_.repairman_id as repairma7_10_10_, maintenanc10_.message_box as message_4_10_10_, maintenanc10_.mileage as mileage5_10_10_, maintenanc10_.service_id as service_8_10_10_, service11_.service_id as service_1_26_11_, service11_.service as service2_26_11_ from service service0_ left outer join service_repair repair1_ on service0_.service_id=repair1_.service_service_id left outer join maintenanece maintenanc2_ on repair1_.repair_maintenance_id=maintenanc2_.maintenance_id left outer join car car3_ on maintenanc2_.car_id=car3_.car_id left outer join brand brand4_ on car3_.brand_id=brand4_.brand_id left outer join carseat carseat5_ on car3_.seat_id=carseat5_.seat_id left outer join employee employee6_ on car3_.employee_id=employee6_.employee_id left outer join plateprovince province7_ on car3_.province_id=province7_.province_id left outer join repairman repairman8_ on maintenanc2_.repairman_id=repairman8_.repairman_id left outer join repairman_repair repair9_ on repairman8_.repairman_id=repair9_.repairman_repairman_id left outer join maintenanece maintenanc10_ on repair9_.repair_maintenance_id=maintenanc10_.maintenance_id left outer join service service11_ on maintenanc10_.service_id=service11_.service_id where service0_.service_id=?
2020-09-03 02:18:25.511  INFO 16248 --- [    Test worker] o.s.t.c.transaction.TransactionContext   : Rolled back transaction for test: [DefaultTestContext@6776c76e testClass = MaintenanceTest, testInstance = com.cpe.backend.MaintenanceTest@1f7b39ac, testMethod = b6012328_testMaxAutopart@MaintenanceTest, testException = [null], mergedContextConfiguration = [MergedContextConfiguration@45591e56 testClass = MaintenanceTest, locations = '{}', classes = '{class com.cpe.backend.BackendApplication}', contextInitializerClasses = '[]', activeProfiles = '{}', propertySourceLocations = '{}', propertySourceProperties = '{org.springframework.boot.test.autoconfigure.orm.jpa.DataJpaTestContextBootstrapper=true}', contextCustomizers = set[org.springframework.boot.test.autoconfigure.OverrideAutoConfigurationContextCustomizerFactory$DisableAutoConfigurationContextCustomizer@600a0600, org.springframework.boot.test.autoconfigure.filter.TypeExcludeFiltersContextCustomizer@351584c0, org.springframework.boot.test.autoconfigure.properties.PropertyMappingContextCustomizer@c661b2e0, org.springframework.boot.test.autoconfigure.web.servlet.WebDriverContextCustomizerFactory$Customizer@455d7357, [ImportsContextCustomizer@70b4ad94 key = [org.springframework.boot.autoconfigure.cache.CacheAutoConfiguration, org.springframework.boot.autoconfigure.data.jpa.JpaRepositoriesAutoConfiguration, org.springframework.boot.autoconfigure.flyway.FlywayAutoConfiguration, org.springframework.boot.autoconfigure.jdbc.DataSourceAutoConfiguration, org.springframework.boot.autoconfigure.jdbc.DataSourceTransactionManagerAutoConfiguration, org.springframework.boot.autoconfigure.jdbc.JdbcTemplateAutoConfiguration, org.springframework.boot.autoconfigure.liquibase.LiquibaseAutoConfiguration, org.springframework.boot.autoconfigure.orm.jpa.HibernateJpaAutoConfiguration, org.springframework.boot.autoconfigure.transaction.TransactionAutoConfiguration, org.springframework.boot.test.autoconfigure.jdbc.TestDatabaseAutoConfiguration, org.springframework.boot.test.autoconfigure.orm.jpa.TestEntityManagerAutoConfiguration]], org.springframework.boot.test.context.filter.ExcludeFilterContextCustomizer@405e3a34, org.springframework.boot.test.json.DuplicateJsonObjectContextCustomizerFactory$DuplicateJsonObjectContextCustomizer@38574ceb, org.springframework.boot.test.mock.mockito.MockitoContextCustomizer@0], contextLoader = 'org.springframework.boot.test.context.SpringBootContextLoader', parent = [null]], attributes = map[[empty]]]
2020-09-03 02:18:25.514  INFO 16248 --- [    Test worker] o.s.t.c.transaction.TransactionContext   : Began transaction (1) for test context [DefaultTestContext@6776c76e testClass = MaintenanceTest, testInstance = com.cpe.backend.MaintenanceTest@6074c53c, testMethod = b6012328_testFixedByMustNotBeNull@MaintenanceTest, testException = [null], mergedContextConfiguration = [MergedContextConfiguration@45591e56 testClass = MaintenanceTest, locations = '{}', classes = '{class com.cpe.backend.BackendApplication}', contextInitializerClasses = '[]', activeProfiles = '{}', propertySourceLocations = '{}', propertySourceProperties = '{org.springframework.boot.test.autoconfigure.orm.jpa.DataJpaTestContextBootstrapper=true}', contextCustomizers = set[org.springframework.boot.test.autoconfigure.OverrideAutoConfigurationContextCustomizerFactory$DisableAutoConfigurationContextCustomizer@600a0600, org.springframework.boot.test.autoconfigure.filter.TypeExcludeFiltersContextCustomizer@351584c0, org.springframework.boot.test.autoconfigure.properties.PropertyMappingContextCustomizer@c661b2e0, org.springframework.boot.test.autoconfigure.web.servlet.WebDriverContextCustomizerFactory$Customizer@455d7357, [ImportsContextCustomizer@70b4ad94 key = [org.springframework.boot.autoconfigure.cache.CacheAutoConfiguration, org.springframework.boot.autoconfigure.data.jpa.JpaRepositoriesAutoConfiguration, org.springframework.boot.autoconfigure.flyway.FlywayAutoConfiguration, org.springframework.boot.autoconfigure.jdbc.DataSourceAutoConfiguration, org.springframework.boot.autoconfigure.jdbc.DataSourceTransactionManagerAutoConfiguration, org.springframework.boot.autoconfigure.jdbc.JdbcTemplateAutoConfiguration, org.springframework.boot.autoconfigure.liquibase.LiquibaseAutoConfiguration, org.springframework.boot.autoconfigure.orm.jpa.HibernateJpaAutoConfiguration, org.springframework.boot.autoconfigure.transaction.TransactionAutoConfiguration, org.springframework.boot.test.autoconfigure.jdbc.TestDatabaseAutoConfiguration, org.springframework.boot.test.autoconfigure.orm.jpa.TestEntityManagerAutoConfiguration]], org.springframework.boot.test.context.filter.ExcludeFilterContextCustomizer@405e3a34, org.springframework.boot.test.json.DuplicateJsonObjectContextCustomizerFactory$DuplicateJsonObjectContextCustomizer@38574ceb, org.springframework.boot.test.mock.mockito.MockitoContextCustomizer@0], contextLoader = 'org.springframework.boot.test.context.SpringBootContextLoader', parent = [null]], attributes = map[[empty]]]; transaction manager [org.springframework.orm.jpa.JpaTransactionManager@1f778eb1]; rollback [true]
Hibernate: select repairman0_.repairman_id as repairma1_21_0_, repairman0_.password as password2_21_0_, repairman0_.repairman as repairma3_21_0_, repairman0_.username as username4_21_0_, repair1_.repairman_repairman_id as repairma1_22_1_, maintenanc2_.maintenance_id as repair_m2_22_1_, maintenanc2_.maintenance_id as maintena1_10_2_, maintenanc2_.auto_part as auto_par2_10_2_, maintenanc2_.car_id as car_id6_10_2_, maintenanc2_.fixdate as fixdate3_10_2_, maintenanc2_.repairman_id as repairma7_10_2_, maintenanc2_.message_box as message_4_10_2_, maintenanc2_.mileage as mileage5_10_2_, maintenanc2_.service_id as service_8_10_2_, car3_.car_id as car_id1_2_3_, car3_.brand_id as brand_id4_2_3_, car3_.seat_id as seat_id5_2_3_, car3_.employee_id as employee6_2_3_, car3_.plate as plate2_2_3_, car3_.province_id as province7_2_3_, car3_.vin as vin3_2_3_, brand4_.brand_id as brand_id1_0_4_, brand4_.brand as brand2_0_4_, carseat5_.seat_id as seat_id1_3_5_, carseat5_.carseat as carseat2_3_5_, employee6_.employee_id as employee1_6_6_, employee6_.name as name2_6_6_, employee6_.password as password3_6_6_, employee6_.username as username4_6_6_, province7_.province_id as province1_16_7_, province7_.province as province2_16_7_, repairman8_.repairman_id as repairma1_21_8_, repairman8_.password as password2_21_8_, repairman8_.repairman as repairma3_21_8_, repairman8_.username as username4_21_8_, service9_.service_id as service_1_26_9_, service9_.service as service2_26_9_, repair10_.service_service_id as service_1_27_10_, maintenanc11_.maintenance_id as repair_m2_27_10_, maintenanc11_.maintenance_id as maintena1_10_11_, maintenanc11_.auto_part as auto_par2_10_11_, maintenanc11_.car_id as car_id6_10_11_, maintenanc11_.fixdate as fixdate3_10_11_, maintenanc11_.repairman_id as repairma7_10_11_, maintenanc11_.message_box as message_4_10_11_, maintenanc11_.mileage as mileage5_10_11_, maintenanc11_.service_id as service_8_10_11_ from repairman repairman0_ left outer join repairman_repair repair1_ on repairman0_.repairman_id=repair1_.repairman_repairman_id left outer join maintenanece maintenanc2_ on repair1_.repair_maintenance_id=maintenanc2_.maintenance_id left outer join car car3_ on maintenanc2_.car_id=car3_.car_id left outer join brand brand4_ on car3_.brand_id=brand4_.brand_id left outer join carseat carseat5_ on car3_.seat_id=carseat5_.seat_id left outer join employee employee6_ on car3_.employee_id=employee6_.employee_id left outer join plateprovince province7_ on car3_.province_id=province7_.province_id left outer join repairman repairman8_ on maintenanc2_.repairman_id=repairman8_.repairman_id left outer join service service9_ on maintenanc2_.service_id=service9_.service_id left outer join service_repair repair10_ on service9_.service_id=repair10_.service_service_id left outer join maintenanece maintenanc11_ on repair10_.repair_maintenance_id=maintenanc11_.maintenance_id where repairman0_.repairman_id=?
Hibernate: select car0_.car_id as car_id1_2_0_, car0_.brand_id as brand_id4_2_0_, car0_.seat_id as seat_id5_2_0_, car0_.employee_id as employee6_2_0_, car0_.plate as plate2_2_0_, car0_.province_id as province7_2_0_, car0_.vin as vin3_2_0_, brand1_.brand_id as brand_id1_0_1_, brand1_.brand as brand2_0_1_, carseat2_.seat_id as seat_id1_3_2_, carseat2_.carseat as carseat2_3_2_, employee3_.employee_id as employee1_6_3_, employee3_.name as name2_6_3_, employee3_.password as password3_6_3_, employee3_.username as username4_6_3_, province4_.province_id as province1_16_4_, province4_.province as province2_16_4_ from car car0_ inner join brand brand1_ on car0_.brand_id=brand1_.brand_id inner join carseat carseat2_ on car0_.seat_id=carseat2_.seat_id inner join employee employee3_ on car0_.employee_id=employee3_.employee_id inner join plateprovince province4_ on car0_.province_id=province4_.province_id where car0_.car_id=?
Hibernate: select car0_.province_province_id as province1_17_0_, car0_.car_car_id as car_car_2_17_0_, car1_.car_id as car_id1_2_1_, car1_.brand_id as brand_id4_2_1_, car1_.seat_id as seat_id5_2_1_, car1_.employee_id as employee6_2_1_, car1_.plate as plate2_2_1_, car1_.province_id as province7_2_1_, car1_.vin as vin3_2_1_, brand2_.brand_id as brand_id1_0_2_, brand2_.brand as brand2_0_2_, carseat3_.seat_id as seat_id1_3_3_, carseat3_.carseat as carseat2_3_3_, employee4_.employee_id as employee1_6_4_, employee4_.name as name2_6_4_, employee4_.password as password3_6_4_, employee4_.username as username4_6_4_, province5_.province_id as province1_16_5_, province5_.province as province2_16_5_ from plateprovince_car car0_ inner join car car1_ on car0_.car_car_id=car1_.car_id inner join brand brand2_ on car1_.brand_id=brand2_.brand_id inner join carseat carseat3_ on car1_.seat_id=carseat3_.seat_id inner join employee employee4_ on car1_.employee_id=employee4_.employee_id inner join plateprovince province5_ on car1_.province_id=province5_.province_id where car0_.province_province_id=?
Hibernate: select rent0_.employee_employee_id as employee1_7_0_, rent0_.rent_rent_car_id as rent_ren2_7_0_, rentcar1_.rent_car_id as rent_car1_18_1_, rentcar1_.employee_id as employee5_18_1_, rentcar1_.price as price2_18_1_, rentcar1_.rent_date as rent_dat3_18_1_, rentcar1_.customer_id as customer6_18_1_, rentcar1_.rentday as rentday4_18_1_, rentcar1_.car_id as car_id7_18_1_, rentcar1_.renttype_id as renttype8_18_1_, employee2_.employee_id as employee1_6_2_, employee2_.name as name2_6_2_, employee2_.password as password3_6_2_, employee2_.username as username4_6_2_, customer3_.customer_id as customer1_5_3_, customer3_.address as address2_5_3_, customer3_.age as age3_5_3_, customer3_.card_num as card_num4_5_3_, customer3_.employee as employee8_5_3_, customer3_.date as date5_5_3_, customer3_.name as name6_5_3_, customer3_.tel as tel7_5_3_, customer3_.registype as registyp9_5_3_, customer3_.job as job10_5_3_, employee4_.employee_id as employee1_6_4_, employee4_.name as name2_6_4_, employee4_.password as password3_6_4_, employee4_.username as username4_6_4_, registype5_.regis_type_id as regis_ty1_23_5_, registype5_.type as type2_23_5_, job6_.job_id as job_id1_8_6_, job6_.job as job2_8_6_, car7_.car_id as car_id1_2_7_, car7_.brand_id as brand_id4_2_7_, car7_.seat_id as seat_id5_2_7_, car7_.employee_id as employee6_2_7_, car7_.plate as plate2_2_7_, car7_.province_id as province7_2_7_, car7_.vin as vin3_2_7_, brand8_.brand_id as brand_id1_0_8_, brand8_.brand as brand2_0_8_, carseat9_.seat_id as seat_id1_3_9_, carseat9_.carseat as carseat2_3_9_, employee10_.employee_id as employee1_6_10_, employee10_.name as name2_6_10_, employee10_.password as password3_6_10_, employee10_.username as username4_6_10_, province11_.province_id as province1_16_11_, province11_.province as province2_16_11_, renttype12_.renttype_id as renttype1_19_12_, renttype12_.nametype as nametype2_19_12_, renttype12_.unitprice as unitpric3_19_12_ from employee_rent rent0_ inner join rent_car rentcar1_ on rent0_.rent_rent_car_id=rentcar1_.rent_car_id inner join employee employee2_ on rentcar1_.employee_id=employee2_.employee_id inner join customer customer3_ on rentcar1_.customer_id=customer3_.customer_id inner join employee employee4_ on customer3_.employee=employee4_.employee_id inner join resgistype registype5_ on customer3_.registype=registype5_.regis_type_id inner join job job6_ on customer3_.job=job6_.job_id inner join car car7_ on rentcar1_.car_id=car7_.car_id inner join brand brand8_ on car7_.brand_id=brand8_.brand_id inner join carseat carseat9_ on car7_.seat_id=carseat9_.seat_id inner join employee employee10_ on car7_.employee_id=employee10_.employee_id inner join plateprovince province11_ on car7_.province_id=province11_.province_id inner join renttype renttype12_ on rentcar1_.renttype_id=renttype12_.renttype_id where rent0_.employee_employee_id=?
Hibernate: select car0_.carseat_seat_id as carseat_1_4_0_, car0_.car_car_id as car_car_2_4_0_, car1_.car_id as car_id1_2_1_, car1_.brand_id as brand_id4_2_1_, car1_.seat_id as seat_id5_2_1_, car1_.employee_id as employee6_2_1_, car1_.plate as plate2_2_1_, car1_.province_id as province7_2_1_, car1_.vin as vin3_2_1_, brand2_.brand_id as brand_id1_0_2_, brand2_.brand as brand2_0_2_, carseat3_.seat_id as seat_id1_3_3_, carseat3_.carseat as carseat2_3_3_, employee4_.employee_id as employee1_6_4_, employee4_.name as name2_6_4_, employee4_.password as password3_6_4_, employee4_.username as username4_6_4_, province5_.province_id as province1_16_5_, province5_.province as province2_16_5_ from carseat_car car0_ inner join car car1_ on car0_.car_car_id=car1_.car_id inner join brand brand2_ on car1_.brand_id=brand2_.brand_id inner join carseat carseat3_ on car1_.seat_id=carseat3_.seat_id inner join employee employee4_ on car1_.employee_id=employee4_.employee_id inner join plateprovince province5_ on car1_.province_id=province5_.province_id where car0_.carseat_seat_id=?
Hibernate: select car0_.brand_brand_id as brand_br1_1_0_, car0_.car_car_id as car_car_2_1_0_, car1_.car_id as car_id1_2_1_, car1_.brand_id as brand_id4_2_1_, car1_.seat_id as seat_id5_2_1_, car1_.employee_id as employee6_2_1_, car1_.plate as plate2_2_1_, car1_.province_id as province7_2_1_, car1_.vin as vin3_2_1_, brand2_.brand_id as brand_id1_0_2_, brand2_.brand as brand2_0_2_, carseat3_.seat_id as seat_id1_3_3_, carseat3_.carseat as carseat2_3_3_, employee4_.employee_id as employee1_6_4_, employee4_.name as name2_6_4_, employee4_.password as password3_6_4_, employee4_.username as username4_6_4_, province5_.province_id as province1_16_5_, province5_.province as province2_16_5_ from brand_car car0_ inner join car car1_ on car0_.car_car_id=car1_.car_id inner join brand brand2_ on car1_.brand_id=brand2_.brand_id inner join carseat carseat3_ on car1_.seat_id=carseat3_.seat_id inner join employee employee4_ on car1_.employee_id=employee4_.employee_id inner join plateprovince province5_ on car1_.province_id=province5_.province_id where car0_.brand_brand_id=?
Hibernate: select service0_.service_id as service_1_26_0_, service0_.service as service2_26_0_, repair1_.service_service_id as service_1_27_1_, maintenanc2_.maintenance_id as repair_m2_27_1_, maintenanc2_.maintenance_id as maintena1_10_2_, maintenanc2_.auto_part as auto_par2_10_2_, maintenanc2_.car_id as car_id6_10_2_, maintenanc2_.fixdate as fixdate3_10_2_, maintenanc2_.repairman_id as repairma7_10_2_, maintenanc2_.message_box as message_4_10_2_, maintenanc2_.mileage as mileage5_10_2_, maintenanc2_.service_id as service_8_10_2_, car3_.car_id as car_id1_2_3_, car3_.brand_id as brand_id4_2_3_, car3_.seat_id as seat_id5_2_3_, car3_.employee_id as employee6_2_3_, car3_.plate as plate2_2_3_, car3_.province_id as province7_2_3_, car3_.vin as vin3_2_3_, brand4_.brand_id as brand_id1_0_4_, brand4_.brand as brand2_0_4_, carseat5_.seat_id as seat_id1_3_5_, carseat5_.carseat as carseat2_3_5_, employee6_.employee_id as employee1_6_6_, employee6_.name as name2_6_6_, employee6_.password as password3_6_6_, employee6_.username as username4_6_6_, province7_.province_id as province1_16_7_, province7_.province as province2_16_7_, repairman8_.repairman_id as repairma1_21_8_, repairman8_.password as password2_21_8_, repairman8_.repairman as repairma3_21_8_, repairman8_.username as username4_21_8_, repair9_.repairman_repairman_id as repairma1_22_9_, maintenanc10_.maintenance_id as repair_m2_22_9_, maintenanc10_.maintenance_id as maintena1_10_10_, maintenanc10_.auto_part as auto_par2_10_10_, maintenanc10_.car_id as car_id6_10_10_, maintenanc10_.fixdate as fixdate3_10_10_, maintenanc10_.repairman_id as repairma7_10_10_, maintenanc10_.message_box as message_4_10_10_, maintenanc10_.mileage as mileage5_10_10_, maintenanc10_.service_id as service_8_10_10_, service11_.service_id as service_1_26_11_, service11_.service as service2_26_11_ from service service0_ left outer join service_repair repair1_ on service0_.service_id=repair1_.service_service_id left outer join maintenanece maintenanc2_ on repair1_.repair_maintenance_id=maintenanc2_.maintenance_id left outer join car car3_ on maintenanc2_.car_id=car3_.car_id left outer join brand brand4_ on car3_.brand_id=brand4_.brand_id left outer join carseat carseat5_ on car3_.seat_id=carseat5_.seat_id left outer join employee employee6_ on car3_.employee_id=employee6_.employee_id left outer join plateprovince province7_ on car3_.province_id=province7_.province_id left outer join repairman repairman8_ on maintenanc2_.repairman_id=repairman8_.repairman_id left outer join repairman_repair repair9_ on repairman8_.repairman_id=repair9_.repairman_repairman_id left outer join maintenanece maintenanc10_ on repair9_.repair_maintenance_id=maintenanc10_.maintenance_id left outer join service service11_ on maintenanc10_.service_id=service11_.service_id where service0_.service_id=?
2020-09-03 02:18:25.542  INFO 16248 --- [    Test worker] o.s.t.c.transaction.TransactionContext   : Rolled back transaction for test: [DefaultTestContext@6776c76e testClass = MaintenanceTest, testInstance = com.cpe.backend.MaintenanceTest@6074c53c, testMethod = b6012328_testFixedByMustNotBeNull@MaintenanceTest, testException = [null], mergedContextConfiguration = [MergedContextConfiguration@45591e56 testClass = MaintenanceTest, locations = '{}', classes = '{class com.cpe.backend.BackendApplication}', contextInitializerClasses = '[]', activeProfiles = '{}', propertySourceLocations = '{}', propertySourceProperties = '{org.springframework.boot.test.autoconfigure.orm.jpa.DataJpaTestContextBootstrapper=true}', contextCustomizers = set[org.springframework.boot.test.autoconfigure.OverrideAutoConfigurationContextCustomizerFactory$DisableAutoConfigurationContextCustomizer@600a0600, org.springframework.boot.test.autoconfigure.filter.TypeExcludeFiltersContextCustomizer@351584c0, org.springframework.boot.test.autoconfigure.properties.PropertyMappingContextCustomizer@c661b2e0, org.springframework.boot.test.autoconfigure.web.servlet.WebDriverContextCustomizerFactory$Customizer@455d7357, [ImportsContextCustomizer@70b4ad94 key = [org.springframework.boot.autoconfigure.cache.CacheAutoConfiguration, org.springframework.boot.autoconfigure.data.jpa.JpaRepositoriesAutoConfiguration, org.springframework.boot.autoconfigure.flyway.FlywayAutoConfiguration, org.springframework.boot.autoconfigure.jdbc.DataSourceAutoConfiguration, org.springframework.boot.autoconfigure.jdbc.DataSourceTransactionManagerAutoConfiguration, org.springframework.boot.autoconfigure.jdbc.JdbcTemplateAutoConfiguration, org.springframework.boot.autoconfigure.liquibase.LiquibaseAutoConfiguration, org.springframework.boot.autoconfigure.orm.jpa.HibernateJpaAutoConfiguration, org.springframework.boot.autoconfigure.transaction.TransactionAutoConfiguration, org.springframework.boot.test.autoconfigure.jdbc.TestDatabaseAutoConfiguration, org.springframework.boot.test.autoconfigure.orm.jpa.TestEntityManagerAutoConfiguration]], org.springframework.boot.test.context.filter.ExcludeFilterContextCustomizer@405e3a34, org.springframework.boot.test.json.DuplicateJsonObjectContextCustomizerFactory$DuplicateJsonObjectContextCustomizer@38574ceb, org.springframework.boot.test.mock.mockito.MockitoContextCustomizer@0], contextLoader = 'org.springframework.boot.test.context.SpringBootContextLoader', parent = [null]], attributes = map[[empty]]]
2020-09-03 02:18:25.544  INFO 16248 --- [    Test worker] o.s.t.c.transaction.TransactionContext   : Began transaction (1) for test context [DefaultTestContext@6776c76e testClass = MaintenanceTest, testInstance = com.cpe.backend.MaintenanceTest@1b7a57d5, testMethod = b6012328_testCarMustNotBeNull@MaintenanceTest, testException = [null], mergedContextConfiguration = [MergedContextConfiguration@45591e56 testClass = MaintenanceTest, locations = '{}', classes = '{class com.cpe.backend.BackendApplication}', contextInitializerClasses = '[]', activeProfiles = '{}', propertySourceLocations = '{}', propertySourceProperties = '{org.springframework.boot.test.autoconfigure.orm.jpa.DataJpaTestContextBootstrapper=true}', contextCustomizers = set[org.springframework.boot.test.autoconfigure.OverrideAutoConfigurationContextCustomizerFactory$DisableAutoConfigurationContextCustomizer@600a0600, org.springframework.boot.test.autoconfigure.filter.TypeExcludeFiltersContextCustomizer@351584c0, org.springframework.boot.test.autoconfigure.properties.PropertyMappingContextCustomizer@c661b2e0, org.springframework.boot.test.autoconfigure.web.servlet.WebDriverContextCustomizerFactory$Customizer@455d7357, [ImportsContextCustomizer@70b4ad94 key = [org.springframework.boot.autoconfigure.cache.CacheAutoConfiguration, org.springframework.boot.autoconfigure.data.jpa.JpaRepositoriesAutoConfiguration, org.springframework.boot.autoconfigure.flyway.FlywayAutoConfiguration, org.springframework.boot.autoconfigure.jdbc.DataSourceAutoConfiguration, org.springframework.boot.autoconfigure.jdbc.DataSourceTransactionManagerAutoConfiguration, org.springframework.boot.autoconfigure.jdbc.JdbcTemplateAutoConfiguration, org.springframework.boot.autoconfigure.liquibase.LiquibaseAutoConfiguration, org.springframework.boot.autoconfigure.orm.jpa.HibernateJpaAutoConfiguration, org.springframework.boot.autoconfigure.transaction.TransactionAutoConfiguration, org.springframework.boot.test.autoconfigure.jdbc.TestDatabaseAutoConfiguration, org.springframework.boot.test.autoconfigure.orm.jpa.TestEntityManagerAutoConfiguration]], org.springframework.boot.test.context.filter.ExcludeFilterContextCustomizer@405e3a34, org.springframework.boot.test.json.DuplicateJsonObjectContextCustomizerFactory$DuplicateJsonObjectContextCustomizer@38574ceb, org.springframework.boot.test.mock.mockito.MockitoContextCustomizer@0], contextLoader = 'org.springframework.boot.test.context.SpringBootContextLoader', parent = [null]], attributes = map[[empty]]]; transaction manager [org.springframework.orm.jpa.JpaTransactionManager@1f778eb1]; rollback [true]
Hibernate: select repairman0_.repairman_id as repairma1_21_0_, repairman0_.password as password2_21_0_, repairman0_.repairman as repairma3_21_0_, repairman0_.username as username4_21_0_, repair1_.repairman_repairman_id as repairma1_22_1_, maintenanc2_.maintenance_id as repair_m2_22_1_, maintenanc2_.maintenance_id as maintena1_10_2_, maintenanc2_.auto_part as auto_par2_10_2_, maintenanc2_.car_id as car_id6_10_2_, maintenanc2_.fixdate as fixdate3_10_2_, maintenanc2_.repairman_id as repairma7_10_2_, maintenanc2_.message_box as message_4_10_2_, maintenanc2_.mileage as mileage5_10_2_, maintenanc2_.service_id as service_8_10_2_, car3_.car_id as car_id1_2_3_, car3_.brand_id as brand_id4_2_3_, car3_.seat_id as seat_id5_2_3_, car3_.employee_id as employee6_2_3_, car3_.plate as plate2_2_3_, car3_.province_id as province7_2_3_, car3_.vin as vin3_2_3_, brand4_.brand_id as brand_id1_0_4_, brand4_.brand as brand2_0_4_, carseat5_.seat_id as seat_id1_3_5_, carseat5_.carseat as carseat2_3_5_, employee6_.employee_id as employee1_6_6_, employee6_.name as name2_6_6_, employee6_.password as password3_6_6_, employee6_.username as username4_6_6_, province7_.province_id as province1_16_7_, province7_.province as province2_16_7_, repairman8_.repairman_id as repairma1_21_8_, repairman8_.password as password2_21_8_, repairman8_.repairman as repairma3_21_8_, repairman8_.username as username4_21_8_, service9_.service_id as service_1_26_9_, service9_.service as service2_26_9_, repair10_.service_service_id as service_1_27_10_, maintenanc11_.maintenance_id as repair_m2_27_10_, maintenanc11_.maintenance_id as maintena1_10_11_, maintenanc11_.auto_part as auto_par2_10_11_, maintenanc11_.car_id as car_id6_10_11_, maintenanc11_.fixdate as fixdate3_10_11_, maintenanc11_.repairman_id as repairma7_10_11_, maintenanc11_.message_box as message_4_10_11_, maintenanc11_.mileage as mileage5_10_11_, maintenanc11_.service_id as service_8_10_11_ from repairman repairman0_ left outer join repairman_repair repair1_ on repairman0_.repairman_id=repair1_.repairman_repairman_id left outer join maintenanece maintenanc2_ on repair1_.repair_maintenance_id=maintenanc2_.maintenance_id left outer join car car3_ on maintenanc2_.car_id=car3_.car_id left outer join brand brand4_ on car3_.brand_id=brand4_.brand_id left outer join carseat carseat5_ on car3_.seat_id=carseat5_.seat_id left outer join employee employee6_ on car3_.employee_id=employee6_.employee_id left outer join plateprovince province7_ on car3_.province_id=province7_.province_id left outer join repairman repairman8_ on maintenanc2_.repairman_id=repairman8_.repairman_id left outer join service service9_ on maintenanc2_.service_id=service9_.service_id left outer join service_repair repair10_ on service9_.service_id=repair10_.service_service_id left outer join maintenanece maintenanc11_ on repair10_.repair_maintenance_id=maintenanc11_.maintenance_id where repairman0_.repairman_id=?
Hibernate: select car0_.car_id as car_id1_2_0_, car0_.brand_id as brand_id4_2_0_, car0_.seat_id as seat_id5_2_0_, car0_.employee_id as employee6_2_0_, car0_.plate as plate2_2_0_, car0_.province_id as province7_2_0_, car0_.vin as vin3_2_0_, brand1_.brand_id as brand_id1_0_1_, brand1_.brand as brand2_0_1_, carseat2_.seat_id as seat_id1_3_2_, carseat2_.carseat as carseat2_3_2_, employee3_.employee_id as employee1_6_3_, employee3_.name as name2_6_3_, employee3_.password as password3_6_3_, employee3_.username as username4_6_3_, province4_.province_id as province1_16_4_, province4_.province as province2_16_4_ from car car0_ inner join brand brand1_ on car0_.brand_id=brand1_.brand_id inner join carseat carseat2_ on car0_.seat_id=carseat2_.seat_id inner join employee employee3_ on car0_.employee_id=employee3_.employee_id inner join plateprovince province4_ on car0_.province_id=province4_.province_id where car0_.car_id=?
Hibernate: select car0_.province_province_id as province1_17_0_, car0_.car_car_id as car_car_2_17_0_, car1_.car_id as car_id1_2_1_, car1_.brand_id as brand_id4_2_1_, car1_.seat_id as seat_id5_2_1_, car1_.employee_id as employee6_2_1_, car1_.plate as plate2_2_1_, car1_.province_id as province7_2_1_, car1_.vin as vin3_2_1_, brand2_.brand_id as brand_id1_0_2_, brand2_.brand as brand2_0_2_, carseat3_.seat_id as seat_id1_3_3_, carseat3_.carseat as carseat2_3_3_, employee4_.employee_id as employee1_6_4_, employee4_.name as name2_6_4_, employee4_.password as password3_6_4_, employee4_.username as username4_6_4_, province5_.province_id as province1_16_5_, province5_.province as province2_16_5_ from plateprovince_car car0_ inner join car car1_ on car0_.car_car_id=car1_.car_id inner join brand brand2_ on car1_.brand_id=brand2_.brand_id inner join carseat carseat3_ on car1_.seat_id=carseat3_.seat_id inner join employee employee4_ on car1_.employee_id=employee4_.employee_id inner join plateprovince province5_ on car1_.province_id=province5_.province_id where car0_.province_province_id=?
Hibernate: select rent0_.employee_employee_id as employee1_7_0_, rent0_.rent_rent_car_id as rent_ren2_7_0_, rentcar1_.rent_car_id as rent_car1_18_1_, rentcar1_.employee_id as employee5_18_1_, rentcar1_.price as price2_18_1_, rentcar1_.rent_date as rent_dat3_18_1_, rentcar1_.customer_id as customer6_18_1_, rentcar1_.rentday as rentday4_18_1_, rentcar1_.car_id as car_id7_18_1_, rentcar1_.renttype_id as renttype8_18_1_, employee2_.employee_id as employee1_6_2_, employee2_.name as name2_6_2_, employee2_.password as password3_6_2_, employee2_.username as username4_6_2_, customer3_.customer_id as customer1_5_3_, customer3_.address as address2_5_3_, customer3_.age as age3_5_3_, customer3_.card_num as card_num4_5_3_, customer3_.employee as employee8_5_3_, customer3_.date as date5_5_3_, customer3_.name as name6_5_3_, customer3_.tel as tel7_5_3_, customer3_.registype as registyp9_5_3_, customer3_.job as job10_5_3_, employee4_.employee_id as employee1_6_4_, employee4_.name as name2_6_4_, employee4_.password as password3_6_4_, employee4_.username as username4_6_4_, registype5_.regis_type_id as regis_ty1_23_5_, registype5_.type as type2_23_5_, job6_.job_id as job_id1_8_6_, job6_.job as job2_8_6_, car7_.car_id as car_id1_2_7_, car7_.brand_id as brand_id4_2_7_, car7_.seat_id as seat_id5_2_7_, car7_.employee_id as employee6_2_7_, car7_.plate as plate2_2_7_, car7_.province_id as province7_2_7_, car7_.vin as vin3_2_7_, brand8_.brand_id as brand_id1_0_8_, brand8_.brand as brand2_0_8_, carseat9_.seat_id as seat_id1_3_9_, carseat9_.carseat as carseat2_3_9_, employee10_.employee_id as employee1_6_10_, employee10_.name as name2_6_10_, employee10_.password as password3_6_10_, employee10_.username as username4_6_10_, province11_.province_id as province1_16_11_, province11_.province as province2_16_11_, renttype12_.renttype_id as renttype1_19_12_, renttype12_.nametype as nametype2_19_12_, renttype12_.unitprice as unitpric3_19_12_ from employee_rent rent0_ inner join rent_car rentcar1_ on rent0_.rent_rent_car_id=rentcar1_.rent_car_id inner join employee employee2_ on rentcar1_.employee_id=employee2_.employee_id inner join customer customer3_ on rentcar1_.customer_id=customer3_.customer_id inner join employee employee4_ on customer3_.employee=employee4_.employee_id inner join resgistype registype5_ on customer3_.registype=registype5_.regis_type_id inner join job job6_ on customer3_.job=job6_.job_id inner join car car7_ on rentcar1_.car_id=car7_.car_id inner join brand brand8_ on car7_.brand_id=brand8_.brand_id inner join carseat carseat9_ on car7_.seat_id=carseat9_.seat_id inner join employee employee10_ on car7_.employee_id=employee10_.employee_id inner join plateprovince province11_ on car7_.province_id=province11_.province_id inner join renttype renttype12_ on rentcar1_.renttype_id=renttype12_.renttype_id where rent0_.employee_employee_id=?
Hibernate: select car0_.carseat_seat_id as carseat_1_4_0_, car0_.car_car_id as car_car_2_4_0_, car1_.car_id as car_id1_2_1_, car1_.brand_id as brand_id4_2_1_, car1_.seat_id as seat_id5_2_1_, car1_.employee_id as employee6_2_1_, car1_.plate as plate2_2_1_, car1_.province_id as province7_2_1_, car1_.vin as vin3_2_1_, brand2_.brand_id as brand_id1_0_2_, brand2_.brand as brand2_0_2_, carseat3_.seat_id as seat_id1_3_3_, carseat3_.carseat as carseat2_3_3_, employee4_.employee_id as employee1_6_4_, employee4_.name as name2_6_4_, employee4_.password as password3_6_4_, employee4_.username as username4_6_4_, province5_.province_id as province1_16_5_, province5_.province as province2_16_5_ from carseat_car car0_ inner join car car1_ on car0_.car_car_id=car1_.car_id inner join brand brand2_ on car1_.brand_id=brand2_.brand_id inner join carseat carseat3_ on car1_.seat_id=carseat3_.seat_id inner join employee employee4_ on car1_.employee_id=employee4_.employee_id inner join plateprovince province5_ on car1_.province_id=province5_.province_id where car0_.carseat_seat_id=?
Hibernate: select car0_.brand_brand_id as brand_br1_1_0_, car0_.car_car_id as car_car_2_1_0_, car1_.car_id as car_id1_2_1_, car1_.brand_id as brand_id4_2_1_, car1_.seat_id as seat_id5_2_1_, car1_.employee_id as employee6_2_1_, car1_.plate as plate2_2_1_, car1_.province_id as province7_2_1_, car1_.vin as vin3_2_1_, brand2_.brand_id as brand_id1_0_2_, brand2_.brand as brand2_0_2_, carseat3_.seat_id as seat_id1_3_3_, carseat3_.carseat as carseat2_3_3_, employee4_.employee_id as employee1_6_4_, employee4_.name as name2_6_4_, employee4_.password as password3_6_4_, employee4_.username as username4_6_4_, province5_.province_id as province1_16_5_, province5_.province as province2_16_5_ from brand_car car0_ inner join car car1_ on car0_.car_car_id=car1_.car_id inner join brand brand2_ on car1_.brand_id=brand2_.brand_id inner join carseat carseat3_ on car1_.seat_id=carseat3_.seat_id inner join employee employee4_ on car1_.employee_id=employee4_.employee_id inner join plateprovince province5_ on car1_.province_id=province5_.province_id where car0_.brand_brand_id=?
Hibernate: select service0_.service_id as service_1_26_0_, service0_.service as service2_26_0_, repair1_.service_service_id as service_1_27_1_, maintenanc2_.maintenance_id as repair_m2_27_1_, maintenanc2_.maintenance_id as maintena1_10_2_, maintenanc2_.auto_part as auto_par2_10_2_, maintenanc2_.car_id as car_id6_10_2_, maintenanc2_.fixdate as fixdate3_10_2_, maintenanc2_.repairman_id as repairma7_10_2_, maintenanc2_.message_box as message_4_10_2_, maintenanc2_.mileage as mileage5_10_2_, maintenanc2_.service_id as service_8_10_2_, car3_.car_id as car_id1_2_3_, car3_.brand_id as brand_id4_2_3_, car3_.seat_id as seat_id5_2_3_, car3_.employee_id as employee6_2_3_, car3_.plate as plate2_2_3_, car3_.province_id as province7_2_3_, car3_.vin as vin3_2_3_, brand4_.brand_id as brand_id1_0_4_, brand4_.brand as brand2_0_4_, carseat5_.seat_id as seat_id1_3_5_, carseat5_.carseat as carseat2_3_5_, employee6_.employee_id as employee1_6_6_, employee6_.name as name2_6_6_, employee6_.password as password3_6_6_, employee6_.username as username4_6_6_, province7_.province_id as province1_16_7_, province7_.province as province2_16_7_, repairman8_.repairman_id as repairma1_21_8_, repairman8_.password as password2_21_8_, repairman8_.repairman as repairma3_21_8_, repairman8_.username as username4_21_8_, repair9_.repairman_repairman_id as repairma1_22_9_, maintenanc10_.maintenance_id as repair_m2_22_9_, maintenanc10_.maintenance_id as maintena1_10_10_, maintenanc10_.auto_part as auto_par2_10_10_, maintenanc10_.car_id as car_id6_10_10_, maintenanc10_.fixdate as fixdate3_10_10_, maintenanc10_.repairman_id as repairma7_10_10_, maintenanc10_.message_box as message_4_10_10_, maintenanc10_.mileage as mileage5_10_10_, maintenanc10_.service_id as service_8_10_10_, service11_.service_id as service_1_26_11_, service11_.service as service2_26_11_ from service service0_ left outer join service_repair repair1_ on service0_.service_id=repair1_.service_service_id left outer join maintenanece maintenanc2_ on repair1_.repair_maintenance_id=maintenanc2_.maintenance_id left outer join car car3_ on maintenanc2_.car_id=car3_.car_id left outer join brand brand4_ on car3_.brand_id=brand4_.brand_id left outer join carseat carseat5_ on car3_.seat_id=carseat5_.seat_id left outer join employee employee6_ on car3_.employee_id=employee6_.employee_id left outer join plateprovince province7_ on car3_.province_id=province7_.province_id left outer join repairman repairman8_ on maintenanc2_.repairman_id=repairman8_.repairman_id left outer join repairman_repair repair9_ on repairman8_.repairman_id=repair9_.repairman_repairman_id left outer join maintenanece maintenanc10_ on repair9_.repair_maintenance_id=maintenanc10_.maintenance_id left outer join service service11_ on maintenanc10_.service_id=service11_.service_id where service0_.service_id=?
2020-09-03 02:18:25.571  INFO 16248 --- [    Test worker] o.s.t.c.transaction.TransactionContext   : Rolled back transaction for test: [DefaultTestContext@6776c76e testClass = MaintenanceTest, testInstance = com.cpe.backend.MaintenanceTest@1b7a57d5, testMethod = b6012328_testCarMustNotBeNull@MaintenanceTest, testException = [null], mergedContextConfiguration = [MergedContextConfiguration@45591e56 testClass = MaintenanceTest, locations = '{}', classes = '{class com.cpe.backend.BackendApplication}', contextInitializerClasses = '[]', activeProfiles = '{}', propertySourceLocations = '{}', propertySourceProperties = '{org.springframework.boot.test.autoconfigure.orm.jpa.DataJpaTestContextBootstrapper=true}', contextCustomizers = set[org.springframework.boot.test.autoconfigure.OverrideAutoConfigurationContextCustomizerFactory$DisableAutoConfigurationContextCustomizer@600a0600, org.springframework.boot.test.autoconfigure.filter.TypeExcludeFiltersContextCustomizer@351584c0, org.springframework.boot.test.autoconfigure.properties.PropertyMappingContextCustomizer@c661b2e0, org.springframework.boot.test.autoconfigure.web.servlet.WebDriverContextCustomizerFactory$Customizer@455d7357, [ImportsContextCustomizer@70b4ad94 key = [org.springframework.boot.autoconfigure.cache.CacheAutoConfiguration, org.springframework.boot.autoconfigure.data.jpa.JpaRepositoriesAutoConfiguration, org.springframework.boot.autoconfigure.flyway.FlywayAutoConfiguration, org.springframework.boot.autoconfigure.jdbc.DataSourceAutoConfiguration, org.springframework.boot.autoconfigure.jdbc.DataSourceTransactionManagerAutoConfiguration, org.springframework.boot.autoconfigure.jdbc.JdbcTemplateAutoConfiguration, org.springframework.boot.autoconfigure.liquibase.LiquibaseAutoConfiguration, org.springframework.boot.autoconfigure.orm.jpa.HibernateJpaAutoConfiguration, org.springframework.boot.autoconfigure.transaction.TransactionAutoConfiguration, org.springframework.boot.test.autoconfigure.jdbc.TestDatabaseAutoConfiguration, org.springframework.boot.test.autoconfigure.orm.jpa.TestEntityManagerAutoConfiguration]], org.springframework.boot.test.context.filter.ExcludeFilterContextCustomizer@405e3a34, org.springframework.boot.test.json.DuplicateJsonObjectContextCustomizerFactory$DuplicateJsonObjectContextCustomizer@38574ceb, org.springframework.boot.test.mock.mockito.MockitoContextCustomizer@0], contextLoader = 'org.springframework.boot.test.context.SpringBootContextLoader', parent = [null]], attributes = map[[empty]]]
]]></system-out>
  <system-err><![CDATA[]]></system-err>
</testsuite>
