<?xml version="1.0" encoding="UTF-8"?>
<testsuite name="com.cpe.backend.PaymentTest" tests="9" skipped="0" failures="0" errors="0" timestamp="2020-09-02T19:18:25" hostname="DESKTOP-7G1NOM6" time="0.356">
  <properties/>
  <testcase name="b6008611_test_Note_Match()" classname="com.cpe.backend.PaymentTest" time="0.039"/>
  <testcase name="b6008611_test_PayOptionsMustNotBeNull()" classname="com.cpe.backend.PaymentTest" time="0.047"/>
  <testcase name="b6008611_test_Date_MustNotBeNull()" classname="com.cpe.backend.PaymentTest" time="0.032"/>
  <testcase name="b6008611_test_Note_MustNotBeNull()" classname="com.cpe.backend.PaymentTest" time="0.049"/>
  <testcase name="b6008611_test_Note_Pattern()" classname="com.cpe.backend.PaymentTest" time="0.037"/>
  <testcase name="b6008611_test_InsertDataOk()" classname="com.cpe.backend.PaymentTest" time="0.042"/>
  <testcase name="b6008611_test_RentMustNotBeNull()" classname="com.cpe.backend.PaymentTest" time="0.026"/>
  <testcase name="b6008611_test_CreatedbyMustNotBeNull()" classname="com.cpe.backend.PaymentTest" time="0.04"/>
  <testcase name="b6008611_test_Note_Maxsize()" classname="com.cpe.backend.PaymentTest" time="0.036"/>
  <system-out><![CDATA[2020-09-03 02:18:25.638  INFO 16248 --- [    Test worker] b.t.a.o.j.DataJpaTestContextBootstrapper : Neither @ContextConfiguration nor @ContextHierarchy found for test class [com.cpe.backend.PaymentTest], using SpringBootContextLoader
2020-09-03 02:18:25.639  INFO 16248 --- [    Test worker] o.s.t.c.support.AbstractContextLoader    : Could not detect default resource locations for test class [com.cpe.backend.PaymentTest]: no resource found for suffixes {-context.xml, Context.groovy}.
2020-09-03 02:18:25.639  INFO 16248 --- [    Test worker] t.c.s.AnnotationConfigContextLoaderUtils : Could not detect default configuration classes for test class [com.cpe.backend.PaymentTest]: PaymentTest does not declare any static, non-private, non-final, nested classes annotated with @Configuration.
2020-09-03 02:18:25.641  INFO 16248 --- [    Test worker] .b.t.c.SpringBootTestContextBootstrapper : Found @SpringBootConfiguration com.cpe.backend.BackendApplication for test class com.cpe.backend.PaymentTest
2020-09-03 02:18:25.642  INFO 16248 --- [    Test worker] b.t.a.o.j.DataJpaTestContextBootstrapper : Loaded default TestExecutionListener class names from location [META-INF/spring.factories]: [org.springframework.boot.test.autoconfigure.restdocs.RestDocsTestExecutionListener, org.springframework.boot.test.autoconfigure.web.client.MockRestServiceServerResetTestExecutionListener, org.springframework.boot.test.autoconfigure.web.servlet.MockMvcPrintOnlyOnFailureTestExecutionListener, org.springframework.boot.test.autoconfigure.web.servlet.WebDriverTestExecutionListener, org.springframework.boot.test.mock.mockito.MockitoTestExecutionListener, org.springframework.boot.test.mock.mockito.ResetMocksTestExecutionListener, org.springframework.test.context.web.ServletTestExecutionListener, org.springframework.test.context.support.DirtiesContextBeforeModesTestExecutionListener, org.springframework.test.context.support.DependencyInjectionTestExecutionListener, org.springframework.test.context.support.DirtiesContextTestExecutionListener, org.springframework.test.context.transaction.TransactionalTestExecutionListener, org.springframework.test.context.jdbc.SqlScriptsTestExecutionListener, org.springframework.test.context.event.EventPublishingTestExecutionListener]
2020-09-03 02:18:25.642  INFO 16248 --- [    Test worker] b.t.a.o.j.DataJpaTestContextBootstrapper : Using TestExecutionListeners: [org.springframework.test.context.web.ServletTestExecutionListener@2f2eb586, org.springframework.test.context.support.DirtiesContextBeforeModesTestExecutionListener@2bd1d759, org.springframework.boot.test.mock.mockito.MockitoTestExecutionListener@4ebcdf81, org.springframework.boot.test.autoconfigure.SpringBootDependencyInjectionTestExecutionListener@ca0e238, org.springframework.test.context.support.DirtiesContextTestExecutionListener@56f8e4af, org.springframework.test.context.transaction.TransactionalTestExecutionListener@73368a36, org.springframework.test.context.jdbc.SqlScriptsTestExecutionListener@5bde1306, org.springframework.test.context.event.EventPublishingTestExecutionListener@50649b67, org.springframework.boot.test.autoconfigure.restdocs.RestDocsTestExecutionListener@41a8c058, org.springframework.boot.test.autoconfigure.web.client.MockRestServiceServerResetTestExecutionListener@6088561, org.springframework.boot.test.autoconfigure.web.servlet.MockMvcPrintOnlyOnFailureTestExecutionListener@2d65e085, org.springframework.boot.test.autoconfigure.web.servlet.WebDriverTestExecutionListener@592ef9ed, org.springframework.boot.test.mock.mockito.ResetMocksTestExecutionListener@5e034890]
2020-09-03 02:18:25.645  INFO 16248 --- [    Test worker] o.s.t.c.transaction.TransactionContext   : Began transaction (1) for test context [DefaultTestContext@6b673b93 testClass = PaymentTest, testInstance = com.cpe.backend.PaymentTest@2a4ef202, testMethod = b6008611_test_Note_Match@PaymentTest, testException = [null], mergedContextConfiguration = [MergedContextConfiguration@33f6fbf6 testClass = PaymentTest, locations = '{}', classes = '{class com.cpe.backend.BackendApplication}', contextInitializerClasses = '[]', activeProfiles = '{}', propertySourceLocations = '{}', propertySourceProperties = '{org.springframework.boot.test.autoconfigure.orm.jpa.DataJpaTestContextBootstrapper=true}', contextCustomizers = set[org.springframework.boot.test.autoconfigure.OverrideAutoConfigurationContextCustomizerFactory$DisableAutoConfigurationContextCustomizer@600a0600, org.springframework.boot.test.autoconfigure.filter.TypeExcludeFiltersContextCustomizer@351584c0, org.springframework.boot.test.autoconfigure.properties.PropertyMappingContextCustomizer@c661b2e0, org.springframework.boot.test.autoconfigure.web.servlet.WebDriverContextCustomizerFactory$Customizer@455d7357, [ImportsContextCustomizer@180d8d1 key = [org.springframework.boot.autoconfigure.cache.CacheAutoConfiguration, org.springframework.boot.autoconfigure.data.jpa.JpaRepositoriesAutoConfiguration, org.springframework.boot.autoconfigure.flyway.FlywayAutoConfiguration, org.springframework.boot.autoconfigure.jdbc.DataSourceAutoConfiguration, org.springframework.boot.autoconfigure.jdbc.DataSourceTransactionManagerAutoConfiguration, org.springframework.boot.autoconfigure.jdbc.JdbcTemplateAutoConfiguration, org.springframework.boot.autoconfigure.liquibase.LiquibaseAutoConfiguration, org.springframework.boot.autoconfigure.orm.jpa.HibernateJpaAutoConfiguration, org.springframework.boot.autoconfigure.transaction.TransactionAutoConfiguration, org.springframework.boot.test.autoconfigure.jdbc.TestDatabaseAutoConfiguration, org.springframework.boot.test.autoconfigure.orm.jpa.TestEntityManagerAutoConfiguration]], org.springframework.boot.test.context.filter.ExcludeFilterContextCustomizer@405e3a34, org.springframework.boot.test.json.DuplicateJsonObjectContextCustomizerFactory$DuplicateJsonObjectContextCustomizer@38574ceb, org.springframework.boot.test.mock.mockito.MockitoContextCustomizer@0], contextLoader = 'org.springframework.boot.test.context.SpringBootContextLoader', parent = [null]], attributes = map[[empty]]]; transaction manager [org.springframework.orm.jpa.JpaTransactionManager@1f778eb1]; rollback [true]
Hibernate: select employee0_.employee_id as employee1_6_0_, employee0_.name as name2_6_0_, employee0_.password as password3_6_0_, employee0_.username as username4_6_0_ from employee employee0_ where employee0_.employee_id=?
Hibernate: select rent0_.employee_employee_id as employee1_7_0_, rent0_.rent_rent_car_id as rent_ren2_7_0_, rentcar1_.rent_car_id as rent_car1_18_1_, rentcar1_.employee_id as employee5_18_1_, rentcar1_.price as price2_18_1_, rentcar1_.rent_date as rent_dat3_18_1_, rentcar1_.customer_id as customer6_18_1_, rentcar1_.rentday as rentday4_18_1_, rentcar1_.car_id as car_id7_18_1_, rentcar1_.renttype_id as renttype8_18_1_, employee2_.employee_id as employee1_6_2_, employee2_.name as name2_6_2_, employee2_.password as password3_6_2_, employee2_.username as username4_6_2_, customer3_.customer_id as customer1_5_3_, customer3_.address as address2_5_3_, customer3_.age as age3_5_3_, customer3_.card_num as card_num4_5_3_, customer3_.employee as employee8_5_3_, customer3_.date as date5_5_3_, customer3_.name as name6_5_3_, customer3_.tel as tel7_5_3_, customer3_.registype as registyp9_5_3_, customer3_.job as job10_5_3_, employee4_.employee_id as employee1_6_4_, employee4_.name as name2_6_4_, employee4_.password as password3_6_4_, employee4_.username as username4_6_4_, registype5_.regis_type_id as regis_ty1_23_5_, registype5_.type as type2_23_5_, job6_.job_id as job_id1_8_6_, job6_.job as job2_8_6_, car7_.car_id as car_id1_2_7_, car7_.brand_id as brand_id4_2_7_, car7_.seat_id as seat_id5_2_7_, car7_.employee_id as employee6_2_7_, car7_.plate as plate2_2_7_, car7_.province_id as province7_2_7_, car7_.vin as vin3_2_7_, brand8_.brand_id as brand_id1_0_8_, brand8_.brand as brand2_0_8_, carseat9_.seat_id as seat_id1_3_9_, carseat9_.carseat as carseat2_3_9_, employee10_.employee_id as employee1_6_10_, employee10_.name as name2_6_10_, employee10_.password as password3_6_10_, employee10_.username as username4_6_10_, province11_.province_id as province1_16_11_, province11_.province as province2_16_11_, renttype12_.renttype_id as renttype1_19_12_, renttype12_.nametype as nametype2_19_12_, renttype12_.unitprice as unitpric3_19_12_ from employee_rent rent0_ inner join rent_car rentcar1_ on rent0_.rent_rent_car_id=rentcar1_.rent_car_id inner join employee employee2_ on rentcar1_.employee_id=employee2_.employee_id inner join customer customer3_ on rentcar1_.customer_id=customer3_.customer_id inner join employee employee4_ on customer3_.employee=employee4_.employee_id inner join resgistype registype5_ on customer3_.registype=registype5_.regis_type_id inner join job job6_ on customer3_.job=job6_.job_id inner join car car7_ on rentcar1_.car_id=car7_.car_id inner join brand brand8_ on car7_.brand_id=brand8_.brand_id inner join carseat carseat9_ on car7_.seat_id=carseat9_.seat_id inner join employee employee10_ on car7_.employee_id=employee10_.employee_id inner join plateprovince province11_ on car7_.province_id=province11_.province_id inner join renttype renttype12_ on rentcar1_.renttype_id=renttype12_.renttype_id where rent0_.employee_employee_id=?
Hibernate: select rentcar0_.rent_car_id as rent_car1_18_0_, rentcar0_.employee_id as employee5_18_0_, rentcar0_.price as price2_18_0_, rentcar0_.rent_date as rent_dat3_18_0_, rentcar0_.customer_id as customer6_18_0_, rentcar0_.rentday as rentday4_18_0_, rentcar0_.car_id as car_id7_18_0_, rentcar0_.renttype_id as renttype8_18_0_, employee1_.employee_id as employee1_6_1_, employee1_.name as name2_6_1_, employee1_.password as password3_6_1_, employee1_.username as username4_6_1_, customer2_.customer_id as customer1_5_2_, customer2_.address as address2_5_2_, customer2_.age as age3_5_2_, customer2_.card_num as card_num4_5_2_, customer2_.employee as employee8_5_2_, customer2_.date as date5_5_2_, customer2_.name as name6_5_2_, customer2_.tel as tel7_5_2_, customer2_.registype as registyp9_5_2_, customer2_.job as job10_5_2_, employee3_.employee_id as employee1_6_3_, employee3_.name as name2_6_3_, employee3_.password as password3_6_3_, employee3_.username as username4_6_3_, registype4_.regis_type_id as regis_ty1_23_4_, registype4_.type as type2_23_4_, cus5_.regis_type_regis_type_id as regis_ty1_24_5_, customer6_.customer_id as cus_cust2_24_5_, customer6_.customer_id as customer1_5_6_, customer6_.address as address2_5_6_, customer6_.age as age3_5_6_, customer6_.card_num as card_num4_5_6_, customer6_.employee as employee8_5_6_, customer6_.date as date5_5_6_, customer6_.name as name6_5_6_, customer6_.tel as tel7_5_6_, customer6_.registype as registyp9_5_6_, customer6_.job as job10_5_6_, job7_.job_id as job_id1_8_7_, job7_.job as job2_8_7_, cus8_.job_job_id as job_job_1_9_8_, customer9_.customer_id as cus_cust2_9_8_, customer9_.customer_id as customer1_5_9_, customer9_.address as address2_5_9_, customer9_.age as age3_5_9_, customer9_.card_num as card_num4_5_9_, customer9_.employee as employee8_5_9_, customer9_.date as date5_5_9_, customer9_.name as name6_5_9_, customer9_.tel as tel7_5_9_, customer9_.registype as registyp9_5_9_, customer9_.job as job10_5_9_, car10_.car_id as car_id1_2_10_, car10_.brand_id as brand_id4_2_10_, car10_.seat_id as seat_id5_2_10_, car10_.employee_id as employee6_2_10_, car10_.plate as plate2_2_10_, car10_.province_id as province7_2_10_, car10_.vin as vin3_2_10_, brand11_.brand_id as brand_id1_0_11_, brand11_.brand as brand2_0_11_, carseat12_.seat_id as seat_id1_3_12_, carseat12_.carseat as carseat2_3_12_, employee13_.employee_id as employee1_6_13_, employee13_.name as name2_6_13_, employee13_.password as password3_6_13_, employee13_.username as username4_6_13_, province14_.province_id as province1_16_14_, province14_.province as province2_16_14_, renttype15_.renttype_id as renttype1_19_15_, renttype15_.nametype as nametype2_19_15_, renttype15_.unitprice as unitpric3_19_15_ from rent_car rentcar0_ inner join employee employee1_ on rentcar0_.employee_id=employee1_.employee_id inner join customer customer2_ on rentcar0_.customer_id=customer2_.customer_id inner join employee employee3_ on customer2_.employee=employee3_.employee_id inner join resgistype registype4_ on customer2_.registype=registype4_.regis_type_id left outer join resgistype_cus cus5_ on registype4_.regis_type_id=cus5_.regis_type_regis_type_id left outer join customer customer6_ on cus5_.cus_customer_id=customer6_.customer_id left outer join job job7_ on customer6_.job=job7_.job_id left outer join job_cus cus8_ on job7_.job_id=cus8_.job_job_id left outer join customer customer9_ on cus8_.cus_customer_id=customer9_.customer_id inner join car car10_ on rentcar0_.car_id=car10_.car_id inner join brand brand11_ on car10_.brand_id=brand11_.brand_id inner join carseat carseat12_ on car10_.seat_id=carseat12_.seat_id inner join employee employee13_ on car10_.employee_id=employee13_.employee_id inner join plateprovince province14_ on car10_.province_id=province14_.province_id inner join renttype renttype15_ on rentcar0_.renttype_id=renttype15_.renttype_id where rentcar0_.rent_car_id=?
Hibernate: select job0_.job_id as job_id1_8_0_, job0_.job as job2_8_0_, cus1_.job_job_id as job_job_1_9_1_, customer2_.customer_id as cus_cust2_9_1_, customer2_.customer_id as customer1_5_2_, customer2_.address as address2_5_2_, customer2_.age as age3_5_2_, customer2_.card_num as card_num4_5_2_, customer2_.employee as employee8_5_2_, customer2_.date as date5_5_2_, customer2_.name as name6_5_2_, customer2_.tel as tel7_5_2_, customer2_.registype as registyp9_5_2_, customer2_.job as job10_5_2_, employee3_.employee_id as employee1_6_3_, employee3_.name as name2_6_3_, employee3_.password as password3_6_3_, employee3_.username as username4_6_3_, registype4_.regis_type_id as regis_ty1_23_4_, registype4_.type as type2_23_4_, cus5_.regis_type_regis_type_id as regis_ty1_24_5_, customer6_.customer_id as cus_cust2_24_5_, customer6_.customer_id as customer1_5_6_, customer6_.address as address2_5_6_, customer6_.age as age3_5_6_, customer6_.card_num as card_num4_5_6_, customer6_.employee as employee8_5_6_, customer6_.date as date5_5_6_, customer6_.name as name6_5_6_, customer6_.tel as tel7_5_6_, customer6_.registype as registyp9_5_6_, customer6_.job as job10_5_6_, job7_.job_id as job_id1_8_7_, job7_.job as job2_8_7_ from job job0_ left outer join job_cus cus1_ on job0_.job_id=cus1_.job_job_id left outer join customer customer2_ on cus1_.cus_customer_id=customer2_.customer_id left outer join employee employee3_ on customer2_.employee=employee3_.employee_id left outer join resgistype registype4_ on customer2_.registype=registype4_.regis_type_id left outer join resgistype_cus cus5_ on registype4_.regis_type_id=cus5_.regis_type_regis_type_id left outer join customer customer6_ on cus5_.cus_customer_id=customer6_.customer_id left outer join job job7_ on customer6_.job=job7_.job_id where job0_.job_id=?
Hibernate: select rent0_.rent_type_renttype_id as rent_typ1_20_0_, rent0_.rent_rent_car_id as rent_ren2_20_0_, rentcar1_.rent_car_id as rent_car1_18_1_, rentcar1_.employee_id as employee5_18_1_, rentcar1_.price as price2_18_1_, rentcar1_.rent_date as rent_dat3_18_1_, rentcar1_.customer_id as customer6_18_1_, rentcar1_.rentday as rentday4_18_1_, rentcar1_.car_id as car_id7_18_1_, rentcar1_.renttype_id as renttype8_18_1_, employee2_.employee_id as employee1_6_2_, employee2_.name as name2_6_2_, employee2_.password as password3_6_2_, employee2_.username as username4_6_2_, customer3_.customer_id as customer1_5_3_, customer3_.address as address2_5_3_, customer3_.age as age3_5_3_, customer3_.card_num as card_num4_5_3_, customer3_.employee as employee8_5_3_, customer3_.date as date5_5_3_, customer3_.name as name6_5_3_, customer3_.tel as tel7_5_3_, customer3_.registype as registyp9_5_3_, customer3_.job as job10_5_3_, employee4_.employee_id as employee1_6_4_, employee4_.name as name2_6_4_, employee4_.password as password3_6_4_, employee4_.username as username4_6_4_, registype5_.regis_type_id as regis_ty1_23_5_, registype5_.type as type2_23_5_, job6_.job_id as job_id1_8_6_, job6_.job as job2_8_6_, car7_.car_id as car_id1_2_7_, car7_.brand_id as brand_id4_2_7_, car7_.seat_id as seat_id5_2_7_, car7_.employee_id as employee6_2_7_, car7_.plate as plate2_2_7_, car7_.province_id as province7_2_7_, car7_.vin as vin3_2_7_, brand8_.brand_id as brand_id1_0_8_, brand8_.brand as brand2_0_8_, carseat9_.seat_id as seat_id1_3_9_, carseat9_.carseat as carseat2_3_9_, employee10_.employee_id as employee1_6_10_, employee10_.name as name2_6_10_, employee10_.password as password3_6_10_, employee10_.username as username4_6_10_, province11_.province_id as province1_16_11_, province11_.province as province2_16_11_, renttype12_.renttype_id as renttype1_19_12_, renttype12_.nametype as nametype2_19_12_, renttype12_.unitprice as unitpric3_19_12_ from renttype_rent rent0_ inner join rent_car rentcar1_ on rent0_.rent_rent_car_id=rentcar1_.rent_car_id inner join employee employee2_ on rentcar1_.employee_id=employee2_.employee_id inner join customer customer3_ on rentcar1_.customer_id=customer3_.customer_id inner join employee employee4_ on customer3_.employee=employee4_.employee_id inner join resgistype registype5_ on customer3_.registype=registype5_.regis_type_id inner join job job6_ on customer3_.job=job6_.job_id inner join car car7_ on rentcar1_.car_id=car7_.car_id inner join brand brand8_ on car7_.brand_id=brand8_.brand_id inner join carseat carseat9_ on car7_.seat_id=carseat9_.seat_id inner join employee employee10_ on car7_.employee_id=employee10_.employee_id inner join plateprovince province11_ on car7_.province_id=province11_.province_id inner join renttype renttype12_ on rentcar1_.renttype_id=renttype12_.renttype_id where rent0_.rent_type_renttype_id=?
Hibernate: select car0_.province_province_id as province1_17_0_, car0_.car_car_id as car_car_2_17_0_, car1_.car_id as car_id1_2_1_, car1_.brand_id as brand_id4_2_1_, car1_.seat_id as seat_id5_2_1_, car1_.employee_id as employee6_2_1_, car1_.plate as plate2_2_1_, car1_.province_id as province7_2_1_, car1_.vin as vin3_2_1_, brand2_.brand_id as brand_id1_0_2_, brand2_.brand as brand2_0_2_, carseat3_.seat_id as seat_id1_3_3_, carseat3_.carseat as carseat2_3_3_, employee4_.employee_id as employee1_6_4_, employee4_.name as name2_6_4_, employee4_.password as password3_6_4_, employee4_.username as username4_6_4_, province5_.province_id as province1_16_5_, province5_.province as province2_16_5_ from plateprovince_car car0_ inner join car car1_ on car0_.car_car_id=car1_.car_id inner join brand brand2_ on car1_.brand_id=brand2_.brand_id inner join carseat carseat3_ on car1_.seat_id=carseat3_.seat_id inner join employee employee4_ on car1_.employee_id=employee4_.employee_id inner join plateprovince province5_ on car1_.province_id=province5_.province_id where car0_.province_province_id=?
Hibernate: select car0_.carseat_seat_id as carseat_1_4_0_, car0_.car_car_id as car_car_2_4_0_, car1_.car_id as car_id1_2_1_, car1_.brand_id as brand_id4_2_1_, car1_.seat_id as seat_id5_2_1_, car1_.employee_id as employee6_2_1_, car1_.plate as plate2_2_1_, car1_.province_id as province7_2_1_, car1_.vin as vin3_2_1_, brand2_.brand_id as brand_id1_0_2_, brand2_.brand as brand2_0_2_, carseat3_.seat_id as seat_id1_3_3_, carseat3_.carseat as carseat2_3_3_, employee4_.employee_id as employee1_6_4_, employee4_.name as name2_6_4_, employee4_.password as password3_6_4_, employee4_.username as username4_6_4_, province5_.province_id as province1_16_5_, province5_.province as province2_16_5_ from carseat_car car0_ inner join car car1_ on car0_.car_car_id=car1_.car_id inner join brand brand2_ on car1_.brand_id=brand2_.brand_id inner join carseat carseat3_ on car1_.seat_id=carseat3_.seat_id inner join employee employee4_ on car1_.employee_id=employee4_.employee_id inner join plateprovince province5_ on car1_.province_id=province5_.province_id where car0_.carseat_seat_id=?
Hibernate: select car0_.brand_brand_id as brand_br1_1_0_, car0_.car_car_id as car_car_2_1_0_, car1_.car_id as car_id1_2_1_, car1_.brand_id as brand_id4_2_1_, car1_.seat_id as seat_id5_2_1_, car1_.employee_id as employee6_2_1_, car1_.plate as plate2_2_1_, car1_.province_id as province7_2_1_, car1_.vin as vin3_2_1_, brand2_.brand_id as brand_id1_0_2_, brand2_.brand as brand2_0_2_, carseat3_.seat_id as seat_id1_3_3_, carseat3_.carseat as carseat2_3_3_, employee4_.employee_id as employee1_6_4_, employee4_.name as name2_6_4_, employee4_.password as password3_6_4_, employee4_.username as username4_6_4_, province5_.province_id as province1_16_5_, province5_.province as province2_16_5_ from brand_car car0_ inner join car car1_ on car0_.car_car_id=car1_.car_id inner join brand brand2_ on car1_.brand_id=brand2_.brand_id inner join carseat carseat3_ on car1_.seat_id=carseat3_.seat_id inner join employee employee4_ on car1_.employee_id=employee4_.employee_id inner join plateprovince province5_ on car1_.province_id=province5_.province_id where car0_.brand_brand_id=?
Hibernate: select paymentopt0_.options_id as options_1_14_0_, paymentopt0_.name as name2_14_0_, pay1_.payment_options_options_id as payment_1_15_1_, payment2_.payment_id as pay_paym2_15_1_, payment2_.payment_id as payment_1_13_2_, payment2_.employee_id as employee4_13_2_, payment2_.date as date2_13_2_, payment2_.note as note3_13_2_, payment2_.options_id as options_5_13_2_, payment2_.rent_car_id as rent_car6_13_2_, employee3_.employee_id as employee1_6_3_, employee3_.name as name2_6_3_, employee3_.password as password3_6_3_, employee3_.username as username4_6_3_, paymentopt4_.options_id as options_1_14_4_, paymentopt4_.name as name2_14_4_, rentcar5_.rent_car_id as rent_car1_18_5_, rentcar5_.employee_id as employee5_18_5_, rentcar5_.price as price2_18_5_, rentcar5_.rent_date as rent_dat3_18_5_, rentcar5_.customer_id as customer6_18_5_, rentcar5_.rentday as rentday4_18_5_, rentcar5_.car_id as car_id7_18_5_, rentcar5_.renttype_id as renttype8_18_5_, employee6_.employee_id as employee1_6_6_, employee6_.name as name2_6_6_, employee6_.password as password3_6_6_, employee6_.username as username4_6_6_, customer7_.customer_id as customer1_5_7_, customer7_.address as address2_5_7_, customer7_.age as age3_5_7_, customer7_.card_num as card_num4_5_7_, customer7_.employee as employee8_5_7_, customer7_.date as date5_5_7_, customer7_.name as name6_5_7_, customer7_.tel as tel7_5_7_, customer7_.registype as registyp9_5_7_, customer7_.job as job10_5_7_, employee8_.employee_id as employee1_6_8_, employee8_.name as name2_6_8_, employee8_.password as password3_6_8_, employee8_.username as username4_6_8_, registype9_.regis_type_id as regis_ty1_23_9_, registype9_.type as type2_23_9_, cus10_.regis_type_regis_type_id as regis_ty1_24_10_, customer11_.customer_id as cus_cust2_24_10_, customer11_.customer_id as customer1_5_11_, customer11_.address as address2_5_11_, customer11_.age as age3_5_11_, customer11_.card_num as card_num4_5_11_, customer11_.employee as employee8_5_11_, customer11_.date as date5_5_11_, customer11_.name as name6_5_11_, customer11_.tel as tel7_5_11_, customer11_.registype as registyp9_5_11_, customer11_.job as job10_5_11_, job12_.job_id as job_id1_8_12_, job12_.job as job2_8_12_, cus13_.job_job_id as job_job_1_9_13_, customer14_.customer_id as cus_cust2_9_13_, customer14_.customer_id as customer1_5_14_, customer14_.address as address2_5_14_, customer14_.age as age3_5_14_, customer14_.card_num as card_num4_5_14_, customer14_.employee as employee8_5_14_, customer14_.date as date5_5_14_, customer14_.name as name6_5_14_, customer14_.tel as tel7_5_14_, customer14_.registype as registyp9_5_14_, customer14_.job as job10_5_14_, car15_.car_id as car_id1_2_15_, car15_.brand_id as brand_id4_2_15_, car15_.seat_id as seat_id5_2_15_, car15_.employee_id as employee6_2_15_, car15_.plate as plate2_2_15_, car15_.province_id as province7_2_15_, car15_.vin as vin3_2_15_, brand16_.brand_id as brand_id1_0_16_, brand16_.brand as brand2_0_16_, carseat17_.seat_id as seat_id1_3_17_, carseat17_.carseat as carseat2_3_17_, employee18_.employee_id as employee1_6_18_, employee18_.name as name2_6_18_, employee18_.password as password3_6_18_, employee18_.username as username4_6_18_, province19_.province_id as province1_16_19_, province19_.province as province2_16_19_, renttype20_.renttype_id as renttype1_19_20_, renttype20_.nametype as nametype2_19_20_, renttype20_.unitprice as unitpric3_19_20_ from payment_options paymentopt0_ left outer join payment_options_pay pay1_ on paymentopt0_.options_id=pay1_.payment_options_options_id left outer join payment payment2_ on pay1_.pay_payment_id=payment2_.payment_id left outer join employee employee3_ on payment2_.employee_id=employee3_.employee_id left outer join payment_options paymentopt4_ on payment2_.options_id=paymentopt4_.options_id left outer join rent_car rentcar5_ on payment2_.rent_car_id=rentcar5_.rent_car_id left outer join employee employee6_ on rentcar5_.employee_id=employee6_.employee_id left outer join customer customer7_ on rentcar5_.customer_id=customer7_.customer_id left outer join employee employee8_ on customer7_.employee=employee8_.employee_id left outer join resgistype registype9_ on customer7_.registype=registype9_.regis_type_id left outer join resgistype_cus cus10_ on registype9_.regis_type_id=cus10_.regis_type_regis_type_id left outer join customer customer11_ on cus10_.cus_customer_id=customer11_.customer_id left outer join job job12_ on customer11_.job=job12_.job_id left outer join job_cus cus13_ on job12_.job_id=cus13_.job_job_id left outer join customer customer14_ on cus13_.cus_customer_id=customer14_.customer_id left outer join car car15_ on rentcar5_.car_id=car15_.car_id left outer join brand brand16_ on car15_.brand_id=brand16_.brand_id left outer join carseat carseat17_ on car15_.seat_id=carseat17_.seat_id left outer join employee employee18_ on car15_.employee_id=employee18_.employee_id left outer join plateprovince province19_ on car15_.province_id=province19_.province_id left outer join renttype renttype20_ on rentcar5_.renttype_id=renttype20_.renttype_id where paymentopt0_.options_id=?
2020-09-03 02:18:25.682  INFO 16248 --- [    Test worker] o.s.t.c.transaction.TransactionContext   : Rolled back transaction for test: [DefaultTestContext@6b673b93 testClass = PaymentTest, testInstance = com.cpe.backend.PaymentTest@2a4ef202, testMethod = b6008611_test_Note_Match@PaymentTest, testException = [null], mergedContextConfiguration = [MergedContextConfiguration@33f6fbf6 testClass = PaymentTest, locations = '{}', classes = '{class com.cpe.backend.BackendApplication}', contextInitializerClasses = '[]', activeProfiles = '{}', propertySourceLocations = '{}', propertySourceProperties = '{org.springframework.boot.test.autoconfigure.orm.jpa.DataJpaTestContextBootstrapper=true}', contextCustomizers = set[org.springframework.boot.test.autoconfigure.OverrideAutoConfigurationContextCustomizerFactory$DisableAutoConfigurationContextCustomizer@600a0600, org.springframework.boot.test.autoconfigure.filter.TypeExcludeFiltersContextCustomizer@351584c0, org.springframework.boot.test.autoconfigure.properties.PropertyMappingContextCustomizer@c661b2e0, org.springframework.boot.test.autoconfigure.web.servlet.WebDriverContextCustomizerFactory$Customizer@455d7357, [ImportsContextCustomizer@180d8d1 key = [org.springframework.boot.autoconfigure.cache.CacheAutoConfiguration, org.springframework.boot.autoconfigure.data.jpa.JpaRepositoriesAutoConfiguration, org.springframework.boot.autoconfigure.flyway.FlywayAutoConfiguration, org.springframework.boot.autoconfigure.jdbc.DataSourceAutoConfiguration, org.springframework.boot.autoconfigure.jdbc.DataSourceTransactionManagerAutoConfiguration, org.springframework.boot.autoconfigure.jdbc.JdbcTemplateAutoConfiguration, org.springframework.boot.autoconfigure.liquibase.LiquibaseAutoConfiguration, org.springframework.boot.autoconfigure.orm.jpa.HibernateJpaAutoConfiguration, org.springframework.boot.autoconfigure.transaction.TransactionAutoConfiguration, org.springframework.boot.test.autoconfigure.jdbc.TestDatabaseAutoConfiguration, org.springframework.boot.test.autoconfigure.orm.jpa.TestEntityManagerAutoConfiguration]], org.springframework.boot.test.context.filter.ExcludeFilterContextCustomizer@405e3a34, org.springframework.boot.test.json.DuplicateJsonObjectContextCustomizerFactory$DuplicateJsonObjectContextCustomizer@38574ceb, org.springframework.boot.test.mock.mockito.MockitoContextCustomizer@0], contextLoader = 'org.springframework.boot.test.context.SpringBootContextLoader', parent = [null]], attributes = map[[empty]]]
2020-09-03 02:18:25.684  INFO 16248 --- [    Test worker] o.s.t.c.transaction.TransactionContext   : Began transaction (1) for test context [DefaultTestContext@6b673b93 testClass = PaymentTest, testInstance = com.cpe.backend.PaymentTest@597641be, testMethod = b6008611_test_PayOptionsMustNotBeNull@PaymentTest, testException = [null], mergedContextConfiguration = [MergedContextConfiguration@33f6fbf6 testClass = PaymentTest, locations = '{}', classes = '{class com.cpe.backend.BackendApplication}', contextInitializerClasses = '[]', activeProfiles = '{}', propertySourceLocations = '{}', propertySourceProperties = '{org.springframework.boot.test.autoconfigure.orm.jpa.DataJpaTestContextBootstrapper=true}', contextCustomizers = set[org.springframework.boot.test.autoconfigure.OverrideAutoConfigurationContextCustomizerFactory$DisableAutoConfigurationContextCustomizer@600a0600, org.springframework.boot.test.autoconfigure.filter.TypeExcludeFiltersContextCustomizer@351584c0, org.springframework.boot.test.autoconfigure.properties.PropertyMappingContextCustomizer@c661b2e0, org.springframework.boot.test.autoconfigure.web.servlet.WebDriverContextCustomizerFactory$Customizer@455d7357, [ImportsContextCustomizer@180d8d1 key = [org.springframework.boot.autoconfigure.cache.CacheAutoConfiguration, org.springframework.boot.autoconfigure.data.jpa.JpaRepositoriesAutoConfiguration, org.springframework.boot.autoconfigure.flyway.FlywayAutoConfiguration, org.springframework.boot.autoconfigure.jdbc.DataSourceAutoConfiguration, org.springframework.boot.autoconfigure.jdbc.DataSourceTransactionManagerAutoConfiguration, org.springframework.boot.autoconfigure.jdbc.JdbcTemplateAutoConfiguration, org.springframework.boot.autoconfigure.liquibase.LiquibaseAutoConfiguration, org.springframework.boot.autoconfigure.orm.jpa.HibernateJpaAutoConfiguration, org.springframework.boot.autoconfigure.transaction.TransactionAutoConfiguration, org.springframework.boot.test.autoconfigure.jdbc.TestDatabaseAutoConfiguration, org.springframework.boot.test.autoconfigure.orm.jpa.TestEntityManagerAutoConfiguration]], org.springframework.boot.test.context.filter.ExcludeFilterContextCustomizer@405e3a34, org.springframework.boot.test.json.DuplicateJsonObjectContextCustomizerFactory$DuplicateJsonObjectContextCustomizer@38574ceb, org.springframework.boot.test.mock.mockito.MockitoContextCustomizer@0], contextLoader = 'org.springframework.boot.test.context.SpringBootContextLoader', parent = [null]], attributes = map[[empty]]]; transaction manager [org.springframework.orm.jpa.JpaTransactionManager@1f778eb1]; rollback [true]
Hibernate: select employee0_.employee_id as employee1_6_0_, employee0_.name as name2_6_0_, employee0_.password as password3_6_0_, employee0_.username as username4_6_0_ from employee employee0_ where employee0_.employee_id=?
Hibernate: select rent0_.employee_employee_id as employee1_7_0_, rent0_.rent_rent_car_id as rent_ren2_7_0_, rentcar1_.rent_car_id as rent_car1_18_1_, rentcar1_.employee_id as employee5_18_1_, rentcar1_.price as price2_18_1_, rentcar1_.rent_date as rent_dat3_18_1_, rentcar1_.customer_id as customer6_18_1_, rentcar1_.rentday as rentday4_18_1_, rentcar1_.car_id as car_id7_18_1_, rentcar1_.renttype_id as renttype8_18_1_, employee2_.employee_id as employee1_6_2_, employee2_.name as name2_6_2_, employee2_.password as password3_6_2_, employee2_.username as username4_6_2_, customer3_.customer_id as customer1_5_3_, customer3_.address as address2_5_3_, customer3_.age as age3_5_3_, customer3_.card_num as card_num4_5_3_, customer3_.employee as employee8_5_3_, customer3_.date as date5_5_3_, customer3_.name as name6_5_3_, customer3_.tel as tel7_5_3_, customer3_.registype as registyp9_5_3_, customer3_.job as job10_5_3_, employee4_.employee_id as employee1_6_4_, employee4_.name as name2_6_4_, employee4_.password as password3_6_4_, employee4_.username as username4_6_4_, registype5_.regis_type_id as regis_ty1_23_5_, registype5_.type as type2_23_5_, job6_.job_id as job_id1_8_6_, job6_.job as job2_8_6_, car7_.car_id as car_id1_2_7_, car7_.brand_id as brand_id4_2_7_, car7_.seat_id as seat_id5_2_7_, car7_.employee_id as employee6_2_7_, car7_.plate as plate2_2_7_, car7_.province_id as province7_2_7_, car7_.vin as vin3_2_7_, brand8_.brand_id as brand_id1_0_8_, brand8_.brand as brand2_0_8_, carseat9_.seat_id as seat_id1_3_9_, carseat9_.carseat as carseat2_3_9_, employee10_.employee_id as employee1_6_10_, employee10_.name as name2_6_10_, employee10_.password as password3_6_10_, employee10_.username as username4_6_10_, province11_.province_id as province1_16_11_, province11_.province as province2_16_11_, renttype12_.renttype_id as renttype1_19_12_, renttype12_.nametype as nametype2_19_12_, renttype12_.unitprice as unitpric3_19_12_ from employee_rent rent0_ inner join rent_car rentcar1_ on rent0_.rent_rent_car_id=rentcar1_.rent_car_id inner join employee employee2_ on rentcar1_.employee_id=employee2_.employee_id inner join customer customer3_ on rentcar1_.customer_id=customer3_.customer_id inner join employee employee4_ on customer3_.employee=employee4_.employee_id inner join resgistype registype5_ on customer3_.registype=registype5_.regis_type_id inner join job job6_ on customer3_.job=job6_.job_id inner join car car7_ on rentcar1_.car_id=car7_.car_id inner join brand brand8_ on car7_.brand_id=brand8_.brand_id inner join carseat carseat9_ on car7_.seat_id=carseat9_.seat_id inner join employee employee10_ on car7_.employee_id=employee10_.employee_id inner join plateprovince province11_ on car7_.province_id=province11_.province_id inner join renttype renttype12_ on rentcar1_.renttype_id=renttype12_.renttype_id where rent0_.employee_employee_id=?
Hibernate: select rentcar0_.rent_car_id as rent_car1_18_0_, rentcar0_.employee_id as employee5_18_0_, rentcar0_.price as price2_18_0_, rentcar0_.rent_date as rent_dat3_18_0_, rentcar0_.customer_id as customer6_18_0_, rentcar0_.rentday as rentday4_18_0_, rentcar0_.car_id as car_id7_18_0_, rentcar0_.renttype_id as renttype8_18_0_, employee1_.employee_id as employee1_6_1_, employee1_.name as name2_6_1_, employee1_.password as password3_6_1_, employee1_.username as username4_6_1_, customer2_.customer_id as customer1_5_2_, customer2_.address as address2_5_2_, customer2_.age as age3_5_2_, customer2_.card_num as card_num4_5_2_, customer2_.employee as employee8_5_2_, customer2_.date as date5_5_2_, customer2_.name as name6_5_2_, customer2_.tel as tel7_5_2_, customer2_.registype as registyp9_5_2_, customer2_.job as job10_5_2_, employee3_.employee_id as employee1_6_3_, employee3_.name as name2_6_3_, employee3_.password as password3_6_3_, employee3_.username as username4_6_3_, registype4_.regis_type_id as regis_ty1_23_4_, registype4_.type as type2_23_4_, cus5_.regis_type_regis_type_id as regis_ty1_24_5_, customer6_.customer_id as cus_cust2_24_5_, customer6_.customer_id as customer1_5_6_, customer6_.address as address2_5_6_, customer6_.age as age3_5_6_, customer6_.card_num as card_num4_5_6_, customer6_.employee as employee8_5_6_, customer6_.date as date5_5_6_, customer6_.name as name6_5_6_, customer6_.tel as tel7_5_6_, customer6_.registype as registyp9_5_6_, customer6_.job as job10_5_6_, job7_.job_id as job_id1_8_7_, job7_.job as job2_8_7_, cus8_.job_job_id as job_job_1_9_8_, customer9_.customer_id as cus_cust2_9_8_, customer9_.customer_id as customer1_5_9_, customer9_.address as address2_5_9_, customer9_.age as age3_5_9_, customer9_.card_num as card_num4_5_9_, customer9_.employee as employee8_5_9_, customer9_.date as date5_5_9_, customer9_.name as name6_5_9_, customer9_.tel as tel7_5_9_, customer9_.registype as registyp9_5_9_, customer9_.job as job10_5_9_, car10_.car_id as car_id1_2_10_, car10_.brand_id as brand_id4_2_10_, car10_.seat_id as seat_id5_2_10_, car10_.employee_id as employee6_2_10_, car10_.plate as plate2_2_10_, car10_.province_id as province7_2_10_, car10_.vin as vin3_2_10_, brand11_.brand_id as brand_id1_0_11_, brand11_.brand as brand2_0_11_, carseat12_.seat_id as seat_id1_3_12_, carseat12_.carseat as carseat2_3_12_, employee13_.employee_id as employee1_6_13_, employee13_.name as name2_6_13_, employee13_.password as password3_6_13_, employee13_.username as username4_6_13_, province14_.province_id as province1_16_14_, province14_.province as province2_16_14_, renttype15_.renttype_id as renttype1_19_15_, renttype15_.nametype as nametype2_19_15_, renttype15_.unitprice as unitpric3_19_15_ from rent_car rentcar0_ inner join employee employee1_ on rentcar0_.employee_id=employee1_.employee_id inner join customer customer2_ on rentcar0_.customer_id=customer2_.customer_id inner join employee employee3_ on customer2_.employee=employee3_.employee_id inner join resgistype registype4_ on customer2_.registype=registype4_.regis_type_id left outer join resgistype_cus cus5_ on registype4_.regis_type_id=cus5_.regis_type_regis_type_id left outer join customer customer6_ on cus5_.cus_customer_id=customer6_.customer_id left outer join job job7_ on customer6_.job=job7_.job_id left outer join job_cus cus8_ on job7_.job_id=cus8_.job_job_id left outer join customer customer9_ on cus8_.cus_customer_id=customer9_.customer_id inner join car car10_ on rentcar0_.car_id=car10_.car_id inner join brand brand11_ on car10_.brand_id=brand11_.brand_id inner join carseat carseat12_ on car10_.seat_id=carseat12_.seat_id inner join employee employee13_ on car10_.employee_id=employee13_.employee_id inner join plateprovince province14_ on car10_.province_id=province14_.province_id inner join renttype renttype15_ on rentcar0_.renttype_id=renttype15_.renttype_id where rentcar0_.rent_car_id=?
Hibernate: select job0_.job_id as job_id1_8_0_, job0_.job as job2_8_0_, cus1_.job_job_id as job_job_1_9_1_, customer2_.customer_id as cus_cust2_9_1_, customer2_.customer_id as customer1_5_2_, customer2_.address as address2_5_2_, customer2_.age as age3_5_2_, customer2_.card_num as card_num4_5_2_, customer2_.employee as employee8_5_2_, customer2_.date as date5_5_2_, customer2_.name as name6_5_2_, customer2_.tel as tel7_5_2_, customer2_.registype as registyp9_5_2_, customer2_.job as job10_5_2_, employee3_.employee_id as employee1_6_3_, employee3_.name as name2_6_3_, employee3_.password as password3_6_3_, employee3_.username as username4_6_3_, registype4_.regis_type_id as regis_ty1_23_4_, registype4_.type as type2_23_4_, cus5_.regis_type_regis_type_id as regis_ty1_24_5_, customer6_.customer_id as cus_cust2_24_5_, customer6_.customer_id as customer1_5_6_, customer6_.address as address2_5_6_, customer6_.age as age3_5_6_, customer6_.card_num as card_num4_5_6_, customer6_.employee as employee8_5_6_, customer6_.date as date5_5_6_, customer6_.name as name6_5_6_, customer6_.tel as tel7_5_6_, customer6_.registype as registyp9_5_6_, customer6_.job as job10_5_6_, job7_.job_id as job_id1_8_7_, job7_.job as job2_8_7_ from job job0_ left outer join job_cus cus1_ on job0_.job_id=cus1_.job_job_id left outer join customer customer2_ on cus1_.cus_customer_id=customer2_.customer_id left outer join employee employee3_ on customer2_.employee=employee3_.employee_id left outer join resgistype registype4_ on customer2_.registype=registype4_.regis_type_id left outer join resgistype_cus cus5_ on registype4_.regis_type_id=cus5_.regis_type_regis_type_id left outer join customer customer6_ on cus5_.cus_customer_id=customer6_.customer_id left outer join job job7_ on customer6_.job=job7_.job_id where job0_.job_id=?
Hibernate: select rent0_.rent_type_renttype_id as rent_typ1_20_0_, rent0_.rent_rent_car_id as rent_ren2_20_0_, rentcar1_.rent_car_id as rent_car1_18_1_, rentcar1_.employee_id as employee5_18_1_, rentcar1_.price as price2_18_1_, rentcar1_.rent_date as rent_dat3_18_1_, rentcar1_.customer_id as customer6_18_1_, rentcar1_.rentday as rentday4_18_1_, rentcar1_.car_id as car_id7_18_1_, rentcar1_.renttype_id as renttype8_18_1_, employee2_.employee_id as employee1_6_2_, employee2_.name as name2_6_2_, employee2_.password as password3_6_2_, employee2_.username as username4_6_2_, customer3_.customer_id as customer1_5_3_, customer3_.address as address2_5_3_, customer3_.age as age3_5_3_, customer3_.card_num as card_num4_5_3_, customer3_.employee as employee8_5_3_, customer3_.date as date5_5_3_, customer3_.name as name6_5_3_, customer3_.tel as tel7_5_3_, customer3_.registype as registyp9_5_3_, customer3_.job as job10_5_3_, employee4_.employee_id as employee1_6_4_, employee4_.name as name2_6_4_, employee4_.password as password3_6_4_, employee4_.username as username4_6_4_, registype5_.regis_type_id as regis_ty1_23_5_, registype5_.type as type2_23_5_, job6_.job_id as job_id1_8_6_, job6_.job as job2_8_6_, car7_.car_id as car_id1_2_7_, car7_.brand_id as brand_id4_2_7_, car7_.seat_id as seat_id5_2_7_, car7_.employee_id as employee6_2_7_, car7_.plate as plate2_2_7_, car7_.province_id as province7_2_7_, car7_.vin as vin3_2_7_, brand8_.brand_id as brand_id1_0_8_, brand8_.brand as brand2_0_8_, carseat9_.seat_id as seat_id1_3_9_, carseat9_.carseat as carseat2_3_9_, employee10_.employee_id as employee1_6_10_, employee10_.name as name2_6_10_, employee10_.password as password3_6_10_, employee10_.username as username4_6_10_, province11_.province_id as province1_16_11_, province11_.province as province2_16_11_, renttype12_.renttype_id as renttype1_19_12_, renttype12_.nametype as nametype2_19_12_, renttype12_.unitprice as unitpric3_19_12_ from renttype_rent rent0_ inner join rent_car rentcar1_ on rent0_.rent_rent_car_id=rentcar1_.rent_car_id inner join employee employee2_ on rentcar1_.employee_id=employee2_.employee_id inner join customer customer3_ on rentcar1_.customer_id=customer3_.customer_id inner join employee employee4_ on customer3_.employee=employee4_.employee_id inner join resgistype registype5_ on customer3_.registype=registype5_.regis_type_id inner join job job6_ on customer3_.job=job6_.job_id inner join car car7_ on rentcar1_.car_id=car7_.car_id inner join brand brand8_ on car7_.brand_id=brand8_.brand_id inner join carseat carseat9_ on car7_.seat_id=carseat9_.seat_id inner join employee employee10_ on car7_.employee_id=employee10_.employee_id inner join plateprovince province11_ on car7_.province_id=province11_.province_id inner join renttype renttype12_ on rentcar1_.renttype_id=renttype12_.renttype_id where rent0_.rent_type_renttype_id=?
Hibernate: select car0_.province_province_id as province1_17_0_, car0_.car_car_id as car_car_2_17_0_, car1_.car_id as car_id1_2_1_, car1_.brand_id as brand_id4_2_1_, car1_.seat_id as seat_id5_2_1_, car1_.employee_id as employee6_2_1_, car1_.plate as plate2_2_1_, car1_.province_id as province7_2_1_, car1_.vin as vin3_2_1_, brand2_.brand_id as brand_id1_0_2_, brand2_.brand as brand2_0_2_, carseat3_.seat_id as seat_id1_3_3_, carseat3_.carseat as carseat2_3_3_, employee4_.employee_id as employee1_6_4_, employee4_.name as name2_6_4_, employee4_.password as password3_6_4_, employee4_.username as username4_6_4_, province5_.province_id as province1_16_5_, province5_.province as province2_16_5_ from plateprovince_car car0_ inner join car car1_ on car0_.car_car_id=car1_.car_id inner join brand brand2_ on car1_.brand_id=brand2_.brand_id inner join carseat carseat3_ on car1_.seat_id=carseat3_.seat_id inner join employee employee4_ on car1_.employee_id=employee4_.employee_id inner join plateprovince province5_ on car1_.province_id=province5_.province_id where car0_.province_province_id=?
Hibernate: select car0_.carseat_seat_id as carseat_1_4_0_, car0_.car_car_id as car_car_2_4_0_, car1_.car_id as car_id1_2_1_, car1_.brand_id as brand_id4_2_1_, car1_.seat_id as seat_id5_2_1_, car1_.employee_id as employee6_2_1_, car1_.plate as plate2_2_1_, car1_.province_id as province7_2_1_, car1_.vin as vin3_2_1_, brand2_.brand_id as brand_id1_0_2_, brand2_.brand as brand2_0_2_, carseat3_.seat_id as seat_id1_3_3_, carseat3_.carseat as carseat2_3_3_, employee4_.employee_id as employee1_6_4_, employee4_.name as name2_6_4_, employee4_.password as password3_6_4_, employee4_.username as username4_6_4_, province5_.province_id as province1_16_5_, province5_.province as province2_16_5_ from carseat_car car0_ inner join car car1_ on car0_.car_car_id=car1_.car_id inner join brand brand2_ on car1_.brand_id=brand2_.brand_id inner join carseat carseat3_ on car1_.seat_id=carseat3_.seat_id inner join employee employee4_ on car1_.employee_id=employee4_.employee_id inner join plateprovince province5_ on car1_.province_id=province5_.province_id where car0_.carseat_seat_id=?
Hibernate: select car0_.brand_brand_id as brand_br1_1_0_, car0_.car_car_id as car_car_2_1_0_, car1_.car_id as car_id1_2_1_, car1_.brand_id as brand_id4_2_1_, car1_.seat_id as seat_id5_2_1_, car1_.employee_id as employee6_2_1_, car1_.plate as plate2_2_1_, car1_.province_id as province7_2_1_, car1_.vin as vin3_2_1_, brand2_.brand_id as brand_id1_0_2_, brand2_.brand as brand2_0_2_, carseat3_.seat_id as seat_id1_3_3_, carseat3_.carseat as carseat2_3_3_, employee4_.employee_id as employee1_6_4_, employee4_.name as name2_6_4_, employee4_.password as password3_6_4_, employee4_.username as username4_6_4_, province5_.province_id as province1_16_5_, province5_.province as province2_16_5_ from brand_car car0_ inner join car car1_ on car0_.car_car_id=car1_.car_id inner join brand brand2_ on car1_.brand_id=brand2_.brand_id inner join carseat carseat3_ on car1_.seat_id=carseat3_.seat_id inner join employee employee4_ on car1_.employee_id=employee4_.employee_id inner join plateprovince province5_ on car1_.province_id=province5_.province_id where car0_.brand_brand_id=?
2020-09-03 02:18:25.731  INFO 16248 --- [    Test worker] o.s.t.c.transaction.TransactionContext   : Rolled back transaction for test: [DefaultTestContext@6b673b93 testClass = PaymentTest, testInstance = com.cpe.backend.PaymentTest@597641be, testMethod = b6008611_test_PayOptionsMustNotBeNull@PaymentTest, testException = [null], mergedContextConfiguration = [MergedContextConfiguration@33f6fbf6 testClass = PaymentTest, locations = '{}', classes = '{class com.cpe.backend.BackendApplication}', contextInitializerClasses = '[]', activeProfiles = '{}', propertySourceLocations = '{}', propertySourceProperties = '{org.springframework.boot.test.autoconfigure.orm.jpa.DataJpaTestContextBootstrapper=true}', contextCustomizers = set[org.springframework.boot.test.autoconfigure.OverrideAutoConfigurationContextCustomizerFactory$DisableAutoConfigurationContextCustomizer@600a0600, org.springframework.boot.test.autoconfigure.filter.TypeExcludeFiltersContextCustomizer@351584c0, org.springframework.boot.test.autoconfigure.properties.PropertyMappingContextCustomizer@c661b2e0, org.springframework.boot.test.autoconfigure.web.servlet.WebDriverContextCustomizerFactory$Customizer@455d7357, [ImportsContextCustomizer@180d8d1 key = [org.springframework.boot.autoconfigure.cache.CacheAutoConfiguration, org.springframework.boot.autoconfigure.data.jpa.JpaRepositoriesAutoConfiguration, org.springframework.boot.autoconfigure.flyway.FlywayAutoConfiguration, org.springframework.boot.autoconfigure.jdbc.DataSourceAutoConfiguration, org.springframework.boot.autoconfigure.jdbc.DataSourceTransactionManagerAutoConfiguration, org.springframework.boot.autoconfigure.jdbc.JdbcTemplateAutoConfiguration, org.springframework.boot.autoconfigure.liquibase.LiquibaseAutoConfiguration, org.springframework.boot.autoconfigure.orm.jpa.HibernateJpaAutoConfiguration, org.springframework.boot.autoconfigure.transaction.TransactionAutoConfiguration, org.springframework.boot.test.autoconfigure.jdbc.TestDatabaseAutoConfiguration, org.springframework.boot.test.autoconfigure.orm.jpa.TestEntityManagerAutoConfiguration]], org.springframework.boot.test.context.filter.ExcludeFilterContextCustomizer@405e3a34, org.springframework.boot.test.json.DuplicateJsonObjectContextCustomizerFactory$DuplicateJsonObjectContextCustomizer@38574ceb, org.springframework.boot.test.mock.mockito.MockitoContextCustomizer@0], contextLoader = 'org.springframework.boot.test.context.SpringBootContextLoader', parent = [null]], attributes = map[[empty]]]
2020-09-03 02:18:25.733  INFO 16248 --- [    Test worker] o.s.t.c.transaction.TransactionContext   : Began transaction (1) for test context [DefaultTestContext@6b673b93 testClass = PaymentTest, testInstance = com.cpe.backend.PaymentTest@7eb8fc8f, testMethod = b6008611_test_Date_MustNotBeNull@PaymentTest, testException = [null], mergedContextConfiguration = [MergedContextConfiguration@33f6fbf6 testClass = PaymentTest, locations = '{}', classes = '{class com.cpe.backend.BackendApplication}', contextInitializerClasses = '[]', activeProfiles = '{}', propertySourceLocations = '{}', propertySourceProperties = '{org.springframework.boot.test.autoconfigure.orm.jpa.DataJpaTestContextBootstrapper=true}', contextCustomizers = set[org.springframework.boot.test.autoconfigure.OverrideAutoConfigurationContextCustomizerFactory$DisableAutoConfigurationContextCustomizer@600a0600, org.springframework.boot.test.autoconfigure.filter.TypeExcludeFiltersContextCustomizer@351584c0, org.springframework.boot.test.autoconfigure.properties.PropertyMappingContextCustomizer@c661b2e0, org.springframework.boot.test.autoconfigure.web.servlet.WebDriverContextCustomizerFactory$Customizer@455d7357, [ImportsContextCustomizer@180d8d1 key = [org.springframework.boot.autoconfigure.cache.CacheAutoConfiguration, org.springframework.boot.autoconfigure.data.jpa.JpaRepositoriesAutoConfiguration, org.springframework.boot.autoconfigure.flyway.FlywayAutoConfiguration, org.springframework.boot.autoconfigure.jdbc.DataSourceAutoConfiguration, org.springframework.boot.autoconfigure.jdbc.DataSourceTransactionManagerAutoConfiguration, org.springframework.boot.autoconfigure.jdbc.JdbcTemplateAutoConfiguration, org.springframework.boot.autoconfigure.liquibase.LiquibaseAutoConfiguration, org.springframework.boot.autoconfigure.orm.jpa.HibernateJpaAutoConfiguration, org.springframework.boot.autoconfigure.transaction.TransactionAutoConfiguration, org.springframework.boot.test.autoconfigure.jdbc.TestDatabaseAutoConfiguration, org.springframework.boot.test.autoconfigure.orm.jpa.TestEntityManagerAutoConfiguration]], org.springframework.boot.test.context.filter.ExcludeFilterContextCustomizer@405e3a34, org.springframework.boot.test.json.DuplicateJsonObjectContextCustomizerFactory$DuplicateJsonObjectContextCustomizer@38574ceb, org.springframework.boot.test.mock.mockito.MockitoContextCustomizer@0], contextLoader = 'org.springframework.boot.test.context.SpringBootContextLoader', parent = [null]], attributes = map[[empty]]]; transaction manager [org.springframework.orm.jpa.JpaTransactionManager@1f778eb1]; rollback [true]
Hibernate: select employee0_.employee_id as employee1_6_0_, employee0_.name as name2_6_0_, employee0_.password as password3_6_0_, employee0_.username as username4_6_0_ from employee employee0_ where employee0_.employee_id=?
Hibernate: select rent0_.employee_employee_id as employee1_7_0_, rent0_.rent_rent_car_id as rent_ren2_7_0_, rentcar1_.rent_car_id as rent_car1_18_1_, rentcar1_.employee_id as employee5_18_1_, rentcar1_.price as price2_18_1_, rentcar1_.rent_date as rent_dat3_18_1_, rentcar1_.customer_id as customer6_18_1_, rentcar1_.rentday as rentday4_18_1_, rentcar1_.car_id as car_id7_18_1_, rentcar1_.renttype_id as renttype8_18_1_, employee2_.employee_id as employee1_6_2_, employee2_.name as name2_6_2_, employee2_.password as password3_6_2_, employee2_.username as username4_6_2_, customer3_.customer_id as customer1_5_3_, customer3_.address as address2_5_3_, customer3_.age as age3_5_3_, customer3_.card_num as card_num4_5_3_, customer3_.employee as employee8_5_3_, customer3_.date as date5_5_3_, customer3_.name as name6_5_3_, customer3_.tel as tel7_5_3_, customer3_.registype as registyp9_5_3_, customer3_.job as job10_5_3_, employee4_.employee_id as employee1_6_4_, employee4_.name as name2_6_4_, employee4_.password as password3_6_4_, employee4_.username as username4_6_4_, registype5_.regis_type_id as regis_ty1_23_5_, registype5_.type as type2_23_5_, job6_.job_id as job_id1_8_6_, job6_.job as job2_8_6_, car7_.car_id as car_id1_2_7_, car7_.brand_id as brand_id4_2_7_, car7_.seat_id as seat_id5_2_7_, car7_.employee_id as employee6_2_7_, car7_.plate as plate2_2_7_, car7_.province_id as province7_2_7_, car7_.vin as vin3_2_7_, brand8_.brand_id as brand_id1_0_8_, brand8_.brand as brand2_0_8_, carseat9_.seat_id as seat_id1_3_9_, carseat9_.carseat as carseat2_3_9_, employee10_.employee_id as employee1_6_10_, employee10_.name as name2_6_10_, employee10_.password as password3_6_10_, employee10_.username as username4_6_10_, province11_.province_id as province1_16_11_, province11_.province as province2_16_11_, renttype12_.renttype_id as renttype1_19_12_, renttype12_.nametype as nametype2_19_12_, renttype12_.unitprice as unitpric3_19_12_ from employee_rent rent0_ inner join rent_car rentcar1_ on rent0_.rent_rent_car_id=rentcar1_.rent_car_id inner join employee employee2_ on rentcar1_.employee_id=employee2_.employee_id inner join customer customer3_ on rentcar1_.customer_id=customer3_.customer_id inner join employee employee4_ on customer3_.employee=employee4_.employee_id inner join resgistype registype5_ on customer3_.registype=registype5_.regis_type_id inner join job job6_ on customer3_.job=job6_.job_id inner join car car7_ on rentcar1_.car_id=car7_.car_id inner join brand brand8_ on car7_.brand_id=brand8_.brand_id inner join carseat carseat9_ on car7_.seat_id=carseat9_.seat_id inner join employee employee10_ on car7_.employee_id=employee10_.employee_id inner join plateprovince province11_ on car7_.province_id=province11_.province_id inner join renttype renttype12_ on rentcar1_.renttype_id=renttype12_.renttype_id where rent0_.employee_employee_id=?
Hibernate: select rentcar0_.rent_car_id as rent_car1_18_0_, rentcar0_.employee_id as employee5_18_0_, rentcar0_.price as price2_18_0_, rentcar0_.rent_date as rent_dat3_18_0_, rentcar0_.customer_id as customer6_18_0_, rentcar0_.rentday as rentday4_18_0_, rentcar0_.car_id as car_id7_18_0_, rentcar0_.renttype_id as renttype8_18_0_, employee1_.employee_id as employee1_6_1_, employee1_.name as name2_6_1_, employee1_.password as password3_6_1_, employee1_.username as username4_6_1_, customer2_.customer_id as customer1_5_2_, customer2_.address as address2_5_2_, customer2_.age as age3_5_2_, customer2_.card_num as card_num4_5_2_, customer2_.employee as employee8_5_2_, customer2_.date as date5_5_2_, customer2_.name as name6_5_2_, customer2_.tel as tel7_5_2_, customer2_.registype as registyp9_5_2_, customer2_.job as job10_5_2_, employee3_.employee_id as employee1_6_3_, employee3_.name as name2_6_3_, employee3_.password as password3_6_3_, employee3_.username as username4_6_3_, registype4_.regis_type_id as regis_ty1_23_4_, registype4_.type as type2_23_4_, cus5_.regis_type_regis_type_id as regis_ty1_24_5_, customer6_.customer_id as cus_cust2_24_5_, customer6_.customer_id as customer1_5_6_, customer6_.address as address2_5_6_, customer6_.age as age3_5_6_, customer6_.card_num as card_num4_5_6_, customer6_.employee as employee8_5_6_, customer6_.date as date5_5_6_, customer6_.name as name6_5_6_, customer6_.tel as tel7_5_6_, customer6_.registype as registyp9_5_6_, customer6_.job as job10_5_6_, job7_.job_id as job_id1_8_7_, job7_.job as job2_8_7_, cus8_.job_job_id as job_job_1_9_8_, customer9_.customer_id as cus_cust2_9_8_, customer9_.customer_id as customer1_5_9_, customer9_.address as address2_5_9_, customer9_.age as age3_5_9_, customer9_.card_num as card_num4_5_9_, customer9_.employee as employee8_5_9_, customer9_.date as date5_5_9_, customer9_.name as name6_5_9_, customer9_.tel as tel7_5_9_, customer9_.registype as registyp9_5_9_, customer9_.job as job10_5_9_, car10_.car_id as car_id1_2_10_, car10_.brand_id as brand_id4_2_10_, car10_.seat_id as seat_id5_2_10_, car10_.employee_id as employee6_2_10_, car10_.plate as plate2_2_10_, car10_.province_id as province7_2_10_, car10_.vin as vin3_2_10_, brand11_.brand_id as brand_id1_0_11_, brand11_.brand as brand2_0_11_, carseat12_.seat_id as seat_id1_3_12_, carseat12_.carseat as carseat2_3_12_, employee13_.employee_id as employee1_6_13_, employee13_.name as name2_6_13_, employee13_.password as password3_6_13_, employee13_.username as username4_6_13_, province14_.province_id as province1_16_14_, province14_.province as province2_16_14_, renttype15_.renttype_id as renttype1_19_15_, renttype15_.nametype as nametype2_19_15_, renttype15_.unitprice as unitpric3_19_15_ from rent_car rentcar0_ inner join employee employee1_ on rentcar0_.employee_id=employee1_.employee_id inner join customer customer2_ on rentcar0_.customer_id=customer2_.customer_id inner join employee employee3_ on customer2_.employee=employee3_.employee_id inner join resgistype registype4_ on customer2_.registype=registype4_.regis_type_id left outer join resgistype_cus cus5_ on registype4_.regis_type_id=cus5_.regis_type_regis_type_id left outer join customer customer6_ on cus5_.cus_customer_id=customer6_.customer_id left outer join job job7_ on customer6_.job=job7_.job_id left outer join job_cus cus8_ on job7_.job_id=cus8_.job_job_id left outer join customer customer9_ on cus8_.cus_customer_id=customer9_.customer_id inner join car car10_ on rentcar0_.car_id=car10_.car_id inner join brand brand11_ on car10_.brand_id=brand11_.brand_id inner join carseat carseat12_ on car10_.seat_id=carseat12_.seat_id inner join employee employee13_ on car10_.employee_id=employee13_.employee_id inner join plateprovince province14_ on car10_.province_id=province14_.province_id inner join renttype renttype15_ on rentcar0_.renttype_id=renttype15_.renttype_id where rentcar0_.rent_car_id=?
Hibernate: select job0_.job_id as job_id1_8_0_, job0_.job as job2_8_0_, cus1_.job_job_id as job_job_1_9_1_, customer2_.customer_id as cus_cust2_9_1_, customer2_.customer_id as customer1_5_2_, customer2_.address as address2_5_2_, customer2_.age as age3_5_2_, customer2_.card_num as card_num4_5_2_, customer2_.employee as employee8_5_2_, customer2_.date as date5_5_2_, customer2_.name as name6_5_2_, customer2_.tel as tel7_5_2_, customer2_.registype as registyp9_5_2_, customer2_.job as job10_5_2_, employee3_.employee_id as employee1_6_3_, employee3_.name as name2_6_3_, employee3_.password as password3_6_3_, employee3_.username as username4_6_3_, registype4_.regis_type_id as regis_ty1_23_4_, registype4_.type as type2_23_4_, cus5_.regis_type_regis_type_id as regis_ty1_24_5_, customer6_.customer_id as cus_cust2_24_5_, customer6_.customer_id as customer1_5_6_, customer6_.address as address2_5_6_, customer6_.age as age3_5_6_, customer6_.card_num as card_num4_5_6_, customer6_.employee as employee8_5_6_, customer6_.date as date5_5_6_, customer6_.name as name6_5_6_, customer6_.tel as tel7_5_6_, customer6_.registype as registyp9_5_6_, customer6_.job as job10_5_6_, job7_.job_id as job_id1_8_7_, job7_.job as job2_8_7_ from job job0_ left outer join job_cus cus1_ on job0_.job_id=cus1_.job_job_id left outer join customer customer2_ on cus1_.cus_customer_id=customer2_.customer_id left outer join employee employee3_ on customer2_.employee=employee3_.employee_id left outer join resgistype registype4_ on customer2_.registype=registype4_.regis_type_id left outer join resgistype_cus cus5_ on registype4_.regis_type_id=cus5_.regis_type_regis_type_id left outer join customer customer6_ on cus5_.cus_customer_id=customer6_.customer_id left outer join job job7_ on customer6_.job=job7_.job_id where job0_.job_id=?
Hibernate: select rent0_.rent_type_renttype_id as rent_typ1_20_0_, rent0_.rent_rent_car_id as rent_ren2_20_0_, rentcar1_.rent_car_id as rent_car1_18_1_, rentcar1_.employee_id as employee5_18_1_, rentcar1_.price as price2_18_1_, rentcar1_.rent_date as rent_dat3_18_1_, rentcar1_.customer_id as customer6_18_1_, rentcar1_.rentday as rentday4_18_1_, rentcar1_.car_id as car_id7_18_1_, rentcar1_.renttype_id as renttype8_18_1_, employee2_.employee_id as employee1_6_2_, employee2_.name as name2_6_2_, employee2_.password as password3_6_2_, employee2_.username as username4_6_2_, customer3_.customer_id as customer1_5_3_, customer3_.address as address2_5_3_, customer3_.age as age3_5_3_, customer3_.card_num as card_num4_5_3_, customer3_.employee as employee8_5_3_, customer3_.date as date5_5_3_, customer3_.name as name6_5_3_, customer3_.tel as tel7_5_3_, customer3_.registype as registyp9_5_3_, customer3_.job as job10_5_3_, employee4_.employee_id as employee1_6_4_, employee4_.name as name2_6_4_, employee4_.password as password3_6_4_, employee4_.username as username4_6_4_, registype5_.regis_type_id as regis_ty1_23_5_, registype5_.type as type2_23_5_, job6_.job_id as job_id1_8_6_, job6_.job as job2_8_6_, car7_.car_id as car_id1_2_7_, car7_.brand_id as brand_id4_2_7_, car7_.seat_id as seat_id5_2_7_, car7_.employee_id as employee6_2_7_, car7_.plate as plate2_2_7_, car7_.province_id as province7_2_7_, car7_.vin as vin3_2_7_, brand8_.brand_id as brand_id1_0_8_, brand8_.brand as brand2_0_8_, carseat9_.seat_id as seat_id1_3_9_, carseat9_.carseat as carseat2_3_9_, employee10_.employee_id as employee1_6_10_, employee10_.name as name2_6_10_, employee10_.password as password3_6_10_, employee10_.username as username4_6_10_, province11_.province_id as province1_16_11_, province11_.province as province2_16_11_, renttype12_.renttype_id as renttype1_19_12_, renttype12_.nametype as nametype2_19_12_, renttype12_.unitprice as unitpric3_19_12_ from renttype_rent rent0_ inner join rent_car rentcar1_ on rent0_.rent_rent_car_id=rentcar1_.rent_car_id inner join employee employee2_ on rentcar1_.employee_id=employee2_.employee_id inner join customer customer3_ on rentcar1_.customer_id=customer3_.customer_id inner join employee employee4_ on customer3_.employee=employee4_.employee_id inner join resgistype registype5_ on customer3_.registype=registype5_.regis_type_id inner join job job6_ on customer3_.job=job6_.job_id inner join car car7_ on rentcar1_.car_id=car7_.car_id inner join brand brand8_ on car7_.brand_id=brand8_.brand_id inner join carseat carseat9_ on car7_.seat_id=carseat9_.seat_id inner join employee employee10_ on car7_.employee_id=employee10_.employee_id inner join plateprovince province11_ on car7_.province_id=province11_.province_id inner join renttype renttype12_ on rentcar1_.renttype_id=renttype12_.renttype_id where rent0_.rent_type_renttype_id=?
Hibernate: select car0_.province_province_id as province1_17_0_, car0_.car_car_id as car_car_2_17_0_, car1_.car_id as car_id1_2_1_, car1_.brand_id as brand_id4_2_1_, car1_.seat_id as seat_id5_2_1_, car1_.employee_id as employee6_2_1_, car1_.plate as plate2_2_1_, car1_.province_id as province7_2_1_, car1_.vin as vin3_2_1_, brand2_.brand_id as brand_id1_0_2_, brand2_.brand as brand2_0_2_, carseat3_.seat_id as seat_id1_3_3_, carseat3_.carseat as carseat2_3_3_, employee4_.employee_id as employee1_6_4_, employee4_.name as name2_6_4_, employee4_.password as password3_6_4_, employee4_.username as username4_6_4_, province5_.province_id as province1_16_5_, province5_.province as province2_16_5_ from plateprovince_car car0_ inner join car car1_ on car0_.car_car_id=car1_.car_id inner join brand brand2_ on car1_.brand_id=brand2_.brand_id inner join carseat carseat3_ on car1_.seat_id=carseat3_.seat_id inner join employee employee4_ on car1_.employee_id=employee4_.employee_id inner join plateprovince province5_ on car1_.province_id=province5_.province_id where car0_.province_province_id=?
Hibernate: select car0_.carseat_seat_id as carseat_1_4_0_, car0_.car_car_id as car_car_2_4_0_, car1_.car_id as car_id1_2_1_, car1_.brand_id as brand_id4_2_1_, car1_.seat_id as seat_id5_2_1_, car1_.employee_id as employee6_2_1_, car1_.plate as plate2_2_1_, car1_.province_id as province7_2_1_, car1_.vin as vin3_2_1_, brand2_.brand_id as brand_id1_0_2_, brand2_.brand as brand2_0_2_, carseat3_.seat_id as seat_id1_3_3_, carseat3_.carseat as carseat2_3_3_, employee4_.employee_id as employee1_6_4_, employee4_.name as name2_6_4_, employee4_.password as password3_6_4_, employee4_.username as username4_6_4_, province5_.province_id as province1_16_5_, province5_.province as province2_16_5_ from carseat_car car0_ inner join car car1_ on car0_.car_car_id=car1_.car_id inner join brand brand2_ on car1_.brand_id=brand2_.brand_id inner join carseat carseat3_ on car1_.seat_id=carseat3_.seat_id inner join employee employee4_ on car1_.employee_id=employee4_.employee_id inner join plateprovince province5_ on car1_.province_id=province5_.province_id where car0_.carseat_seat_id=?
Hibernate: select car0_.brand_brand_id as brand_br1_1_0_, car0_.car_car_id as car_car_2_1_0_, car1_.car_id as car_id1_2_1_, car1_.brand_id as brand_id4_2_1_, car1_.seat_id as seat_id5_2_1_, car1_.employee_id as employee6_2_1_, car1_.plate as plate2_2_1_, car1_.province_id as province7_2_1_, car1_.vin as vin3_2_1_, brand2_.brand_id as brand_id1_0_2_, brand2_.brand as brand2_0_2_, carseat3_.seat_id as seat_id1_3_3_, carseat3_.carseat as carseat2_3_3_, employee4_.employee_id as employee1_6_4_, employee4_.name as name2_6_4_, employee4_.password as password3_6_4_, employee4_.username as username4_6_4_, province5_.province_id as province1_16_5_, province5_.province as province2_16_5_ from brand_car car0_ inner join car car1_ on car0_.car_car_id=car1_.car_id inner join brand brand2_ on car1_.brand_id=brand2_.brand_id inner join carseat carseat3_ on car1_.seat_id=carseat3_.seat_id inner join employee employee4_ on car1_.employee_id=employee4_.employee_id inner join plateprovince province5_ on car1_.province_id=province5_.province_id where car0_.brand_brand_id=?
Hibernate: select paymentopt0_.options_id as options_1_14_0_, paymentopt0_.name as name2_14_0_, pay1_.payment_options_options_id as payment_1_15_1_, payment2_.payment_id as pay_paym2_15_1_, payment2_.payment_id as payment_1_13_2_, payment2_.employee_id as employee4_13_2_, payment2_.date as date2_13_2_, payment2_.note as note3_13_2_, payment2_.options_id as options_5_13_2_, payment2_.rent_car_id as rent_car6_13_2_, employee3_.employee_id as employee1_6_3_, employee3_.name as name2_6_3_, employee3_.password as password3_6_3_, employee3_.username as username4_6_3_, paymentopt4_.options_id as options_1_14_4_, paymentopt4_.name as name2_14_4_, rentcar5_.rent_car_id as rent_car1_18_5_, rentcar5_.employee_id as employee5_18_5_, rentcar5_.price as price2_18_5_, rentcar5_.rent_date as rent_dat3_18_5_, rentcar5_.customer_id as customer6_18_5_, rentcar5_.rentday as rentday4_18_5_, rentcar5_.car_id as car_id7_18_5_, rentcar5_.renttype_id as renttype8_18_5_, employee6_.employee_id as employee1_6_6_, employee6_.name as name2_6_6_, employee6_.password as password3_6_6_, employee6_.username as username4_6_6_, customer7_.customer_id as customer1_5_7_, customer7_.address as address2_5_7_, customer7_.age as age3_5_7_, customer7_.card_num as card_num4_5_7_, customer7_.employee as employee8_5_7_, customer7_.date as date5_5_7_, customer7_.name as name6_5_7_, customer7_.tel as tel7_5_7_, customer7_.registype as registyp9_5_7_, customer7_.job as job10_5_7_, employee8_.employee_id as employee1_6_8_, employee8_.name as name2_6_8_, employee8_.password as password3_6_8_, employee8_.username as username4_6_8_, registype9_.regis_type_id as regis_ty1_23_9_, registype9_.type as type2_23_9_, cus10_.regis_type_regis_type_id as regis_ty1_24_10_, customer11_.customer_id as cus_cust2_24_10_, customer11_.customer_id as customer1_5_11_, customer11_.address as address2_5_11_, customer11_.age as age3_5_11_, customer11_.card_num as card_num4_5_11_, customer11_.employee as employee8_5_11_, customer11_.date as date5_5_11_, customer11_.name as name6_5_11_, customer11_.tel as tel7_5_11_, customer11_.registype as registyp9_5_11_, customer11_.job as job10_5_11_, job12_.job_id as job_id1_8_12_, job12_.job as job2_8_12_, cus13_.job_job_id as job_job_1_9_13_, customer14_.customer_id as cus_cust2_9_13_, customer14_.customer_id as customer1_5_14_, customer14_.address as address2_5_14_, customer14_.age as age3_5_14_, customer14_.card_num as card_num4_5_14_, customer14_.employee as employee8_5_14_, customer14_.date as date5_5_14_, customer14_.name as name6_5_14_, customer14_.tel as tel7_5_14_, customer14_.registype as registyp9_5_14_, customer14_.job as job10_5_14_, car15_.car_id as car_id1_2_15_, car15_.brand_id as brand_id4_2_15_, car15_.seat_id as seat_id5_2_15_, car15_.employee_id as employee6_2_15_, car15_.plate as plate2_2_15_, car15_.province_id as province7_2_15_, car15_.vin as vin3_2_15_, brand16_.brand_id as brand_id1_0_16_, brand16_.brand as brand2_0_16_, carseat17_.seat_id as seat_id1_3_17_, carseat17_.carseat as carseat2_3_17_, employee18_.employee_id as employee1_6_18_, employee18_.name as name2_6_18_, employee18_.password as password3_6_18_, employee18_.username as username4_6_18_, province19_.province_id as province1_16_19_, province19_.province as province2_16_19_, renttype20_.renttype_id as renttype1_19_20_, renttype20_.nametype as nametype2_19_20_, renttype20_.unitprice as unitpric3_19_20_ from payment_options paymentopt0_ left outer join payment_options_pay pay1_ on paymentopt0_.options_id=pay1_.payment_options_options_id left outer join payment payment2_ on pay1_.pay_payment_id=payment2_.payment_id left outer join employee employee3_ on payment2_.employee_id=employee3_.employee_id left outer join payment_options paymentopt4_ on payment2_.options_id=paymentopt4_.options_id left outer join rent_car rentcar5_ on payment2_.rent_car_id=rentcar5_.rent_car_id left outer join employee employee6_ on rentcar5_.employee_id=employee6_.employee_id left outer join customer customer7_ on rentcar5_.customer_id=customer7_.customer_id left outer join employee employee8_ on customer7_.employee=employee8_.employee_id left outer join resgistype registype9_ on customer7_.registype=registype9_.regis_type_id left outer join resgistype_cus cus10_ on registype9_.regis_type_id=cus10_.regis_type_regis_type_id left outer join customer customer11_ on cus10_.cus_customer_id=customer11_.customer_id left outer join job job12_ on customer11_.job=job12_.job_id left outer join job_cus cus13_ on job12_.job_id=cus13_.job_job_id left outer join customer customer14_ on cus13_.cus_customer_id=customer14_.customer_id left outer join car car15_ on rentcar5_.car_id=car15_.car_id left outer join brand brand16_ on car15_.brand_id=brand16_.brand_id left outer join carseat carseat17_ on car15_.seat_id=carseat17_.seat_id left outer join employee employee18_ on car15_.employee_id=employee18_.employee_id left outer join plateprovince province19_ on car15_.province_id=province19_.province_id left outer join renttype renttype20_ on rentcar5_.renttype_id=renttype20_.renttype_id where paymentopt0_.options_id=?
2020-09-03 02:18:25.764  INFO 16248 --- [    Test worker] o.s.t.c.transaction.TransactionContext   : Rolled back transaction for test: [DefaultTestContext@6b673b93 testClass = PaymentTest, testInstance = com.cpe.backend.PaymentTest@7eb8fc8f, testMethod = b6008611_test_Date_MustNotBeNull@PaymentTest, testException = [null], mergedContextConfiguration = [MergedContextConfiguration@33f6fbf6 testClass = PaymentTest, locations = '{}', classes = '{class com.cpe.backend.BackendApplication}', contextInitializerClasses = '[]', activeProfiles = '{}', propertySourceLocations = '{}', propertySourceProperties = '{org.springframework.boot.test.autoconfigure.orm.jpa.DataJpaTestContextBootstrapper=true}', contextCustomizers = set[org.springframework.boot.test.autoconfigure.OverrideAutoConfigurationContextCustomizerFactory$DisableAutoConfigurationContextCustomizer@600a0600, org.springframework.boot.test.autoconfigure.filter.TypeExcludeFiltersContextCustomizer@351584c0, org.springframework.boot.test.autoconfigure.properties.PropertyMappingContextCustomizer@c661b2e0, org.springframework.boot.test.autoconfigure.web.servlet.WebDriverContextCustomizerFactory$Customizer@455d7357, [ImportsContextCustomizer@180d8d1 key = [org.springframework.boot.autoconfigure.cache.CacheAutoConfiguration, org.springframework.boot.autoconfigure.data.jpa.JpaRepositoriesAutoConfiguration, org.springframework.boot.autoconfigure.flyway.FlywayAutoConfiguration, org.springframework.boot.autoconfigure.jdbc.DataSourceAutoConfiguration, org.springframework.boot.autoconfigure.jdbc.DataSourceTransactionManagerAutoConfiguration, org.springframework.boot.autoconfigure.jdbc.JdbcTemplateAutoConfiguration, org.springframework.boot.autoconfigure.liquibase.LiquibaseAutoConfiguration, org.springframework.boot.autoconfigure.orm.jpa.HibernateJpaAutoConfiguration, org.springframework.boot.autoconfigure.transaction.TransactionAutoConfiguration, org.springframework.boot.test.autoconfigure.jdbc.TestDatabaseAutoConfiguration, org.springframework.boot.test.autoconfigure.orm.jpa.TestEntityManagerAutoConfiguration]], org.springframework.boot.test.context.filter.ExcludeFilterContextCustomizer@405e3a34, org.springframework.boot.test.json.DuplicateJsonObjectContextCustomizerFactory$DuplicateJsonObjectContextCustomizer@38574ceb, org.springframework.boot.test.mock.mockito.MockitoContextCustomizer@0], contextLoader = 'org.springframework.boot.test.context.SpringBootContextLoader', parent = [null]], attributes = map[[empty]]]
2020-09-03 02:18:25.766  INFO 16248 --- [    Test worker] o.s.t.c.transaction.TransactionContext   : Began transaction (1) for test context [DefaultTestContext@6b673b93 testClass = PaymentTest, testInstance = com.cpe.backend.PaymentTest@10119970, testMethod = b6008611_test_Note_MustNotBeNull@PaymentTest, testException = [null], mergedContextConfiguration = [MergedContextConfiguration@33f6fbf6 testClass = PaymentTest, locations = '{}', classes = '{class com.cpe.backend.BackendApplication}', contextInitializerClasses = '[]', activeProfiles = '{}', propertySourceLocations = '{}', propertySourceProperties = '{org.springframework.boot.test.autoconfigure.orm.jpa.DataJpaTestContextBootstrapper=true}', contextCustomizers = set[org.springframework.boot.test.autoconfigure.OverrideAutoConfigurationContextCustomizerFactory$DisableAutoConfigurationContextCustomizer@600a0600, org.springframework.boot.test.autoconfigure.filter.TypeExcludeFiltersContextCustomizer@351584c0, org.springframework.boot.test.autoconfigure.properties.PropertyMappingContextCustomizer@c661b2e0, org.springframework.boot.test.autoconfigure.web.servlet.WebDriverContextCustomizerFactory$Customizer@455d7357, [ImportsContextCustomizer@180d8d1 key = [org.springframework.boot.autoconfigure.cache.CacheAutoConfiguration, org.springframework.boot.autoconfigure.data.jpa.JpaRepositoriesAutoConfiguration, org.springframework.boot.autoconfigure.flyway.FlywayAutoConfiguration, org.springframework.boot.autoconfigure.jdbc.DataSourceAutoConfiguration, org.springframework.boot.autoconfigure.jdbc.DataSourceTransactionManagerAutoConfiguration, org.springframework.boot.autoconfigure.jdbc.JdbcTemplateAutoConfiguration, org.springframework.boot.autoconfigure.liquibase.LiquibaseAutoConfiguration, org.springframework.boot.autoconfigure.orm.jpa.HibernateJpaAutoConfiguration, org.springframework.boot.autoconfigure.transaction.TransactionAutoConfiguration, org.springframework.boot.test.autoconfigure.jdbc.TestDatabaseAutoConfiguration, org.springframework.boot.test.autoconfigure.orm.jpa.TestEntityManagerAutoConfiguration]], org.springframework.boot.test.context.filter.ExcludeFilterContextCustomizer@405e3a34, org.springframework.boot.test.json.DuplicateJsonObjectContextCustomizerFactory$DuplicateJsonObjectContextCustomizer@38574ceb, org.springframework.boot.test.mock.mockito.MockitoContextCustomizer@0], contextLoader = 'org.springframework.boot.test.context.SpringBootContextLoader', parent = [null]], attributes = map[[empty]]]; transaction manager [org.springframework.orm.jpa.JpaTransactionManager@1f778eb1]; rollback [true]
Hibernate: select employee0_.employee_id as employee1_6_0_, employee0_.name as name2_6_0_, employee0_.password as password3_6_0_, employee0_.username as username4_6_0_ from employee employee0_ where employee0_.employee_id=?
Hibernate: select rent0_.employee_employee_id as employee1_7_0_, rent0_.rent_rent_car_id as rent_ren2_7_0_, rentcar1_.rent_car_id as rent_car1_18_1_, rentcar1_.employee_id as employee5_18_1_, rentcar1_.price as price2_18_1_, rentcar1_.rent_date as rent_dat3_18_1_, rentcar1_.customer_id as customer6_18_1_, rentcar1_.rentday as rentday4_18_1_, rentcar1_.car_id as car_id7_18_1_, rentcar1_.renttype_id as renttype8_18_1_, employee2_.employee_id as employee1_6_2_, employee2_.name as name2_6_2_, employee2_.password as password3_6_2_, employee2_.username as username4_6_2_, customer3_.customer_id as customer1_5_3_, customer3_.address as address2_5_3_, customer3_.age as age3_5_3_, customer3_.card_num as card_num4_5_3_, customer3_.employee as employee8_5_3_, customer3_.date as date5_5_3_, customer3_.name as name6_5_3_, customer3_.tel as tel7_5_3_, customer3_.registype as registyp9_5_3_, customer3_.job as job10_5_3_, employee4_.employee_id as employee1_6_4_, employee4_.name as name2_6_4_, employee4_.password as password3_6_4_, employee4_.username as username4_6_4_, registype5_.regis_type_id as regis_ty1_23_5_, registype5_.type as type2_23_5_, job6_.job_id as job_id1_8_6_, job6_.job as job2_8_6_, car7_.car_id as car_id1_2_7_, car7_.brand_id as brand_id4_2_7_, car7_.seat_id as seat_id5_2_7_, car7_.employee_id as employee6_2_7_, car7_.plate as plate2_2_7_, car7_.province_id as province7_2_7_, car7_.vin as vin3_2_7_, brand8_.brand_id as brand_id1_0_8_, brand8_.brand as brand2_0_8_, carseat9_.seat_id as seat_id1_3_9_, carseat9_.carseat as carseat2_3_9_, employee10_.employee_id as employee1_6_10_, employee10_.name as name2_6_10_, employee10_.password as password3_6_10_, employee10_.username as username4_6_10_, province11_.province_id as province1_16_11_, province11_.province as province2_16_11_, renttype12_.renttype_id as renttype1_19_12_, renttype12_.nametype as nametype2_19_12_, renttype12_.unitprice as unitpric3_19_12_ from employee_rent rent0_ inner join rent_car rentcar1_ on rent0_.rent_rent_car_id=rentcar1_.rent_car_id inner join employee employee2_ on rentcar1_.employee_id=employee2_.employee_id inner join customer customer3_ on rentcar1_.customer_id=customer3_.customer_id inner join employee employee4_ on customer3_.employee=employee4_.employee_id inner join resgistype registype5_ on customer3_.registype=registype5_.regis_type_id inner join job job6_ on customer3_.job=job6_.job_id inner join car car7_ on rentcar1_.car_id=car7_.car_id inner join brand brand8_ on car7_.brand_id=brand8_.brand_id inner join carseat carseat9_ on car7_.seat_id=carseat9_.seat_id inner join employee employee10_ on car7_.employee_id=employee10_.employee_id inner join plateprovince province11_ on car7_.province_id=province11_.province_id inner join renttype renttype12_ on rentcar1_.renttype_id=renttype12_.renttype_id where rent0_.employee_employee_id=?
Hibernate: select rentcar0_.rent_car_id as rent_car1_18_0_, rentcar0_.employee_id as employee5_18_0_, rentcar0_.price as price2_18_0_, rentcar0_.rent_date as rent_dat3_18_0_, rentcar0_.customer_id as customer6_18_0_, rentcar0_.rentday as rentday4_18_0_, rentcar0_.car_id as car_id7_18_0_, rentcar0_.renttype_id as renttype8_18_0_, employee1_.employee_id as employee1_6_1_, employee1_.name as name2_6_1_, employee1_.password as password3_6_1_, employee1_.username as username4_6_1_, customer2_.customer_id as customer1_5_2_, customer2_.address as address2_5_2_, customer2_.age as age3_5_2_, customer2_.card_num as card_num4_5_2_, customer2_.employee as employee8_5_2_, customer2_.date as date5_5_2_, customer2_.name as name6_5_2_, customer2_.tel as tel7_5_2_, customer2_.registype as registyp9_5_2_, customer2_.job as job10_5_2_, employee3_.employee_id as employee1_6_3_, employee3_.name as name2_6_3_, employee3_.password as password3_6_3_, employee3_.username as username4_6_3_, registype4_.regis_type_id as regis_ty1_23_4_, registype4_.type as type2_23_4_, cus5_.regis_type_regis_type_id as regis_ty1_24_5_, customer6_.customer_id as cus_cust2_24_5_, customer6_.customer_id as customer1_5_6_, customer6_.address as address2_5_6_, customer6_.age as age3_5_6_, customer6_.card_num as card_num4_5_6_, customer6_.employee as employee8_5_6_, customer6_.date as date5_5_6_, customer6_.name as name6_5_6_, customer6_.tel as tel7_5_6_, customer6_.registype as registyp9_5_6_, customer6_.job as job10_5_6_, job7_.job_id as job_id1_8_7_, job7_.job as job2_8_7_, cus8_.job_job_id as job_job_1_9_8_, customer9_.customer_id as cus_cust2_9_8_, customer9_.customer_id as customer1_5_9_, customer9_.address as address2_5_9_, customer9_.age as age3_5_9_, customer9_.card_num as card_num4_5_9_, customer9_.employee as employee8_5_9_, customer9_.date as date5_5_9_, customer9_.name as name6_5_9_, customer9_.tel as tel7_5_9_, customer9_.registype as registyp9_5_9_, customer9_.job as job10_5_9_, car10_.car_id as car_id1_2_10_, car10_.brand_id as brand_id4_2_10_, car10_.seat_id as seat_id5_2_10_, car10_.employee_id as employee6_2_10_, car10_.plate as plate2_2_10_, car10_.province_id as province7_2_10_, car10_.vin as vin3_2_10_, brand11_.brand_id as brand_id1_0_11_, brand11_.brand as brand2_0_11_, carseat12_.seat_id as seat_id1_3_12_, carseat12_.carseat as carseat2_3_12_, employee13_.employee_id as employee1_6_13_, employee13_.name as name2_6_13_, employee13_.password as password3_6_13_, employee13_.username as username4_6_13_, province14_.province_id as province1_16_14_, province14_.province as province2_16_14_, renttype15_.renttype_id as renttype1_19_15_, renttype15_.nametype as nametype2_19_15_, renttype15_.unitprice as unitpric3_19_15_ from rent_car rentcar0_ inner join employee employee1_ on rentcar0_.employee_id=employee1_.employee_id inner join customer customer2_ on rentcar0_.customer_id=customer2_.customer_id inner join employee employee3_ on customer2_.employee=employee3_.employee_id inner join resgistype registype4_ on customer2_.registype=registype4_.regis_type_id left outer join resgistype_cus cus5_ on registype4_.regis_type_id=cus5_.regis_type_regis_type_id left outer join customer customer6_ on cus5_.cus_customer_id=customer6_.customer_id left outer join job job7_ on customer6_.job=job7_.job_id left outer join job_cus cus8_ on job7_.job_id=cus8_.job_job_id left outer join customer customer9_ on cus8_.cus_customer_id=customer9_.customer_id inner join car car10_ on rentcar0_.car_id=car10_.car_id inner join brand brand11_ on car10_.brand_id=brand11_.brand_id inner join carseat carseat12_ on car10_.seat_id=carseat12_.seat_id inner join employee employee13_ on car10_.employee_id=employee13_.employee_id inner join plateprovince province14_ on car10_.province_id=province14_.province_id inner join renttype renttype15_ on rentcar0_.renttype_id=renttype15_.renttype_id where rentcar0_.rent_car_id=?
Hibernate: select job0_.job_id as job_id1_8_0_, job0_.job as job2_8_0_, cus1_.job_job_id as job_job_1_9_1_, customer2_.customer_id as cus_cust2_9_1_, customer2_.customer_id as customer1_5_2_, customer2_.address as address2_5_2_, customer2_.age as age3_5_2_, customer2_.card_num as card_num4_5_2_, customer2_.employee as employee8_5_2_, customer2_.date as date5_5_2_, customer2_.name as name6_5_2_, customer2_.tel as tel7_5_2_, customer2_.registype as registyp9_5_2_, customer2_.job as job10_5_2_, employee3_.employee_id as employee1_6_3_, employee3_.name as name2_6_3_, employee3_.password as password3_6_3_, employee3_.username as username4_6_3_, registype4_.regis_type_id as regis_ty1_23_4_, registype4_.type as type2_23_4_, cus5_.regis_type_regis_type_id as regis_ty1_24_5_, customer6_.customer_id as cus_cust2_24_5_, customer6_.customer_id as customer1_5_6_, customer6_.address as address2_5_6_, customer6_.age as age3_5_6_, customer6_.card_num as card_num4_5_6_, customer6_.employee as employee8_5_6_, customer6_.date as date5_5_6_, customer6_.name as name6_5_6_, customer6_.tel as tel7_5_6_, customer6_.registype as registyp9_5_6_, customer6_.job as job10_5_6_, job7_.job_id as job_id1_8_7_, job7_.job as job2_8_7_ from job job0_ left outer join job_cus cus1_ on job0_.job_id=cus1_.job_job_id left outer join customer customer2_ on cus1_.cus_customer_id=customer2_.customer_id left outer join employee employee3_ on customer2_.employee=employee3_.employee_id left outer join resgistype registype4_ on customer2_.registype=registype4_.regis_type_id left outer join resgistype_cus cus5_ on registype4_.regis_type_id=cus5_.regis_type_regis_type_id left outer join customer customer6_ on cus5_.cus_customer_id=customer6_.customer_id left outer join job job7_ on customer6_.job=job7_.job_id where job0_.job_id=?
Hibernate: select rent0_.rent_type_renttype_id as rent_typ1_20_0_, rent0_.rent_rent_car_id as rent_ren2_20_0_, rentcar1_.rent_car_id as rent_car1_18_1_, rentcar1_.employee_id as employee5_18_1_, rentcar1_.price as price2_18_1_, rentcar1_.rent_date as rent_dat3_18_1_, rentcar1_.customer_id as customer6_18_1_, rentcar1_.rentday as rentday4_18_1_, rentcar1_.car_id as car_id7_18_1_, rentcar1_.renttype_id as renttype8_18_1_, employee2_.employee_id as employee1_6_2_, employee2_.name as name2_6_2_, employee2_.password as password3_6_2_, employee2_.username as username4_6_2_, customer3_.customer_id as customer1_5_3_, customer3_.address as address2_5_3_, customer3_.age as age3_5_3_, customer3_.card_num as card_num4_5_3_, customer3_.employee as employee8_5_3_, customer3_.date as date5_5_3_, customer3_.name as name6_5_3_, customer3_.tel as tel7_5_3_, customer3_.registype as registyp9_5_3_, customer3_.job as job10_5_3_, employee4_.employee_id as employee1_6_4_, employee4_.name as name2_6_4_, employee4_.password as password3_6_4_, employee4_.username as username4_6_4_, registype5_.regis_type_id as regis_ty1_23_5_, registype5_.type as type2_23_5_, job6_.job_id as job_id1_8_6_, job6_.job as job2_8_6_, car7_.car_id as car_id1_2_7_, car7_.brand_id as brand_id4_2_7_, car7_.seat_id as seat_id5_2_7_, car7_.employee_id as employee6_2_7_, car7_.plate as plate2_2_7_, car7_.province_id as province7_2_7_, car7_.vin as vin3_2_7_, brand8_.brand_id as brand_id1_0_8_, brand8_.brand as brand2_0_8_, carseat9_.seat_id as seat_id1_3_9_, carseat9_.carseat as carseat2_3_9_, employee10_.employee_id as employee1_6_10_, employee10_.name as name2_6_10_, employee10_.password as password3_6_10_, employee10_.username as username4_6_10_, province11_.province_id as province1_16_11_, province11_.province as province2_16_11_, renttype12_.renttype_id as renttype1_19_12_, renttype12_.nametype as nametype2_19_12_, renttype12_.unitprice as unitpric3_19_12_ from renttype_rent rent0_ inner join rent_car rentcar1_ on rent0_.rent_rent_car_id=rentcar1_.rent_car_id inner join employee employee2_ on rentcar1_.employee_id=employee2_.employee_id inner join customer customer3_ on rentcar1_.customer_id=customer3_.customer_id inner join employee employee4_ on customer3_.employee=employee4_.employee_id inner join resgistype registype5_ on customer3_.registype=registype5_.regis_type_id inner join job job6_ on customer3_.job=job6_.job_id inner join car car7_ on rentcar1_.car_id=car7_.car_id inner join brand brand8_ on car7_.brand_id=brand8_.brand_id inner join carseat carseat9_ on car7_.seat_id=carseat9_.seat_id inner join employee employee10_ on car7_.employee_id=employee10_.employee_id inner join plateprovince province11_ on car7_.province_id=province11_.province_id inner join renttype renttype12_ on rentcar1_.renttype_id=renttype12_.renttype_id where rent0_.rent_type_renttype_id=?
Hibernate: select car0_.province_province_id as province1_17_0_, car0_.car_car_id as car_car_2_17_0_, car1_.car_id as car_id1_2_1_, car1_.brand_id as brand_id4_2_1_, car1_.seat_id as seat_id5_2_1_, car1_.employee_id as employee6_2_1_, car1_.plate as plate2_2_1_, car1_.province_id as province7_2_1_, car1_.vin as vin3_2_1_, brand2_.brand_id as brand_id1_0_2_, brand2_.brand as brand2_0_2_, carseat3_.seat_id as seat_id1_3_3_, carseat3_.carseat as carseat2_3_3_, employee4_.employee_id as employee1_6_4_, employee4_.name as name2_6_4_, employee4_.password as password3_6_4_, employee4_.username as username4_6_4_, province5_.province_id as province1_16_5_, province5_.province as province2_16_5_ from plateprovince_car car0_ inner join car car1_ on car0_.car_car_id=car1_.car_id inner join brand brand2_ on car1_.brand_id=brand2_.brand_id inner join carseat carseat3_ on car1_.seat_id=carseat3_.seat_id inner join employee employee4_ on car1_.employee_id=employee4_.employee_id inner join plateprovince province5_ on car1_.province_id=province5_.province_id where car0_.province_province_id=?
Hibernate: select car0_.carseat_seat_id as carseat_1_4_0_, car0_.car_car_id as car_car_2_4_0_, car1_.car_id as car_id1_2_1_, car1_.brand_id as brand_id4_2_1_, car1_.seat_id as seat_id5_2_1_, car1_.employee_id as employee6_2_1_, car1_.plate as plate2_2_1_, car1_.province_id as province7_2_1_, car1_.vin as vin3_2_1_, brand2_.brand_id as brand_id1_0_2_, brand2_.brand as brand2_0_2_, carseat3_.seat_id as seat_id1_3_3_, carseat3_.carseat as carseat2_3_3_, employee4_.employee_id as employee1_6_4_, employee4_.name as name2_6_4_, employee4_.password as password3_6_4_, employee4_.username as username4_6_4_, province5_.province_id as province1_16_5_, province5_.province as province2_16_5_ from carseat_car car0_ inner join car car1_ on car0_.car_car_id=car1_.car_id inner join brand brand2_ on car1_.brand_id=brand2_.brand_id inner join carseat carseat3_ on car1_.seat_id=carseat3_.seat_id inner join employee employee4_ on car1_.employee_id=employee4_.employee_id inner join plateprovince province5_ on car1_.province_id=province5_.province_id where car0_.carseat_seat_id=?
Hibernate: select car0_.brand_brand_id as brand_br1_1_0_, car0_.car_car_id as car_car_2_1_0_, car1_.car_id as car_id1_2_1_, car1_.brand_id as brand_id4_2_1_, car1_.seat_id as seat_id5_2_1_, car1_.employee_id as employee6_2_1_, car1_.plate as plate2_2_1_, car1_.province_id as province7_2_1_, car1_.vin as vin3_2_1_, brand2_.brand_id as brand_id1_0_2_, brand2_.brand as brand2_0_2_, carseat3_.seat_id as seat_id1_3_3_, carseat3_.carseat as carseat2_3_3_, employee4_.employee_id as employee1_6_4_, employee4_.name as name2_6_4_, employee4_.password as password3_6_4_, employee4_.username as username4_6_4_, province5_.province_id as province1_16_5_, province5_.province as province2_16_5_ from brand_car car0_ inner join car car1_ on car0_.car_car_id=car1_.car_id inner join brand brand2_ on car1_.brand_id=brand2_.brand_id inner join carseat carseat3_ on car1_.seat_id=carseat3_.seat_id inner join employee employee4_ on car1_.employee_id=employee4_.employee_id inner join plateprovince province5_ on car1_.province_id=province5_.province_id where car0_.brand_brand_id=?
Hibernate: select paymentopt0_.options_id as options_1_14_0_, paymentopt0_.name as name2_14_0_, pay1_.payment_options_options_id as payment_1_15_1_, payment2_.payment_id as pay_paym2_15_1_, payment2_.payment_id as payment_1_13_2_, payment2_.employee_id as employee4_13_2_, payment2_.date as date2_13_2_, payment2_.note as note3_13_2_, payment2_.options_id as options_5_13_2_, payment2_.rent_car_id as rent_car6_13_2_, employee3_.employee_id as employee1_6_3_, employee3_.name as name2_6_3_, employee3_.password as password3_6_3_, employee3_.username as username4_6_3_, paymentopt4_.options_id as options_1_14_4_, paymentopt4_.name as name2_14_4_, rentcar5_.rent_car_id as rent_car1_18_5_, rentcar5_.employee_id as employee5_18_5_, rentcar5_.price as price2_18_5_, rentcar5_.rent_date as rent_dat3_18_5_, rentcar5_.customer_id as customer6_18_5_, rentcar5_.rentday as rentday4_18_5_, rentcar5_.car_id as car_id7_18_5_, rentcar5_.renttype_id as renttype8_18_5_, employee6_.employee_id as employee1_6_6_, employee6_.name as name2_6_6_, employee6_.password as password3_6_6_, employee6_.username as username4_6_6_, customer7_.customer_id as customer1_5_7_, customer7_.address as address2_5_7_, customer7_.age as age3_5_7_, customer7_.card_num as card_num4_5_7_, customer7_.employee as employee8_5_7_, customer7_.date as date5_5_7_, customer7_.name as name6_5_7_, customer7_.tel as tel7_5_7_, customer7_.registype as registyp9_5_7_, customer7_.job as job10_5_7_, employee8_.employee_id as employee1_6_8_, employee8_.name as name2_6_8_, employee8_.password as password3_6_8_, employee8_.username as username4_6_8_, registype9_.regis_type_id as regis_ty1_23_9_, registype9_.type as type2_23_9_, cus10_.regis_type_regis_type_id as regis_ty1_24_10_, customer11_.customer_id as cus_cust2_24_10_, customer11_.customer_id as customer1_5_11_, customer11_.address as address2_5_11_, customer11_.age as age3_5_11_, customer11_.card_num as card_num4_5_11_, customer11_.employee as employee8_5_11_, customer11_.date as date5_5_11_, customer11_.name as name6_5_11_, customer11_.tel as tel7_5_11_, customer11_.registype as registyp9_5_11_, customer11_.job as job10_5_11_, job12_.job_id as job_id1_8_12_, job12_.job as job2_8_12_, cus13_.job_job_id as job_job_1_9_13_, customer14_.customer_id as cus_cust2_9_13_, customer14_.customer_id as customer1_5_14_, customer14_.address as address2_5_14_, customer14_.age as age3_5_14_, customer14_.card_num as card_num4_5_14_, customer14_.employee as employee8_5_14_, customer14_.date as date5_5_14_, customer14_.name as name6_5_14_, customer14_.tel as tel7_5_14_, customer14_.registype as registyp9_5_14_, customer14_.job as job10_5_14_, car15_.car_id as car_id1_2_15_, car15_.brand_id as brand_id4_2_15_, car15_.seat_id as seat_id5_2_15_, car15_.employee_id as employee6_2_15_, car15_.plate as plate2_2_15_, car15_.province_id as province7_2_15_, car15_.vin as vin3_2_15_, brand16_.brand_id as brand_id1_0_16_, brand16_.brand as brand2_0_16_, carseat17_.seat_id as seat_id1_3_17_, carseat17_.carseat as carseat2_3_17_, employee18_.employee_id as employee1_6_18_, employee18_.name as name2_6_18_, employee18_.password as password3_6_18_, employee18_.username as username4_6_18_, province19_.province_id as province1_16_19_, province19_.province as province2_16_19_, renttype20_.renttype_id as renttype1_19_20_, renttype20_.nametype as nametype2_19_20_, renttype20_.unitprice as unitpric3_19_20_ from payment_options paymentopt0_ left outer join payment_options_pay pay1_ on paymentopt0_.options_id=pay1_.payment_options_options_id left outer join payment payment2_ on pay1_.pay_payment_id=payment2_.payment_id left outer join employee employee3_ on payment2_.employee_id=employee3_.employee_id left outer join payment_options paymentopt4_ on payment2_.options_id=paymentopt4_.options_id left outer join rent_car rentcar5_ on payment2_.rent_car_id=rentcar5_.rent_car_id left outer join employee employee6_ on rentcar5_.employee_id=employee6_.employee_id left outer join customer customer7_ on rentcar5_.customer_id=customer7_.customer_id left outer join employee employee8_ on customer7_.employee=employee8_.employee_id left outer join resgistype registype9_ on customer7_.registype=registype9_.regis_type_id left outer join resgistype_cus cus10_ on registype9_.regis_type_id=cus10_.regis_type_regis_type_id left outer join customer customer11_ on cus10_.cus_customer_id=customer11_.customer_id left outer join job job12_ on customer11_.job=job12_.job_id left outer join job_cus cus13_ on job12_.job_id=cus13_.job_job_id left outer join customer customer14_ on cus13_.cus_customer_id=customer14_.customer_id left outer join car car15_ on rentcar5_.car_id=car15_.car_id left outer join brand brand16_ on car15_.brand_id=brand16_.brand_id left outer join carseat carseat17_ on car15_.seat_id=carseat17_.seat_id left outer join employee employee18_ on car15_.employee_id=employee18_.employee_id left outer join plateprovince province19_ on car15_.province_id=province19_.province_id left outer join renttype renttype20_ on rentcar5_.renttype_id=renttype20_.renttype_id where paymentopt0_.options_id=?
2020-09-03 02:18:25.814  INFO 16248 --- [    Test worker] o.s.t.c.transaction.TransactionContext   : Rolled back transaction for test: [DefaultTestContext@6b673b93 testClass = PaymentTest, testInstance = com.cpe.backend.PaymentTest@10119970, testMethod = b6008611_test_Note_MustNotBeNull@PaymentTest, testException = [null], mergedContextConfiguration = [MergedContextConfiguration@33f6fbf6 testClass = PaymentTest, locations = '{}', classes = '{class com.cpe.backend.BackendApplication}', contextInitializerClasses = '[]', activeProfiles = '{}', propertySourceLocations = '{}', propertySourceProperties = '{org.springframework.boot.test.autoconfigure.orm.jpa.DataJpaTestContextBootstrapper=true}', contextCustomizers = set[org.springframework.boot.test.autoconfigure.OverrideAutoConfigurationContextCustomizerFactory$DisableAutoConfigurationContextCustomizer@600a0600, org.springframework.boot.test.autoconfigure.filter.TypeExcludeFiltersContextCustomizer@351584c0, org.springframework.boot.test.autoconfigure.properties.PropertyMappingContextCustomizer@c661b2e0, org.springframework.boot.test.autoconfigure.web.servlet.WebDriverContextCustomizerFactory$Customizer@455d7357, [ImportsContextCustomizer@180d8d1 key = [org.springframework.boot.autoconfigure.cache.CacheAutoConfiguration, org.springframework.boot.autoconfigure.data.jpa.JpaRepositoriesAutoConfiguration, org.springframework.boot.autoconfigure.flyway.FlywayAutoConfiguration, org.springframework.boot.autoconfigure.jdbc.DataSourceAutoConfiguration, org.springframework.boot.autoconfigure.jdbc.DataSourceTransactionManagerAutoConfiguration, org.springframework.boot.autoconfigure.jdbc.JdbcTemplateAutoConfiguration, org.springframework.boot.autoconfigure.liquibase.LiquibaseAutoConfiguration, org.springframework.boot.autoconfigure.orm.jpa.HibernateJpaAutoConfiguration, org.springframework.boot.autoconfigure.transaction.TransactionAutoConfiguration, org.springframework.boot.test.autoconfigure.jdbc.TestDatabaseAutoConfiguration, org.springframework.boot.test.autoconfigure.orm.jpa.TestEntityManagerAutoConfiguration]], org.springframework.boot.test.context.filter.ExcludeFilterContextCustomizer@405e3a34, org.springframework.boot.test.json.DuplicateJsonObjectContextCustomizerFactory$DuplicateJsonObjectContextCustomizer@38574ceb, org.springframework.boot.test.mock.mockito.MockitoContextCustomizer@0], contextLoader = 'org.springframework.boot.test.context.SpringBootContextLoader', parent = [null]], attributes = map[[empty]]]
2020-09-03 02:18:25.816  INFO 16248 --- [    Test worker] o.s.t.c.transaction.TransactionContext   : Began transaction (1) for test context [DefaultTestContext@6b673b93 testClass = PaymentTest, testInstance = com.cpe.backend.PaymentTest@7d15a19d, testMethod = b6008611_test_Note_Pattern@PaymentTest, testException = [null], mergedContextConfiguration = [MergedContextConfiguration@33f6fbf6 testClass = PaymentTest, locations = '{}', classes = '{class com.cpe.backend.BackendApplication}', contextInitializerClasses = '[]', activeProfiles = '{}', propertySourceLocations = '{}', propertySourceProperties = '{org.springframework.boot.test.autoconfigure.orm.jpa.DataJpaTestContextBootstrapper=true}', contextCustomizers = set[org.springframework.boot.test.autoconfigure.OverrideAutoConfigurationContextCustomizerFactory$DisableAutoConfigurationContextCustomizer@600a0600, org.springframework.boot.test.autoconfigure.filter.TypeExcludeFiltersContextCustomizer@351584c0, org.springframework.boot.test.autoconfigure.properties.PropertyMappingContextCustomizer@c661b2e0, org.springframework.boot.test.autoconfigure.web.servlet.WebDriverContextCustomizerFactory$Customizer@455d7357, [ImportsContextCustomizer@180d8d1 key = [org.springframework.boot.autoconfigure.cache.CacheAutoConfiguration, org.springframework.boot.autoconfigure.data.jpa.JpaRepositoriesAutoConfiguration, org.springframework.boot.autoconfigure.flyway.FlywayAutoConfiguration, org.springframework.boot.autoconfigure.jdbc.DataSourceAutoConfiguration, org.springframework.boot.autoconfigure.jdbc.DataSourceTransactionManagerAutoConfiguration, org.springframework.boot.autoconfigure.jdbc.JdbcTemplateAutoConfiguration, org.springframework.boot.autoconfigure.liquibase.LiquibaseAutoConfiguration, org.springframework.boot.autoconfigure.orm.jpa.HibernateJpaAutoConfiguration, org.springframework.boot.autoconfigure.transaction.TransactionAutoConfiguration, org.springframework.boot.test.autoconfigure.jdbc.TestDatabaseAutoConfiguration, org.springframework.boot.test.autoconfigure.orm.jpa.TestEntityManagerAutoConfiguration]], org.springframework.boot.test.context.filter.ExcludeFilterContextCustomizer@405e3a34, org.springframework.boot.test.json.DuplicateJsonObjectContextCustomizerFactory$DuplicateJsonObjectContextCustomizer@38574ceb, org.springframework.boot.test.mock.mockito.MockitoContextCustomizer@0], contextLoader = 'org.springframework.boot.test.context.SpringBootContextLoader', parent = [null]], attributes = map[[empty]]]; transaction manager [org.springframework.orm.jpa.JpaTransactionManager@1f778eb1]; rollback [true]
Hibernate: select employee0_.employee_id as employee1_6_0_, employee0_.name as name2_6_0_, employee0_.password as password3_6_0_, employee0_.username as username4_6_0_ from employee employee0_ where employee0_.employee_id=?
Hibernate: select rent0_.employee_employee_id as employee1_7_0_, rent0_.rent_rent_car_id as rent_ren2_7_0_, rentcar1_.rent_car_id as rent_car1_18_1_, rentcar1_.employee_id as employee5_18_1_, rentcar1_.price as price2_18_1_, rentcar1_.rent_date as rent_dat3_18_1_, rentcar1_.customer_id as customer6_18_1_, rentcar1_.rentday as rentday4_18_1_, rentcar1_.car_id as car_id7_18_1_, rentcar1_.renttype_id as renttype8_18_1_, employee2_.employee_id as employee1_6_2_, employee2_.name as name2_6_2_, employee2_.password as password3_6_2_, employee2_.username as username4_6_2_, customer3_.customer_id as customer1_5_3_, customer3_.address as address2_5_3_, customer3_.age as age3_5_3_, customer3_.card_num as card_num4_5_3_, customer3_.employee as employee8_5_3_, customer3_.date as date5_5_3_, customer3_.name as name6_5_3_, customer3_.tel as tel7_5_3_, customer3_.registype as registyp9_5_3_, customer3_.job as job10_5_3_, employee4_.employee_id as employee1_6_4_, employee4_.name as name2_6_4_, employee4_.password as password3_6_4_, employee4_.username as username4_6_4_, registype5_.regis_type_id as regis_ty1_23_5_, registype5_.type as type2_23_5_, job6_.job_id as job_id1_8_6_, job6_.job as job2_8_6_, car7_.car_id as car_id1_2_7_, car7_.brand_id as brand_id4_2_7_, car7_.seat_id as seat_id5_2_7_, car7_.employee_id as employee6_2_7_, car7_.plate as plate2_2_7_, car7_.province_id as province7_2_7_, car7_.vin as vin3_2_7_, brand8_.brand_id as brand_id1_0_8_, brand8_.brand as brand2_0_8_, carseat9_.seat_id as seat_id1_3_9_, carseat9_.carseat as carseat2_3_9_, employee10_.employee_id as employee1_6_10_, employee10_.name as name2_6_10_, employee10_.password as password3_6_10_, employee10_.username as username4_6_10_, province11_.province_id as province1_16_11_, province11_.province as province2_16_11_, renttype12_.renttype_id as renttype1_19_12_, renttype12_.nametype as nametype2_19_12_, renttype12_.unitprice as unitpric3_19_12_ from employee_rent rent0_ inner join rent_car rentcar1_ on rent0_.rent_rent_car_id=rentcar1_.rent_car_id inner join employee employee2_ on rentcar1_.employee_id=employee2_.employee_id inner join customer customer3_ on rentcar1_.customer_id=customer3_.customer_id inner join employee employee4_ on customer3_.employee=employee4_.employee_id inner join resgistype registype5_ on customer3_.registype=registype5_.regis_type_id inner join job job6_ on customer3_.job=job6_.job_id inner join car car7_ on rentcar1_.car_id=car7_.car_id inner join brand brand8_ on car7_.brand_id=brand8_.brand_id inner join carseat carseat9_ on car7_.seat_id=carseat9_.seat_id inner join employee employee10_ on car7_.employee_id=employee10_.employee_id inner join plateprovince province11_ on car7_.province_id=province11_.province_id inner join renttype renttype12_ on rentcar1_.renttype_id=renttype12_.renttype_id where rent0_.employee_employee_id=?
Hibernate: select rentcar0_.rent_car_id as rent_car1_18_0_, rentcar0_.employee_id as employee5_18_0_, rentcar0_.price as price2_18_0_, rentcar0_.rent_date as rent_dat3_18_0_, rentcar0_.customer_id as customer6_18_0_, rentcar0_.rentday as rentday4_18_0_, rentcar0_.car_id as car_id7_18_0_, rentcar0_.renttype_id as renttype8_18_0_, employee1_.employee_id as employee1_6_1_, employee1_.name as name2_6_1_, employee1_.password as password3_6_1_, employee1_.username as username4_6_1_, customer2_.customer_id as customer1_5_2_, customer2_.address as address2_5_2_, customer2_.age as age3_5_2_, customer2_.card_num as card_num4_5_2_, customer2_.employee as employee8_5_2_, customer2_.date as date5_5_2_, customer2_.name as name6_5_2_, customer2_.tel as tel7_5_2_, customer2_.registype as registyp9_5_2_, customer2_.job as job10_5_2_, employee3_.employee_id as employee1_6_3_, employee3_.name as name2_6_3_, employee3_.password as password3_6_3_, employee3_.username as username4_6_3_, registype4_.regis_type_id as regis_ty1_23_4_, registype4_.type as type2_23_4_, cus5_.regis_type_regis_type_id as regis_ty1_24_5_, customer6_.customer_id as cus_cust2_24_5_, customer6_.customer_id as customer1_5_6_, customer6_.address as address2_5_6_, customer6_.age as age3_5_6_, customer6_.card_num as card_num4_5_6_, customer6_.employee as employee8_5_6_, customer6_.date as date5_5_6_, customer6_.name as name6_5_6_, customer6_.tel as tel7_5_6_, customer6_.registype as registyp9_5_6_, customer6_.job as job10_5_6_, job7_.job_id as job_id1_8_7_, job7_.job as job2_8_7_, cus8_.job_job_id as job_job_1_9_8_, customer9_.customer_id as cus_cust2_9_8_, customer9_.customer_id as customer1_5_9_, customer9_.address as address2_5_9_, customer9_.age as age3_5_9_, customer9_.card_num as card_num4_5_9_, customer9_.employee as employee8_5_9_, customer9_.date as date5_5_9_, customer9_.name as name6_5_9_, customer9_.tel as tel7_5_9_, customer9_.registype as registyp9_5_9_, customer9_.job as job10_5_9_, car10_.car_id as car_id1_2_10_, car10_.brand_id as brand_id4_2_10_, car10_.seat_id as seat_id5_2_10_, car10_.employee_id as employee6_2_10_, car10_.plate as plate2_2_10_, car10_.province_id as province7_2_10_, car10_.vin as vin3_2_10_, brand11_.brand_id as brand_id1_0_11_, brand11_.brand as brand2_0_11_, carseat12_.seat_id as seat_id1_3_12_, carseat12_.carseat as carseat2_3_12_, employee13_.employee_id as employee1_6_13_, employee13_.name as name2_6_13_, employee13_.password as password3_6_13_, employee13_.username as username4_6_13_, province14_.province_id as province1_16_14_, province14_.province as province2_16_14_, renttype15_.renttype_id as renttype1_19_15_, renttype15_.nametype as nametype2_19_15_, renttype15_.unitprice as unitpric3_19_15_ from rent_car rentcar0_ inner join employee employee1_ on rentcar0_.employee_id=employee1_.employee_id inner join customer customer2_ on rentcar0_.customer_id=customer2_.customer_id inner join employee employee3_ on customer2_.employee=employee3_.employee_id inner join resgistype registype4_ on customer2_.registype=registype4_.regis_type_id left outer join resgistype_cus cus5_ on registype4_.regis_type_id=cus5_.regis_type_regis_type_id left outer join customer customer6_ on cus5_.cus_customer_id=customer6_.customer_id left outer join job job7_ on customer6_.job=job7_.job_id left outer join job_cus cus8_ on job7_.job_id=cus8_.job_job_id left outer join customer customer9_ on cus8_.cus_customer_id=customer9_.customer_id inner join car car10_ on rentcar0_.car_id=car10_.car_id inner join brand brand11_ on car10_.brand_id=brand11_.brand_id inner join carseat carseat12_ on car10_.seat_id=carseat12_.seat_id inner join employee employee13_ on car10_.employee_id=employee13_.employee_id inner join plateprovince province14_ on car10_.province_id=province14_.province_id inner join renttype renttype15_ on rentcar0_.renttype_id=renttype15_.renttype_id where rentcar0_.rent_car_id=?
Hibernate: select job0_.job_id as job_id1_8_0_, job0_.job as job2_8_0_, cus1_.job_job_id as job_job_1_9_1_, customer2_.customer_id as cus_cust2_9_1_, customer2_.customer_id as customer1_5_2_, customer2_.address as address2_5_2_, customer2_.age as age3_5_2_, customer2_.card_num as card_num4_5_2_, customer2_.employee as employee8_5_2_, customer2_.date as date5_5_2_, customer2_.name as name6_5_2_, customer2_.tel as tel7_5_2_, customer2_.registype as registyp9_5_2_, customer2_.job as job10_5_2_, employee3_.employee_id as employee1_6_3_, employee3_.name as name2_6_3_, employee3_.password as password3_6_3_, employee3_.username as username4_6_3_, registype4_.regis_type_id as regis_ty1_23_4_, registype4_.type as type2_23_4_, cus5_.regis_type_regis_type_id as regis_ty1_24_5_, customer6_.customer_id as cus_cust2_24_5_, customer6_.customer_id as customer1_5_6_, customer6_.address as address2_5_6_, customer6_.age as age3_5_6_, customer6_.card_num as card_num4_5_6_, customer6_.employee as employee8_5_6_, customer6_.date as date5_5_6_, customer6_.name as name6_5_6_, customer6_.tel as tel7_5_6_, customer6_.registype as registyp9_5_6_, customer6_.job as job10_5_6_, job7_.job_id as job_id1_8_7_, job7_.job as job2_8_7_ from job job0_ left outer join job_cus cus1_ on job0_.job_id=cus1_.job_job_id left outer join customer customer2_ on cus1_.cus_customer_id=customer2_.customer_id left outer join employee employee3_ on customer2_.employee=employee3_.employee_id left outer join resgistype registype4_ on customer2_.registype=registype4_.regis_type_id left outer join resgistype_cus cus5_ on registype4_.regis_type_id=cus5_.regis_type_regis_type_id left outer join customer customer6_ on cus5_.cus_customer_id=customer6_.customer_id left outer join job job7_ on customer6_.job=job7_.job_id where job0_.job_id=?
Hibernate: select rent0_.rent_type_renttype_id as rent_typ1_20_0_, rent0_.rent_rent_car_id as rent_ren2_20_0_, rentcar1_.rent_car_id as rent_car1_18_1_, rentcar1_.employee_id as employee5_18_1_, rentcar1_.price as price2_18_1_, rentcar1_.rent_date as rent_dat3_18_1_, rentcar1_.customer_id as customer6_18_1_, rentcar1_.rentday as rentday4_18_1_, rentcar1_.car_id as car_id7_18_1_, rentcar1_.renttype_id as renttype8_18_1_, employee2_.employee_id as employee1_6_2_, employee2_.name as name2_6_2_, employee2_.password as password3_6_2_, employee2_.username as username4_6_2_, customer3_.customer_id as customer1_5_3_, customer3_.address as address2_5_3_, customer3_.age as age3_5_3_, customer3_.card_num as card_num4_5_3_, customer3_.employee as employee8_5_3_, customer3_.date as date5_5_3_, customer3_.name as name6_5_3_, customer3_.tel as tel7_5_3_, customer3_.registype as registyp9_5_3_, customer3_.job as job10_5_3_, employee4_.employee_id as employee1_6_4_, employee4_.name as name2_6_4_, employee4_.password as password3_6_4_, employee4_.username as username4_6_4_, registype5_.regis_type_id as regis_ty1_23_5_, registype5_.type as type2_23_5_, job6_.job_id as job_id1_8_6_, job6_.job as job2_8_6_, car7_.car_id as car_id1_2_7_, car7_.brand_id as brand_id4_2_7_, car7_.seat_id as seat_id5_2_7_, car7_.employee_id as employee6_2_7_, car7_.plate as plate2_2_7_, car7_.province_id as province7_2_7_, car7_.vin as vin3_2_7_, brand8_.brand_id as brand_id1_0_8_, brand8_.brand as brand2_0_8_, carseat9_.seat_id as seat_id1_3_9_, carseat9_.carseat as carseat2_3_9_, employee10_.employee_id as employee1_6_10_, employee10_.name as name2_6_10_, employee10_.password as password3_6_10_, employee10_.username as username4_6_10_, province11_.province_id as province1_16_11_, province11_.province as province2_16_11_, renttype12_.renttype_id as renttype1_19_12_, renttype12_.nametype as nametype2_19_12_, renttype12_.unitprice as unitpric3_19_12_ from renttype_rent rent0_ inner join rent_car rentcar1_ on rent0_.rent_rent_car_id=rentcar1_.rent_car_id inner join employee employee2_ on rentcar1_.employee_id=employee2_.employee_id inner join customer customer3_ on rentcar1_.customer_id=customer3_.customer_id inner join employee employee4_ on customer3_.employee=employee4_.employee_id inner join resgistype registype5_ on customer3_.registype=registype5_.regis_type_id inner join job job6_ on customer3_.job=job6_.job_id inner join car car7_ on rentcar1_.car_id=car7_.car_id inner join brand brand8_ on car7_.brand_id=brand8_.brand_id inner join carseat carseat9_ on car7_.seat_id=carseat9_.seat_id inner join employee employee10_ on car7_.employee_id=employee10_.employee_id inner join plateprovince province11_ on car7_.province_id=province11_.province_id inner join renttype renttype12_ on rentcar1_.renttype_id=renttype12_.renttype_id where rent0_.rent_type_renttype_id=?
Hibernate: select car0_.province_province_id as province1_17_0_, car0_.car_car_id as car_car_2_17_0_, car1_.car_id as car_id1_2_1_, car1_.brand_id as brand_id4_2_1_, car1_.seat_id as seat_id5_2_1_, car1_.employee_id as employee6_2_1_, car1_.plate as plate2_2_1_, car1_.province_id as province7_2_1_, car1_.vin as vin3_2_1_, brand2_.brand_id as brand_id1_0_2_, brand2_.brand as brand2_0_2_, carseat3_.seat_id as seat_id1_3_3_, carseat3_.carseat as carseat2_3_3_, employee4_.employee_id as employee1_6_4_, employee4_.name as name2_6_4_, employee4_.password as password3_6_4_, employee4_.username as username4_6_4_, province5_.province_id as province1_16_5_, province5_.province as province2_16_5_ from plateprovince_car car0_ inner join car car1_ on car0_.car_car_id=car1_.car_id inner join brand brand2_ on car1_.brand_id=brand2_.brand_id inner join carseat carseat3_ on car1_.seat_id=carseat3_.seat_id inner join employee employee4_ on car1_.employee_id=employee4_.employee_id inner join plateprovince province5_ on car1_.province_id=province5_.province_id where car0_.province_province_id=?
Hibernate: select car0_.carseat_seat_id as carseat_1_4_0_, car0_.car_car_id as car_car_2_4_0_, car1_.car_id as car_id1_2_1_, car1_.brand_id as brand_id4_2_1_, car1_.seat_id as seat_id5_2_1_, car1_.employee_id as employee6_2_1_, car1_.plate as plate2_2_1_, car1_.province_id as province7_2_1_, car1_.vin as vin3_2_1_, brand2_.brand_id as brand_id1_0_2_, brand2_.brand as brand2_0_2_, carseat3_.seat_id as seat_id1_3_3_, carseat3_.carseat as carseat2_3_3_, employee4_.employee_id as employee1_6_4_, employee4_.name as name2_6_4_, employee4_.password as password3_6_4_, employee4_.username as username4_6_4_, province5_.province_id as province1_16_5_, province5_.province as province2_16_5_ from carseat_car car0_ inner join car car1_ on car0_.car_car_id=car1_.car_id inner join brand brand2_ on car1_.brand_id=brand2_.brand_id inner join carseat carseat3_ on car1_.seat_id=carseat3_.seat_id inner join employee employee4_ on car1_.employee_id=employee4_.employee_id inner join plateprovince province5_ on car1_.province_id=province5_.province_id where car0_.carseat_seat_id=?
Hibernate: select car0_.brand_brand_id as brand_br1_1_0_, car0_.car_car_id as car_car_2_1_0_, car1_.car_id as car_id1_2_1_, car1_.brand_id as brand_id4_2_1_, car1_.seat_id as seat_id5_2_1_, car1_.employee_id as employee6_2_1_, car1_.plate as plate2_2_1_, car1_.province_id as province7_2_1_, car1_.vin as vin3_2_1_, brand2_.brand_id as brand_id1_0_2_, brand2_.brand as brand2_0_2_, carseat3_.seat_id as seat_id1_3_3_, carseat3_.carseat as carseat2_3_3_, employee4_.employee_id as employee1_6_4_, employee4_.name as name2_6_4_, employee4_.password as password3_6_4_, employee4_.username as username4_6_4_, province5_.province_id as province1_16_5_, province5_.province as province2_16_5_ from brand_car car0_ inner join car car1_ on car0_.car_car_id=car1_.car_id inner join brand brand2_ on car1_.brand_id=brand2_.brand_id inner join carseat carseat3_ on car1_.seat_id=carseat3_.seat_id inner join employee employee4_ on car1_.employee_id=employee4_.employee_id inner join plateprovince province5_ on car1_.province_id=province5_.province_id where car0_.brand_brand_id=?
Hibernate: select paymentopt0_.options_id as options_1_14_0_, paymentopt0_.name as name2_14_0_, pay1_.payment_options_options_id as payment_1_15_1_, payment2_.payment_id as pay_paym2_15_1_, payment2_.payment_id as payment_1_13_2_, payment2_.employee_id as employee4_13_2_, payment2_.date as date2_13_2_, payment2_.note as note3_13_2_, payment2_.options_id as options_5_13_2_, payment2_.rent_car_id as rent_car6_13_2_, employee3_.employee_id as employee1_6_3_, employee3_.name as name2_6_3_, employee3_.password as password3_6_3_, employee3_.username as username4_6_3_, paymentopt4_.options_id as options_1_14_4_, paymentopt4_.name as name2_14_4_, rentcar5_.rent_car_id as rent_car1_18_5_, rentcar5_.employee_id as employee5_18_5_, rentcar5_.price as price2_18_5_, rentcar5_.rent_date as rent_dat3_18_5_, rentcar5_.customer_id as customer6_18_5_, rentcar5_.rentday as rentday4_18_5_, rentcar5_.car_id as car_id7_18_5_, rentcar5_.renttype_id as renttype8_18_5_, employee6_.employee_id as employee1_6_6_, employee6_.name as name2_6_6_, employee6_.password as password3_6_6_, employee6_.username as username4_6_6_, customer7_.customer_id as customer1_5_7_, customer7_.address as address2_5_7_, customer7_.age as age3_5_7_, customer7_.card_num as card_num4_5_7_, customer7_.employee as employee8_5_7_, customer7_.date as date5_5_7_, customer7_.name as name6_5_7_, customer7_.tel as tel7_5_7_, customer7_.registype as registyp9_5_7_, customer7_.job as job10_5_7_, employee8_.employee_id as employee1_6_8_, employee8_.name as name2_6_8_, employee8_.password as password3_6_8_, employee8_.username as username4_6_8_, registype9_.regis_type_id as regis_ty1_23_9_, registype9_.type as type2_23_9_, cus10_.regis_type_regis_type_id as regis_ty1_24_10_, customer11_.customer_id as cus_cust2_24_10_, customer11_.customer_id as customer1_5_11_, customer11_.address as address2_5_11_, customer11_.age as age3_5_11_, customer11_.card_num as card_num4_5_11_, customer11_.employee as employee8_5_11_, customer11_.date as date5_5_11_, customer11_.name as name6_5_11_, customer11_.tel as tel7_5_11_, customer11_.registype as registyp9_5_11_, customer11_.job as job10_5_11_, job12_.job_id as job_id1_8_12_, job12_.job as job2_8_12_, cus13_.job_job_id as job_job_1_9_13_, customer14_.customer_id as cus_cust2_9_13_, customer14_.customer_id as customer1_5_14_, customer14_.address as address2_5_14_, customer14_.age as age3_5_14_, customer14_.card_num as card_num4_5_14_, customer14_.employee as employee8_5_14_, customer14_.date as date5_5_14_, customer14_.name as name6_5_14_, customer14_.tel as tel7_5_14_, customer14_.registype as registyp9_5_14_, customer14_.job as job10_5_14_, car15_.car_id as car_id1_2_15_, car15_.brand_id as brand_id4_2_15_, car15_.seat_id as seat_id5_2_15_, car15_.employee_id as employee6_2_15_, car15_.plate as plate2_2_15_, car15_.province_id as province7_2_15_, car15_.vin as vin3_2_15_, brand16_.brand_id as brand_id1_0_16_, brand16_.brand as brand2_0_16_, carseat17_.seat_id as seat_id1_3_17_, carseat17_.carseat as carseat2_3_17_, employee18_.employee_id as employee1_6_18_, employee18_.name as name2_6_18_, employee18_.password as password3_6_18_, employee18_.username as username4_6_18_, province19_.province_id as province1_16_19_, province19_.province as province2_16_19_, renttype20_.renttype_id as renttype1_19_20_, renttype20_.nametype as nametype2_19_20_, renttype20_.unitprice as unitpric3_19_20_ from payment_options paymentopt0_ left outer join payment_options_pay pay1_ on paymentopt0_.options_id=pay1_.payment_options_options_id left outer join payment payment2_ on pay1_.pay_payment_id=payment2_.payment_id left outer join employee employee3_ on payment2_.employee_id=employee3_.employee_id left outer join payment_options paymentopt4_ on payment2_.options_id=paymentopt4_.options_id left outer join rent_car rentcar5_ on payment2_.rent_car_id=rentcar5_.rent_car_id left outer join employee employee6_ on rentcar5_.employee_id=employee6_.employee_id left outer join customer customer7_ on rentcar5_.customer_id=customer7_.customer_id left outer join employee employee8_ on customer7_.employee=employee8_.employee_id left outer join resgistype registype9_ on customer7_.registype=registype9_.regis_type_id left outer join resgistype_cus cus10_ on registype9_.regis_type_id=cus10_.regis_type_regis_type_id left outer join customer customer11_ on cus10_.cus_customer_id=customer11_.customer_id left outer join job job12_ on customer11_.job=job12_.job_id left outer join job_cus cus13_ on job12_.job_id=cus13_.job_job_id left outer join customer customer14_ on cus13_.cus_customer_id=customer14_.customer_id left outer join car car15_ on rentcar5_.car_id=car15_.car_id left outer join brand brand16_ on car15_.brand_id=brand16_.brand_id left outer join carseat carseat17_ on car15_.seat_id=carseat17_.seat_id left outer join employee employee18_ on car15_.employee_id=employee18_.employee_id left outer join plateprovince province19_ on car15_.province_id=province19_.province_id left outer join renttype renttype20_ on rentcar5_.renttype_id=renttype20_.renttype_id where paymentopt0_.options_id=?
2020-09-03 02:18:25.851  INFO 16248 --- [    Test worker] o.s.t.c.transaction.TransactionContext   : Rolled back transaction for test: [DefaultTestContext@6b673b93 testClass = PaymentTest, testInstance = com.cpe.backend.PaymentTest@7d15a19d, testMethod = b6008611_test_Note_Pattern@PaymentTest, testException = [null], mergedContextConfiguration = [MergedContextConfiguration@33f6fbf6 testClass = PaymentTest, locations = '{}', classes = '{class com.cpe.backend.BackendApplication}', contextInitializerClasses = '[]', activeProfiles = '{}', propertySourceLocations = '{}', propertySourceProperties = '{org.springframework.boot.test.autoconfigure.orm.jpa.DataJpaTestContextBootstrapper=true}', contextCustomizers = set[org.springframework.boot.test.autoconfigure.OverrideAutoConfigurationContextCustomizerFactory$DisableAutoConfigurationContextCustomizer@600a0600, org.springframework.boot.test.autoconfigure.filter.TypeExcludeFiltersContextCustomizer@351584c0, org.springframework.boot.test.autoconfigure.properties.PropertyMappingContextCustomizer@c661b2e0, org.springframework.boot.test.autoconfigure.web.servlet.WebDriverContextCustomizerFactory$Customizer@455d7357, [ImportsContextCustomizer@180d8d1 key = [org.springframework.boot.autoconfigure.cache.CacheAutoConfiguration, org.springframework.boot.autoconfigure.data.jpa.JpaRepositoriesAutoConfiguration, org.springframework.boot.autoconfigure.flyway.FlywayAutoConfiguration, org.springframework.boot.autoconfigure.jdbc.DataSourceAutoConfiguration, org.springframework.boot.autoconfigure.jdbc.DataSourceTransactionManagerAutoConfiguration, org.springframework.boot.autoconfigure.jdbc.JdbcTemplateAutoConfiguration, org.springframework.boot.autoconfigure.liquibase.LiquibaseAutoConfiguration, org.springframework.boot.autoconfigure.orm.jpa.HibernateJpaAutoConfiguration, org.springframework.boot.autoconfigure.transaction.TransactionAutoConfiguration, org.springframework.boot.test.autoconfigure.jdbc.TestDatabaseAutoConfiguration, org.springframework.boot.test.autoconfigure.orm.jpa.TestEntityManagerAutoConfiguration]], org.springframework.boot.test.context.filter.ExcludeFilterContextCustomizer@405e3a34, org.springframework.boot.test.json.DuplicateJsonObjectContextCustomizerFactory$DuplicateJsonObjectContextCustomizer@38574ceb, org.springframework.boot.test.mock.mockito.MockitoContextCustomizer@0], contextLoader = 'org.springframework.boot.test.context.SpringBootContextLoader', parent = [null]], attributes = map[[empty]]]
2020-09-03 02:18:25.854  INFO 16248 --- [    Test worker] o.s.t.c.transaction.TransactionContext   : Began transaction (1) for test context [DefaultTestContext@6b673b93 testClass = PaymentTest, testInstance = com.cpe.backend.PaymentTest@c8fe7f5, testMethod = b6008611_test_InsertDataOk@PaymentTest, testException = [null], mergedContextConfiguration = [MergedContextConfiguration@33f6fbf6 testClass = PaymentTest, locations = '{}', classes = '{class com.cpe.backend.BackendApplication}', contextInitializerClasses = '[]', activeProfiles = '{}', propertySourceLocations = '{}', propertySourceProperties = '{org.springframework.boot.test.autoconfigure.orm.jpa.DataJpaTestContextBootstrapper=true}', contextCustomizers = set[org.springframework.boot.test.autoconfigure.OverrideAutoConfigurationContextCustomizerFactory$DisableAutoConfigurationContextCustomizer@600a0600, org.springframework.boot.test.autoconfigure.filter.TypeExcludeFiltersContextCustomizer@351584c0, org.springframework.boot.test.autoconfigure.properties.PropertyMappingContextCustomizer@c661b2e0, org.springframework.boot.test.autoconfigure.web.servlet.WebDriverContextCustomizerFactory$Customizer@455d7357, [ImportsContextCustomizer@180d8d1 key = [org.springframework.boot.autoconfigure.cache.CacheAutoConfiguration, org.springframework.boot.autoconfigure.data.jpa.JpaRepositoriesAutoConfiguration, org.springframework.boot.autoconfigure.flyway.FlywayAutoConfiguration, org.springframework.boot.autoconfigure.jdbc.DataSourceAutoConfiguration, org.springframework.boot.autoconfigure.jdbc.DataSourceTransactionManagerAutoConfiguration, org.springframework.boot.autoconfigure.jdbc.JdbcTemplateAutoConfiguration, org.springframework.boot.autoconfigure.liquibase.LiquibaseAutoConfiguration, org.springframework.boot.autoconfigure.orm.jpa.HibernateJpaAutoConfiguration, org.springframework.boot.autoconfigure.transaction.TransactionAutoConfiguration, org.springframework.boot.test.autoconfigure.jdbc.TestDatabaseAutoConfiguration, org.springframework.boot.test.autoconfigure.orm.jpa.TestEntityManagerAutoConfiguration]], org.springframework.boot.test.context.filter.ExcludeFilterContextCustomizer@405e3a34, org.springframework.boot.test.json.DuplicateJsonObjectContextCustomizerFactory$DuplicateJsonObjectContextCustomizer@38574ceb, org.springframework.boot.test.mock.mockito.MockitoContextCustomizer@0], contextLoader = 'org.springframework.boot.test.context.SpringBootContextLoader', parent = [null]], attributes = map[[empty]]]; transaction manager [org.springframework.orm.jpa.JpaTransactionManager@1f778eb1]; rollback [true]
Hibernate: select employee0_.employee_id as employee1_6_0_, employee0_.name as name2_6_0_, employee0_.password as password3_6_0_, employee0_.username as username4_6_0_ from employee employee0_ where employee0_.employee_id=?
Hibernate: select rent0_.employee_employee_id as employee1_7_0_, rent0_.rent_rent_car_id as rent_ren2_7_0_, rentcar1_.rent_car_id as rent_car1_18_1_, rentcar1_.employee_id as employee5_18_1_, rentcar1_.price as price2_18_1_, rentcar1_.rent_date as rent_dat3_18_1_, rentcar1_.customer_id as customer6_18_1_, rentcar1_.rentday as rentday4_18_1_, rentcar1_.car_id as car_id7_18_1_, rentcar1_.renttype_id as renttype8_18_1_, employee2_.employee_id as employee1_6_2_, employee2_.name as name2_6_2_, employee2_.password as password3_6_2_, employee2_.username as username4_6_2_, customer3_.customer_id as customer1_5_3_, customer3_.address as address2_5_3_, customer3_.age as age3_5_3_, customer3_.card_num as card_num4_5_3_, customer3_.employee as employee8_5_3_, customer3_.date as date5_5_3_, customer3_.name as name6_5_3_, customer3_.tel as tel7_5_3_, customer3_.registype as registyp9_5_3_, customer3_.job as job10_5_3_, employee4_.employee_id as employee1_6_4_, employee4_.name as name2_6_4_, employee4_.password as password3_6_4_, employee4_.username as username4_6_4_, registype5_.regis_type_id as regis_ty1_23_5_, registype5_.type as type2_23_5_, job6_.job_id as job_id1_8_6_, job6_.job as job2_8_6_, car7_.car_id as car_id1_2_7_, car7_.brand_id as brand_id4_2_7_, car7_.seat_id as seat_id5_2_7_, car7_.employee_id as employee6_2_7_, car7_.plate as plate2_2_7_, car7_.province_id as province7_2_7_, car7_.vin as vin3_2_7_, brand8_.brand_id as brand_id1_0_8_, brand8_.brand as brand2_0_8_, carseat9_.seat_id as seat_id1_3_9_, carseat9_.carseat as carseat2_3_9_, employee10_.employee_id as employee1_6_10_, employee10_.name as name2_6_10_, employee10_.password as password3_6_10_, employee10_.username as username4_6_10_, province11_.province_id as province1_16_11_, province11_.province as province2_16_11_, renttype12_.renttype_id as renttype1_19_12_, renttype12_.nametype as nametype2_19_12_, renttype12_.unitprice as unitpric3_19_12_ from employee_rent rent0_ inner join rent_car rentcar1_ on rent0_.rent_rent_car_id=rentcar1_.rent_car_id inner join employee employee2_ on rentcar1_.employee_id=employee2_.employee_id inner join customer customer3_ on rentcar1_.customer_id=customer3_.customer_id inner join employee employee4_ on customer3_.employee=employee4_.employee_id inner join resgistype registype5_ on customer3_.registype=registype5_.regis_type_id inner join job job6_ on customer3_.job=job6_.job_id inner join car car7_ on rentcar1_.car_id=car7_.car_id inner join brand brand8_ on car7_.brand_id=brand8_.brand_id inner join carseat carseat9_ on car7_.seat_id=carseat9_.seat_id inner join employee employee10_ on car7_.employee_id=employee10_.employee_id inner join plateprovince province11_ on car7_.province_id=province11_.province_id inner join renttype renttype12_ on rentcar1_.renttype_id=renttype12_.renttype_id where rent0_.employee_employee_id=?
Hibernate: select rentcar0_.rent_car_id as rent_car1_18_0_, rentcar0_.employee_id as employee5_18_0_, rentcar0_.price as price2_18_0_, rentcar0_.rent_date as rent_dat3_18_0_, rentcar0_.customer_id as customer6_18_0_, rentcar0_.rentday as rentday4_18_0_, rentcar0_.car_id as car_id7_18_0_, rentcar0_.renttype_id as renttype8_18_0_, employee1_.employee_id as employee1_6_1_, employee1_.name as name2_6_1_, employee1_.password as password3_6_1_, employee1_.username as username4_6_1_, customer2_.customer_id as customer1_5_2_, customer2_.address as address2_5_2_, customer2_.age as age3_5_2_, customer2_.card_num as card_num4_5_2_, customer2_.employee as employee8_5_2_, customer2_.date as date5_5_2_, customer2_.name as name6_5_2_, customer2_.tel as tel7_5_2_, customer2_.registype as registyp9_5_2_, customer2_.job as job10_5_2_, employee3_.employee_id as employee1_6_3_, employee3_.name as name2_6_3_, employee3_.password as password3_6_3_, employee3_.username as username4_6_3_, registype4_.regis_type_id as regis_ty1_23_4_, registype4_.type as type2_23_4_, cus5_.regis_type_regis_type_id as regis_ty1_24_5_, customer6_.customer_id as cus_cust2_24_5_, customer6_.customer_id as customer1_5_6_, customer6_.address as address2_5_6_, customer6_.age as age3_5_6_, customer6_.card_num as card_num4_5_6_, customer6_.employee as employee8_5_6_, customer6_.date as date5_5_6_, customer6_.name as name6_5_6_, customer6_.tel as tel7_5_6_, customer6_.registype as registyp9_5_6_, customer6_.job as job10_5_6_, job7_.job_id as job_id1_8_7_, job7_.job as job2_8_7_, cus8_.job_job_id as job_job_1_9_8_, customer9_.customer_id as cus_cust2_9_8_, customer9_.customer_id as customer1_5_9_, customer9_.address as address2_5_9_, customer9_.age as age3_5_9_, customer9_.card_num as card_num4_5_9_, customer9_.employee as employee8_5_9_, customer9_.date as date5_5_9_, customer9_.name as name6_5_9_, customer9_.tel as tel7_5_9_, customer9_.registype as registyp9_5_9_, customer9_.job as job10_5_9_, car10_.car_id as car_id1_2_10_, car10_.brand_id as brand_id4_2_10_, car10_.seat_id as seat_id5_2_10_, car10_.employee_id as employee6_2_10_, car10_.plate as plate2_2_10_, car10_.province_id as province7_2_10_, car10_.vin as vin3_2_10_, brand11_.brand_id as brand_id1_0_11_, brand11_.brand as brand2_0_11_, carseat12_.seat_id as seat_id1_3_12_, carseat12_.carseat as carseat2_3_12_, employee13_.employee_id as employee1_6_13_, employee13_.name as name2_6_13_, employee13_.password as password3_6_13_, employee13_.username as username4_6_13_, province14_.province_id as province1_16_14_, province14_.province as province2_16_14_, renttype15_.renttype_id as renttype1_19_15_, renttype15_.nametype as nametype2_19_15_, renttype15_.unitprice as unitpric3_19_15_ from rent_car rentcar0_ inner join employee employee1_ on rentcar0_.employee_id=employee1_.employee_id inner join customer customer2_ on rentcar0_.customer_id=customer2_.customer_id inner join employee employee3_ on customer2_.employee=employee3_.employee_id inner join resgistype registype4_ on customer2_.registype=registype4_.regis_type_id left outer join resgistype_cus cus5_ on registype4_.regis_type_id=cus5_.regis_type_regis_type_id left outer join customer customer6_ on cus5_.cus_customer_id=customer6_.customer_id left outer join job job7_ on customer6_.job=job7_.job_id left outer join job_cus cus8_ on job7_.job_id=cus8_.job_job_id left outer join customer customer9_ on cus8_.cus_customer_id=customer9_.customer_id inner join car car10_ on rentcar0_.car_id=car10_.car_id inner join brand brand11_ on car10_.brand_id=brand11_.brand_id inner join carseat carseat12_ on car10_.seat_id=carseat12_.seat_id inner join employee employee13_ on car10_.employee_id=employee13_.employee_id inner join plateprovince province14_ on car10_.province_id=province14_.province_id inner join renttype renttype15_ on rentcar0_.renttype_id=renttype15_.renttype_id where rentcar0_.rent_car_id=?
Hibernate: select job0_.job_id as job_id1_8_0_, job0_.job as job2_8_0_, cus1_.job_job_id as job_job_1_9_1_, customer2_.customer_id as cus_cust2_9_1_, customer2_.customer_id as customer1_5_2_, customer2_.address as address2_5_2_, customer2_.age as age3_5_2_, customer2_.card_num as card_num4_5_2_, customer2_.employee as employee8_5_2_, customer2_.date as date5_5_2_, customer2_.name as name6_5_2_, customer2_.tel as tel7_5_2_, customer2_.registype as registyp9_5_2_, customer2_.job as job10_5_2_, employee3_.employee_id as employee1_6_3_, employee3_.name as name2_6_3_, employee3_.password as password3_6_3_, employee3_.username as username4_6_3_, registype4_.regis_type_id as regis_ty1_23_4_, registype4_.type as type2_23_4_, cus5_.regis_type_regis_type_id as regis_ty1_24_5_, customer6_.customer_id as cus_cust2_24_5_, customer6_.customer_id as customer1_5_6_, customer6_.address as address2_5_6_, customer6_.age as age3_5_6_, customer6_.card_num as card_num4_5_6_, customer6_.employee as employee8_5_6_, customer6_.date as date5_5_6_, customer6_.name as name6_5_6_, customer6_.tel as tel7_5_6_, customer6_.registype as registyp9_5_6_, customer6_.job as job10_5_6_, job7_.job_id as job_id1_8_7_, job7_.job as job2_8_7_ from job job0_ left outer join job_cus cus1_ on job0_.job_id=cus1_.job_job_id left outer join customer customer2_ on cus1_.cus_customer_id=customer2_.customer_id left outer join employee employee3_ on customer2_.employee=employee3_.employee_id left outer join resgistype registype4_ on customer2_.registype=registype4_.regis_type_id left outer join resgistype_cus cus5_ on registype4_.regis_type_id=cus5_.regis_type_regis_type_id left outer join customer customer6_ on cus5_.cus_customer_id=customer6_.customer_id left outer join job job7_ on customer6_.job=job7_.job_id where job0_.job_id=?
Hibernate: select rent0_.rent_type_renttype_id as rent_typ1_20_0_, rent0_.rent_rent_car_id as rent_ren2_20_0_, rentcar1_.rent_car_id as rent_car1_18_1_, rentcar1_.employee_id as employee5_18_1_, rentcar1_.price as price2_18_1_, rentcar1_.rent_date as rent_dat3_18_1_, rentcar1_.customer_id as customer6_18_1_, rentcar1_.rentday as rentday4_18_1_, rentcar1_.car_id as car_id7_18_1_, rentcar1_.renttype_id as renttype8_18_1_, employee2_.employee_id as employee1_6_2_, employee2_.name as name2_6_2_, employee2_.password as password3_6_2_, employee2_.username as username4_6_2_, customer3_.customer_id as customer1_5_3_, customer3_.address as address2_5_3_, customer3_.age as age3_5_3_, customer3_.card_num as card_num4_5_3_, customer3_.employee as employee8_5_3_, customer3_.date as date5_5_3_, customer3_.name as name6_5_3_, customer3_.tel as tel7_5_3_, customer3_.registype as registyp9_5_3_, customer3_.job as job10_5_3_, employee4_.employee_id as employee1_6_4_, employee4_.name as name2_6_4_, employee4_.password as password3_6_4_, employee4_.username as username4_6_4_, registype5_.regis_type_id as regis_ty1_23_5_, registype5_.type as type2_23_5_, job6_.job_id as job_id1_8_6_, job6_.job as job2_8_6_, car7_.car_id as car_id1_2_7_, car7_.brand_id as brand_id4_2_7_, car7_.seat_id as seat_id5_2_7_, car7_.employee_id as employee6_2_7_, car7_.plate as plate2_2_7_, car7_.province_id as province7_2_7_, car7_.vin as vin3_2_7_, brand8_.brand_id as brand_id1_0_8_, brand8_.brand as brand2_0_8_, carseat9_.seat_id as seat_id1_3_9_, carseat9_.carseat as carseat2_3_9_, employee10_.employee_id as employee1_6_10_, employee10_.name as name2_6_10_, employee10_.password as password3_6_10_, employee10_.username as username4_6_10_, province11_.province_id as province1_16_11_, province11_.province as province2_16_11_, renttype12_.renttype_id as renttype1_19_12_, renttype12_.nametype as nametype2_19_12_, renttype12_.unitprice as unitpric3_19_12_ from renttype_rent rent0_ inner join rent_car rentcar1_ on rent0_.rent_rent_car_id=rentcar1_.rent_car_id inner join employee employee2_ on rentcar1_.employee_id=employee2_.employee_id inner join customer customer3_ on rentcar1_.customer_id=customer3_.customer_id inner join employee employee4_ on customer3_.employee=employee4_.employee_id inner join resgistype registype5_ on customer3_.registype=registype5_.regis_type_id inner join job job6_ on customer3_.job=job6_.job_id inner join car car7_ on rentcar1_.car_id=car7_.car_id inner join brand brand8_ on car7_.brand_id=brand8_.brand_id inner join carseat carseat9_ on car7_.seat_id=carseat9_.seat_id inner join employee employee10_ on car7_.employee_id=employee10_.employee_id inner join plateprovince province11_ on car7_.province_id=province11_.province_id inner join renttype renttype12_ on rentcar1_.renttype_id=renttype12_.renttype_id where rent0_.rent_type_renttype_id=?
Hibernate: select car0_.province_province_id as province1_17_0_, car0_.car_car_id as car_car_2_17_0_, car1_.car_id as car_id1_2_1_, car1_.brand_id as brand_id4_2_1_, car1_.seat_id as seat_id5_2_1_, car1_.employee_id as employee6_2_1_, car1_.plate as plate2_2_1_, car1_.province_id as province7_2_1_, car1_.vin as vin3_2_1_, brand2_.brand_id as brand_id1_0_2_, brand2_.brand as brand2_0_2_, carseat3_.seat_id as seat_id1_3_3_, carseat3_.carseat as carseat2_3_3_, employee4_.employee_id as employee1_6_4_, employee4_.name as name2_6_4_, employee4_.password as password3_6_4_, employee4_.username as username4_6_4_, province5_.province_id as province1_16_5_, province5_.province as province2_16_5_ from plateprovince_car car0_ inner join car car1_ on car0_.car_car_id=car1_.car_id inner join brand brand2_ on car1_.brand_id=brand2_.brand_id inner join carseat carseat3_ on car1_.seat_id=carseat3_.seat_id inner join employee employee4_ on car1_.employee_id=employee4_.employee_id inner join plateprovince province5_ on car1_.province_id=province5_.province_id where car0_.province_province_id=?
Hibernate: select car0_.carseat_seat_id as carseat_1_4_0_, car0_.car_car_id as car_car_2_4_0_, car1_.car_id as car_id1_2_1_, car1_.brand_id as brand_id4_2_1_, car1_.seat_id as seat_id5_2_1_, car1_.employee_id as employee6_2_1_, car1_.plate as plate2_2_1_, car1_.province_id as province7_2_1_, car1_.vin as vin3_2_1_, brand2_.brand_id as brand_id1_0_2_, brand2_.brand as brand2_0_2_, carseat3_.seat_id as seat_id1_3_3_, carseat3_.carseat as carseat2_3_3_, employee4_.employee_id as employee1_6_4_, employee4_.name as name2_6_4_, employee4_.password as password3_6_4_, employee4_.username as username4_6_4_, province5_.province_id as province1_16_5_, province5_.province as province2_16_5_ from carseat_car car0_ inner join car car1_ on car0_.car_car_id=car1_.car_id inner join brand brand2_ on car1_.brand_id=brand2_.brand_id inner join carseat carseat3_ on car1_.seat_id=carseat3_.seat_id inner join employee employee4_ on car1_.employee_id=employee4_.employee_id inner join plateprovince province5_ on car1_.province_id=province5_.province_id where car0_.carseat_seat_id=?
Hibernate: select car0_.brand_brand_id as brand_br1_1_0_, car0_.car_car_id as car_car_2_1_0_, car1_.car_id as car_id1_2_1_, car1_.brand_id as brand_id4_2_1_, car1_.seat_id as seat_id5_2_1_, car1_.employee_id as employee6_2_1_, car1_.plate as plate2_2_1_, car1_.province_id as province7_2_1_, car1_.vin as vin3_2_1_, brand2_.brand_id as brand_id1_0_2_, brand2_.brand as brand2_0_2_, carseat3_.seat_id as seat_id1_3_3_, carseat3_.carseat as carseat2_3_3_, employee4_.employee_id as employee1_6_4_, employee4_.name as name2_6_4_, employee4_.password as password3_6_4_, employee4_.username as username4_6_4_, province5_.province_id as province1_16_5_, province5_.province as province2_16_5_ from brand_car car0_ inner join car car1_ on car0_.car_car_id=car1_.car_id inner join brand brand2_ on car1_.brand_id=brand2_.brand_id inner join carseat carseat3_ on car1_.seat_id=carseat3_.seat_id inner join employee employee4_ on car1_.employee_id=employee4_.employee_id inner join plateprovince province5_ on car1_.province_id=province5_.province_id where car0_.brand_brand_id=?
Hibernate: select paymentopt0_.options_id as options_1_14_0_, paymentopt0_.name as name2_14_0_, pay1_.payment_options_options_id as payment_1_15_1_, payment2_.payment_id as pay_paym2_15_1_, payment2_.payment_id as payment_1_13_2_, payment2_.employee_id as employee4_13_2_, payment2_.date as date2_13_2_, payment2_.note as note3_13_2_, payment2_.options_id as options_5_13_2_, payment2_.rent_car_id as rent_car6_13_2_, employee3_.employee_id as employee1_6_3_, employee3_.name as name2_6_3_, employee3_.password as password3_6_3_, employee3_.username as username4_6_3_, paymentopt4_.options_id as options_1_14_4_, paymentopt4_.name as name2_14_4_, rentcar5_.rent_car_id as rent_car1_18_5_, rentcar5_.employee_id as employee5_18_5_, rentcar5_.price as price2_18_5_, rentcar5_.rent_date as rent_dat3_18_5_, rentcar5_.customer_id as customer6_18_5_, rentcar5_.rentday as rentday4_18_5_, rentcar5_.car_id as car_id7_18_5_, rentcar5_.renttype_id as renttype8_18_5_, employee6_.employee_id as employee1_6_6_, employee6_.name as name2_6_6_, employee6_.password as password3_6_6_, employee6_.username as username4_6_6_, customer7_.customer_id as customer1_5_7_, customer7_.address as address2_5_7_, customer7_.age as age3_5_7_, customer7_.card_num as card_num4_5_7_, customer7_.employee as employee8_5_7_, customer7_.date as date5_5_7_, customer7_.name as name6_5_7_, customer7_.tel as tel7_5_7_, customer7_.registype as registyp9_5_7_, customer7_.job as job10_5_7_, employee8_.employee_id as employee1_6_8_, employee8_.name as name2_6_8_, employee8_.password as password3_6_8_, employee8_.username as username4_6_8_, registype9_.regis_type_id as regis_ty1_23_9_, registype9_.type as type2_23_9_, cus10_.regis_type_regis_type_id as regis_ty1_24_10_, customer11_.customer_id as cus_cust2_24_10_, customer11_.customer_id as customer1_5_11_, customer11_.address as address2_5_11_, customer11_.age as age3_5_11_, customer11_.card_num as card_num4_5_11_, customer11_.employee as employee8_5_11_, customer11_.date as date5_5_11_, customer11_.name as name6_5_11_, customer11_.tel as tel7_5_11_, customer11_.registype as registyp9_5_11_, customer11_.job as job10_5_11_, job12_.job_id as job_id1_8_12_, job12_.job as job2_8_12_, cus13_.job_job_id as job_job_1_9_13_, customer14_.customer_id as cus_cust2_9_13_, customer14_.customer_id as customer1_5_14_, customer14_.address as address2_5_14_, customer14_.age as age3_5_14_, customer14_.card_num as card_num4_5_14_, customer14_.employee as employee8_5_14_, customer14_.date as date5_5_14_, customer14_.name as name6_5_14_, customer14_.tel as tel7_5_14_, customer14_.registype as registyp9_5_14_, customer14_.job as job10_5_14_, car15_.car_id as car_id1_2_15_, car15_.brand_id as brand_id4_2_15_, car15_.seat_id as seat_id5_2_15_, car15_.employee_id as employee6_2_15_, car15_.plate as plate2_2_15_, car15_.province_id as province7_2_15_, car15_.vin as vin3_2_15_, brand16_.brand_id as brand_id1_0_16_, brand16_.brand as brand2_0_16_, carseat17_.seat_id as seat_id1_3_17_, carseat17_.carseat as carseat2_3_17_, employee18_.employee_id as employee1_6_18_, employee18_.name as name2_6_18_, employee18_.password as password3_6_18_, employee18_.username as username4_6_18_, province19_.province_id as province1_16_19_, province19_.province as province2_16_19_, renttype20_.renttype_id as renttype1_19_20_, renttype20_.nametype as nametype2_19_20_, renttype20_.unitprice as unitpric3_19_20_ from payment_options paymentopt0_ left outer join payment_options_pay pay1_ on paymentopt0_.options_id=pay1_.payment_options_options_id left outer join payment payment2_ on pay1_.pay_payment_id=payment2_.payment_id left outer join employee employee3_ on payment2_.employee_id=employee3_.employee_id left outer join payment_options paymentopt4_ on payment2_.options_id=paymentopt4_.options_id left outer join rent_car rentcar5_ on payment2_.rent_car_id=rentcar5_.rent_car_id left outer join employee employee6_ on rentcar5_.employee_id=employee6_.employee_id left outer join customer customer7_ on rentcar5_.customer_id=customer7_.customer_id left outer join employee employee8_ on customer7_.employee=employee8_.employee_id left outer join resgistype registype9_ on customer7_.registype=registype9_.regis_type_id left outer join resgistype_cus cus10_ on registype9_.regis_type_id=cus10_.regis_type_regis_type_id left outer join customer customer11_ on cus10_.cus_customer_id=customer11_.customer_id left outer join job job12_ on customer11_.job=job12_.job_id left outer join job_cus cus13_ on job12_.job_id=cus13_.job_job_id left outer join customer customer14_ on cus13_.cus_customer_id=customer14_.customer_id left outer join car car15_ on rentcar5_.car_id=car15_.car_id left outer join brand brand16_ on car15_.brand_id=brand16_.brand_id left outer join carseat carseat17_ on car15_.seat_id=carseat17_.seat_id left outer join employee employee18_ on car15_.employee_id=employee18_.employee_id left outer join plateprovince province19_ on car15_.province_id=province19_.province_id left outer join renttype renttype20_ on rentcar5_.renttype_id=renttype20_.renttype_id where paymentopt0_.options_id=?
Hibernate: insert into payment (employee_id, date, note, options_id, rent_car_id, payment_id) values (?, ?, ?, ?, ?, ?)
2020-09-03 02:18:25.893  INFO 16248 --- [    Test worker] o.s.t.c.transaction.TransactionContext   : Rolled back transaction for test: [DefaultTestContext@6b673b93 testClass = PaymentTest, testInstance = com.cpe.backend.PaymentTest@c8fe7f5, testMethod = b6008611_test_InsertDataOk@PaymentTest, testException = [null], mergedContextConfiguration = [MergedContextConfiguration@33f6fbf6 testClass = PaymentTest, locations = '{}', classes = '{class com.cpe.backend.BackendApplication}', contextInitializerClasses = '[]', activeProfiles = '{}', propertySourceLocations = '{}', propertySourceProperties = '{org.springframework.boot.test.autoconfigure.orm.jpa.DataJpaTestContextBootstrapper=true}', contextCustomizers = set[org.springframework.boot.test.autoconfigure.OverrideAutoConfigurationContextCustomizerFactory$DisableAutoConfigurationContextCustomizer@600a0600, org.springframework.boot.test.autoconfigure.filter.TypeExcludeFiltersContextCustomizer@351584c0, org.springframework.boot.test.autoconfigure.properties.PropertyMappingContextCustomizer@c661b2e0, org.springframework.boot.test.autoconfigure.web.servlet.WebDriverContextCustomizerFactory$Customizer@455d7357, [ImportsContextCustomizer@180d8d1 key = [org.springframework.boot.autoconfigure.cache.CacheAutoConfiguration, org.springframework.boot.autoconfigure.data.jpa.JpaRepositoriesAutoConfiguration, org.springframework.boot.autoconfigure.flyway.FlywayAutoConfiguration, org.springframework.boot.autoconfigure.jdbc.DataSourceAutoConfiguration, org.springframework.boot.autoconfigure.jdbc.DataSourceTransactionManagerAutoConfiguration, org.springframework.boot.autoconfigure.jdbc.JdbcTemplateAutoConfiguration, org.springframework.boot.autoconfigure.liquibase.LiquibaseAutoConfiguration, org.springframework.boot.autoconfigure.orm.jpa.HibernateJpaAutoConfiguration, org.springframework.boot.autoconfigure.transaction.TransactionAutoConfiguration, org.springframework.boot.test.autoconfigure.jdbc.TestDatabaseAutoConfiguration, org.springframework.boot.test.autoconfigure.orm.jpa.TestEntityManagerAutoConfiguration]], org.springframework.boot.test.context.filter.ExcludeFilterContextCustomizer@405e3a34, org.springframework.boot.test.json.DuplicateJsonObjectContextCustomizerFactory$DuplicateJsonObjectContextCustomizer@38574ceb, org.springframework.boot.test.mock.mockito.MockitoContextCustomizer@0], contextLoader = 'org.springframework.boot.test.context.SpringBootContextLoader', parent = [null]], attributes = map[[empty]]]
2020-09-03 02:18:25.898  INFO 16248 --- [    Test worker] o.s.t.c.transaction.TransactionContext   : Began transaction (1) for test context [DefaultTestContext@6b673b93 testClass = PaymentTest, testInstance = com.cpe.backend.PaymentTest@49c1d36b, testMethod = b6008611_test_RentMustNotBeNull@PaymentTest, testException = [null], mergedContextConfiguration = [MergedContextConfiguration@33f6fbf6 testClass = PaymentTest, locations = '{}', classes = '{class com.cpe.backend.BackendApplication}', contextInitializerClasses = '[]', activeProfiles = '{}', propertySourceLocations = '{}', propertySourceProperties = '{org.springframework.boot.test.autoconfigure.orm.jpa.DataJpaTestContextBootstrapper=true}', contextCustomizers = set[org.springframework.boot.test.autoconfigure.OverrideAutoConfigurationContextCustomizerFactory$DisableAutoConfigurationContextCustomizer@600a0600, org.springframework.boot.test.autoconfigure.filter.TypeExcludeFiltersContextCustomizer@351584c0, org.springframework.boot.test.autoconfigure.properties.PropertyMappingContextCustomizer@c661b2e0, org.springframework.boot.test.autoconfigure.web.servlet.WebDriverContextCustomizerFactory$Customizer@455d7357, [ImportsContextCustomizer@180d8d1 key = [org.springframework.boot.autoconfigure.cache.CacheAutoConfiguration, org.springframework.boot.autoconfigure.data.jpa.JpaRepositoriesAutoConfiguration, org.springframework.boot.autoconfigure.flyway.FlywayAutoConfiguration, org.springframework.boot.autoconfigure.jdbc.DataSourceAutoConfiguration, org.springframework.boot.autoconfigure.jdbc.DataSourceTransactionManagerAutoConfiguration, org.springframework.boot.autoconfigure.jdbc.JdbcTemplateAutoConfiguration, org.springframework.boot.autoconfigure.liquibase.LiquibaseAutoConfiguration, org.springframework.boot.autoconfigure.orm.jpa.HibernateJpaAutoConfiguration, org.springframework.boot.autoconfigure.transaction.TransactionAutoConfiguration, org.springframework.boot.test.autoconfigure.jdbc.TestDatabaseAutoConfiguration, org.springframework.boot.test.autoconfigure.orm.jpa.TestEntityManagerAutoConfiguration]], org.springframework.boot.test.context.filter.ExcludeFilterContextCustomizer@405e3a34, org.springframework.boot.test.json.DuplicateJsonObjectContextCustomizerFactory$DuplicateJsonObjectContextCustomizer@38574ceb, org.springframework.boot.test.mock.mockito.MockitoContextCustomizer@0], contextLoader = 'org.springframework.boot.test.context.SpringBootContextLoader', parent = [null]], attributes = map[[empty]]]; transaction manager [org.springframework.orm.jpa.JpaTransactionManager@1f778eb1]; rollback [true]
Hibernate: select employee0_.employee_id as employee1_6_0_, employee0_.name as name2_6_0_, employee0_.password as password3_6_0_, employee0_.username as username4_6_0_ from employee employee0_ where employee0_.employee_id=?
Hibernate: select rent0_.employee_employee_id as employee1_7_0_, rent0_.rent_rent_car_id as rent_ren2_7_0_, rentcar1_.rent_car_id as rent_car1_18_1_, rentcar1_.employee_id as employee5_18_1_, rentcar1_.price as price2_18_1_, rentcar1_.rent_date as rent_dat3_18_1_, rentcar1_.customer_id as customer6_18_1_, rentcar1_.rentday as rentday4_18_1_, rentcar1_.car_id as car_id7_18_1_, rentcar1_.renttype_id as renttype8_18_1_, employee2_.employee_id as employee1_6_2_, employee2_.name as name2_6_2_, employee2_.password as password3_6_2_, employee2_.username as username4_6_2_, customer3_.customer_id as customer1_5_3_, customer3_.address as address2_5_3_, customer3_.age as age3_5_3_, customer3_.card_num as card_num4_5_3_, customer3_.employee as employee8_5_3_, customer3_.date as date5_5_3_, customer3_.name as name6_5_3_, customer3_.tel as tel7_5_3_, customer3_.registype as registyp9_5_3_, customer3_.job as job10_5_3_, employee4_.employee_id as employee1_6_4_, employee4_.name as name2_6_4_, employee4_.password as password3_6_4_, employee4_.username as username4_6_4_, registype5_.regis_type_id as regis_ty1_23_5_, registype5_.type as type2_23_5_, job6_.job_id as job_id1_8_6_, job6_.job as job2_8_6_, car7_.car_id as car_id1_2_7_, car7_.brand_id as brand_id4_2_7_, car7_.seat_id as seat_id5_2_7_, car7_.employee_id as employee6_2_7_, car7_.plate as plate2_2_7_, car7_.province_id as province7_2_7_, car7_.vin as vin3_2_7_, brand8_.brand_id as brand_id1_0_8_, brand8_.brand as brand2_0_8_, carseat9_.seat_id as seat_id1_3_9_, carseat9_.carseat as carseat2_3_9_, employee10_.employee_id as employee1_6_10_, employee10_.name as name2_6_10_, employee10_.password as password3_6_10_, employee10_.username as username4_6_10_, province11_.province_id as province1_16_11_, province11_.province as province2_16_11_, renttype12_.renttype_id as renttype1_19_12_, renttype12_.nametype as nametype2_19_12_, renttype12_.unitprice as unitpric3_19_12_ from employee_rent rent0_ inner join rent_car rentcar1_ on rent0_.rent_rent_car_id=rentcar1_.rent_car_id inner join employee employee2_ on rentcar1_.employee_id=employee2_.employee_id inner join customer customer3_ on rentcar1_.customer_id=customer3_.customer_id inner join employee employee4_ on customer3_.employee=employee4_.employee_id inner join resgistype registype5_ on customer3_.registype=registype5_.regis_type_id inner join job job6_ on customer3_.job=job6_.job_id inner join car car7_ on rentcar1_.car_id=car7_.car_id inner join brand brand8_ on car7_.brand_id=brand8_.brand_id inner join carseat carseat9_ on car7_.seat_id=carseat9_.seat_id inner join employee employee10_ on car7_.employee_id=employee10_.employee_id inner join plateprovince province11_ on car7_.province_id=province11_.province_id inner join renttype renttype12_ on rentcar1_.renttype_id=renttype12_.renttype_id where rent0_.employee_employee_id=?
Hibernate: select paymentopt0_.options_id as options_1_14_0_, paymentopt0_.name as name2_14_0_, pay1_.payment_options_options_id as payment_1_15_1_, payment2_.payment_id as pay_paym2_15_1_, payment2_.payment_id as payment_1_13_2_, payment2_.employee_id as employee4_13_2_, payment2_.date as date2_13_2_, payment2_.note as note3_13_2_, payment2_.options_id as options_5_13_2_, payment2_.rent_car_id as rent_car6_13_2_, employee3_.employee_id as employee1_6_3_, employee3_.name as name2_6_3_, employee3_.password as password3_6_3_, employee3_.username as username4_6_3_, paymentopt4_.options_id as options_1_14_4_, paymentopt4_.name as name2_14_4_, rentcar5_.rent_car_id as rent_car1_18_5_, rentcar5_.employee_id as employee5_18_5_, rentcar5_.price as price2_18_5_, rentcar5_.rent_date as rent_dat3_18_5_, rentcar5_.customer_id as customer6_18_5_, rentcar5_.rentday as rentday4_18_5_, rentcar5_.car_id as car_id7_18_5_, rentcar5_.renttype_id as renttype8_18_5_, employee6_.employee_id as employee1_6_6_, employee6_.name as name2_6_6_, employee6_.password as password3_6_6_, employee6_.username as username4_6_6_, customer7_.customer_id as customer1_5_7_, customer7_.address as address2_5_7_, customer7_.age as age3_5_7_, customer7_.card_num as card_num4_5_7_, customer7_.employee as employee8_5_7_, customer7_.date as date5_5_7_, customer7_.name as name6_5_7_, customer7_.tel as tel7_5_7_, customer7_.registype as registyp9_5_7_, customer7_.job as job10_5_7_, employee8_.employee_id as employee1_6_8_, employee8_.name as name2_6_8_, employee8_.password as password3_6_8_, employee8_.username as username4_6_8_, registype9_.regis_type_id as regis_ty1_23_9_, registype9_.type as type2_23_9_, cus10_.regis_type_regis_type_id as regis_ty1_24_10_, customer11_.customer_id as cus_cust2_24_10_, customer11_.customer_id as customer1_5_11_, customer11_.address as address2_5_11_, customer11_.age as age3_5_11_, customer11_.card_num as card_num4_5_11_, customer11_.employee as employee8_5_11_, customer11_.date as date5_5_11_, customer11_.name as name6_5_11_, customer11_.tel as tel7_5_11_, customer11_.registype as registyp9_5_11_, customer11_.job as job10_5_11_, job12_.job_id as job_id1_8_12_, job12_.job as job2_8_12_, cus13_.job_job_id as job_job_1_9_13_, customer14_.customer_id as cus_cust2_9_13_, customer14_.customer_id as customer1_5_14_, customer14_.address as address2_5_14_, customer14_.age as age3_5_14_, customer14_.card_num as card_num4_5_14_, customer14_.employee as employee8_5_14_, customer14_.date as date5_5_14_, customer14_.name as name6_5_14_, customer14_.tel as tel7_5_14_, customer14_.registype as registyp9_5_14_, customer14_.job as job10_5_14_, car15_.car_id as car_id1_2_15_, car15_.brand_id as brand_id4_2_15_, car15_.seat_id as seat_id5_2_15_, car15_.employee_id as employee6_2_15_, car15_.plate as plate2_2_15_, car15_.province_id as province7_2_15_, car15_.vin as vin3_2_15_, brand16_.brand_id as brand_id1_0_16_, brand16_.brand as brand2_0_16_, carseat17_.seat_id as seat_id1_3_17_, carseat17_.carseat as carseat2_3_17_, employee18_.employee_id as employee1_6_18_, employee18_.name as name2_6_18_, employee18_.password as password3_6_18_, employee18_.username as username4_6_18_, province19_.province_id as province1_16_19_, province19_.province as province2_16_19_, renttype20_.renttype_id as renttype1_19_20_, renttype20_.nametype as nametype2_19_20_, renttype20_.unitprice as unitpric3_19_20_ from payment_options paymentopt0_ left outer join payment_options_pay pay1_ on paymentopt0_.options_id=pay1_.payment_options_options_id left outer join payment payment2_ on pay1_.pay_payment_id=payment2_.payment_id left outer join employee employee3_ on payment2_.employee_id=employee3_.employee_id left outer join payment_options paymentopt4_ on payment2_.options_id=paymentopt4_.options_id left outer join rent_car rentcar5_ on payment2_.rent_car_id=rentcar5_.rent_car_id left outer join employee employee6_ on rentcar5_.employee_id=employee6_.employee_id left outer join customer customer7_ on rentcar5_.customer_id=customer7_.customer_id left outer join employee employee8_ on customer7_.employee=employee8_.employee_id left outer join resgistype registype9_ on customer7_.registype=registype9_.regis_type_id left outer join resgistype_cus cus10_ on registype9_.regis_type_id=cus10_.regis_type_regis_type_id left outer join customer customer11_ on cus10_.cus_customer_id=customer11_.customer_id left outer join job job12_ on customer11_.job=job12_.job_id left outer join job_cus cus13_ on job12_.job_id=cus13_.job_job_id left outer join customer customer14_ on cus13_.cus_customer_id=customer14_.customer_id left outer join car car15_ on rentcar5_.car_id=car15_.car_id left outer join brand brand16_ on car15_.brand_id=brand16_.brand_id left outer join carseat carseat17_ on car15_.seat_id=carseat17_.seat_id left outer join employee employee18_ on car15_.employee_id=employee18_.employee_id left outer join plateprovince province19_ on car15_.province_id=province19_.province_id left outer join renttype renttype20_ on rentcar5_.renttype_id=renttype20_.renttype_id where paymentopt0_.options_id=?
2020-09-03 02:18:25.922  INFO 16248 --- [    Test worker] o.s.t.c.transaction.TransactionContext   : Rolled back transaction for test: [DefaultTestContext@6b673b93 testClass = PaymentTest, testInstance = com.cpe.backend.PaymentTest@49c1d36b, testMethod = b6008611_test_RentMustNotBeNull@PaymentTest, testException = [null], mergedContextConfiguration = [MergedContextConfiguration@33f6fbf6 testClass = PaymentTest, locations = '{}', classes = '{class com.cpe.backend.BackendApplication}', contextInitializerClasses = '[]', activeProfiles = '{}', propertySourceLocations = '{}', propertySourceProperties = '{org.springframework.boot.test.autoconfigure.orm.jpa.DataJpaTestContextBootstrapper=true}', contextCustomizers = set[org.springframework.boot.test.autoconfigure.OverrideAutoConfigurationContextCustomizerFactory$DisableAutoConfigurationContextCustomizer@600a0600, org.springframework.boot.test.autoconfigure.filter.TypeExcludeFiltersContextCustomizer@351584c0, org.springframework.boot.test.autoconfigure.properties.PropertyMappingContextCustomizer@c661b2e0, org.springframework.boot.test.autoconfigure.web.servlet.WebDriverContextCustomizerFactory$Customizer@455d7357, [ImportsContextCustomizer@180d8d1 key = [org.springframework.boot.autoconfigure.cache.CacheAutoConfiguration, org.springframework.boot.autoconfigure.data.jpa.JpaRepositoriesAutoConfiguration, org.springframework.boot.autoconfigure.flyway.FlywayAutoConfiguration, org.springframework.boot.autoconfigure.jdbc.DataSourceAutoConfiguration, org.springframework.boot.autoconfigure.jdbc.DataSourceTransactionManagerAutoConfiguration, org.springframework.boot.autoconfigure.jdbc.JdbcTemplateAutoConfiguration, org.springframework.boot.autoconfigure.liquibase.LiquibaseAutoConfiguration, org.springframework.boot.autoconfigure.orm.jpa.HibernateJpaAutoConfiguration, org.springframework.boot.autoconfigure.transaction.TransactionAutoConfiguration, org.springframework.boot.test.autoconfigure.jdbc.TestDatabaseAutoConfiguration, org.springframework.boot.test.autoconfigure.orm.jpa.TestEntityManagerAutoConfiguration]], org.springframework.boot.test.context.filter.ExcludeFilterContextCustomizer@405e3a34, org.springframework.boot.test.json.DuplicateJsonObjectContextCustomizerFactory$DuplicateJsonObjectContextCustomizer@38574ceb, org.springframework.boot.test.mock.mockito.MockitoContextCustomizer@0], contextLoader = 'org.springframework.boot.test.context.SpringBootContextLoader', parent = [null]], attributes = map[[empty]]]
2020-09-03 02:18:25.924  INFO 16248 --- [    Test worker] o.s.t.c.transaction.TransactionContext   : Began transaction (1) for test context [DefaultTestContext@6b673b93 testClass = PaymentTest, testInstance = com.cpe.backend.PaymentTest@6197a130, testMethod = b6008611_test_CreatedbyMustNotBeNull@PaymentTest, testException = [null], mergedContextConfiguration = [MergedContextConfiguration@33f6fbf6 testClass = PaymentTest, locations = '{}', classes = '{class com.cpe.backend.BackendApplication}', contextInitializerClasses = '[]', activeProfiles = '{}', propertySourceLocations = '{}', propertySourceProperties = '{org.springframework.boot.test.autoconfigure.orm.jpa.DataJpaTestContextBootstrapper=true}', contextCustomizers = set[org.springframework.boot.test.autoconfigure.OverrideAutoConfigurationContextCustomizerFactory$DisableAutoConfigurationContextCustomizer@600a0600, org.springframework.boot.test.autoconfigure.filter.TypeExcludeFiltersContextCustomizer@351584c0, org.springframework.boot.test.autoconfigure.properties.PropertyMappingContextCustomizer@c661b2e0, org.springframework.boot.test.autoconfigure.web.servlet.WebDriverContextCustomizerFactory$Customizer@455d7357, [ImportsContextCustomizer@180d8d1 key = [org.springframework.boot.autoconfigure.cache.CacheAutoConfiguration, org.springframework.boot.autoconfigure.data.jpa.JpaRepositoriesAutoConfiguration, org.springframework.boot.autoconfigure.flyway.FlywayAutoConfiguration, org.springframework.boot.autoconfigure.jdbc.DataSourceAutoConfiguration, org.springframework.boot.autoconfigure.jdbc.DataSourceTransactionManagerAutoConfiguration, org.springframework.boot.autoconfigure.jdbc.JdbcTemplateAutoConfiguration, org.springframework.boot.autoconfigure.liquibase.LiquibaseAutoConfiguration, org.springframework.boot.autoconfigure.orm.jpa.HibernateJpaAutoConfiguration, org.springframework.boot.autoconfigure.transaction.TransactionAutoConfiguration, org.springframework.boot.test.autoconfigure.jdbc.TestDatabaseAutoConfiguration, org.springframework.boot.test.autoconfigure.orm.jpa.TestEntityManagerAutoConfiguration]], org.springframework.boot.test.context.filter.ExcludeFilterContextCustomizer@405e3a34, org.springframework.boot.test.json.DuplicateJsonObjectContextCustomizerFactory$DuplicateJsonObjectContextCustomizer@38574ceb, org.springframework.boot.test.mock.mockito.MockitoContextCustomizer@0], contextLoader = 'org.springframework.boot.test.context.SpringBootContextLoader', parent = [null]], attributes = map[[empty]]]; transaction manager [org.springframework.orm.jpa.JpaTransactionManager@1f778eb1]; rollback [true]
Hibernate: select rentcar0_.rent_car_id as rent_car1_18_0_, rentcar0_.employee_id as employee5_18_0_, rentcar0_.price as price2_18_0_, rentcar0_.rent_date as rent_dat3_18_0_, rentcar0_.customer_id as customer6_18_0_, rentcar0_.rentday as rentday4_18_0_, rentcar0_.car_id as car_id7_18_0_, rentcar0_.renttype_id as renttype8_18_0_, employee1_.employee_id as employee1_6_1_, employee1_.name as name2_6_1_, employee1_.password as password3_6_1_, employee1_.username as username4_6_1_, customer2_.customer_id as customer1_5_2_, customer2_.address as address2_5_2_, customer2_.age as age3_5_2_, customer2_.card_num as card_num4_5_2_, customer2_.employee as employee8_5_2_, customer2_.date as date5_5_2_, customer2_.name as name6_5_2_, customer2_.tel as tel7_5_2_, customer2_.registype as registyp9_5_2_, customer2_.job as job10_5_2_, employee3_.employee_id as employee1_6_3_, employee3_.name as name2_6_3_, employee3_.password as password3_6_3_, employee3_.username as username4_6_3_, registype4_.regis_type_id as regis_ty1_23_4_, registype4_.type as type2_23_4_, cus5_.regis_type_regis_type_id as regis_ty1_24_5_, customer6_.customer_id as cus_cust2_24_5_, customer6_.customer_id as customer1_5_6_, customer6_.address as address2_5_6_, customer6_.age as age3_5_6_, customer6_.card_num as card_num4_5_6_, customer6_.employee as employee8_5_6_, customer6_.date as date5_5_6_, customer6_.name as name6_5_6_, customer6_.tel as tel7_5_6_, customer6_.registype as registyp9_5_6_, customer6_.job as job10_5_6_, job7_.job_id as job_id1_8_7_, job7_.job as job2_8_7_, cus8_.job_job_id as job_job_1_9_8_, customer9_.customer_id as cus_cust2_9_8_, customer9_.customer_id as customer1_5_9_, customer9_.address as address2_5_9_, customer9_.age as age3_5_9_, customer9_.card_num as card_num4_5_9_, customer9_.employee as employee8_5_9_, customer9_.date as date5_5_9_, customer9_.name as name6_5_9_, customer9_.tel as tel7_5_9_, customer9_.registype as registyp9_5_9_, customer9_.job as job10_5_9_, car10_.car_id as car_id1_2_10_, car10_.brand_id as brand_id4_2_10_, car10_.seat_id as seat_id5_2_10_, car10_.employee_id as employee6_2_10_, car10_.plate as plate2_2_10_, car10_.province_id as province7_2_10_, car10_.vin as vin3_2_10_, brand11_.brand_id as brand_id1_0_11_, brand11_.brand as brand2_0_11_, carseat12_.seat_id as seat_id1_3_12_, carseat12_.carseat as carseat2_3_12_, employee13_.employee_id as employee1_6_13_, employee13_.name as name2_6_13_, employee13_.password as password3_6_13_, employee13_.username as username4_6_13_, province14_.province_id as province1_16_14_, province14_.province as province2_16_14_, renttype15_.renttype_id as renttype1_19_15_, renttype15_.nametype as nametype2_19_15_, renttype15_.unitprice as unitpric3_19_15_ from rent_car rentcar0_ inner join employee employee1_ on rentcar0_.employee_id=employee1_.employee_id inner join customer customer2_ on rentcar0_.customer_id=customer2_.customer_id inner join employee employee3_ on customer2_.employee=employee3_.employee_id inner join resgistype registype4_ on customer2_.registype=registype4_.regis_type_id left outer join resgistype_cus cus5_ on registype4_.regis_type_id=cus5_.regis_type_regis_type_id left outer join customer customer6_ on cus5_.cus_customer_id=customer6_.customer_id left outer join job job7_ on customer6_.job=job7_.job_id left outer join job_cus cus8_ on job7_.job_id=cus8_.job_job_id left outer join customer customer9_ on cus8_.cus_customer_id=customer9_.customer_id inner join car car10_ on rentcar0_.car_id=car10_.car_id inner join brand brand11_ on car10_.brand_id=brand11_.brand_id inner join carseat carseat12_ on car10_.seat_id=carseat12_.seat_id inner join employee employee13_ on car10_.employee_id=employee13_.employee_id inner join plateprovince province14_ on car10_.province_id=province14_.province_id inner join renttype renttype15_ on rentcar0_.renttype_id=renttype15_.renttype_id where rentcar0_.rent_car_id=?
Hibernate: select job0_.job_id as job_id1_8_0_, job0_.job as job2_8_0_, cus1_.job_job_id as job_job_1_9_1_, customer2_.customer_id as cus_cust2_9_1_, customer2_.customer_id as customer1_5_2_, customer2_.address as address2_5_2_, customer2_.age as age3_5_2_, customer2_.card_num as card_num4_5_2_, customer2_.employee as employee8_5_2_, customer2_.date as date5_5_2_, customer2_.name as name6_5_2_, customer2_.tel as tel7_5_2_, customer2_.registype as registyp9_5_2_, customer2_.job as job10_5_2_, employee3_.employee_id as employee1_6_3_, employee3_.name as name2_6_3_, employee3_.password as password3_6_3_, employee3_.username as username4_6_3_, registype4_.regis_type_id as regis_ty1_23_4_, registype4_.type as type2_23_4_, cus5_.regis_type_regis_type_id as regis_ty1_24_5_, customer6_.customer_id as cus_cust2_24_5_, customer6_.customer_id as customer1_5_6_, customer6_.address as address2_5_6_, customer6_.age as age3_5_6_, customer6_.card_num as card_num4_5_6_, customer6_.employee as employee8_5_6_, customer6_.date as date5_5_6_, customer6_.name as name6_5_6_, customer6_.tel as tel7_5_6_, customer6_.registype as registyp9_5_6_, customer6_.job as job10_5_6_, job7_.job_id as job_id1_8_7_, job7_.job as job2_8_7_ from job job0_ left outer join job_cus cus1_ on job0_.job_id=cus1_.job_job_id left outer join customer customer2_ on cus1_.cus_customer_id=customer2_.customer_id left outer join employee employee3_ on customer2_.employee=employee3_.employee_id left outer join resgistype registype4_ on customer2_.registype=registype4_.regis_type_id left outer join resgistype_cus cus5_ on registype4_.regis_type_id=cus5_.regis_type_regis_type_id left outer join customer customer6_ on cus5_.cus_customer_id=customer6_.customer_id left outer join job job7_ on customer6_.job=job7_.job_id where job0_.job_id=?
Hibernate: select rent0_.rent_type_renttype_id as rent_typ1_20_0_, rent0_.rent_rent_car_id as rent_ren2_20_0_, rentcar1_.rent_car_id as rent_car1_18_1_, rentcar1_.employee_id as employee5_18_1_, rentcar1_.price as price2_18_1_, rentcar1_.rent_date as rent_dat3_18_1_, rentcar1_.customer_id as customer6_18_1_, rentcar1_.rentday as rentday4_18_1_, rentcar1_.car_id as car_id7_18_1_, rentcar1_.renttype_id as renttype8_18_1_, employee2_.employee_id as employee1_6_2_, employee2_.name as name2_6_2_, employee2_.password as password3_6_2_, employee2_.username as username4_6_2_, customer3_.customer_id as customer1_5_3_, customer3_.address as address2_5_3_, customer3_.age as age3_5_3_, customer3_.card_num as card_num4_5_3_, customer3_.employee as employee8_5_3_, customer3_.date as date5_5_3_, customer3_.name as name6_5_3_, customer3_.tel as tel7_5_3_, customer3_.registype as registyp9_5_3_, customer3_.job as job10_5_3_, employee4_.employee_id as employee1_6_4_, employee4_.name as name2_6_4_, employee4_.password as password3_6_4_, employee4_.username as username4_6_4_, registype5_.regis_type_id as regis_ty1_23_5_, registype5_.type as type2_23_5_, job6_.job_id as job_id1_8_6_, job6_.job as job2_8_6_, car7_.car_id as car_id1_2_7_, car7_.brand_id as brand_id4_2_7_, car7_.seat_id as seat_id5_2_7_, car7_.employee_id as employee6_2_7_, car7_.plate as plate2_2_7_, car7_.province_id as province7_2_7_, car7_.vin as vin3_2_7_, brand8_.brand_id as brand_id1_0_8_, brand8_.brand as brand2_0_8_, carseat9_.seat_id as seat_id1_3_9_, carseat9_.carseat as carseat2_3_9_, employee10_.employee_id as employee1_6_10_, employee10_.name as name2_6_10_, employee10_.password as password3_6_10_, employee10_.username as username4_6_10_, province11_.province_id as province1_16_11_, province11_.province as province2_16_11_, renttype12_.renttype_id as renttype1_19_12_, renttype12_.nametype as nametype2_19_12_, renttype12_.unitprice as unitpric3_19_12_ from renttype_rent rent0_ inner join rent_car rentcar1_ on rent0_.rent_rent_car_id=rentcar1_.rent_car_id inner join employee employee2_ on rentcar1_.employee_id=employee2_.employee_id inner join customer customer3_ on rentcar1_.customer_id=customer3_.customer_id inner join employee employee4_ on customer3_.employee=employee4_.employee_id inner join resgistype registype5_ on customer3_.registype=registype5_.regis_type_id inner join job job6_ on customer3_.job=job6_.job_id inner join car car7_ on rentcar1_.car_id=car7_.car_id inner join brand brand8_ on car7_.brand_id=brand8_.brand_id inner join carseat carseat9_ on car7_.seat_id=carseat9_.seat_id inner join employee employee10_ on car7_.employee_id=employee10_.employee_id inner join plateprovince province11_ on car7_.province_id=province11_.province_id inner join renttype renttype12_ on rentcar1_.renttype_id=renttype12_.renttype_id where rent0_.rent_type_renttype_id=?
Hibernate: select car0_.province_province_id as province1_17_0_, car0_.car_car_id as car_car_2_17_0_, car1_.car_id as car_id1_2_1_, car1_.brand_id as brand_id4_2_1_, car1_.seat_id as seat_id5_2_1_, car1_.employee_id as employee6_2_1_, car1_.plate as plate2_2_1_, car1_.province_id as province7_2_1_, car1_.vin as vin3_2_1_, brand2_.brand_id as brand_id1_0_2_, brand2_.brand as brand2_0_2_, carseat3_.seat_id as seat_id1_3_3_, carseat3_.carseat as carseat2_3_3_, employee4_.employee_id as employee1_6_4_, employee4_.name as name2_6_4_, employee4_.password as password3_6_4_, employee4_.username as username4_6_4_, province5_.province_id as province1_16_5_, province5_.province as province2_16_5_ from plateprovince_car car0_ inner join car car1_ on car0_.car_car_id=car1_.car_id inner join brand brand2_ on car1_.brand_id=brand2_.brand_id inner join carseat carseat3_ on car1_.seat_id=carseat3_.seat_id inner join employee employee4_ on car1_.employee_id=employee4_.employee_id inner join plateprovince province5_ on car1_.province_id=province5_.province_id where car0_.province_province_id=?
Hibernate: select car0_.carseat_seat_id as carseat_1_4_0_, car0_.car_car_id as car_car_2_4_0_, car1_.car_id as car_id1_2_1_, car1_.brand_id as brand_id4_2_1_, car1_.seat_id as seat_id5_2_1_, car1_.employee_id as employee6_2_1_, car1_.plate as plate2_2_1_, car1_.province_id as province7_2_1_, car1_.vin as vin3_2_1_, brand2_.brand_id as brand_id1_0_2_, brand2_.brand as brand2_0_2_, carseat3_.seat_id as seat_id1_3_3_, carseat3_.carseat as carseat2_3_3_, employee4_.employee_id as employee1_6_4_, employee4_.name as name2_6_4_, employee4_.password as password3_6_4_, employee4_.username as username4_6_4_, province5_.province_id as province1_16_5_, province5_.province as province2_16_5_ from carseat_car car0_ inner join car car1_ on car0_.car_car_id=car1_.car_id inner join brand brand2_ on car1_.brand_id=brand2_.brand_id inner join carseat carseat3_ on car1_.seat_id=carseat3_.seat_id inner join employee employee4_ on car1_.employee_id=employee4_.employee_id inner join plateprovince province5_ on car1_.province_id=province5_.province_id where car0_.carseat_seat_id=?
Hibernate: select car0_.brand_brand_id as brand_br1_1_0_, car0_.car_car_id as car_car_2_1_0_, car1_.car_id as car_id1_2_1_, car1_.brand_id as brand_id4_2_1_, car1_.seat_id as seat_id5_2_1_, car1_.employee_id as employee6_2_1_, car1_.plate as plate2_2_1_, car1_.province_id as province7_2_1_, car1_.vin as vin3_2_1_, brand2_.brand_id as brand_id1_0_2_, brand2_.brand as brand2_0_2_, carseat3_.seat_id as seat_id1_3_3_, carseat3_.carseat as carseat2_3_3_, employee4_.employee_id as employee1_6_4_, employee4_.name as name2_6_4_, employee4_.password as password3_6_4_, employee4_.username as username4_6_4_, province5_.province_id as province1_16_5_, province5_.province as province2_16_5_ from brand_car car0_ inner join car car1_ on car0_.car_car_id=car1_.car_id inner join brand brand2_ on car1_.brand_id=brand2_.brand_id inner join carseat carseat3_ on car1_.seat_id=carseat3_.seat_id inner join employee employee4_ on car1_.employee_id=employee4_.employee_id inner join plateprovince province5_ on car1_.province_id=province5_.province_id where car0_.brand_brand_id=?
Hibernate: select rent0_.employee_employee_id as employee1_7_0_, rent0_.rent_rent_car_id as rent_ren2_7_0_, rentcar1_.rent_car_id as rent_car1_18_1_, rentcar1_.employee_id as employee5_18_1_, rentcar1_.price as price2_18_1_, rentcar1_.rent_date as rent_dat3_18_1_, rentcar1_.customer_id as customer6_18_1_, rentcar1_.rentday as rentday4_18_1_, rentcar1_.car_id as car_id7_18_1_, rentcar1_.renttype_id as renttype8_18_1_, employee2_.employee_id as employee1_6_2_, employee2_.name as name2_6_2_, employee2_.password as password3_6_2_, employee2_.username as username4_6_2_, customer3_.customer_id as customer1_5_3_, customer3_.address as address2_5_3_, customer3_.age as age3_5_3_, customer3_.card_num as card_num4_5_3_, customer3_.employee as employee8_5_3_, customer3_.date as date5_5_3_, customer3_.name as name6_5_3_, customer3_.tel as tel7_5_3_, customer3_.registype as registyp9_5_3_, customer3_.job as job10_5_3_, employee4_.employee_id as employee1_6_4_, employee4_.name as name2_6_4_, employee4_.password as password3_6_4_, employee4_.username as username4_6_4_, registype5_.regis_type_id as regis_ty1_23_5_, registype5_.type as type2_23_5_, job6_.job_id as job_id1_8_6_, job6_.job as job2_8_6_, car7_.car_id as car_id1_2_7_, car7_.brand_id as brand_id4_2_7_, car7_.seat_id as seat_id5_2_7_, car7_.employee_id as employee6_2_7_, car7_.plate as plate2_2_7_, car7_.province_id as province7_2_7_, car7_.vin as vin3_2_7_, brand8_.brand_id as brand_id1_0_8_, brand8_.brand as brand2_0_8_, carseat9_.seat_id as seat_id1_3_9_, carseat9_.carseat as carseat2_3_9_, employee10_.employee_id as employee1_6_10_, employee10_.name as name2_6_10_, employee10_.password as password3_6_10_, employee10_.username as username4_6_10_, province11_.province_id as province1_16_11_, province11_.province as province2_16_11_, renttype12_.renttype_id as renttype1_19_12_, renttype12_.nametype as nametype2_19_12_, renttype12_.unitprice as unitpric3_19_12_ from employee_rent rent0_ inner join rent_car rentcar1_ on rent0_.rent_rent_car_id=rentcar1_.rent_car_id inner join employee employee2_ on rentcar1_.employee_id=employee2_.employee_id inner join customer customer3_ on rentcar1_.customer_id=customer3_.customer_id inner join employee employee4_ on customer3_.employee=employee4_.employee_id inner join resgistype registype5_ on customer3_.registype=registype5_.regis_type_id inner join job job6_ on customer3_.job=job6_.job_id inner join car car7_ on rentcar1_.car_id=car7_.car_id inner join brand brand8_ on car7_.brand_id=brand8_.brand_id inner join carseat carseat9_ on car7_.seat_id=carseat9_.seat_id inner join employee employee10_ on car7_.employee_id=employee10_.employee_id inner join plateprovince province11_ on car7_.province_id=province11_.province_id inner join renttype renttype12_ on rentcar1_.renttype_id=renttype12_.renttype_id where rent0_.employee_employee_id=?
Hibernate: select paymentopt0_.options_id as options_1_14_0_, paymentopt0_.name as name2_14_0_, pay1_.payment_options_options_id as payment_1_15_1_, payment2_.payment_id as pay_paym2_15_1_, payment2_.payment_id as payment_1_13_2_, payment2_.employee_id as employee4_13_2_, payment2_.date as date2_13_2_, payment2_.note as note3_13_2_, payment2_.options_id as options_5_13_2_, payment2_.rent_car_id as rent_car6_13_2_, employee3_.employee_id as employee1_6_3_, employee3_.name as name2_6_3_, employee3_.password as password3_6_3_, employee3_.username as username4_6_3_, paymentopt4_.options_id as options_1_14_4_, paymentopt4_.name as name2_14_4_, rentcar5_.rent_car_id as rent_car1_18_5_, rentcar5_.employee_id as employee5_18_5_, rentcar5_.price as price2_18_5_, rentcar5_.rent_date as rent_dat3_18_5_, rentcar5_.customer_id as customer6_18_5_, rentcar5_.rentday as rentday4_18_5_, rentcar5_.car_id as car_id7_18_5_, rentcar5_.renttype_id as renttype8_18_5_, employee6_.employee_id as employee1_6_6_, employee6_.name as name2_6_6_, employee6_.password as password3_6_6_, employee6_.username as username4_6_6_, customer7_.customer_id as customer1_5_7_, customer7_.address as address2_5_7_, customer7_.age as age3_5_7_, customer7_.card_num as card_num4_5_7_, customer7_.employee as employee8_5_7_, customer7_.date as date5_5_7_, customer7_.name as name6_5_7_, customer7_.tel as tel7_5_7_, customer7_.registype as registyp9_5_7_, customer7_.job as job10_5_7_, employee8_.employee_id as employee1_6_8_, employee8_.name as name2_6_8_, employee8_.password as password3_6_8_, employee8_.username as username4_6_8_, registype9_.regis_type_id as regis_ty1_23_9_, registype9_.type as type2_23_9_, cus10_.regis_type_regis_type_id as regis_ty1_24_10_, customer11_.customer_id as cus_cust2_24_10_, customer11_.customer_id as customer1_5_11_, customer11_.address as address2_5_11_, customer11_.age as age3_5_11_, customer11_.card_num as card_num4_5_11_, customer11_.employee as employee8_5_11_, customer11_.date as date5_5_11_, customer11_.name as name6_5_11_, customer11_.tel as tel7_5_11_, customer11_.registype as registyp9_5_11_, customer11_.job as job10_5_11_, job12_.job_id as job_id1_8_12_, job12_.job as job2_8_12_, cus13_.job_job_id as job_job_1_9_13_, customer14_.customer_id as cus_cust2_9_13_, customer14_.customer_id as customer1_5_14_, customer14_.address as address2_5_14_, customer14_.age as age3_5_14_, customer14_.card_num as card_num4_5_14_, customer14_.employee as employee8_5_14_, customer14_.date as date5_5_14_, customer14_.name as name6_5_14_, customer14_.tel as tel7_5_14_, customer14_.registype as registyp9_5_14_, customer14_.job as job10_5_14_, car15_.car_id as car_id1_2_15_, car15_.brand_id as brand_id4_2_15_, car15_.seat_id as seat_id5_2_15_, car15_.employee_id as employee6_2_15_, car15_.plate as plate2_2_15_, car15_.province_id as province7_2_15_, car15_.vin as vin3_2_15_, brand16_.brand_id as brand_id1_0_16_, brand16_.brand as brand2_0_16_, carseat17_.seat_id as seat_id1_3_17_, carseat17_.carseat as carseat2_3_17_, employee18_.employee_id as employee1_6_18_, employee18_.name as name2_6_18_, employee18_.password as password3_6_18_, employee18_.username as username4_6_18_, province19_.province_id as province1_16_19_, province19_.province as province2_16_19_, renttype20_.renttype_id as renttype1_19_20_, renttype20_.nametype as nametype2_19_20_, renttype20_.unitprice as unitpric3_19_20_ from payment_options paymentopt0_ left outer join payment_options_pay pay1_ on paymentopt0_.options_id=pay1_.payment_options_options_id left outer join payment payment2_ on pay1_.pay_payment_id=payment2_.payment_id left outer join employee employee3_ on payment2_.employee_id=employee3_.employee_id left outer join payment_options paymentopt4_ on payment2_.options_id=paymentopt4_.options_id left outer join rent_car rentcar5_ on payment2_.rent_car_id=rentcar5_.rent_car_id left outer join employee employee6_ on rentcar5_.employee_id=employee6_.employee_id left outer join customer customer7_ on rentcar5_.customer_id=customer7_.customer_id left outer join employee employee8_ on customer7_.employee=employee8_.employee_id left outer join resgistype registype9_ on customer7_.registype=registype9_.regis_type_id left outer join resgistype_cus cus10_ on registype9_.regis_type_id=cus10_.regis_type_regis_type_id left outer join customer customer11_ on cus10_.cus_customer_id=customer11_.customer_id left outer join job job12_ on customer11_.job=job12_.job_id left outer join job_cus cus13_ on job12_.job_id=cus13_.job_job_id left outer join customer customer14_ on cus13_.cus_customer_id=customer14_.customer_id left outer join car car15_ on rentcar5_.car_id=car15_.car_id left outer join brand brand16_ on car15_.brand_id=brand16_.brand_id left outer join carseat carseat17_ on car15_.seat_id=carseat17_.seat_id left outer join employee employee18_ on car15_.employee_id=employee18_.employee_id left outer join plateprovince province19_ on car15_.province_id=province19_.province_id left outer join renttype renttype20_ on rentcar5_.renttype_id=renttype20_.renttype_id where paymentopt0_.options_id=?
2020-09-03 02:18:25.963  INFO 16248 --- [    Test worker] o.s.t.c.transaction.TransactionContext   : Rolled back transaction for test: [DefaultTestContext@6b673b93 testClass = PaymentTest, testInstance = com.cpe.backend.PaymentTest@6197a130, testMethod = b6008611_test_CreatedbyMustNotBeNull@PaymentTest, testException = [null], mergedContextConfiguration = [MergedContextConfiguration@33f6fbf6 testClass = PaymentTest, locations = '{}', classes = '{class com.cpe.backend.BackendApplication}', contextInitializerClasses = '[]', activeProfiles = '{}', propertySourceLocations = '{}', propertySourceProperties = '{org.springframework.boot.test.autoconfigure.orm.jpa.DataJpaTestContextBootstrapper=true}', contextCustomizers = set[org.springframework.boot.test.autoconfigure.OverrideAutoConfigurationContextCustomizerFactory$DisableAutoConfigurationContextCustomizer@600a0600, org.springframework.boot.test.autoconfigure.filter.TypeExcludeFiltersContextCustomizer@351584c0, org.springframework.boot.test.autoconfigure.properties.PropertyMappingContextCustomizer@c661b2e0, org.springframework.boot.test.autoconfigure.web.servlet.WebDriverContextCustomizerFactory$Customizer@455d7357, [ImportsContextCustomizer@180d8d1 key = [org.springframework.boot.autoconfigure.cache.CacheAutoConfiguration, org.springframework.boot.autoconfigure.data.jpa.JpaRepositoriesAutoConfiguration, org.springframework.boot.autoconfigure.flyway.FlywayAutoConfiguration, org.springframework.boot.autoconfigure.jdbc.DataSourceAutoConfiguration, org.springframework.boot.autoconfigure.jdbc.DataSourceTransactionManagerAutoConfiguration, org.springframework.boot.autoconfigure.jdbc.JdbcTemplateAutoConfiguration, org.springframework.boot.autoconfigure.liquibase.LiquibaseAutoConfiguration, org.springframework.boot.autoconfigure.orm.jpa.HibernateJpaAutoConfiguration, org.springframework.boot.autoconfigure.transaction.TransactionAutoConfiguration, org.springframework.boot.test.autoconfigure.jdbc.TestDatabaseAutoConfiguration, org.springframework.boot.test.autoconfigure.orm.jpa.TestEntityManagerAutoConfiguration]], org.springframework.boot.test.context.filter.ExcludeFilterContextCustomizer@405e3a34, org.springframework.boot.test.json.DuplicateJsonObjectContextCustomizerFactory$DuplicateJsonObjectContextCustomizer@38574ceb, org.springframework.boot.test.mock.mockito.MockitoContextCustomizer@0], contextLoader = 'org.springframework.boot.test.context.SpringBootContextLoader', parent = [null]], attributes = map[[empty]]]
2020-09-03 02:18:25.965  INFO 16248 --- [    Test worker] o.s.t.c.transaction.TransactionContext   : Began transaction (1) for test context [DefaultTestContext@6b673b93 testClass = PaymentTest, testInstance = com.cpe.backend.PaymentTest@401c100b, testMethod = b6008611_test_Note_Maxsize@PaymentTest, testException = [null], mergedContextConfiguration = [MergedContextConfiguration@33f6fbf6 testClass = PaymentTest, locations = '{}', classes = '{class com.cpe.backend.BackendApplication}', contextInitializerClasses = '[]', activeProfiles = '{}', propertySourceLocations = '{}', propertySourceProperties = '{org.springframework.boot.test.autoconfigure.orm.jpa.DataJpaTestContextBootstrapper=true}', contextCustomizers = set[org.springframework.boot.test.autoconfigure.OverrideAutoConfigurationContextCustomizerFactory$DisableAutoConfigurationContextCustomizer@600a0600, org.springframework.boot.test.autoconfigure.filter.TypeExcludeFiltersContextCustomizer@351584c0, org.springframework.boot.test.autoconfigure.properties.PropertyMappingContextCustomizer@c661b2e0, org.springframework.boot.test.autoconfigure.web.servlet.WebDriverContextCustomizerFactory$Customizer@455d7357, [ImportsContextCustomizer@180d8d1 key = [org.springframework.boot.autoconfigure.cache.CacheAutoConfiguration, org.springframework.boot.autoconfigure.data.jpa.JpaRepositoriesAutoConfiguration, org.springframework.boot.autoconfigure.flyway.FlywayAutoConfiguration, org.springframework.boot.autoconfigure.jdbc.DataSourceAutoConfiguration, org.springframework.boot.autoconfigure.jdbc.DataSourceTransactionManagerAutoConfiguration, org.springframework.boot.autoconfigure.jdbc.JdbcTemplateAutoConfiguration, org.springframework.boot.autoconfigure.liquibase.LiquibaseAutoConfiguration, org.springframework.boot.autoconfigure.orm.jpa.HibernateJpaAutoConfiguration, org.springframework.boot.autoconfigure.transaction.TransactionAutoConfiguration, org.springframework.boot.test.autoconfigure.jdbc.TestDatabaseAutoConfiguration, org.springframework.boot.test.autoconfigure.orm.jpa.TestEntityManagerAutoConfiguration]], org.springframework.boot.test.context.filter.ExcludeFilterContextCustomizer@405e3a34, org.springframework.boot.test.json.DuplicateJsonObjectContextCustomizerFactory$DuplicateJsonObjectContextCustomizer@38574ceb, org.springframework.boot.test.mock.mockito.MockitoContextCustomizer@0], contextLoader = 'org.springframework.boot.test.context.SpringBootContextLoader', parent = [null]], attributes = map[[empty]]]; transaction manager [org.springframework.orm.jpa.JpaTransactionManager@1f778eb1]; rollback [true]
Hibernate: select employee0_.employee_id as employee1_6_0_, employee0_.name as name2_6_0_, employee0_.password as password3_6_0_, employee0_.username as username4_6_0_ from employee employee0_ where employee0_.employee_id=?
Hibernate: select rent0_.employee_employee_id as employee1_7_0_, rent0_.rent_rent_car_id as rent_ren2_7_0_, rentcar1_.rent_car_id as rent_car1_18_1_, rentcar1_.employee_id as employee5_18_1_, rentcar1_.price as price2_18_1_, rentcar1_.rent_date as rent_dat3_18_1_, rentcar1_.customer_id as customer6_18_1_, rentcar1_.rentday as rentday4_18_1_, rentcar1_.car_id as car_id7_18_1_, rentcar1_.renttype_id as renttype8_18_1_, employee2_.employee_id as employee1_6_2_, employee2_.name as name2_6_2_, employee2_.password as password3_6_2_, employee2_.username as username4_6_2_, customer3_.customer_id as customer1_5_3_, customer3_.address as address2_5_3_, customer3_.age as age3_5_3_, customer3_.card_num as card_num4_5_3_, customer3_.employee as employee8_5_3_, customer3_.date as date5_5_3_, customer3_.name as name6_5_3_, customer3_.tel as tel7_5_3_, customer3_.registype as registyp9_5_3_, customer3_.job as job10_5_3_, employee4_.employee_id as employee1_6_4_, employee4_.name as name2_6_4_, employee4_.password as password3_6_4_, employee4_.username as username4_6_4_, registype5_.regis_type_id as regis_ty1_23_5_, registype5_.type as type2_23_5_, job6_.job_id as job_id1_8_6_, job6_.job as job2_8_6_, car7_.car_id as car_id1_2_7_, car7_.brand_id as brand_id4_2_7_, car7_.seat_id as seat_id5_2_7_, car7_.employee_id as employee6_2_7_, car7_.plate as plate2_2_7_, car7_.province_id as province7_2_7_, car7_.vin as vin3_2_7_, brand8_.brand_id as brand_id1_0_8_, brand8_.brand as brand2_0_8_, carseat9_.seat_id as seat_id1_3_9_, carseat9_.carseat as carseat2_3_9_, employee10_.employee_id as employee1_6_10_, employee10_.name as name2_6_10_, employee10_.password as password3_6_10_, employee10_.username as username4_6_10_, province11_.province_id as province1_16_11_, province11_.province as province2_16_11_, renttype12_.renttype_id as renttype1_19_12_, renttype12_.nametype as nametype2_19_12_, renttype12_.unitprice as unitpric3_19_12_ from employee_rent rent0_ inner join rent_car rentcar1_ on rent0_.rent_rent_car_id=rentcar1_.rent_car_id inner join employee employee2_ on rentcar1_.employee_id=employee2_.employee_id inner join customer customer3_ on rentcar1_.customer_id=customer3_.customer_id inner join employee employee4_ on customer3_.employee=employee4_.employee_id inner join resgistype registype5_ on customer3_.registype=registype5_.regis_type_id inner join job job6_ on customer3_.job=job6_.job_id inner join car car7_ on rentcar1_.car_id=car7_.car_id inner join brand brand8_ on car7_.brand_id=brand8_.brand_id inner join carseat carseat9_ on car7_.seat_id=carseat9_.seat_id inner join employee employee10_ on car7_.employee_id=employee10_.employee_id inner join plateprovince province11_ on car7_.province_id=province11_.province_id inner join renttype renttype12_ on rentcar1_.renttype_id=renttype12_.renttype_id where rent0_.employee_employee_id=?
Hibernate: select rentcar0_.rent_car_id as rent_car1_18_0_, rentcar0_.employee_id as employee5_18_0_, rentcar0_.price as price2_18_0_, rentcar0_.rent_date as rent_dat3_18_0_, rentcar0_.customer_id as customer6_18_0_, rentcar0_.rentday as rentday4_18_0_, rentcar0_.car_id as car_id7_18_0_, rentcar0_.renttype_id as renttype8_18_0_, employee1_.employee_id as employee1_6_1_, employee1_.name as name2_6_1_, employee1_.password as password3_6_1_, employee1_.username as username4_6_1_, customer2_.customer_id as customer1_5_2_, customer2_.address as address2_5_2_, customer2_.age as age3_5_2_, customer2_.card_num as card_num4_5_2_, customer2_.employee as employee8_5_2_, customer2_.date as date5_5_2_, customer2_.name as name6_5_2_, customer2_.tel as tel7_5_2_, customer2_.registype as registyp9_5_2_, customer2_.job as job10_5_2_, employee3_.employee_id as employee1_6_3_, employee3_.name as name2_6_3_, employee3_.password as password3_6_3_, employee3_.username as username4_6_3_, registype4_.regis_type_id as regis_ty1_23_4_, registype4_.type as type2_23_4_, cus5_.regis_type_regis_type_id as regis_ty1_24_5_, customer6_.customer_id as cus_cust2_24_5_, customer6_.customer_id as customer1_5_6_, customer6_.address as address2_5_6_, customer6_.age as age3_5_6_, customer6_.card_num as card_num4_5_6_, customer6_.employee as employee8_5_6_, customer6_.date as date5_5_6_, customer6_.name as name6_5_6_, customer6_.tel as tel7_5_6_, customer6_.registype as registyp9_5_6_, customer6_.job as job10_5_6_, job7_.job_id as job_id1_8_7_, job7_.job as job2_8_7_, cus8_.job_job_id as job_job_1_9_8_, customer9_.customer_id as cus_cust2_9_8_, customer9_.customer_id as customer1_5_9_, customer9_.address as address2_5_9_, customer9_.age as age3_5_9_, customer9_.card_num as card_num4_5_9_, customer9_.employee as employee8_5_9_, customer9_.date as date5_5_9_, customer9_.name as name6_5_9_, customer9_.tel as tel7_5_9_, customer9_.registype as registyp9_5_9_, customer9_.job as job10_5_9_, car10_.car_id as car_id1_2_10_, car10_.brand_id as brand_id4_2_10_, car10_.seat_id as seat_id5_2_10_, car10_.employee_id as employee6_2_10_, car10_.plate as plate2_2_10_, car10_.province_id as province7_2_10_, car10_.vin as vin3_2_10_, brand11_.brand_id as brand_id1_0_11_, brand11_.brand as brand2_0_11_, carseat12_.seat_id as seat_id1_3_12_, carseat12_.carseat as carseat2_3_12_, employee13_.employee_id as employee1_6_13_, employee13_.name as name2_6_13_, employee13_.password as password3_6_13_, employee13_.username as username4_6_13_, province14_.province_id as province1_16_14_, province14_.province as province2_16_14_, renttype15_.renttype_id as renttype1_19_15_, renttype15_.nametype as nametype2_19_15_, renttype15_.unitprice as unitpric3_19_15_ from rent_car rentcar0_ inner join employee employee1_ on rentcar0_.employee_id=employee1_.employee_id inner join customer customer2_ on rentcar0_.customer_id=customer2_.customer_id inner join employee employee3_ on customer2_.employee=employee3_.employee_id inner join resgistype registype4_ on customer2_.registype=registype4_.regis_type_id left outer join resgistype_cus cus5_ on registype4_.regis_type_id=cus5_.regis_type_regis_type_id left outer join customer customer6_ on cus5_.cus_customer_id=customer6_.customer_id left outer join job job7_ on customer6_.job=job7_.job_id left outer join job_cus cus8_ on job7_.job_id=cus8_.job_job_id left outer join customer customer9_ on cus8_.cus_customer_id=customer9_.customer_id inner join car car10_ on rentcar0_.car_id=car10_.car_id inner join brand brand11_ on car10_.brand_id=brand11_.brand_id inner join carseat carseat12_ on car10_.seat_id=carseat12_.seat_id inner join employee employee13_ on car10_.employee_id=employee13_.employee_id inner join plateprovince province14_ on car10_.province_id=province14_.province_id inner join renttype renttype15_ on rentcar0_.renttype_id=renttype15_.renttype_id where rentcar0_.rent_car_id=?
Hibernate: select job0_.job_id as job_id1_8_0_, job0_.job as job2_8_0_, cus1_.job_job_id as job_job_1_9_1_, customer2_.customer_id as cus_cust2_9_1_, customer2_.customer_id as customer1_5_2_, customer2_.address as address2_5_2_, customer2_.age as age3_5_2_, customer2_.card_num as card_num4_5_2_, customer2_.employee as employee8_5_2_, customer2_.date as date5_5_2_, customer2_.name as name6_5_2_, customer2_.tel as tel7_5_2_, customer2_.registype as registyp9_5_2_, customer2_.job as job10_5_2_, employee3_.employee_id as employee1_6_3_, employee3_.name as name2_6_3_, employee3_.password as password3_6_3_, employee3_.username as username4_6_3_, registype4_.regis_type_id as regis_ty1_23_4_, registype4_.type as type2_23_4_, cus5_.regis_type_regis_type_id as regis_ty1_24_5_, customer6_.customer_id as cus_cust2_24_5_, customer6_.customer_id as customer1_5_6_, customer6_.address as address2_5_6_, customer6_.age as age3_5_6_, customer6_.card_num as card_num4_5_6_, customer6_.employee as employee8_5_6_, customer6_.date as date5_5_6_, customer6_.name as name6_5_6_, customer6_.tel as tel7_5_6_, customer6_.registype as registyp9_5_6_, customer6_.job as job10_5_6_, job7_.job_id as job_id1_8_7_, job7_.job as job2_8_7_ from job job0_ left outer join job_cus cus1_ on job0_.job_id=cus1_.job_job_id left outer join customer customer2_ on cus1_.cus_customer_id=customer2_.customer_id left outer join employee employee3_ on customer2_.employee=employee3_.employee_id left outer join resgistype registype4_ on customer2_.registype=registype4_.regis_type_id left outer join resgistype_cus cus5_ on registype4_.regis_type_id=cus5_.regis_type_regis_type_id left outer join customer customer6_ on cus5_.cus_customer_id=customer6_.customer_id left outer join job job7_ on customer6_.job=job7_.job_id where job0_.job_id=?
Hibernate: select rent0_.rent_type_renttype_id as rent_typ1_20_0_, rent0_.rent_rent_car_id as rent_ren2_20_0_, rentcar1_.rent_car_id as rent_car1_18_1_, rentcar1_.employee_id as employee5_18_1_, rentcar1_.price as price2_18_1_, rentcar1_.rent_date as rent_dat3_18_1_, rentcar1_.customer_id as customer6_18_1_, rentcar1_.rentday as rentday4_18_1_, rentcar1_.car_id as car_id7_18_1_, rentcar1_.renttype_id as renttype8_18_1_, employee2_.employee_id as employee1_6_2_, employee2_.name as name2_6_2_, employee2_.password as password3_6_2_, employee2_.username as username4_6_2_, customer3_.customer_id as customer1_5_3_, customer3_.address as address2_5_3_, customer3_.age as age3_5_3_, customer3_.card_num as card_num4_5_3_, customer3_.employee as employee8_5_3_, customer3_.date as date5_5_3_, customer3_.name as name6_5_3_, customer3_.tel as tel7_5_3_, customer3_.registype as registyp9_5_3_, customer3_.job as job10_5_3_, employee4_.employee_id as employee1_6_4_, employee4_.name as name2_6_4_, employee4_.password as password3_6_4_, employee4_.username as username4_6_4_, registype5_.regis_type_id as regis_ty1_23_5_, registype5_.type as type2_23_5_, job6_.job_id as job_id1_8_6_, job6_.job as job2_8_6_, car7_.car_id as car_id1_2_7_, car7_.brand_id as brand_id4_2_7_, car7_.seat_id as seat_id5_2_7_, car7_.employee_id as employee6_2_7_, car7_.plate as plate2_2_7_, car7_.province_id as province7_2_7_, car7_.vin as vin3_2_7_, brand8_.brand_id as brand_id1_0_8_, brand8_.brand as brand2_0_8_, carseat9_.seat_id as seat_id1_3_9_, carseat9_.carseat as carseat2_3_9_, employee10_.employee_id as employee1_6_10_, employee10_.name as name2_6_10_, employee10_.password as password3_6_10_, employee10_.username as username4_6_10_, province11_.province_id as province1_16_11_, province11_.province as province2_16_11_, renttype12_.renttype_id as renttype1_19_12_, renttype12_.nametype as nametype2_19_12_, renttype12_.unitprice as unitpric3_19_12_ from renttype_rent rent0_ inner join rent_car rentcar1_ on rent0_.rent_rent_car_id=rentcar1_.rent_car_id inner join employee employee2_ on rentcar1_.employee_id=employee2_.employee_id inner join customer customer3_ on rentcar1_.customer_id=customer3_.customer_id inner join employee employee4_ on customer3_.employee=employee4_.employee_id inner join resgistype registype5_ on customer3_.registype=registype5_.regis_type_id inner join job job6_ on customer3_.job=job6_.job_id inner join car car7_ on rentcar1_.car_id=car7_.car_id inner join brand brand8_ on car7_.brand_id=brand8_.brand_id inner join carseat carseat9_ on car7_.seat_id=carseat9_.seat_id inner join employee employee10_ on car7_.employee_id=employee10_.employee_id inner join plateprovince province11_ on car7_.province_id=province11_.province_id inner join renttype renttype12_ on rentcar1_.renttype_id=renttype12_.renttype_id where rent0_.rent_type_renttype_id=?
Hibernate: select car0_.province_province_id as province1_17_0_, car0_.car_car_id as car_car_2_17_0_, car1_.car_id as car_id1_2_1_, car1_.brand_id as brand_id4_2_1_, car1_.seat_id as seat_id5_2_1_, car1_.employee_id as employee6_2_1_, car1_.plate as plate2_2_1_, car1_.province_id as province7_2_1_, car1_.vin as vin3_2_1_, brand2_.brand_id as brand_id1_0_2_, brand2_.brand as brand2_0_2_, carseat3_.seat_id as seat_id1_3_3_, carseat3_.carseat as carseat2_3_3_, employee4_.employee_id as employee1_6_4_, employee4_.name as name2_6_4_, employee4_.password as password3_6_4_, employee4_.username as username4_6_4_, province5_.province_id as province1_16_5_, province5_.province as province2_16_5_ from plateprovince_car car0_ inner join car car1_ on car0_.car_car_id=car1_.car_id inner join brand brand2_ on car1_.brand_id=brand2_.brand_id inner join carseat carseat3_ on car1_.seat_id=carseat3_.seat_id inner join employee employee4_ on car1_.employee_id=employee4_.employee_id inner join plateprovince province5_ on car1_.province_id=province5_.province_id where car0_.province_province_id=?
Hibernate: select car0_.carseat_seat_id as carseat_1_4_0_, car0_.car_car_id as car_car_2_4_0_, car1_.car_id as car_id1_2_1_, car1_.brand_id as brand_id4_2_1_, car1_.seat_id as seat_id5_2_1_, car1_.employee_id as employee6_2_1_, car1_.plate as plate2_2_1_, car1_.province_id as province7_2_1_, car1_.vin as vin3_2_1_, brand2_.brand_id as brand_id1_0_2_, brand2_.brand as brand2_0_2_, carseat3_.seat_id as seat_id1_3_3_, carseat3_.carseat as carseat2_3_3_, employee4_.employee_id as employee1_6_4_, employee4_.name as name2_6_4_, employee4_.password as password3_6_4_, employee4_.username as username4_6_4_, province5_.province_id as province1_16_5_, province5_.province as province2_16_5_ from carseat_car car0_ inner join car car1_ on car0_.car_car_id=car1_.car_id inner join brand brand2_ on car1_.brand_id=brand2_.brand_id inner join carseat carseat3_ on car1_.seat_id=carseat3_.seat_id inner join employee employee4_ on car1_.employee_id=employee4_.employee_id inner join plateprovince province5_ on car1_.province_id=province5_.province_id where car0_.carseat_seat_id=?
Hibernate: select car0_.brand_brand_id as brand_br1_1_0_, car0_.car_car_id as car_car_2_1_0_, car1_.car_id as car_id1_2_1_, car1_.brand_id as brand_id4_2_1_, car1_.seat_id as seat_id5_2_1_, car1_.employee_id as employee6_2_1_, car1_.plate as plate2_2_1_, car1_.province_id as province7_2_1_, car1_.vin as vin3_2_1_, brand2_.brand_id as brand_id1_0_2_, brand2_.brand as brand2_0_2_, carseat3_.seat_id as seat_id1_3_3_, carseat3_.carseat as carseat2_3_3_, employee4_.employee_id as employee1_6_4_, employee4_.name as name2_6_4_, employee4_.password as password3_6_4_, employee4_.username as username4_6_4_, province5_.province_id as province1_16_5_, province5_.province as province2_16_5_ from brand_car car0_ inner join car car1_ on car0_.car_car_id=car1_.car_id inner join brand brand2_ on car1_.brand_id=brand2_.brand_id inner join carseat carseat3_ on car1_.seat_id=carseat3_.seat_id inner join employee employee4_ on car1_.employee_id=employee4_.employee_id inner join plateprovince province5_ on car1_.province_id=province5_.province_id where car0_.brand_brand_id=?
Hibernate: select paymentopt0_.options_id as options_1_14_0_, paymentopt0_.name as name2_14_0_, pay1_.payment_options_options_id as payment_1_15_1_, payment2_.payment_id as pay_paym2_15_1_, payment2_.payment_id as payment_1_13_2_, payment2_.employee_id as employee4_13_2_, payment2_.date as date2_13_2_, payment2_.note as note3_13_2_, payment2_.options_id as options_5_13_2_, payment2_.rent_car_id as rent_car6_13_2_, employee3_.employee_id as employee1_6_3_, employee3_.name as name2_6_3_, employee3_.password as password3_6_3_, employee3_.username as username4_6_3_, paymentopt4_.options_id as options_1_14_4_, paymentopt4_.name as name2_14_4_, rentcar5_.rent_car_id as rent_car1_18_5_, rentcar5_.employee_id as employee5_18_5_, rentcar5_.price as price2_18_5_, rentcar5_.rent_date as rent_dat3_18_5_, rentcar5_.customer_id as customer6_18_5_, rentcar5_.rentday as rentday4_18_5_, rentcar5_.car_id as car_id7_18_5_, rentcar5_.renttype_id as renttype8_18_5_, employee6_.employee_id as employee1_6_6_, employee6_.name as name2_6_6_, employee6_.password as password3_6_6_, employee6_.username as username4_6_6_, customer7_.customer_id as customer1_5_7_, customer7_.address as address2_5_7_, customer7_.age as age3_5_7_, customer7_.card_num as card_num4_5_7_, customer7_.employee as employee8_5_7_, customer7_.date as date5_5_7_, customer7_.name as name6_5_7_, customer7_.tel as tel7_5_7_, customer7_.registype as registyp9_5_7_, customer7_.job as job10_5_7_, employee8_.employee_id as employee1_6_8_, employee8_.name as name2_6_8_, employee8_.password as password3_6_8_, employee8_.username as username4_6_8_, registype9_.regis_type_id as regis_ty1_23_9_, registype9_.type as type2_23_9_, cus10_.regis_type_regis_type_id as regis_ty1_24_10_, customer11_.customer_id as cus_cust2_24_10_, customer11_.customer_id as customer1_5_11_, customer11_.address as address2_5_11_, customer11_.age as age3_5_11_, customer11_.card_num as card_num4_5_11_, customer11_.employee as employee8_5_11_, customer11_.date as date5_5_11_, customer11_.name as name6_5_11_, customer11_.tel as tel7_5_11_, customer11_.registype as registyp9_5_11_, customer11_.job as job10_5_11_, job12_.job_id as job_id1_8_12_, job12_.job as job2_8_12_, cus13_.job_job_id as job_job_1_9_13_, customer14_.customer_id as cus_cust2_9_13_, customer14_.customer_id as customer1_5_14_, customer14_.address as address2_5_14_, customer14_.age as age3_5_14_, customer14_.card_num as card_num4_5_14_, customer14_.employee as employee8_5_14_, customer14_.date as date5_5_14_, customer14_.name as name6_5_14_, customer14_.tel as tel7_5_14_, customer14_.registype as registyp9_5_14_, customer14_.job as job10_5_14_, car15_.car_id as car_id1_2_15_, car15_.brand_id as brand_id4_2_15_, car15_.seat_id as seat_id5_2_15_, car15_.employee_id as employee6_2_15_, car15_.plate as plate2_2_15_, car15_.province_id as province7_2_15_, car15_.vin as vin3_2_15_, brand16_.brand_id as brand_id1_0_16_, brand16_.brand as brand2_0_16_, carseat17_.seat_id as seat_id1_3_17_, carseat17_.carseat as carseat2_3_17_, employee18_.employee_id as employee1_6_18_, employee18_.name as name2_6_18_, employee18_.password as password3_6_18_, employee18_.username as username4_6_18_, province19_.province_id as province1_16_19_, province19_.province as province2_16_19_, renttype20_.renttype_id as renttype1_19_20_, renttype20_.nametype as nametype2_19_20_, renttype20_.unitprice as unitpric3_19_20_ from payment_options paymentopt0_ left outer join payment_options_pay pay1_ on paymentopt0_.options_id=pay1_.payment_options_options_id left outer join payment payment2_ on pay1_.pay_payment_id=payment2_.payment_id left outer join employee employee3_ on payment2_.employee_id=employee3_.employee_id left outer join payment_options paymentopt4_ on payment2_.options_id=paymentopt4_.options_id left outer join rent_car rentcar5_ on payment2_.rent_car_id=rentcar5_.rent_car_id left outer join employee employee6_ on rentcar5_.employee_id=employee6_.employee_id left outer join customer customer7_ on rentcar5_.customer_id=customer7_.customer_id left outer join employee employee8_ on customer7_.employee=employee8_.employee_id left outer join resgistype registype9_ on customer7_.registype=registype9_.regis_type_id left outer join resgistype_cus cus10_ on registype9_.regis_type_id=cus10_.regis_type_regis_type_id left outer join customer customer11_ on cus10_.cus_customer_id=customer11_.customer_id left outer join job job12_ on customer11_.job=job12_.job_id left outer join job_cus cus13_ on job12_.job_id=cus13_.job_job_id left outer join customer customer14_ on cus13_.cus_customer_id=customer14_.customer_id left outer join car car15_ on rentcar5_.car_id=car15_.car_id left outer join brand brand16_ on car15_.brand_id=brand16_.brand_id left outer join carseat carseat17_ on car15_.seat_id=carseat17_.seat_id left outer join employee employee18_ on car15_.employee_id=employee18_.employee_id left outer join plateprovince province19_ on car15_.province_id=province19_.province_id left outer join renttype renttype20_ on rentcar5_.renttype_id=renttype20_.renttype_id where paymentopt0_.options_id=?
2020-09-03 02:18:25.999  INFO 16248 --- [    Test worker] o.s.t.c.transaction.TransactionContext   : Rolled back transaction for test: [DefaultTestContext@6b673b93 testClass = PaymentTest, testInstance = com.cpe.backend.PaymentTest@401c100b, testMethod = b6008611_test_Note_Maxsize@PaymentTest, testException = [null], mergedContextConfiguration = [MergedContextConfiguration@33f6fbf6 testClass = PaymentTest, locations = '{}', classes = '{class com.cpe.backend.BackendApplication}', contextInitializerClasses = '[]', activeProfiles = '{}', propertySourceLocations = '{}', propertySourceProperties = '{org.springframework.boot.test.autoconfigure.orm.jpa.DataJpaTestContextBootstrapper=true}', contextCustomizers = set[org.springframework.boot.test.autoconfigure.OverrideAutoConfigurationContextCustomizerFactory$DisableAutoConfigurationContextCustomizer@600a0600, org.springframework.boot.test.autoconfigure.filter.TypeExcludeFiltersContextCustomizer@351584c0, org.springframework.boot.test.autoconfigure.properties.PropertyMappingContextCustomizer@c661b2e0, org.springframework.boot.test.autoconfigure.web.servlet.WebDriverContextCustomizerFactory$Customizer@455d7357, [ImportsContextCustomizer@180d8d1 key = [org.springframework.boot.autoconfigure.cache.CacheAutoConfiguration, org.springframework.boot.autoconfigure.data.jpa.JpaRepositoriesAutoConfiguration, org.springframework.boot.autoconfigure.flyway.FlywayAutoConfiguration, org.springframework.boot.autoconfigure.jdbc.DataSourceAutoConfiguration, org.springframework.boot.autoconfigure.jdbc.DataSourceTransactionManagerAutoConfiguration, org.springframework.boot.autoconfigure.jdbc.JdbcTemplateAutoConfiguration, org.springframework.boot.autoconfigure.liquibase.LiquibaseAutoConfiguration, org.springframework.boot.autoconfigure.orm.jpa.HibernateJpaAutoConfiguration, org.springframework.boot.autoconfigure.transaction.TransactionAutoConfiguration, org.springframework.boot.test.autoconfigure.jdbc.TestDatabaseAutoConfiguration, org.springframework.boot.test.autoconfigure.orm.jpa.TestEntityManagerAutoConfiguration]], org.springframework.boot.test.context.filter.ExcludeFilterContextCustomizer@405e3a34, org.springframework.boot.test.json.DuplicateJsonObjectContextCustomizerFactory$DuplicateJsonObjectContextCustomizer@38574ceb, org.springframework.boot.test.mock.mockito.MockitoContextCustomizer@0], contextLoader = 'org.springframework.boot.test.context.SpringBootContextLoader', parent = [null]], attributes = map[[empty]]]
]]></system-out>
  <system-err><![CDATA[]]></system-err>
</testsuite>
